2023-07-04 18:01:01,896 INFO 1 trades, 265285504-265285504, 20, Task-610
2023-07-04 18:01:03,122 INFO 1 trades, 132642752-132642752, 40, Task-610
2023-07-04 18:01:04,352 INFO 1 trades, 198964128-198964128, 60, Task-610
2023-07-04 18:01:05,474 INFO 1 trades, 232124816-232124816, 80, Task-610
2023-07-04 18:01:06,686 INFO 1 trades, 248705160-248705160, 100, Task-610
2023-07-04 18:01:07,878 INFO 1 trades, 256995332-256995332, 120, Task-610
2023-07-04 18:01:09,009 INFO 1 trades, 261140418-261140418, 140, Task-610
2023-07-04 18:01:10,202 INFO 1 trades, 263212961-263212961, 160, Task-610
2023-07-04 18:01:11,349 INFO 1 trades, 264249233-264249233, 180, Task-610
2023-07-04 18:01:12,498 INFO 1 trades, 264767369-264767369, 200, Task-610
2023-07-04 18:01:13,651 INFO 1 trades, 265026437-265026437, 220, Task-610
2023-07-04 18:01:14,841 INFO 1 trades, 264896903-264896903, 240, Task-610
2023-07-04 18:01:16,031 INFO 1 trades, 264832136-264832136, 260, Task-610
2023-07-04 18:01:17,192 INFO 1 trades, 264864519-264864519, 280, Task-610
2023-07-04 18:01:18,390 INFO 1 trades, 264880711-264880711, 300, Task-610
2023-07-04 18:01:19,542 INFO 1 trades, 264888807-264888807, 320, Task-610
2023-07-04 18:01:20,736 INFO 1 trades, 264892855-264892855, 340, Task-610
2023-07-04 18:01:21,955 INFO 1 trades, 264890831-264890831, 360, Task-610
2023-07-04 18:01:23,183 INFO 1 trades, 264889819-264889819, 380, Task-610
2023-07-04 18:01:24,402 INFO 1 trades, 264890325-264890325, 400, Task-610
2023-07-04 18:01:25,618 INFO 1 trades, 264890072-264890072, 420, Task-610
2023-07-04 18:01:26,806 INFO 1 trades, 264889945-264889945, 440, Task-610
2023-07-04 18:01:27,944 INFO 1 trades, 264890008-264890008, 460, Task-610
2023-07-04 18:01:29,084 INFO 1 trades, 264890040-264890040, 480, Task-610
2023-07-04 18:01:30,278 INFO 1 trades, 264890056-264890056, 500, Task-610
2023-07-04 18:01:31,410 INFO 1 trades, 264890048-264890048, 520, Task-610
2023-07-04 18:01:32,587 INFO 1 trades, 264890052-264890052, 540, Task-610
2023-07-04 18:01:33,757 INFO 1 trades, 264890050-264890050, 560, Task-610
2023-07-04 18:01:34,956 INFO 1 trades, 264890051-264890051, 580, Task-610
2023-07-04 18:01:36,499 INFO 900 trades, 265186641-265187540, 600, Task 2
2023-07-04 18:01:36,565 INFO 900 trades, 265087778-265088677, 620, Task 3
2023-07-04 18:01:36,567 INFO 900 trades, 264988915-264989814, 640, Task 4
2023-07-04 18:01:36,577 INFO 283 trades, 265285504-265285786, 660, Task 1
2023-07-04 18:01:37,720 INFO 900 trades, 265185741-265186640, 680, Task 2
2023-07-04 18:01:37,762 INFO 900 trades, 265086878-265087777, 700, Task 3
2023-07-04 18:01:37,768 INFO 900 trades, 264988015-264988914, 720, Task 4
2023-07-04 18:01:37,789 INFO 575 trades, 265285221-265285795, 740, Task 1
2023-07-04 18:01:38,933 INFO 900 trades, 265184841-265185740, 760, Task 2
2023-07-04 18:01:38,982 INFO 900 trades, 264987115-264988014, 780, Task 4
2023-07-04 18:01:38,985 INFO 900 trades, 265284646-265285545, 820, Task 1
2023-07-04 18:01:38,989 INFO 900 trades, 265085978-265086877, 800, Task 3
2023-07-04 18:01:40,152 INFO 900 trades, 265283746-265284645, 900, Task 1
2023-07-04 18:01:40,164 INFO 900 trades, 264986215-264987114, 840, Task 4
2023-07-04 18:01:40,168 INFO 900 trades, 265085078-265085977, 880, Task 3
2023-07-04 18:01:40,182 INFO 900 trades, 265183941-265184840, 860, Task 2
2023-07-04 18:01:41,369 INFO 900 trades, 265282846-265283745, 920, Task 1
2023-07-04 18:01:41,393 INFO 900 trades, 265084178-265085077, 940, Task 3
2023-07-04 18:01:41,397 INFO 900 trades, 265183041-265183940, 960, Task 2
2023-07-04 18:01:41,399 INFO 900 trades, 264985315-264986214, 980, Task 4
2023-07-04 18:01:42,529 INFO 900 trades, 265281946-265282845, 1000, Task 1
2023-07-04 18:01:42,550 INFO 900 trades, 264984415-264985314, 1020, Task 4
2023-07-04 18:01:42,557 INFO 900 trades, 265083278-265084177, 1060, Task 3
2023-07-04 18:01:42,559 INFO 900 trades, 265182141-265183040, 1040, Task 2
2023-07-04 18:01:43,689 INFO 900 trades, 265181241-265182140, 1080, Task 2
2023-07-04 18:01:43,761 INFO 900 trades, 265281046-265281945, 1100, Task 1
2023-07-04 18:01:43,763 INFO 900 trades, 265082378-265083277, 1120, Task 3
2023-07-04 18:01:43,764 INFO 900 trades, 264983515-264984414, 1140, Task 4
2023-07-04 18:01:44,901 INFO 900 trades, 265180341-265181240, 1160, Task 2
2023-07-04 18:01:44,906 INFO 900 trades, 265280146-265281045, 1180, Task 1
2023-07-04 18:01:44,920 INFO 900 trades, 264982615-264983514, 1200, Task 4
2023-07-04 18:01:44,971 INFO 900 trades, 265081478-265082377, 1220, Task 3
2023-07-04 18:01:46,071 INFO 900 trades, 264981715-264982614, 1240, Task 4
2023-07-04 18:01:46,075 INFO 900 trades, 265179441-265180340, 1260, Task 2
2023-07-04 18:01:46,106 INFO 900 trades, 265080578-265081477, 1280, Task 3
2023-07-04 18:01:46,110 INFO 900 trades, 265279246-265280145, 1300, Task 1
2023-07-04 18:01:47,245 INFO 900 trades, 265178541-265179440, 1320, Task 2
2023-07-04 18:01:47,296 INFO 900 trades, 265278346-265279245, 1340, Task 1
2023-07-04 18:01:47,303 INFO 900 trades, 264980815-264981714, 1360, Task 4
2023-07-04 18:01:47,306 INFO 900 trades, 265079678-265080577, 1380, Task 3
2023-07-04 18:01:48,429 INFO 1000 trades, 265277446-265278445, 1400, Task 1
2023-07-04 18:01:48,453 INFO 1000 trades, 265177641-265178640, 1420, Task 2
2023-07-04 18:01:48,457 INFO 1000 trades, 265078778-265079777, 1440, Task 3
2023-07-04 18:01:48,461 INFO 1000 trades, 264979915-264980914, 1460, Task 4
2023-07-04 18:01:49,643 INFO 1000 trades, 265276446-265277445, 1480, Task 1
2023-07-04 18:01:49,680 INFO 1000 trades, 265077778-265078777, 1500, Task 3
2023-07-04 18:01:49,684 INFO 1000 trades, 265176641-265177640, 1520, Task 2
2023-07-04 18:01:49,688 INFO 1000 trades, 264978915-264979914, 1540, Task 4
2023-07-04 18:01:50,812 INFO 1000 trades, 265175641-265176640, 1560, Task 2
2023-07-04 18:01:50,822 INFO 1000 trades, 265275446-265276445, 1580, Task 1
2023-07-04 18:01:50,836 INFO 1000 trades, 264977915-264978914, 1600, Task 4
2023-07-04 18:01:50,885 INFO 1000 trades, 265076778-265077777, 1620, Task 3
2023-07-04 18:01:51,970 INFO 1000 trades, 265174641-265175640, 1640, Task 2
2023-07-04 18:01:51,979 INFO 1000 trades, 264976915-264977914, 1660, Task 4
2023-07-04 18:01:52,038 INFO 1000 trades, 265075778-265076777, 1680, Task 3
2023-07-04 18:01:52,051 INFO 1000 trades, 265274446-265275445, 1700, Task 1
2023-07-04 18:01:53,128 INFO 1000 trades, 264975915-264976914, 1720, Task 4
2023-07-04 18:01:53,128 INFO 
cool down triggered with 1720, Task 4, sleeping for 3 seconds...
2023-07-04 18:01:53,173 INFO 1000 trades, 265173641-265174640, 1740, Task 2
2023-07-04 18:01:53,173 INFO 
cool down triggered with 1740, Task 2, sleeping for 3 seconds...
2023-07-04 18:01:53,272 INFO 1000 trades, 265074778-265075777, 1760, Task 3
2023-07-04 18:01:53,273 INFO 
cool down triggered with 1760, Task 3, sleeping for 3 seconds...
2023-07-04 18:01:53,276 INFO 1000 trades, 265273446-265274445, 1780, Task 1
2023-07-04 18:01:53,277 INFO 
cool down triggered with 1780, Task 1, sleeping for 3 seconds...
2023-07-04 18:01:57,373 INFO 1000 trades, 265172641-265173640, 1820, Task 2
2023-07-04 18:01:57,374 INFO 
cool down triggered with 1820, Task 2, sleeping for 3 seconds...
2023-07-04 18:01:57,403 INFO 1000 trades, 265272446-265273445, 1840, Task 1
2023-07-04 18:01:57,403 INFO 
cool down triggered with 1840, Task 1, sleeping for 3 seconds...
2023-07-04 18:01:57,609 INFO 1000 trades, 264974915-264975914, 1800, Task 4
2023-07-04 18:01:57,610 INFO 
cool down triggered with 1800, Task 4, sleeping for 3 seconds...
2023-07-04 18:01:58,432 INFO 1000 trades, 265073778-265074777, 1860, Task 3
2023-07-04 18:01:58,432 INFO 
cool down triggered with 1860, Task 3, sleeping for 3 seconds...
2023-07-04 18:02:01,514 INFO 1000 trades, 265171641-265172640, 20, Task 2
2023-07-04 18:02:01,832 INFO 1000 trades, 264973915-264974914, 60, Task 4
2023-07-04 18:02:01,863 INFO 1000 trades, 265271446-265272445, 40, Task 1
2023-07-04 18:02:02,621 INFO 1000 trades, 265072778-265073777, 80, Task 3
2023-07-04 18:02:02,693 INFO 1000 trades, 265170641-265171640, 100, Task 2
2023-07-04 18:02:03,057 INFO 1000 trades, 264972915-264973914, 120, Task 4
2023-07-04 18:02:03,350 INFO 1000 trades, 265270446-265271445, 140, Task 1
2023-07-04 18:02:03,764 INFO 1000 trades, 265071778-265072777, 160, Task 3
2023-07-04 18:02:03,918 INFO 1000 trades, 265169641-265170640, 180, Task 2
2023-07-04 18:02:04,548 INFO 1000 trades, 265269446-265270445, 200, Task 1
2023-07-04 18:02:04,976 INFO 1000 trades, 265070778-265071777, 220, Task 3
2023-07-04 18:02:05,050 INFO 1000 trades, 265168641-265169640, 240, Task 2
2023-07-04 18:02:05,238 INFO 1000 trades, 264971915-264972914, 260, Task 4
2023-07-04 18:02:05,750 INFO 1000 trades, 265268446-265269445, 280, Task 1
2023-07-04 18:02:06,187 INFO 1000 trades, 265167641-265168640, 320, Task 2
2023-07-04 18:02:06,191 INFO 1000 trades, 265069778-265070777, 300, Task 3
2023-07-04 18:02:06,465 INFO 1000 trades, 264970915-264971914, 340, Task 4
2023-07-04 18:02:06,955 INFO 1000 trades, 265267446-265268445, 360, Task 1
2023-07-04 18:02:07,388 INFO 1000 trades, 265068778-265069777, 380, Task 3
2023-07-04 18:02:07,397 INFO 1000 trades, 265166641-265167640, 400, Task 2
2023-07-04 18:02:07,680 INFO 1000 trades, 264969915-264970914, 420, Task 4
2023-07-04 18:02:08,117 INFO 1000 trades, 265266446-265267445, 440, Task 1
2023-07-04 18:02:08,550 INFO 1000 trades, 265165641-265166640, 460, Task 2
2023-07-04 18:02:08,593 INFO 1000 trades, 265067778-265068777, 480, Task 3
2023-07-04 18:02:08,912 INFO 1000 trades, 264968915-264969914, 500, Task 4
2023-07-04 18:02:09,316 INFO 1000 trades, 265265446-265266445, 520, Task 1
2023-07-04 18:02:09,767 INFO 1000 trades, 265164641-265165640, 540, Task 2
2023-07-04 18:02:09,800 INFO 1000 trades, 265066778-265067777, 560, Task 3
2023-07-04 18:02:10,102 INFO 1000 trades, 264967915-264968914, 580, Task 4
2023-07-04 18:02:10,533 INFO 1000 trades, 265264446-265265445, 600, Task 1
2023-07-04 18:02:10,936 INFO 1000 trades, 265163641-265164640, 620, Task 2
2023-07-04 18:02:11,048 INFO 1000 trades, 265065778-265066777, 640, Task 3
2023-07-04 18:02:11,306 INFO 1000 trades, 264966915-264967914, 660, Task 4
2023-07-04 18:02:11,694 INFO 1000 trades, 265263446-265264445, 680, Task 1
2023-07-04 18:02:12,123 INFO 1000 trades, 265162641-265163640, 700, Task 2
2023-07-04 18:02:12,288 INFO 1000 trades, 265064778-265065777, 720, Task 3
2023-07-04 18:02:12,522 INFO 1000 trades, 264965915-264966914, 740, Task 4
2023-07-04 18:02:12,927 INFO 1000 trades, 265262446-265263445, 760, Task 1
2023-07-04 18:02:13,333 INFO 1000 trades, 265161641-265162640, 780, Task 2
2023-07-04 18:02:13,471 INFO 1000 trades, 265063778-265064777, 800, Task 3
2023-07-04 18:02:13,738 INFO 1000 trades, 264964915-264965914, 820, Task 4
2023-07-04 18:02:14,086 INFO 1000 trades, 265261446-265262445, 840, Task 1
2023-07-04 18:02:14,593 INFO 1000 trades, 265160641-265161640, 860, Task 2
2023-07-04 18:02:14,648 INFO 1000 trades, 265062778-265063777, 880, Task 3
2023-07-04 18:02:14,957 INFO 1000 trades, 264963915-264964914, 900, Task 4
2023-07-04 18:02:15,293 INFO 1000 trades, 265260446-265261445, 920, Task 1
2023-07-04 18:02:15,732 INFO 1000 trades, 265159641-265160640, 940, Task 2
2023-07-04 18:02:15,854 INFO 1000 trades, 265061778-265062777, 960, Task 3
2023-07-04 18:02:16,128 INFO 1000 trades, 264962915-264963914, 980, Task 4
2023-07-04 18:02:16,497 INFO 1000 trades, 265259446-265260445, 1000, Task 1
2023-07-04 18:02:16,914 INFO 1000 trades, 265158641-265159640, 1020, Task 2
2023-07-04 18:02:16,989 INFO 1000 trades, 265060778-265061777, 1040, Task 3
2023-07-04 18:02:17,294 INFO 1000 trades, 264961915-264962914, 1060, Task 4
2023-07-04 18:02:17,640 INFO 1000 trades, 265258446-265259445, 1080, Task 1
2023-07-04 18:02:18,047 INFO 1000 trades, 265157641-265158640, 1100, Task 2
2023-07-04 18:02:18,165 INFO 1000 trades, 265059778-265060777, 1120, Task 3
2023-07-04 18:02:18,507 INFO 1000 trades, 264960915-264961914, 1140, Task 4
2023-07-04 18:02:18,807 INFO 1000 trades, 265257446-265258445, 1160, Task 1
2023-07-04 18:02:19,195 INFO 1000 trades, 265156641-265157640, 1180, Task 2
2023-07-04 18:02:19,336 INFO 1000 trades, 265058778-265059777, 1200, Task 3
2023-07-04 18:02:19,647 INFO 1000 trades, 264959915-264960914, 1220, Task 4
2023-07-04 18:02:20,018 INFO 1000 trades, 265256446-265257445, 1240, Task 1
2023-07-04 18:02:20,319 INFO 1000 trades, 265155641-265156640, 1260, Task 2
2023-07-04 18:02:20,553 INFO 1000 trades, 265057778-265058777, 1280, Task 3
2023-07-04 18:02:20,789 INFO 1000 trades, 264958915-264959914, 1300, Task 4
2023-07-04 18:02:21,180 INFO 1000 trades, 265255446-265256445, 1320, Task 1
2023-07-04 18:02:21,487 INFO 1000 trades, 265154641-265155640, 1340, Task 2
2023-07-04 18:02:21,758 INFO 1000 trades, 265056778-265057777, 1360, Task 3
2023-07-04 18:02:21,930 INFO 1000 trades, 264957915-264958914, 1380, Task 4
2023-07-04 18:02:22,399 INFO 1000 trades, 265254446-265255445, 1400, Task 1
2023-07-04 18:02:22,687 INFO 1000 trades, 265153641-265154640, 1420, Task 2
2023-07-04 18:02:22,937 INFO 1000 trades, 265055778-265056777, 1440, Task 3
2023-07-04 18:02:23,093 INFO 1000 trades, 264956915-264957914, 1460, Task 4
2023-07-04 18:02:23,604 INFO 1000 trades, 265253446-265254445, 1480, Task 1
2023-07-04 18:02:23,928 INFO 1000 trades, 265152641-265153640, 1500, Task 2
2023-07-04 18:02:24,103 INFO 1000 trades, 265054778-265055777, 1520, Task 3
2023-07-04 18:02:24,291 INFO 1000 trades, 264955915-264956914, 1540, Task 4
2023-07-04 18:02:24,813 INFO 1000 trades, 265252446-265253445, 1560, Task 1
2023-07-04 18:02:25,078 INFO 1000 trades, 265151641-265152640, 1580, Task 2
2023-07-04 18:02:25,244 INFO 1000 trades, 265053778-265054777, 1600, Task 3
2023-07-04 18:02:25,451 INFO 1000 trades, 264954915-264955914, 1620, Task 4
2023-07-04 18:02:26,030 INFO 1000 trades, 265251446-265252445, 1640, Task 1
2023-07-04 18:02:26,220 INFO 1000 trades, 265150641-265151640, 1660, Task 2
2023-07-04 18:02:26,461 INFO 1000 trades, 265052778-265053777, 1680, Task 3
2023-07-04 18:02:26,588 INFO 1000 trades, 264953915-264954914, 1700, Task 4
2023-07-04 18:02:27,188 INFO 1000 trades, 265250446-265251445, 1720, Task 1
2023-07-04 18:02:27,188 INFO 
cool down triggered with 1720, Task 1, sleeping for 3 seconds...
2023-07-04 18:02:27,372 INFO 1000 trades, 265149641-265150640, 1740, Task 2
2023-07-04 18:02:27,372 INFO 
cool down triggered with 1740, Task 2, sleeping for 3 seconds...
2023-07-04 18:02:27,664 INFO 1000 trades, 265051778-265052777, 1760, Task 3
2023-07-04 18:02:27,664 INFO 
cool down triggered with 1760, Task 3, sleeping for 3 seconds...
2023-07-04 18:02:27,804 INFO 1000 trades, 264952915-264953914, 1780, Task 4
2023-07-04 18:02:27,805 INFO 
cool down triggered with 1780, Task 4, sleeping for 3 seconds...
2023-07-04 18:02:31,393 INFO 1000 trades, 265249446-265250445, 1800, Task 1
2023-07-04 18:02:31,393 INFO 
cool down triggered with 1800, Task 1, sleeping for 3 seconds...
2023-07-04 18:02:31,534 INFO 1000 trades, 265148641-265149640, 1820, Task 2
2023-07-04 18:02:31,534 INFO 
cool down triggered with 1820, Task 2, sleeping for 3 seconds...
2023-07-04 18:02:31,896 INFO 1000 trades, 265050778-265051777, 1840, Task 3
2023-07-04 18:02:31,896 INFO 
cool down triggered with 1840, Task 3, sleeping for 3 seconds...
2023-07-04 18:02:32,026 INFO 1000 trades, 264951915-264952914, 1860, Task 4
2023-07-04 18:02:32,026 INFO 
cool down triggered with 1860, Task 4, sleeping for 3 seconds...
2023-07-04 18:02:35,595 INFO 1000 trades, 265248446-265249445, 1880, Task 1
2023-07-04 18:02:35,595 INFO 
cool down triggered with 1880, Task 1, sleeping for 3 seconds...
2023-07-04 18:02:35,699 INFO 1000 trades, 265147641-265148640, 1900, Task 2
2023-07-04 18:02:35,700 INFO 
cool down triggered with 1900, Task 2, sleeping for 3 seconds...
2023-07-04 18:02:36,039 INFO 1000 trades, 265049778-265050777, 1920, Task 3
2023-07-04 18:02:36,039 INFO 
cool down triggered with 1920, Task 3, sleeping for 3 seconds...
2023-07-04 18:02:36,198 INFO 1000 trades, 264950915-264951914, 1940, Task 4
2023-07-04 18:02:36,198 INFO 
cool down triggered with 1940, Task 4, sleeping for 3 seconds...
2023-07-04 18:02:39,747 INFO 1000 trades, 265247446-265248445, 1960, Task 1
2023-07-04 18:02:39,748 INFO 
cool down triggered with 1960, Task 1, sleeping for 3 seconds...
2023-07-04 18:02:39,915 INFO 1000 trades, 265146641-265147640, 1980, Task 2
2023-07-04 18:02:39,915 INFO 
cool down triggered with 1980, Task 2, sleeping for 3 seconds...
2023-07-04 18:02:40,208 INFO 1000 trades, 265048778-265049777, 2000, Task 3
2023-07-04 18:02:40,208 INFO 
cool down triggered with 2000, Task 3, sleeping for 3 seconds...
2023-07-04 18:02:40,398 INFO 1000 trades, 264949915-264950914, 2020, Task 4
2023-07-04 18:02:40,398 INFO 
cool down triggered with 2020, Task 4, sleeping for 3 seconds...
2023-07-04 18:02:43,959 INFO 1000 trades, 265246446-265247445, 2040, Task 1
2023-07-04 18:02:43,959 INFO 
cool down triggered with 2040, Task 1, sleeping for 3 seconds...
2023-07-04 18:02:44,119 INFO 1000 trades, 265145641-265146640, 2060, Task 2
2023-07-04 18:02:44,120 INFO 
cool down triggered with 2060, Task 2, sleeping for 3 seconds...
2023-07-04 18:02:44,456 INFO 1000 trades, 265047778-265048777, 2080, Task 3
2023-07-04 18:02:44,457 INFO 
cool down triggered with 2080, Task 3, sleeping for 3 seconds...
2023-07-04 18:02:44,819 INFO 1000 trades, 264948915-264949914, 2100, Task 4
2023-07-04 18:02:44,819 INFO 
cool down triggered with 2100, Task 4, sleeping for 3 seconds...
2023-07-04 18:02:48,193 INFO 1000 trades, 265245446-265246445, 2120, Task 1
2023-07-04 18:02:48,193 WARNING 
cool down triggered with 2120, Task 1, sleeping for 8 seconds...
2023-07-04 18:02:48,341 INFO 1000 trades, 265144641-265145640, 2140, Task 2
2023-07-04 18:02:48,341 WARNING 
cool down triggered with 2140, Task 2, sleeping for 8 seconds...
2023-07-04 18:02:48,678 INFO 1000 trades, 265046778-265047777, 2160, Task 3
2023-07-04 18:02:48,678 WARNING 
cool down triggered with 2160, Task 3, sleeping for 8 seconds...
2023-07-04 18:02:48,980 INFO 1000 trades, 264947915-264948914, 2180, Task 4
2023-07-04 18:02:48,980 WARNING 
cool down triggered with 2180, Task 4, sleeping for 8 seconds...
2023-07-04 18:02:57,414 INFO 1000 trades, 265244446-265245445, 2200, Task 1
2023-07-04 18:02:57,414 WARNING 
cool down triggered with 2200, Task 1, sleeping for 8 seconds...
2023-07-04 18:02:57,547 INFO 1000 trades, 265143641-265144640, 2220, Task 2
2023-07-04 18:02:57,547 WARNING 
cool down triggered with 2220, Task 2, sleeping for 8 seconds...
2023-07-04 18:02:57,882 INFO 1000 trades, 265045778-265046777, 2240, Task 3
2023-07-04 18:02:57,883 WARNING 
cool down triggered with 2240, Task 3, sleeping for 8 seconds...
2023-07-04 18:02:58,505 INFO 1000 trades, 264946915-264947914, 2260, Task 4
2023-07-04 18:02:58,505 WARNING 
cool down triggered with 2260, Task 4, sleeping for 8 seconds...
2023-07-04 18:03:06,607 INFO 1000 trades, 265243446-265244445, 20, Task 1
2023-07-04 18:03:06,747 INFO 1000 trades, 265142641-265143640, 40, Task 2
2023-07-04 18:03:07,078 INFO 1000 trades, 265044778-265045777, 60, Task 3
2023-07-04 18:03:07,715 INFO 1000 trades, 264945915-264946914, 80, Task 4
2023-07-04 18:03:07,792 INFO 1000 trades, 265242446-265243445, 100, Task 1
2023-07-04 18:03:07,915 INFO 1000 trades, 265141641-265142640, 120, Task 2
2023-07-04 18:03:08,286 INFO 1000 trades, 265043778-265044777, 140, Task 3
2023-07-04 18:03:08,882 INFO 1000 trades, 264944915-264945914, 160, Task 4
2023-07-04 18:03:09,005 INFO 1000 trades, 265241446-265242445, 180, Task 1
2023-07-04 18:03:09,107 INFO 1000 trades, 265140641-265141640, 200, Task 2
2023-07-04 18:03:09,511 INFO 1000 trades, 265042778-265043777, 220, Task 3
2023-07-04 18:03:10,034 INFO 1000 trades, 264943915-264944914, 240, Task 4
2023-07-04 18:03:10,169 INFO 1000 trades, 265240446-265241445, 260, Task 1
2023-07-04 18:03:10,272 INFO 1000 trades, 265139641-265140640, 280, Task 2
2023-07-04 18:03:10,724 INFO 1000 trades, 265041778-265042777, 300, Task 3
2023-07-04 18:03:11,282 INFO 1000 trades, 264942915-264943914, 320, Task 4
2023-07-04 18:03:11,338 INFO 1000 trades, 265239446-265240445, 340, Task 1
2023-07-04 18:03:11,503 INFO 1000 trades, 265138641-265139640, 360, Task 2
2023-07-04 18:03:11,872 INFO 1000 trades, 265040778-265041777, 380, Task 3
2023-07-04 18:03:12,448 INFO 1000 trades, 264941915-264942914, 400, Task 4
2023-07-04 18:03:12,560 INFO 1000 trades, 265238446-265239445, 420, Task 1
2023-07-04 18:03:12,637 INFO 1000 trades, 265137641-265138640, 440, Task 2
2023-07-04 18:03:13,021 INFO 1000 trades, 265039778-265040777, 460, Task 3
2023-07-04 18:03:13,608 INFO 1000 trades, 264940915-264941914, 480, Task 4
2023-07-04 18:03:13,771 INFO 1000 trades, 265237446-265238445, 500, Task 1
2023-07-04 18:03:13,851 INFO 1000 trades, 265136641-265137640, 520, Task 2
2023-07-04 18:03:14,180 INFO 1000 trades, 265038778-265039777, 540, Task 3
2023-07-04 18:03:14,756 INFO 1000 trades, 264939915-264940914, 560, Task 4
2023-07-04 18:03:14,897 INFO 1000 trades, 265236446-265237445, 580, Task 1
2023-07-04 18:03:15,052 INFO 1000 trades, 265135641-265136640, 600, Task 2
2023-07-04 18:03:15,909 INFO 1000 trades, 264938915-264939914, 620, Task 4
2023-07-04 18:03:16,055 INFO 1000 trades, 265235446-265236445, 640, Task 1
2023-07-04 18:03:17,069 INFO 1000 trades, 264937915-264938914, 660, Task 4
2023-07-04 18:03:17,244 INFO 1000 trades, 265234446-265235445, 680, Task 1
2023-07-04 18:03:17,250 INFO 1000 trades, 265134641-265135640, 700, Task 2
2023-07-04 18:03:17,387 INFO 1000 trades, 265037778-265038777, 720, Task 3
2023-07-04 18:03:18,265 INFO 1000 trades, 264936915-264937914, 740, Task 4
2023-07-04 18:03:18,402 INFO 1000 trades, 265133641-265134640, 760, Task 2
2023-07-04 18:03:18,406 INFO 1000 trades, 265233446-265234445, 780, Task 1
2023-07-04 18:03:18,569 INFO 1000 trades, 265036778-265037777, 800, Task 3
2023-07-04 18:03:19,415 INFO 1000 trades, 264935915-264936914, 820, Task 4
2023-07-04 18:03:19,574 INFO 1000 trades, 265132641-265133640, 840, Task 2
2023-07-04 18:03:19,596 INFO 1000 trades, 265232446-265233445, 860, Task 1
2023-07-04 18:03:19,792 INFO 1000 trades, 265035778-265036777, 880, Task 3
2023-07-04 18:03:20,630 INFO 1000 trades, 264934915-264935914, 900, Task 4
2023-07-04 18:03:20,780 INFO 1000 trades, 265131641-265132640, 920, Task 2
2023-07-04 18:03:20,819 INFO 1000 trades, 265231446-265232445, 940, Task 1
2023-07-04 18:03:20,952 INFO 1000 trades, 265034778-265035777, 960, Task 3
2023-07-04 18:03:21,843 INFO 1000 trades, 264933915-264934914, 980, Task 4
2023-07-04 18:03:21,929 INFO 1000 trades, 265130641-265131640, 1000, Task 2
2023-07-04 18:03:22,027 INFO 1000 trades, 265230446-265231445, 1020, Task 1
2023-07-04 18:03:22,113 INFO 1000 trades, 265033778-265034777, 1040, Task 3
2023-07-04 18:03:23,047 INFO 1000 trades, 264932915-264933914, 1060, Task 4
2023-07-04 18:03:23,130 INFO 1000 trades, 265129641-265130640, 1080, Task 2
2023-07-04 18:03:23,229 INFO 1000 trades, 265229446-265230445, 1100, Task 1
2023-07-04 18:03:23,329 INFO 1000 trades, 265032778-265033777, 1120, Task 3
2023-07-04 18:03:24,194 INFO 1000 trades, 264931915-264932914, 1140, Task 4
2023-07-04 18:03:24,279 INFO 1000 trades, 265128641-265129640, 1160, Task 2
2023-07-04 18:03:24,418 INFO 1000 trades, 265228446-265229445, 1180, Task 1
2023-07-04 18:03:24,533 INFO 1000 trades, 265031778-265032777, 1200, Task 3
2023-07-04 18:03:25,401 INFO 1000 trades, 264930915-264931914, 1220, Task 4
2023-07-04 18:03:25,430 INFO 1000 trades, 265127641-265128640, 1240, Task 2
2023-07-04 18:03:25,572 INFO 1000 trades, 265227446-265228445, 1260, Task 1
2023-07-04 18:03:25,683 INFO 1000 trades, 265030778-265031777, 1280, Task 3
2023-07-04 18:03:26,549 INFO 1000 trades, 264929915-264930914, 1300, Task 4
2023-07-04 18:03:26,596 INFO 1000 trades, 265126641-265127640, 1320, Task 2
2023-07-04 18:03:26,721 INFO 1000 trades, 265226446-265227445, 1340, Task 1
2023-07-04 18:03:26,828 INFO 1000 trades, 265029778-265030777, 1360, Task 3
2023-07-04 18:03:27,746 INFO 1000 trades, 264928915-264929914, 1380, Task 4
2023-07-04 18:03:27,807 INFO 1000 trades, 265125641-265126640, 1400, Task 2
2023-07-04 18:03:27,931 INFO 1000 trades, 265225446-265226445, 1420, Task 1
2023-07-04 18:03:28,030 INFO 1000 trades, 265028778-265029777, 1440, Task 3
2023-07-04 18:03:28,898 INFO 1000 trades, 264927915-264928914, 1460, Task 4
2023-07-04 18:03:28,947 INFO 1000 trades, 265124641-265125640, 1480, Task 2
2023-07-04 18:03:29,264 INFO 1000 trades, 265027778-265028777, 1520, Task 3
2023-07-04 18:03:29,444 INFO 1000 trades, 265224446-265225445, 1500, Task 1
2023-07-04 18:03:30,051 INFO 1000 trades, 264926915-264927914, 1540, Task 4
2023-07-04 18:03:30,092 INFO 1000 trades, 265123641-265124640, 1560, Task 2
2023-07-04 18:03:30,411 INFO 1000 trades, 265026778-265027777, 1580, Task 3
2023-07-04 18:03:30,608 INFO 1000 trades, 265223446-265224445, 1600, Task 1
2023-07-04 18:03:31,209 INFO 1000 trades, 264925915-264926914, 1620, Task 4
2023-07-04 18:03:31,253 INFO 1000 trades, 265122641-265123640, 1640, Task 2
2023-07-04 18:03:31,618 INFO 1000 trades, 265025778-265026777, 1660, Task 3
2023-07-04 18:03:31,773 INFO 1000 trades, 265222446-265223445, 1680, Task 1
2023-07-04 18:03:32,398 INFO 1000 trades, 265121641-265122640, 1700, Task 2
2023-07-04 18:03:32,421 INFO 1000 trades, 264924915-264925914, 1720, Task 4
2023-07-04 18:03:32,422 INFO 
cool down triggered with 1720, Task 4, sleeping for 3 seconds...
2023-07-04 18:03:32,768 INFO 1000 trades, 265024778-265025777, 1740, Task 3
2023-07-04 18:03:32,768 INFO 
cool down triggered with 1740, Task 3, sleeping for 3 seconds...
2023-07-04 18:03:32,944 INFO 1000 trades, 265221446-265222445, 1760, Task 1
2023-07-04 18:03:32,944 INFO 
cool down triggered with 1760, Task 1, sleeping for 3 seconds...
2023-07-04 18:03:33,608 INFO 1000 trades, 265120641-265121640, 1780, Task 2
2023-07-04 18:03:33,609 INFO 
cool down triggered with 1780, Task 2, sleeping for 3 seconds...
2023-07-04 18:03:36,628 INFO 1000 trades, 264923915-264924914, 1800, Task 4
2023-07-04 18:03:36,628 INFO 
cool down triggered with 1800, Task 4, sleeping for 3 seconds...
2023-07-04 18:03:36,986 INFO 1000 trades, 265023778-265024777, 1820, Task 3
2023-07-04 18:03:36,987 INFO 
cool down triggered with 1820, Task 3, sleeping for 3 seconds...
2023-07-04 18:03:37,133 INFO 1000 trades, 265220446-265221445, 1840, Task 1
2023-07-04 18:03:37,134 INFO 
cool down triggered with 1840, Task 1, sleeping for 3 seconds...
2023-07-04 18:03:37,785 INFO 1000 trades, 265119641-265120640, 1860, Task 2
2023-07-04 18:03:37,785 INFO 
cool down triggered with 1860, Task 2, sleeping for 3 seconds...
2023-07-04 18:03:40,847 INFO 1000 trades, 264922915-264923914, 1880, Task 4
2023-07-04 18:03:40,847 INFO 
cool down triggered with 1880, Task 4, sleeping for 3 seconds...
2023-07-04 18:03:41,123 INFO 1000 trades, 265022778-265023777, 1900, Task 3
2023-07-04 18:03:41,123 INFO 
cool down triggered with 1900, Task 3, sleeping for 3 seconds...
2023-07-04 18:03:41,334 INFO 1000 trades, 265219446-265220445, 1920, Task 1
2023-07-04 18:03:41,335 INFO 
cool down triggered with 1920, Task 1, sleeping for 3 seconds...
2023-07-04 18:03:41,953 INFO 1000 trades, 265118641-265119640, 1940, Task 2
2023-07-04 18:03:41,953 INFO 
cool down triggered with 1940, Task 2, sleeping for 3 seconds...
2023-07-04 18:03:45,069 INFO 1000 trades, 264921915-264922914, 1960, Task 4
2023-07-04 18:03:45,069 INFO 
cool down triggered with 1960, Task 4, sleeping for 3 seconds...
2023-07-04 18:03:45,489 INFO 1000 trades, 265218446-265219445, 2000, Task 1
2023-07-04 18:03:45,489 INFO 
cool down triggered with 2000, Task 1, sleeping for 3 seconds...
2023-07-04 18:03:45,565 INFO 1000 trades, 265021778-265022777, 1980, Task 3
2023-07-04 18:03:45,565 INFO 
cool down triggered with 1980, Task 3, sleeping for 3 seconds...
2023-07-04 18:03:46,161 INFO 1000 trades, 265117641-265118640, 2020, Task 2
2023-07-04 18:03:46,161 INFO 
cool down triggered with 2020, Task 2, sleeping for 3 seconds...
2023-07-04 18:03:49,302 INFO 1000 trades, 264920915-264921914, 2040, Task 4
2023-07-04 18:03:49,302 INFO 
cool down triggered with 2040, Task 4, sleeping for 3 seconds...
2023-07-04 18:03:49,703 INFO 1000 trades, 265217446-265218445, 2060, Task 1
2023-07-04 18:03:49,703 INFO 
cool down triggered with 2060, Task 1, sleeping for 3 seconds...
2023-07-04 18:03:49,713 INFO 1000 trades, 265020778-265021777, 2080, Task 3
2023-07-04 18:03:49,713 INFO 
cool down triggered with 2080, Task 3, sleeping for 3 seconds...
2023-07-04 18:03:50,355 INFO 1000 trades, 265116641-265117640, 2100, Task 2
2023-07-04 18:03:50,355 INFO 
cool down triggered with 2100, Task 2, sleeping for 3 seconds...
2023-07-04 18:03:53,477 INFO 1000 trades, 264919915-264920914, 2120, Task 4
2023-07-04 18:03:53,478 WARNING 
cool down triggered with 2120, Task 4, sleeping for 8 seconds...
2023-07-04 18:03:53,861 INFO 1000 trades, 265019778-265020777, 2160, Task 3
2023-07-04 18:03:53,861 WARNING 
cool down triggered with 2160, Task 3, sleeping for 8 seconds...
2023-07-04 18:03:53,866 INFO 1000 trades, 265216446-265217445, 2140, Task 1
2023-07-04 18:03:53,866 WARNING 
cool down triggered with 2140, Task 1, sleeping for 8 seconds...
2023-07-04 18:03:54,509 INFO 1000 trades, 265115641-265116640, 2180, Task 2
2023-07-04 18:03:54,509 WARNING 
cool down triggered with 2180, Task 2, sleeping for 8 seconds...
2023-07-04 18:04:02,639 INFO 1000 trades, 264918915-264919914, 20, Task 4
2023-07-04 18:04:03,066 INFO 1000 trades, 265018778-265019777, 60, Task 3
2023-07-04 18:04:03,070 INFO 1000 trades, 265215446-265216445, 40, Task 1
2023-07-04 18:04:03,749 INFO 1000 trades, 265114641-265115640, 80, Task 2
2023-07-04 18:04:03,853 INFO 1000 trades, 264917915-264918914, 100, Task 4
2023-07-04 18:04:04,245 INFO 1000 trades, 265017778-265018777, 120, Task 3
2023-07-04 18:04:04,250 INFO 1000 trades, 265214446-265215445, 140, Task 1
2023-07-04 18:04:04,920 INFO 1000 trades, 265113641-265114640, 160, Task 2
2023-07-04 18:04:05,001 INFO 1000 trades, 264916915-264917914, 180, Task 4
2023-07-04 18:04:05,419 INFO 1000 trades, 265213446-265214445, 200, Task 1
2023-07-04 18:04:05,464 INFO 1000 trades, 265016778-265017777, 220, Task 3
2023-07-04 18:04:06,149 INFO 1000 trades, 265112641-265113640, 240, Task 2
2023-07-04 18:04:06,210 INFO 1000 trades, 264915915-264916914, 260, Task 4
2023-07-04 18:04:06,628 INFO 1000 trades, 265015778-265016777, 280, Task 3
2023-07-04 18:04:06,633 INFO 1000 trades, 265212446-265213445, 300, Task 1
2023-07-04 18:04:07,307 INFO 1000 trades, 265111641-265112640, 320, Task 2
2023-07-04 18:04:07,413 INFO 1000 trades, 264914915-264915914, 340, Task 4
2023-07-04 18:04:07,807 INFO 1000 trades, 265211446-265212445, 360, Task 1
2023-07-04 18:04:07,860 INFO 1000 trades, 265014778-265015777, 380, Task 3
2023-07-04 18:04:08,445 INFO 1000 trades, 265110641-265111640, 400, Task 2
2023-07-04 18:04:08,566 INFO 1000 trades, 264913915-264914914, 420, Task 4
2023-07-04 18:04:08,940 INFO 1000 trades, 265210446-265211445, 440, Task 1
2023-07-04 18:04:09,080 INFO 1000 trades, 265013778-265014777, 460, Task 3
2023-07-04 18:04:09,652 INFO 1000 trades, 265109641-265110640, 480, Task 2
2023-07-04 18:04:09,718 INFO 1000 trades, 264912915-264913914, 500, Task 4
2023-07-04 18:04:10,123 INFO 1000 trades, 265209446-265210445, 520, Task 1
2023-07-04 18:04:10,292 INFO 1000 trades, 265012778-265013777, 540, Task 3
2023-07-04 18:04:10,861 INFO 1000 trades, 264911915-264912914, 560, Task 4
2023-07-04 18:04:10,872 INFO 1000 trades, 265108641-265109640, 580, Task 2
2023-07-04 18:04:11,330 INFO 1000 trades, 265208446-265209445, 600, Task 1
2023-07-04 18:04:11,486 INFO 1000 trades, 265011778-265012777, 620, Task 3
2023-07-04 18:04:12,004 INFO 1000 trades, 264910915-264911914, 640, Task 4
2023-07-04 18:04:12,067 INFO 1000 trades, 265107641-265108640, 660, Task 2
2023-07-04 18:04:12,558 INFO 1000 trades, 265207446-265208445, 680, Task 1
2023-07-04 18:04:12,627 INFO 1000 trades, 265010778-265011777, 700, Task 3
2023-07-04 18:04:13,129 INFO 1000 trades, 264909915-264910914, 720, Task 4
2023-07-04 18:04:13,257 INFO 1000 trades, 265106641-265107640, 740, Task 2
2023-07-04 18:04:13,724 INFO 1000 trades, 265206446-265207445, 760, Task 1
2023-07-04 18:04:13,763 INFO 1000 trades, 265009778-265010777, 780, Task 3
2023-07-04 18:04:14,352 INFO 1000 trades, 264908915-264909914, 800, Task 4
2023-07-04 18:04:14,401 INFO 1000 trades, 265105641-265106640, 820, Task 2
2023-07-04 18:04:14,898 INFO 1000 trades, 265205446-265206445, 840, Task 1
2023-07-04 18:04:14,908 INFO 1000 trades, 265008778-265009777, 860, Task 3
2023-07-04 18:04:15,569 INFO 1000 trades, 264907915-264908914, 880, Task 4
2023-07-04 18:04:15,573 INFO 1000 trades, 265104641-265105640, 900, Task 2
2023-07-04 18:04:16,046 INFO 1000 trades, 265204446-265205445, 920, Task 1
2023-07-04 18:04:16,113 INFO 1000 trades, 265007778-265008777, 940, Task 3
2023-07-04 18:04:16,747 INFO 1000 trades, 265103641-265104640, 960, Task 2
2023-07-04 18:04:16,788 INFO 1000 trades, 264906915-264907914, 980, Task 4
2023-07-04 18:04:17,251 INFO 1000 trades, 265006778-265007777, 1000, Task 3
2023-07-04 18:04:17,264 INFO 1000 trades, 265203446-265204445, 1020, Task 1
2023-07-04 18:04:17,974 INFO 1000 trades, 265102641-265103640, 1040, Task 2
2023-07-04 18:04:17,988 INFO 1000 trades, 264905915-264906914, 1060, Task 4
2023-07-04 18:04:18,469 INFO 1000 trades, 265202446-265203445, 1080, Task 1
2023-07-04 18:04:18,512 INFO 1000 trades, 265005778-265006777, 1100, Task 3
2023-07-04 18:04:19,115 INFO 1000 trades, 264904915-264905914, 1120, Task 4
2023-07-04 18:04:19,120 INFO 1000 trades, 265101641-265102640, 1140, Task 2
2023-07-04 18:04:19,670 INFO 1000 trades, 265004778-265005777, 1160, Task 3
2023-07-04 18:04:19,686 INFO 1000 trades, 265201446-265202445, 1180, Task 1
2023-07-04 18:04:20,282 INFO 1000 trades, 264903915-264904914, 1200, Task 4
2023-07-04 18:04:20,297 INFO 1000 trades, 265100641-265101640, 1220, Task 2
2023-07-04 18:04:20,873 INFO 1000 trades, 265003778-265004777, 1240, Task 3
2023-07-04 18:04:20,878 INFO 1000 trades, 265200446-265201445, 1260, Task 1
2023-07-04 18:04:21,435 INFO 1000 trades, 264902915-264903914, 1280, Task 4
2023-07-04 18:04:21,463 INFO 1000 trades, 265099641-265100640, 1300, Task 2
2023-07-04 18:04:22,061 INFO 1000 trades, 265002778-265003777, 1320, Task 3
2023-07-04 18:04:22,101 INFO 1000 trades, 265199446-265200445, 1340, Task 1
2023-07-04 18:04:22,624 INFO 1000 trades, 265098641-265099640, 1360, Task 2
2023-07-04 18:04:22,654 INFO 1000 trades, 264901915-264902914, 1380, Task 4
2023-07-04 18:04:23,236 INFO 1000 trades, 265198446-265199445, 1400, Task 1
2023-07-04 18:04:23,306 INFO 1000 trades, 265001778-265002777, 1420, Task 3
2023-07-04 18:04:23,814 INFO 1000 trades, 264900915-264901914, 1440, Task 4
2023-07-04 18:04:23,837 INFO 1000 trades, 265097641-265098640, 1460, Task 2
2023-07-04 18:04:24,478 INFO 1000 trades, 265197446-265198445, 1480, Task 1
2023-07-04 18:04:24,484 INFO 1000 trades, 265000778-265001777, 1500, Task 3
2023-07-04 18:04:24,971 INFO 1000 trades, 265096641-265097640, 1520, Task 2
2023-07-04 18:04:25,008 INFO 1000 trades, 264899915-264900914, 1540, Task 4
2023-07-04 18:04:25,693 INFO 1000 trades, 265196446-265197445, 1560, Task 1
2023-07-04 18:04:25,718 INFO 1000 trades, 264999778-265000777, 1580, Task 3
2023-07-04 18:04:26,217 INFO 1000 trades, 264898915-264899914, 1620, Task 4
2023-07-04 18:04:26,379 INFO 1000 trades, 265095641-265096640, 1600, Task 2
2023-07-04 18:04:26,846 INFO 1000 trades, 265195446-265196445, 1640, Task 1
2023-07-04 18:04:26,950 INFO 1000 trades, 264998778-264999777, 1660, Task 3
2023-07-04 18:04:27,424 INFO 1000 trades, 264897915-264898914, 1680, Task 4
2023-07-04 18:04:27,522 INFO 1000 trades, 265094641-265095640, 1700, Task 2
2023-07-04 18:04:28,060 INFO 1000 trades, 265194446-265195445, 1720, Task 1
2023-07-04 18:04:28,061 INFO 
cool down triggered with 1720, Task 1, sleeping for 3 seconds...
2023-07-04 18:04:28,174 INFO 1000 trades, 264997778-264998777, 1740, Task 3
2023-07-04 18:04:28,174 INFO 
cool down triggered with 1740, Task 3, sleeping for 3 seconds...
2023-07-04 18:04:28,628 INFO 1000 trades, 264896915-264897914, 1760, Task 4
2023-07-04 18:04:28,628 INFO 
cool down triggered with 1760, Task 4, sleeping for 3 seconds...
2023-07-04 18:04:28,714 INFO 1000 trades, 265093641-265094640, 1780, Task 2
2023-07-04 18:04:28,714 INFO 
cool down triggered with 1780, Task 2, sleeping for 3 seconds...
2023-07-04 18:04:32,288 INFO 1000 trades, 265193446-265194445, 1800, Task 1
2023-07-04 18:04:32,288 INFO 
cool down triggered with 1800, Task 1, sleeping for 3 seconds...
2023-07-04 18:04:32,315 INFO 1000 trades, 264996778-264997777, 1820, Task 3
2023-07-04 18:04:32,315 INFO 
cool down triggered with 1820, Task 3, sleeping for 3 seconds...
2023-07-04 18:04:32,779 INFO 1000 trades, 264895915-264896914, 1840, Task 4
2023-07-04 18:04:32,780 INFO 
cool down triggered with 1840, Task 4, sleeping for 3 seconds...
2023-07-04 18:04:32,855 INFO 1000 trades, 265092641-265093640, 1860, Task 2
2023-07-04 18:04:32,856 INFO 
cool down triggered with 1860, Task 2, sleeping for 3 seconds...
2023-07-04 18:04:36,521 INFO 1000 trades, 265192446-265193445, 1880, Task 1
2023-07-04 18:04:36,521 INFO 
cool down triggered with 1880, Task 1, sleeping for 3 seconds...
2023-07-04 18:04:36,553 INFO 1000 trades, 264995778-264996777, 1900, Task 3
2023-07-04 18:04:36,553 INFO 
cool down triggered with 1900, Task 3, sleeping for 3 seconds...
2023-07-04 18:04:36,982 INFO 1000 trades, 264894915-264895914, 1920, Task 4
2023-07-04 18:04:36,982 INFO 
cool down triggered with 1920, Task 4, sleeping for 3 seconds...
2023-07-04 18:04:37,060 INFO 1000 trades, 265091641-265092640, 1940, Task 2
2023-07-04 18:04:37,060 INFO 
cool down triggered with 1940, Task 2, sleeping for 3 seconds...
2023-07-04 18:04:40,671 INFO 1000 trades, 265191446-265192445, 1960, Task 1
2023-07-04 18:04:40,672 INFO 
cool down triggered with 1960, Task 1, sleeping for 3 seconds...
2023-07-04 18:04:40,763 INFO 1000 trades, 264994778-264995777, 1980, Task 3
2023-07-04 18:04:40,763 INFO 
cool down triggered with 1980, Task 3, sleeping for 3 seconds...
2023-07-04 18:04:41,149 INFO 1000 trades, 264893915-264894914, 2000, Task 4
2023-07-04 18:04:41,149 INFO 
cool down triggered with 2000, Task 4, sleeping for 3 seconds...
2023-07-04 18:04:41,289 INFO 1000 trades, 265090641-265091640, 2020, Task 2
2023-07-04 18:04:41,289 INFO 
cool down triggered with 2020, Task 2, sleeping for 3 seconds...
2023-07-04 18:04:44,865 INFO 1000 trades, 265190446-265191445, 2040, Task 1
2023-07-04 18:04:44,865 INFO 
cool down triggered with 2040, Task 1, sleeping for 3 seconds...
2023-07-04 18:04:45,009 INFO 1000 trades, 264993778-264994777, 2060, Task 3
2023-07-04 18:04:45,009 INFO 
cool down triggered with 2060, Task 3, sleeping for 3 seconds...
2023-07-04 18:04:45,365 INFO 1000 trades, 264892915-264893914, 2080, Task 4
2023-07-04 18:04:45,365 INFO 
cool down triggered with 2080, Task 4, sleeping for 3 seconds...
2023-07-04 18:04:45,497 INFO 1000 trades, 265089641-265090640, 2100, Task 2
2023-07-04 18:04:45,498 INFO 
cool down triggered with 2100, Task 2, sleeping for 3 seconds...
2023-07-04 18:04:49,109 INFO 1000 trades, 265189446-265190445, 2120, Task 1
2023-07-04 18:04:49,109 WARNING 
cool down triggered with 2120, Task 1, sleeping for 8 seconds...
2023-07-04 18:04:49,202 INFO 1000 trades, 264992778-264993777, 2140, Task 3
2023-07-04 18:04:49,203 WARNING 
cool down triggered with 2140, Task 3, sleeping for 8 seconds...
2023-07-04 18:04:49,564 INFO 1000 trades, 264891915-264892914, 2160, Task 4
2023-07-04 18:04:49,564 WARNING 
cool down triggered with 2160, Task 4, sleeping for 8 seconds...
2023-07-04 18:04:49,731 INFO 863 trades, 265088641-265089503, 2180, Task 2
2023-07-04 18:04:49,731 WARNING 
cool down triggered with 2180, Task 2, sleeping for 8 seconds...
2023-07-04 18:04:58,272 INFO 1000 trades, 265188446-265189445, 2200, Task 1
2023-07-04 18:04:58,272 WARNING 
cool down triggered with 2200, Task 1, sleeping for 8 seconds...
2023-07-04 18:04:58,406 INFO 1000 trades, 264991778-264992777, 2220, Task 3
2023-07-04 18:04:58,406 WARNING 
cool down triggered with 2220, Task 3, sleeping for 8 seconds...
2023-07-04 18:04:58,725 INFO 863 trades, 264890915-264891777, 2240, Task 4
2023-07-04 18:04:58,726 WARNING 
cool down triggered with 2240, Task 4, sleeping for 8 seconds...
2023-07-04 18:05:07,476 INFO 805 trades, 265187446-265188250, 20, Task 1
2023-07-04 18:05:07,626 INFO 1000 trades, 264990778-264991777, 40, Task 3
2023-07-04 18:05:08,856 INFO 863 trades, 264989778-264990640, 60, Task 3
