2023-06-18 13:37:25,028 INFO 1 trades, 1007835321-1007835321, 26, Task-18
2023-06-18 13:37:26,149 INFO 1 trades, 503917660-503917660, 46, Task-18
2023-06-18 13:37:27,273 INFO 1 trades, 755876491-755876491, 66, Task-18
2023-06-18 13:37:28,506 INFO 1 trades, 881855906-881855906, 86, Task-18
2023-06-18 13:37:29,703 INFO 1 trades, 944845614-944845614, 106, Task-18
2023-06-18 13:37:30,872 INFO 1 trades, 976340468-976340468, 126, Task-18
2023-06-18 13:37:32,006 INFO 1 trades, 992087895-992087895, 146, Task-18
2023-06-18 13:37:33,131 INFO 1 trades, 999961608-999961608, 166, Task-18
2023-06-18 13:37:34,296 INFO 1 trades, 1003898465-1003898465, 186, Task-18
2023-06-18 13:37:35,477 INFO 1 trades, 1005866893-1005866893, 206, Task-18
2023-06-18 13:37:36,582 INFO 1 trades, 1006851107-1006851107, 226, Task-18
2023-06-18 13:37:37,756 INFO 1 trades, 1007343214-1007343214, 246, Task-18
2023-06-18 13:37:38,951 INFO 1 trades, 1007589268-1007589268, 266, Task-18
2023-06-18 13:37:40,146 INFO 1 trades, 1007466241-1007466241, 286, Task-18
2023-06-18 13:37:41,254 INFO 1 trades, 1007527754-1007527754, 306, Task-18
2023-06-18 13:37:42,431 INFO 1 trades, 1007558511-1007558511, 326, Task-18
2023-06-18 13:37:43,618 INFO 1 trades, 1007543132-1007543132, 346, Task-18
2023-06-18 13:37:44,722 INFO 1 trades, 1007550821-1007550821, 366, Task-18
2023-06-18 13:37:45,864 INFO 1 trades, 1007554666-1007554666, 386, Task-18
2023-06-18 13:37:46,982 INFO 1 trades, 1007552743-1007552743, 406, Task-18
2023-06-18 13:37:48,188 INFO 1 trades, 1007553704-1007553704, 426, Task-18
2023-06-18 13:37:49,319 INFO 1 trades, 1007554185-1007554185, 446, Task-18
2023-06-18 13:37:50,476 INFO 1 trades, 1007553944-1007553944, 466, Task-18
2023-06-18 13:37:51,612 INFO 1 trades, 1007554064-1007554064, 486, Task-18
2023-06-18 13:37:52,805 INFO 1 trades, 1007554004-1007554004, 506, Task-18
2023-06-18 13:37:53,920 INFO 1 trades, 1007553974-1007553974, 526, Task-18
2023-06-18 13:37:55,112 INFO 1 trades, 1007553989-1007553989, 546, Task-18
2023-06-18 13:37:56,224 INFO 1 trades, 1007553981-1007553981, 566, Task-18
2023-06-18 13:37:57,356 INFO 1 trades, 1007553977-1007553977, 586, Task-18
2023-06-18 13:37:58,503 INFO 1 trades, 1007553979-1007553979, 606, Task-18
2023-06-18 13:37:59,664 INFO 1 trades, 1007553980-1007553980, 626, Task-18
2023-06-18 13:38:01,235 INFO 254 trades, 1007835321-1007835574, 60, Task 1
2023-06-18 13:38:01,390 INFO 900 trades, 1007764986-1007765885, 40, Task 2
2023-06-18 13:38:01,416 INFO 900 trades, 1007624316-1007625215, 80, Task 4
2023-06-18 13:38:01,426 INFO 900 trades, 1007694651-1007695550, 20, Task 3
2023-06-18 13:38:02,347 INFO 511 trades, 1007835067-1007835577, 100, Task 1
2023-06-18 13:38:02,637 INFO 900 trades, 1007764086-1007764985, 120, Task 2
2023-06-18 13:38:02,668 INFO 900 trades, 1007623416-1007624315, 160, Task 4
2023-06-18 13:38:02,816 INFO 900 trades, 1007693751-1007694650, 140, Task 3
2023-06-18 13:38:03,533 INFO 900 trades, 1007834556-1007835455, 180, Task 1
2023-06-18 13:38:03,816 INFO 900 trades, 1007763186-1007764085, 200, Task 2
2023-06-18 13:38:03,933 INFO 900 trades, 1007622516-1007623415, 220, Task 4
2023-06-18 13:38:04,018 INFO 900 trades, 1007692851-1007693750, 240, Task 3
2023-06-18 13:38:04,707 INFO 900 trades, 1007833656-1007834555, 260, Task 1
2023-06-18 13:38:04,976 INFO 900 trades, 1007762286-1007763185, 280, Task 2
2023-06-18 13:38:05,348 INFO 900 trades, 1007691951-1007692850, 320, Task 3
2023-06-18 13:38:05,359 INFO 900 trades, 1007621616-1007622515, 300, Task 4
2023-06-18 13:38:06,010 INFO 900 trades, 1007832756-1007833655, 340, Task 1
2023-06-18 13:38:06,336 INFO 900 trades, 1007761386-1007762285, 360, Task 2
2023-06-18 13:38:06,632 INFO 900 trades, 1007691051-1007691950, 380, Task 3
2023-06-18 13:38:06,759 INFO 900 trades, 1007620716-1007621615, 400, Task 4
2023-06-18 13:38:07,416 INFO 900 trades, 1007831856-1007832755, 420, Task 1
2023-06-18 13:38:07,536 INFO 900 trades, 1007760486-1007761385, 440, Task 2
2023-06-18 13:38:07,981 INFO 900 trades, 1007619816-1007620715, 480, Task 4
2023-06-18 13:38:07,985 INFO 900 trades, 1007690151-1007691050, 460, Task 3
2023-06-18 13:38:08,722 INFO 900 trades, 1007830956-1007831855, 500, Task 1
2023-06-18 13:38:08,826 INFO 900 trades, 1007759586-1007760485, 520, Task 2
2023-06-18 13:38:09,247 INFO 900 trades, 1007618916-1007619815, 540, Task 4
2023-06-18 13:38:09,327 INFO 900 trades, 1007689251-1007690150, 560, Task 3
2023-06-18 13:38:10,122 INFO 900 trades, 1007758686-1007759585, 600, Task 2
2023-06-18 13:38:10,126 INFO 900 trades, 1007830056-1007830955, 580, Task 1
2023-06-18 13:38:10,535 INFO 900 trades, 1007618016-1007618915, 620, Task 4
2023-06-18 13:38:10,594 INFO 900 trades, 1007688351-1007689250, 640, Task 3
2023-06-18 15:45:58,224 INFO 1 trades, 487235229-487235229, 26, Task-18
2023-06-18 15:45:59,372 INFO 1 trades, 243617614-243617614, 46, Task-18
2023-06-18 15:46:00,500 INFO 1 trades, 365426422-365426422, 20, Task-18
2023-06-18 15:46:01,646 INFO 1 trades, 426330826-426330826, 40, Task-18
2023-06-18 15:46:02,780 INFO 1 trades, 456783028-456783028, 60, Task-18
2023-06-18 15:46:03,980 INFO 1 trades, 472009129-472009129, 80, Task-18
2023-06-18 15:46:05,121 INFO 1 trades, 479622179-479622179, 100, Task-18
2023-06-18 15:46:06,319 INFO 1 trades, 483428704-483428704, 120, Task-18
2023-06-18 15:46:07,475 INFO 1 trades, 485331967-485331967, 140, Task-18
2023-06-18 15:46:08,663 INFO 1 trades, 486283598-486283598, 160, Task-18
2023-06-18 15:46:09,796 INFO 1 trades, 486759414-486759414, 180, Task-18
2023-06-18 15:46:11,008 INFO 1 trades, 486997322-486997322, 200, Task-18
2023-06-18 15:46:12,209 INFO 1 trades, 487116276-487116276, 220, Task-18
2023-06-18 15:46:13,393 INFO 1 trades, 487175753-487175753, 240, Task-18
2023-06-18 15:46:14,530 INFO 1 trades, 487146014-487146014, 260, Task-18
2023-06-18 15:46:15,665 INFO 1 trades, 487160883-487160883, 280, Task-18
2023-06-18 15:46:16,866 INFO 1 trades, 487153448-487153448, 300, Task-18
2023-06-18 15:46:17,970 INFO 1 trades, 487149731-487149731, 320, Task-18
2023-06-18 15:46:19,149 INFO 1 trades, 487151589-487151589, 340, Task-18
2023-06-18 15:46:20,271 INFO 1 trades, 487150660-487150660, 360, Task-18
2023-06-18 15:46:21,386 INFO 1 trades, 487151124-487151124, 380, Task-18
2023-06-18 15:46:22,512 INFO 1 trades, 487151356-487151356, 400, Task-18
2023-06-18 15:46:23,646 INFO 1 trades, 487151240-487151240, 420, Task-18
2023-06-18 15:46:24,813 INFO 1 trades, 487151182-487151182, 440, Task-18
2023-06-18 15:46:25,978 INFO 1 trades, 487151211-487151211, 460, Task-18
2023-06-18 15:46:27,117 INFO 1 trades, 487151225-487151225, 480, Task-18
2023-06-18 15:46:28,234 INFO 1 trades, 487151232-487151232, 500, Task-18
2023-06-18 15:46:29,362 INFO 1 trades, 487151236-487151236, 520, Task-18
2023-06-18 15:46:30,548 INFO 1 trades, 487151238-487151238, 540, Task-18
2023-06-18 15:46:31,747 INFO 1 trades, 487151239-487151239, 560, Task-18
2023-06-18 15:46:33,285 INFO 147 trades, 487235229-487235375, 600, Task 1
2023-06-18 15:46:33,289 INFO 900 trades, 487172238-487173137, 580, Task 4
2023-06-18 15:46:33,339 INFO 900 trades, 487214232-487215131, 620, Task 2
2023-06-18 15:46:33,348 INFO 900 trades, 487193235-487194134, 640, Task 3
2023-06-18 15:46:34,392 INFO 294 trades, 487235082-487235375, 660, Task 1
2023-06-18 15:46:34,427 INFO 900 trades, 487171338-487172237, 680, Task 4
2023-06-18 15:46:34,478 INFO 900 trades, 487213332-487214231, 700, Task 2
2023-06-18 15:46:34,529 INFO 900 trades, 487192335-487193234, 720, Task 3
2023-06-18 15:46:35,524 INFO 590 trades, 487234788-487235377, 740, Task 1
2023-06-18 15:46:35,548 INFO 900 trades, 487170438-487171337, 760, Task 4
2023-06-18 15:46:35,616 INFO 900 trades, 487212432-487213331, 780, Task 2
2023-06-18 15:46:35,724 INFO 900 trades, 487191435-487192334, 800, Task 3
2023-06-18 15:46:36,676 INFO 900 trades, 487234198-487235097, 820, Task 1
2023-06-18 15:46:36,768 INFO 900 trades, 487169538-487170437, 840, Task 4
2023-06-18 15:46:36,787 INFO 900 trades, 487211532-487212431, 860, Task 2
2023-06-18 15:46:36,908 INFO 900 trades, 487190535-487191434, 880, Task 3
2023-06-18 15:46:37,817 INFO 900 trades, 487233298-487234197, 900, Task 1
2023-06-18 15:46:37,904 INFO 900 trades, 487168638-487169537, 920, Task 4
2023-06-18 15:46:37,969 INFO 900 trades, 487210632-487211531, 940, Task 2
2023-06-18 15:46:38,061 INFO 900 trades, 487189635-487190534, 960, Task 3
2023-06-18 15:46:38,949 INFO 900 trades, 487232398-487233297, 980, Task 1
2023-06-18 15:46:39,107 INFO 900 trades, 487167738-487168637, 1000, Task 4
2023-06-18 15:46:39,110 INFO 900 trades, 487209732-487210631, 1020, Task 2
2023-06-18 15:46:39,258 INFO 900 trades, 487188735-487189634, 1040, Task 3
2023-06-18 15:46:40,150 INFO 900 trades, 487231498-487232397, 1060, Task 1
2023-06-18 15:46:40,220 INFO 900 trades, 487208832-487209731, 1080, Task 2
2023-06-18 15:46:40,233 INFO 900 trades, 487166838-487167737, 1100, Task 4
2023-06-18 15:46:40,383 INFO 900 trades, 487187835-487188734, 1120, Task 3
2023-06-18 15:46:41,331 INFO 900 trades, 487230598-487231497, 1140, Task 1
2023-06-18 15:46:41,406 INFO 900 trades, 487207932-487208831, 1160, Task 2
2023-06-18 15:46:41,485 INFO 900 trades, 487165938-487166837, 1180, Task 4
2023-06-18 15:46:41,613 INFO 900 trades, 487186935-487187834, 1200, Task 3
2023-06-18 15:46:42,498 INFO 900 trades, 487229698-487230597, 1220, Task 1
2023-06-18 15:46:42,609 INFO 900 trades, 487165038-487165937, 1260, Task 4
2023-06-18 15:46:42,614 INFO 900 trades, 487207032-487207931, 1240, Task 2
2023-06-18 15:46:42,791 INFO 900 trades, 487186035-487186934, 1280, Task 3
2023-06-18 15:46:43,689 INFO 900 trades, 487228798-487229697, 1300, Task 1
2023-06-18 15:46:43,825 INFO 900 trades, 487206132-487207031, 1320, Task 2
2023-06-18 15:46:43,834 INFO 900 trades, 487164138-487165037, 1340, Task 4
2023-06-18 15:46:44,019 INFO 900 trades, 487185135-487186034, 1360, Task 3
2023-06-18 15:46:44,894 INFO 1000 trades, 487227898-487228897, 1380, Task 1
2023-06-18 15:46:45,020 INFO 1000 trades, 487163238-487164237, 1400, Task 4
2023-06-18 15:46:45,023 INFO 1000 trades, 487205232-487206231, 1420, Task 2
2023-06-18 15:46:45,186 INFO 1000 trades, 487184235-487185234, 1440, Task 3
2023-06-18 15:46:46,034 INFO 1000 trades, 487226898-487227897, 1460, Task 1
2023-06-18 15:46:46,136 INFO 1000 trades, 487162238-487163237, 1480, Task 4
2023-06-18 15:46:46,220 INFO 1000 trades, 487204232-487205231, 1500, Task 2
2023-06-18 15:46:46,368 INFO 1000 trades, 487183235-487184234, 1520, Task 3
2023-06-18 15:46:47,300 INFO 1000 trades, 487225898-487226897, 1540, Task 1
2023-06-18 15:46:47,336 INFO 1000 trades, 487161238-487162237, 1560, Task 4
2023-06-18 15:46:47,466 INFO 1000 trades, 487203232-487204231, 1580, Task 2
2023-06-18 15:46:47,604 INFO 1000 trades, 487182235-487183234, 1600, Task 3
2023-06-18 15:46:48,487 INFO 1000 trades, 487224898-487225897, 1620, Task 1
2023-06-18 15:46:48,551 INFO 1000 trades, 487160238-487161237, 1640, Task 4
2023-06-18 15:46:48,742 INFO 1000 trades, 487181235-487182234, 1680, Task 3
2023-06-18 15:46:48,857 INFO 1000 trades, 487202232-487203231, 1660, Task 2
2023-06-18 15:46:49,634 INFO 1000 trades, 487223898-487224897, 1700, Task 1
2023-06-18 15:46:49,737 INFO 
cool down triggered with 1720, Task 4, sleeping for 3 seconds...
2023-06-18 15:46:49,944 INFO 
cool down triggered with 1740, Task 3, sleeping for 3 seconds...
2023-06-18 15:46:50,333 INFO 
cool down triggered with 1760, Task 2, sleeping for 3 seconds...
2023-06-18 15:46:50,841 INFO 
cool down triggered with 1780, Task 1, sleeping for 3 seconds...
2023-06-18 15:46:52,739 INFO 1000 trades, 487159238-487160237, 1720, Task 4
2023-06-18 15:46:52,946 INFO 1000 trades, 487180235-487181234, 1740, Task 3
2023-06-18 15:46:53,335 INFO 1000 trades, 487201232-487202231, 1760, Task 2
2023-06-18 15:46:53,843 INFO 1000 trades, 487222898-487223897, 1780, Task 1
2023-06-18 15:46:53,869 INFO 
cool down triggered with 1800, Task 4, sleeping for 3 seconds...
2023-06-18 15:46:54,076 INFO 
cool down triggered with 1820, Task 3, sleeping for 3 seconds...
2023-06-18 15:46:54,471 INFO 
cool down triggered with 1840, Task 2, sleeping for 3 seconds...
2023-06-18 15:46:54,969 INFO 
cool down triggered with 1860, Task 1, sleeping for 3 seconds...
2023-06-18 15:46:56,870 INFO 1000 trades, 487158238-487159237, 1800, Task 4
2023-06-18 15:46:57,077 INFO 1000 trades, 487179235-487180234, 1820, Task 3
2023-06-18 15:46:57,472 INFO 1000 trades, 487200232-487201231, 1840, Task 2
2023-06-18 15:46:57,970 INFO 1000 trades, 487221898-487222897, 1860, Task 1
2023-06-18 15:46:57,981 INFO 
cool down triggered with 1880, Task 4, sleeping for 3 seconds...
2023-06-18 15:46:58,226 INFO 
cool down triggered with 1900, Task 3, sleeping for 3 seconds...
2023-06-18 15:46:58,604 INFO 
cool down triggered with 1920, Task 2, sleeping for 3 seconds...
2023-06-18 15:46:59,102 INFO 
cool down triggered with 1940, Task 1, sleeping for 3 seconds...
2023-06-18 15:47:00,983 INFO 1000 trades, 487157238-487158237, 1880, Task 4
2023-06-18 15:47:01,227 INFO 1000 trades, 487178235-487179234, 1900, Task 3
2023-06-18 15:47:01,604 INFO 1000 trades, 487199232-487200231, 1920, Task 2
2023-06-18 15:47:02,103 INFO 1000 trades, 487220898-487221897, 1940, Task 1
2023-06-18 15:47:02,158 INFO 1000 trades, 487156238-487157237, 20, Task 4
2023-06-18 15:47:02,345 INFO 1000 trades, 487177235-487178234, 40, Task 3
2023-06-18 15:47:02,746 INFO 1000 trades, 487198232-487199231, 60, Task 2
2023-06-18 15:47:03,271 INFO 1000 trades, 487219898-487220897, 80, Task 1
2023-06-18 15:47:03,350 INFO 1000 trades, 487155238-487156237, 100, Task 4
2023-06-18 15:47:03,488 INFO 1000 trades, 487176235-487177234, 120, Task 3
2023-06-18 15:47:03,856 INFO 1000 trades, 487197232-487198231, 140, Task 2
2023-06-18 15:47:04,406 INFO 1000 trades, 487218898-487219897, 160, Task 1
2023-06-18 15:47:04,502 INFO 1000 trades, 487154238-487155237, 180, Task 4
2023-06-18 15:47:04,628 INFO 1000 trades, 487175235-487176234, 200, Task 3
2023-06-18 15:47:05,055 INFO 1000 trades, 487196232-487197231, 220, Task 2
2023-06-18 15:47:05,581 INFO 1000 trades, 487217898-487218897, 240, Task 1
2023-06-18 15:47:05,673 INFO 1000 trades, 487153238-487154237, 260, Task 4
2023-06-18 15:47:05,834 INFO 1000 trades, 487174235-487175234, 280, Task 3
2023-06-18 15:47:06,181 INFO 1000 trades, 487195232-487196231, 300, Task 2
2023-06-18 15:47:06,706 INFO 1000 trades, 487216898-487217897, 320, Task 1
2023-06-18 15:47:06,858 INFO 997 trades, 487152238-487153234, 340, Task 4
2023-06-18 15:47:07,045 INFO 997 trades, 487173235-487174231, 360, Task 3
2023-06-18 15:47:07,331 INFO 997 trades, 487194232-487195228, 380, Task 2
2023-06-18 15:47:07,918 INFO 1000 trades, 487215898-487216897, 400, Task 1
2023-06-18 15:47:09,038 INFO 666 trades, 487214898-487215563, 420, Task 1
2023-06-18 15:48:46,209 INFO 1 trades, 487235588-487235588, 26, Task-321
2023-06-18 15:48:47,443 INFO 1 trades, 243617794-243617794, 46, Task-321
2023-06-18 15:48:48,585 INFO 1 trades, 365426691-365426691, 66, Task-321
2023-06-18 15:48:49,775 INFO 1 trades, 426331140-426331140, 86, Task-321
2023-06-18 15:48:50,925 INFO 1 trades, 456783364-456783364, 106, Task-321
2023-06-18 15:48:52,089 INFO 1 trades, 472009476-472009476, 126, Task-321
2023-06-18 15:48:53,303 INFO 1 trades, 479622532-479622532, 146, Task-321
2023-06-18 15:48:54,430 INFO 1 trades, 483429060-483429060, 166, Task-321
2023-06-18 15:48:55,528 INFO 1 trades, 485332324-485332324, 186, Task-321
2023-06-18 15:48:56,705 INFO 1 trades, 486283956-486283956, 206, Task-321
2023-06-18 15:48:57,892 INFO 1 trades, 486759772-486759772, 226, Task-321
2023-06-18 15:48:59,027 INFO 1 trades, 486997680-486997680, 246, Task-321
2023-06-18 15:49:00,209 INFO 1 trades, 487116634-487116634, 20, Task-321
2023-06-18 15:49:01,389 INFO 1 trades, 487176111-487176111, 40, Task-321
2023-06-18 15:49:02,520 INFO 1 trades, 487146372-487146372, 60, Task-321
2023-06-18 15:49:03,711 INFO 1 trades, 487161241-487161241, 80, Task-321
2023-06-18 15:49:04,859 INFO 1 trades, 487153806-487153806, 100, Task-321
2023-06-18 15:49:06,045 INFO 1 trades, 487150089-487150089, 120, Task-321
2023-06-18 15:49:07,179 INFO 1 trades, 487151947-487151947, 140, Task-321
2023-06-18 15:49:08,389 INFO 1 trades, 487151018-487151018, 160, Task-321
2023-06-18 15:49:09,565 INFO 1 trades, 487151482-487151482, 180, Task-321
2023-06-18 15:49:10,666 INFO 1 trades, 487151250-487151250, 200, Task-321
2023-06-18 15:49:11,770 INFO 1 trades, 487151134-487151134, 220, Task-321
2023-06-18 15:49:12,914 INFO 1 trades, 487151192-487151192, 240, Task-321
2023-06-18 15:49:14,094 INFO 1 trades, 487151221-487151221, 260, Task-321
2023-06-18 15:49:15,209 INFO 1 trades, 487151235-487151235, 280, Task-321
2023-06-18 15:49:16,350 INFO 1 trades, 487151242-487151242, 300, Task-321
2023-06-18 15:49:17,533 INFO 1 trades, 487151238-487151238, 320, Task-321
2023-06-18 15:49:18,703 INFO 1 trades, 487151240-487151240, 340, Task-321
2023-06-18 15:49:19,860 INFO 1 trades, 487151239-487151239, 360, Task-321
2023-06-18 15:49:21,815 INFO 900 trades, 487193414-487194313, 380, Task 3
2023-06-18 15:49:21,819 INFO 900 trades, 487214501-487215400, 400, Task 2
2023-06-18 15:49:21,836 INFO 900 trades, 487172327-487173226, 420, Task 4
2023-06-18 15:49:21,873 INFO 34 trades, 487235588-487235621, 440, Task 1
2023-06-18 15:49:22,940 INFO 900 trades, 487213601-487214500, 460, Task 2
2023-06-18 15:49:22,958 INFO 900 trades, 487192514-487193413, 480, Task 3
2023-06-18 15:49:22,979 INFO 900 trades, 487171427-487172326, 500, Task 4
2023-06-18 15:49:23,003 INFO 68 trades, 487235554-487235621, 520, Task 1
2023-06-18 15:49:24,109 INFO 900 trades, 487212701-487213600, 540, Task 2
2023-06-18 15:49:24,124 INFO 900 trades, 487170527-487171426, 560, Task 4
2023-06-18 15:49:24,139 INFO 137 trades, 487235486-487235622, 600, Task 1
2023-06-18 15:49:24,144 INFO 900 trades, 487191614-487192513, 580, Task 3
2023-06-18 15:49:25,255 INFO 900 trades, 487169627-487170526, 620, Task 4
2023-06-18 15:49:25,282 INFO 900 trades, 487190714-487191613, 640, Task 3
2023-06-18 15:49:25,296 INFO 900 trades, 487211801-487212700, 660, Task 2
2023-06-18 15:49:25,330 INFO 277 trades, 487235349-487235625, 680, Task 1
2023-06-18 15:49:26,423 INFO 900 trades, 487168727-487169626, 700, Task 4
2023-06-18 15:49:26,443 INFO 900 trades, 487189814-487190713, 720, Task 3
2023-06-18 15:49:26,490 INFO 900 trades, 487210901-487211800, 740, Task 2
2023-06-18 15:49:26,498 INFO 556 trades, 487235072-487235627, 760, Task 1
2023-06-18 15:49:27,566 INFO 900 trades, 487188914-487189813, 780, Task 3
2023-06-18 15:49:27,573 INFO 900 trades, 487167827-487168726, 800, Task 4
2023-06-18 15:49:27,611 INFO 900 trades, 487234516-487235415, 820, Task 1
2023-06-18 15:49:27,631 INFO 900 trades, 487210001-487210900, 840, Task 2
2023-06-18 15:49:28,697 INFO 900 trades, 487166927-487167826, 860, Task 4
2023-06-18 15:49:28,710 INFO 900 trades, 487188014-487188913, 880, Task 3
2023-06-18 15:49:28,750 INFO 900 trades, 487233616-487234515, 900, Task 1
2023-06-18 15:49:28,769 INFO 900 trades, 487209101-487210000, 920, Task 2
2023-06-18 15:49:29,875 INFO 900 trades, 487166027-487166926, 960, Task 4
2023-06-18 15:49:30,143 INFO 900 trades, 487232716-487233615, 940, Task 1
2023-06-18 15:49:30,187 INFO 900 trades, 487208201-487209100, 1000, Task 2
2023-06-18 15:49:30,195 INFO 900 trades, 487187114-487188013, 980, Task 3
2023-06-18 15:49:31,036 INFO 900 trades, 487165127-487166026, 1020, Task 4
2023-06-18 15:49:31,371 INFO 900 trades, 487207301-487208200, 1080, Task 2
2023-06-18 15:49:31,567 INFO 900 trades, 487231816-487232715, 1040, Task 1
2023-06-18 15:49:31,664 INFO 900 trades, 487186214-487187113, 1060, Task 3
2023-06-18 15:49:32,233 INFO 900 trades, 487164227-487165126, 1100, Task 4
2023-06-18 15:49:32,517 INFO 900 trades, 487206401-487207300, 1120, Task 2
2023-06-18 15:49:32,777 INFO 900 trades, 487230916-487231815, 1140, Task 1
2023-06-18 15:49:32,816 INFO 900 trades, 487185314-487186213, 1160, Task 3
2023-06-18 15:49:33,641 INFO 1000 trades, 487163327-487164326, 1180, Task 4
2023-06-18 15:49:33,905 INFO 1000 trades, 487205501-487206500, 1200, Task 2
2023-06-18 15:49:34,266 INFO 1000 trades, 487184414-487185413, 1240, Task 3
2023-06-18 15:49:34,274 INFO 1000 trades, 487230016-487231015, 1220, Task 1
2023-06-18 15:49:34,861 INFO 1000 trades, 487162327-487163326, 1260, Task 4
2023-06-18 15:49:35,091 INFO 1000 trades, 487204501-487205500, 1280, Task 2
2023-06-18 15:49:35,488 INFO 1000 trades, 487229016-487230015, 1300, Task 1
2023-06-18 15:49:35,516 INFO 1000 trades, 487183414-487184413, 1320, Task 3
2023-06-18 15:49:36,351 INFO 1000 trades, 487161327-487162326, 1340, Task 4
2023-06-18 15:49:36,530 INFO 1000 trades, 487203501-487204500, 1360, Task 2
2023-06-18 15:49:36,971 INFO 1000 trades, 487182414-487183413, 1380, Task 3
2023-06-18 15:49:37,006 INFO 1000 trades, 487228016-487229015, 1400, Task 1
2023-06-18 15:49:37,774 INFO 1000 trades, 487160327-487161326, 1420, Task 4
2023-06-18 15:49:38,023 INFO 1000 trades, 487202501-487203500, 1440, Task 2
2023-06-18 15:49:38,376 INFO 1000 trades, 487181414-487182413, 1460, Task 3
2023-06-18 15:49:38,414 INFO 1000 trades, 487227016-487228015, 1480, Task 1
2023-06-18 15:49:38,999 INFO 1000 trades, 487159327-487160326, 1500, Task 4
2023-06-18 15:49:39,227 INFO 1000 trades, 487201501-487202500, 1520, Task 2
2023-06-18 15:49:39,610 INFO 1000 trades, 487180414-487181413, 1540, Task 3
2023-06-18 15:49:39,654 INFO 1000 trades, 487226016-487227015, 1560, Task 1
2023-06-18 15:49:40,398 INFO 1000 trades, 487158327-487159326, 1580, Task 4
2023-06-18 15:49:40,712 INFO 1000 trades, 487200501-487201500, 1600, Task 2
2023-06-18 15:49:41,028 INFO 1000 trades, 487179414-487180413, 1620, Task 3
2023-06-18 15:49:41,125 INFO 1000 trades, 487225016-487226015, 1640, Task 1
2023-06-18 15:49:41,865 INFO 1000 trades, 487157327-487158326, 1660, Task 4
2023-06-18 15:49:42,121 INFO 1000 trades, 487199501-487200500, 1680, Task 2
2023-06-18 15:49:42,465 INFO 1000 trades, 487178414-487179413, 1700, Task 3
2023-06-18 15:49:42,561 INFO 
cool down triggered with 1720, Task 1, sleeping for 3 seconds...
2023-06-18 15:49:43,380 INFO 
cool down triggered with 1740, Task 4, sleeping for 3 seconds...
2023-06-18 15:49:43,536 INFO 
cool down triggered with 1760, Task 2, sleeping for 3 seconds...
2023-06-18 15:49:43,969 INFO 
cool down triggered with 1780, Task 3, sleeping for 3 seconds...
2023-06-18 15:49:45,563 INFO 1000 trades, 487224016-487225015, 1720, Task 1
2023-06-18 15:49:46,382 INFO 1000 trades, 487156327-487157326, 1740, Task 4
2023-06-18 15:49:46,537 INFO 1000 trades, 487198501-487199500, 1760, Task 2
2023-06-18 15:49:46,970 INFO 1000 trades, 487177414-487178413, 1780, Task 3
2023-06-18 15:49:47,086 INFO 
cool down triggered with 1800, Task 1, sleeping for 3 seconds...
2023-06-18 15:49:47,813 INFO 
cool down triggered with 1820, Task 4, sleeping for 3 seconds...
2023-06-18 15:49:48,027 INFO 
cool down triggered with 1840, Task 2, sleeping for 3 seconds...
2023-06-18 15:49:48,473 INFO 
cool down triggered with 1860, Task 3, sleeping for 3 seconds...
2023-06-18 15:49:50,087 INFO 1000 trades, 487223016-487224015, 1800, Task 1
2023-06-18 15:49:50,814 INFO 1000 trades, 487155327-487156326, 1820, Task 4
2023-06-18 15:49:51,029 INFO 1000 trades, 487197501-487198500, 1840, Task 2
2023-06-18 15:49:51,474 INFO 1000 trades, 487176414-487177413, 1860, Task 3
2023-06-18 15:49:51,579 INFO 
cool down triggered with 1880, Task 1, sleeping for 3 seconds...
2023-06-18 15:49:52,248 INFO 
cool down triggered with 1900, Task 4, sleeping for 3 seconds...
2023-06-18 15:49:52,496 INFO 
cool down triggered with 1920, Task 2, sleeping for 3 seconds...
2023-06-18 15:49:52,892 INFO 
cool down triggered with 1940, Task 3, sleeping for 3 seconds...
2023-06-18 15:49:54,580 INFO 1000 trades, 487222016-487223015, 1880, Task 1
2023-06-18 15:49:55,249 INFO 1000 trades, 487154327-487155326, 1900, Task 4
2023-06-18 15:49:55,497 INFO 1000 trades, 487196501-487197500, 1920, Task 2
2023-06-18 15:49:55,894 INFO 1000 trades, 487175414-487176413, 1940, Task 3
2023-06-18 15:49:56,070 INFO 
cool down triggered with 1960, Task 1, sleeping for 3 seconds...
2023-06-18 15:49:56,664 INFO 
cool down triggered with 1980, Task 4, sleeping for 3 seconds...
2023-06-18 15:49:56,995 INFO 
cool down triggered with 2000, Task 2, sleeping for 3 seconds...
2023-06-18 15:49:57,397 INFO 
cool down triggered with 2020, Task 3, sleeping for 3 seconds...
2023-06-18 15:49:59,072 INFO 1000 trades, 487221016-487222015, 1960, Task 1
2023-06-18 15:49:59,665 INFO 1000 trades, 487153327-487154326, 1980, Task 4
2023-06-18 15:49:59,996 INFO 1000 trades, 487195501-487196500, 2000, Task 2
2023-06-18 15:50:00,399 INFO 1000 trades, 487174414-487175413, 2020, Task 3
2023-06-18 15:50:00,544 INFO 1000 trades, 487220016-487221015, 20, Task 1
2023-06-18 15:50:01,178 INFO 1000 trades, 487152327-487153326, 40, Task 4
2023-06-18 15:50:01,498 INFO 1000 trades, 487194501-487195500, 60, Task 2
2023-06-18 15:50:01,855 INFO 1000 trades, 487173414-487174413, 80, Task 3
2023-06-18 15:50:02,041 INFO 1000 trades, 487219016-487220015, 100, Task 1
2023-06-18 15:50:02,294 INFO 87 trades, 487151327-487151413, 120, Task 4
2023-06-18 15:50:02,648 INFO 87 trades, 487193501-487193587, 140, Task 2
2023-06-18 15:50:03,051 INFO 87 trades, 487172414-487172500, 160, Task 3
2023-06-18 15:50:03,441 INFO 1000 trades, 487218016-487219015, 180, Task 1
2023-06-18 15:50:04,945 INFO 1000 trades, 487217016-487218015, 200, Task 1
2023-06-18 15:50:06,464 INFO 1000 trades, 487216016-487217015, 220, Task 1
2023-06-18 15:50:07,598 INFO 515 trades, 487215016-487215530, 240, Task 1
2023-06-18 15:56:13,110 INFO 1 trades, 1007903795-1007903795, 26, Task-18
2023-06-18 15:56:14,347 INFO 1 trades, 503951897-503951897, 46, Task-18
2023-06-18 15:56:15,558 INFO 1 trades, 755927846-755927846, 66, Task-18
2023-06-18 15:56:16,729 INFO 1 trades, 881915821-881915821, 86, Task-18
2023-06-18 15:56:17,957 INFO 1 trades, 944909808-944909808, 106, Task-18
2023-06-18 15:56:19,131 INFO 1 trades, 976406802-976406802, 126, Task-18
2023-06-18 15:56:20,268 INFO 1 trades, 992155299-992155299, 146, Task-18
2023-06-18 15:56:21,390 INFO 1 trades, 1000029547-1000029547, 166, Task-18
2023-06-18 15:56:22,580 INFO 1 trades, 1003966671-1003966671, 186, Task-18
2023-06-18 15:56:23,712 INFO 1 trades, 1005935233-1005935233, 206, Task-18
2023-06-18 15:56:24,825 INFO 1 trades, 1006919514-1006919514, 226, Task-18
2023-06-18 15:56:26,002 INFO 1 trades, 1007411655-1007411655, 246, Task-18
2023-06-18 15:56:27,190 INFO 1 trades, 1007657725-1007657725, 266, Task-18
2023-06-18 15:56:28,364 INFO 1 trades, 1007534690-1007534690, 286, Task-18
2023-06-18 15:56:29,568 INFO 1 trades, 1007596207-1007596207, 306, Task-18
2023-06-18 15:56:30,731 INFO 1 trades, 1007565448-1007565448, 326, Task-18
2023-06-18 15:56:31,863 INFO 1 trades, 1007550069-1007550069, 346, Task-18
2023-06-18 15:56:33,031 INFO 1 trades, 1007557758-1007557758, 366, Task-18
2023-06-18 15:56:34,238 INFO 1 trades, 1007553913-1007553913, 386, Task-18
2023-06-18 15:56:35,430 INFO 1 trades, 1007555835-1007555835, 406, Task-18
2023-06-18 15:56:36,612 INFO 1 trades, 1007554874-1007554874, 426, Task-18
2023-06-18 15:56:37,810 INFO 1 trades, 1007554393-1007554393, 446, Task-18
2023-06-18 15:56:38,936 INFO 1 trades, 1007554153-1007554153, 466, Task-18
2023-06-18 15:56:40,070 INFO 1 trades, 1007554033-1007554033, 486, Task-18
2023-06-18 15:56:41,194 INFO 1 trades, 1007553973-1007553973, 506, Task-18
2023-06-18 15:56:42,330 INFO 1 trades, 1007554003-1007554003, 526, Task-18
2023-06-18 15:56:43,535 INFO 1 trades, 1007553988-1007553988, 546, Task-18
2023-06-18 15:56:44,718 INFO 1 trades, 1007553980-1007553980, 566, Task-18
2023-06-18 15:56:45,882 INFO 1 trades, 1007553976-1007553976, 586, Task-18
2023-06-18 15:56:47,024 INFO 1 trades, 1007553978-1007553978, 606, Task-18
2023-06-18 15:56:48,186 INFO 1 trades, 1007553979-1007553979, 626, Task-18
2023-06-18 15:56:49,778 INFO 93 trades, 1007903795-1007903887, 666, Task 1
2023-06-18 15:56:49,967 INFO 900 trades, 1007816341-1007817240, 646, Task 2
2023-06-18 15:56:49,970 INFO 900 trades, 1007641433-1007642332, 706, Task 4
2023-06-18 15:56:49,973 INFO 900 trades, 1007728887-1007729786, 686, Task 3
2023-06-18 15:56:50,953 INFO 187 trades, 1007903702-1007903888, 726, Task 1
2023-06-18 15:56:51,240 INFO 900 trades, 1007815441-1007816340, 786, Task 2
2023-06-18 15:56:51,284 INFO 900 trades, 1007727987-1007728886, 746, Task 3
2023-06-18 15:56:51,339 INFO 900 trades, 1007640533-1007641432, 766, Task 4
2023-06-18 15:56:52,087 INFO 376 trades, 1007903515-1007903890, 806, Task 1
2023-06-18 15:56:52,574 INFO 900 trades, 1007727087-1007727986, 846, Task 3
2023-06-18 15:56:52,619 INFO 900 trades, 1007814541-1007815440, 826, Task 2
2023-06-18 15:56:52,623 INFO 900 trades, 1007639633-1007640532, 866, Task 4
2023-06-18 15:56:53,244 INFO 753 trades, 1007903139-1007903891, 886, Task 1
2023-06-18 15:56:53,883 INFO 900 trades, 1007813641-1007814540, 946, Task 2
2023-06-18 15:56:53,956 INFO 900 trades, 1007726187-1007727086, 906, Task 3
2023-06-18 15:56:54,030 INFO 900 trades, 1007638733-1007639632, 926, Task 4
2023-06-18 15:56:54,378 INFO 900 trades, 1007902386-1007903285, 966, Task 1
2023-06-18 15:56:55,063 INFO 900 trades, 1007812741-1007813640, 986, Task 2
2023-06-18 15:56:55,284 INFO 900 trades, 1007725287-1007726186, 1006, Task 3
2023-06-18 15:56:55,430 INFO 900 trades, 1007637833-1007638732, 1026, Task 4
2023-06-18 15:56:55,622 INFO 900 trades, 1007901486-1007902385, 1046, Task 1
2023-06-18 15:56:56,206 INFO 900 trades, 1007811841-1007812740, 1066, Task 2
2023-06-18 15:56:56,654 INFO 900 trades, 1007724387-1007725286, 1086, Task 3
2023-06-18 15:56:56,835 INFO 900 trades, 1007636933-1007637832, 1106, Task 4
2023-06-18 15:56:57,036 INFO 900 trades, 1007900586-1007901485, 1126, Task 1
2023-06-18 15:56:57,507 INFO 900 trades, 1007810941-1007811840, 1146, Task 2
2023-06-18 15:56:58,004 INFO 900 trades, 1007723487-1007724386, 1166, Task 3
2023-06-18 15:56:58,158 INFO 900 trades, 1007636033-1007636932, 1186, Task 4
2023-06-18 15:56:58,426 INFO 900 trades, 1007899686-1007900585, 1206, Task 1
2023-06-18 15:56:58,820 INFO 900 trades, 1007810041-1007810940, 1226, Task 2
2023-06-18 15:56:59,317 INFO 900 trades, 1007722587-1007723486, 1246, Task 3
2023-06-18 15:56:59,544 INFO 900 trades, 1007635133-1007636032, 1266, Task 4
2023-06-18 15:56:59,774 INFO 900 trades, 1007898786-1007899685, 1286, Task 1
2023-06-18 15:56:59,982 INFO 900 trades, 1007809141-1007810040, 1306, Task 2
2023-06-18 15:57:00,707 INFO 900 trades, 1007721687-1007722586, 20, Task 3
2023-06-18 15:57:00,909 INFO 900 trades, 1007634233-1007635132, 40, Task 4
2023-06-18 15:57:01,071 INFO 900 trades, 1007897886-1007898785, 60, Task 1
2023-06-18 15:57:01,248 INFO 900 trades, 1007808241-1007809140, 80, Task 2
2023-06-18 15:57:02,136 INFO 900 trades, 1007720787-1007721686, 100, Task 3
2023-06-18 15:57:02,245 INFO 900 trades, 1007633333-1007634232, 120, Task 4
2023-06-18 15:57:02,284 INFO 1000 trades, 1007896986-1007897985, 140, Task 1
2023-06-18 15:57:02,635 INFO 1000 trades, 1007807341-1007808340, 160, Task 2
2023-06-18 15:57:03,485 INFO 1000 trades, 1007719887-1007720886, 180, Task 3
2023-06-18 15:57:03,489 INFO 1000 trades, 1007895986-1007896985, 220, Task 1
2023-06-18 15:57:03,563 INFO 1000 trades, 1007632433-1007633432, 200, Task 4
2023-06-18 15:57:03,782 INFO 1000 trades, 1007806341-1007807340, 240, Task 2
2023-06-18 15:57:04,783 INFO 1000 trades, 1007894986-1007895985, 280, Task 1
2023-06-18 15:57:04,885 INFO 1000 trades, 1007718887-1007719886, 260, Task 3
2023-06-18 15:57:04,924 INFO 1000 trades, 1007631433-1007632432, 300, Task 4
2023-06-18 15:57:05,017 INFO 1000 trades, 1007805341-1007806340, 320, Task 2
2023-06-18 15:57:06,026 INFO 1000 trades, 1007893986-1007894985, 340, Task 1
2023-06-18 15:57:06,255 INFO 1000 trades, 1007630433-1007631432, 360, Task 4
2023-06-18 15:57:06,274 INFO 1000 trades, 1007717887-1007718886, 380, Task 3
2023-06-18 15:57:06,320 INFO 1000 trades, 1007804341-1007805340, 400, Task 2
2023-06-18 15:57:07,229 INFO 1000 trades, 1007892986-1007893985, 420, Task 1
2023-06-18 15:57:07,529 INFO 1000 trades, 1007803341-1007804340, 480, Task 2
2023-06-18 15:57:07,615 INFO 1000 trades, 1007629433-1007630432, 440, Task 4
2023-06-18 15:57:07,712 INFO 1000 trades, 1007716887-1007717886, 460, Task 3
2023-06-18 15:57:08,469 INFO 1000 trades, 1007891986-1007892985, 500, Task 1
2023-06-18 15:57:08,807 INFO 1000 trades, 1007802341-1007803340, 520, Task 2
2023-06-18 15:57:09,066 INFO 1000 trades, 1007628433-1007629432, 540, Task 4
2023-06-18 15:57:09,091 INFO 1000 trades, 1007715887-1007716886, 560, Task 3
2023-06-18 15:57:09,647 INFO 1000 trades, 1007890986-1007891985, 580, Task 1
2023-06-18 15:57:10,031 INFO 1000 trades, 1007801341-1007802340, 600, Task 2
2023-06-18 15:57:10,379 INFO 1000 trades, 1007627433-1007628432, 620, Task 4
2023-06-18 15:57:10,466 INFO 1000 trades, 1007714887-1007715886, 640, Task 3
2023-06-18 15:57:10,851 INFO 1000 trades, 1007889986-1007890985, 660, Task 1
2023-06-18 15:57:11,259 INFO 1000 trades, 1007800341-1007801340, 680, Task 2
2023-06-18 15:57:11,766 INFO 1000 trades, 1007626433-1007627432, 700, Task 4
2023-06-18 15:57:11,813 INFO 1000 trades, 1007713887-1007714886, 720, Task 3
2023-06-18 15:57:11,997 INFO 1000 trades, 1007888986-1007889985, 740, Task 1
2023-06-18 15:57:12,632 INFO 1000 trades, 1007799341-1007800340, 760, Task 2
2023-06-18 15:57:13,120 INFO 1000 trades, 1007887986-1007888985, 820, Task 1
2023-06-18 15:57:13,159 INFO 1000 trades, 1007625433-1007626432, 780, Task 4
2023-06-18 15:57:13,196 INFO 1000 trades, 1007712887-1007713886, 800, Task 3
2023-06-18 15:57:13,867 INFO 1000 trades, 1007798341-1007799340, 840, Task 2
2023-06-18 15:57:14,344 INFO 1000 trades, 1007886986-1007887985, 860, Task 1
2023-06-18 15:57:14,578 INFO 1000 trades, 1007624433-1007625432, 880, Task 4
2023-06-18 15:57:14,592 INFO 1000 trades, 1007711887-1007712886, 900, Task 3
2023-06-18 15:57:15,169 INFO 1000 trades, 1007797341-1007798340, 920, Task 2
2023-06-18 15:57:15,567 INFO 1000 trades, 1007885986-1007886985, 940, Task 1
2023-06-18 15:57:15,939 INFO 1000 trades, 1007623433-1007624432, 960, Task 4
2023-06-18 15:57:15,993 INFO 1000 trades, 1007710887-1007711886, 980, Task 3
2023-06-18 15:57:16,329 INFO 1000 trades, 1007796341-1007797340, 1000, Task 2
2023-06-18 15:57:16,766 INFO 1000 trades, 1007884986-1007885985, 1020, Task 1
2023-06-18 15:57:17,134 INFO 1000 trades, 1007622433-1007623432, 1040, Task 4
2023-06-18 15:57:17,409 INFO 1000 trades, 1007709887-1007710886, 1060, Task 3
2023-06-18 15:57:17,454 INFO 1000 trades, 1007795341-1007796340, 1080, Task 2
2023-06-18 15:57:17,893 INFO 1000 trades, 1007883986-1007884985, 1100, Task 1
2023-06-18 15:57:18,508 INFO 1000 trades, 1007621433-1007622432, 1120, Task 4
2023-06-18 15:57:18,673 INFO 1000 trades, 1007794341-1007795340, 1140, Task 2
2023-06-18 15:57:18,793 INFO 1000 trades, 1007708887-1007709886, 1160, Task 3
2023-06-18 15:57:19,061 INFO 1000 trades, 1007882986-1007883985, 1180, Task 1
2023-06-18 15:57:19,889 INFO 1000 trades, 1007620433-1007621432, 1200, Task 4
2023-06-18 15:57:19,930 INFO 1000 trades, 1007793341-1007794340, 1220, Task 2
2023-06-18 15:57:20,212 INFO 1000 trades, 1007707887-1007708886, 1240, Task 3
2023-06-18 15:57:20,291 INFO 1000 trades, 1007881986-1007882985, 1260, Task 1
2023-06-18 15:57:21,198 INFO 1000 trades, 1007792341-1007793340, 1300, Task 2
2023-06-18 15:57:21,275 INFO 1000 trades, 1007619433-1007620432, 1280, Task 4
2023-06-18 15:57:21,512 INFO 1000 trades, 1007880986-1007881985, 1340, Task 1
2023-06-18 15:57:21,610 INFO 1000 trades, 1007706887-1007707886, 1320, Task 3
2023-06-18 15:57:22,584 INFO 1000 trades, 1007791341-1007792340, 1380, Task 2
2023-06-18 15:57:22,621 INFO 1000 trades, 1007618433-1007619432, 1360, Task 4
2023-06-18 15:57:22,714 INFO 1000 trades, 1007879986-1007880985, 1400, Task 1
2023-06-18 15:57:22,944 INFO 1000 trades, 1007705887-1007706886, 1420, Task 3
2023-06-18 15:57:23,950 INFO 1000 trades, 1007878986-1007879985, 1460, Task 1
2023-06-18 15:57:23,974 INFO 1000 trades, 1007617433-1007618432, 1440, Task 4
2023-06-18 15:57:24,280 INFO 1000 trades, 1007704887-1007705886, 1480, Task 3
2023-06-18 15:57:24,813 INFO 1000 trades, 1007790341-1007791340, 1500, Task 2
2023-06-18 15:57:25,176 INFO 1000 trades, 1007877986-1007878985, 1520, Task 1
2023-06-18 15:57:25,377 INFO 1000 trades, 1007616433-1007617432, 1540, Task 4
2023-06-18 15:57:25,697 INFO 1000 trades, 1007703887-1007704886, 1560, Task 3
2023-06-18 15:57:26,055 INFO 1000 trades, 1007789341-1007790340, 1580, Task 2
2023-06-18 15:57:26,434 INFO 1000 trades, 1007876986-1007877985, 1600, Task 1
2023-06-18 15:57:26,767 INFO 1000 trades, 1007615433-1007616432, 1620, Task 4
2023-06-18 15:57:27,097 INFO 1000 trades, 1007702887-1007703886, 1640, Task 3
2023-06-18 15:57:27,342 INFO 1000 trades, 1007788341-1007789340, 1660, Task 2
2023-06-18 15:57:27,666 INFO 1000 trades, 1007875986-1007876985, 1680, Task 1
2023-06-18 15:57:28,190 INFO 1000 trades, 1007614433-1007615432, 1700, Task 4
2023-06-18 15:57:28,461 INFO 
cool down triggered with 1720, Task 3, sleeping for 3 seconds...
2023-06-18 15:57:28,552 INFO 
cool down triggered with 1740, Task 2, sleeping for 3 seconds...
2023-06-18 15:57:29,514 INFO 
cool down triggered with 1760, Task 4, sleeping for 3 seconds...
2023-06-18 15:57:29,830 INFO 
cool down triggered with 1780, Task 1, sleeping for 3 seconds...
2023-06-18 15:57:31,463 INFO 1000 trades, 1007701887-1007702886, 1720, Task 3
2023-06-18 15:57:31,554 INFO 1000 trades, 1007787341-1007788340, 1740, Task 2
2023-06-18 15:57:32,515 INFO 1000 trades, 1007613433-1007614432, 1760, Task 4
2023-06-18 15:57:32,811 INFO 
cool down triggered with 1800, Task 3, sleeping for 3 seconds...
2023-06-18 15:57:32,832 INFO 1000 trades, 1007874986-1007875985, 1780, Task 1
2023-06-18 15:57:32,923 INFO 
cool down triggered with 1820, Task 2, sleeping for 3 seconds...
2023-06-18 15:57:33,884 INFO 
cool down triggered with 1840, Task 4, sleeping for 3 seconds...
2023-06-18 15:57:34,145 INFO 
cool down triggered with 1860, Task 1, sleeping for 3 seconds...
2023-06-18 15:57:35,814 INFO 1000 trades, 1007700887-1007701886, 1800, Task 3
2023-06-18 15:57:35,924 INFO 1000 trades, 1007786341-1007787340, 1820, Task 2
2023-06-18 15:57:36,885 INFO 1000 trades, 1007612433-1007613432, 1840, Task 4
2023-06-18 15:57:37,142 INFO 
cool down triggered with 1880, Task 3, sleeping for 3 seconds...
2023-06-18 15:57:37,145 INFO 1000 trades, 1007873986-1007874985, 1860, Task 1
2023-06-18 15:57:37,220 INFO 
cool down triggered with 1900, Task 2, sleeping for 3 seconds...
2023-06-18 15:57:38,288 INFO 
cool down triggered with 1920, Task 4, sleeping for 3 seconds...
2023-06-18 15:57:38,466 INFO 
cool down triggered with 1940, Task 1, sleeping for 3 seconds...
2023-06-18 15:57:40,143 INFO 1000 trades, 1007699887-1007700886, 1880, Task 3
2023-06-18 15:57:40,222 INFO 1000 trades, 1007785341-1007786340, 1900, Task 2
2023-06-18 15:57:41,289 INFO 1000 trades, 1007611433-1007612432, 1920, Task 4
2023-06-18 15:57:41,467 INFO 1000 trades, 1007872986-1007873985, 1940, Task 1
2023-06-18 15:57:41,528 INFO 
cool down triggered with 1980, Task 2, sleeping for 3 seconds...
2023-06-18 15:57:41,567 INFO 
cool down triggered with 1960, Task 3, sleeping for 3 seconds...
2023-06-18 15:57:42,699 INFO 
cool down triggered with 2000, Task 4, sleeping for 3 seconds...
2023-06-18 15:57:42,878 INFO 
cool down triggered with 2020, Task 1, sleeping for 3 seconds...
2023-06-18 15:57:44,530 INFO 1000 trades, 1007784341-1007785340, 1980, Task 2
2023-06-18 15:57:44,568 INFO 1000 trades, 1007698887-1007699886, 1960, Task 3
2023-06-18 15:57:45,701 INFO 1000 trades, 1007610433-1007611432, 2000, Task 4
2023-06-18 15:57:45,797 INFO 
cool down triggered with 2040, Task 2, sleeping for 3 seconds...
2023-06-18 15:57:45,880 INFO 1000 trades, 1007871986-1007872985, 2020, Task 1
2023-06-18 15:57:45,993 INFO 
cool down triggered with 2060, Task 3, sleeping for 3 seconds...
2023-06-18 15:57:47,099 INFO 
cool down triggered with 2100, Task 1, sleeping for 3 seconds...
2023-06-18 15:57:47,107 INFO 
cool down triggered with 2080, Task 4, sleeping for 3 seconds...
2023-06-18 15:57:48,798 INFO 1000 trades, 1007783341-1007784340, 2040, Task 2
2023-06-18 15:57:48,994 INFO 1000 trades, 1007697887-1007698886, 2060, Task 3
2023-06-18 15:57:50,100 INFO 1000 trades, 1007870986-1007871985, 2100, Task 1
2023-06-18 15:57:50,108 INFO 1000 trades, 1007609433-1007610432, 2080, Task 4
2023-06-18 15:57:50,141 WARNING 
cool down triggered with 2120, Task 2, sleeping for 8 seconds...
2023-06-18 15:57:50,393 WARNING 
cool down triggered with 2140, Task 3, sleeping for 8 seconds...
2023-06-18 15:57:51,295 WARNING 
cool down triggered with 2160, Task 1, sleeping for 8 seconds...
2023-06-18 15:57:51,522 WARNING 
cool down triggered with 2180, Task 4, sleeping for 8 seconds...
2023-06-18 15:57:58,143 INFO 1000 trades, 1007782341-1007783340, 2120, Task 2
2023-06-18 15:57:58,395 INFO 1000 trades, 1007696887-1007697886, 2140, Task 3
2023-06-18 15:57:59,296 INFO 1000 trades, 1007869986-1007870985, 2160, Task 1
2023-06-18 15:57:59,508 WARNING 
cool down triggered with 2200, Task 2, sleeping for 8 seconds...
2023-06-18 15:57:59,524 INFO 1000 trades, 1007608433-1007609432, 2180, Task 4
2023-06-18 15:57:59,741 WARNING 
cool down triggered with 2220, Task 3, sleeping for 8 seconds...
2023-06-18 15:58:00,456 INFO 1000 trades, 1007868986-1007869985, 20, Task 1
2023-06-18 15:58:00,931 INFO 1000 trades, 1007607433-1007608432, 40, Task 4
2023-06-18 15:58:01,817 INFO 1000 trades, 1007867986-1007868985, 60, Task 1
2023-06-18 15:58:02,486 INFO 1000 trades, 1007606433-1007607432, 80, Task 4
2023-06-18 15:58:03,231 INFO 1000 trades, 1007866986-1007867985, 100, Task 1
2023-06-18 15:58:03,867 INFO 1000 trades, 1007605433-1007606432, 120, Task 4
2023-06-18 15:58:04,475 INFO 1000 trades, 1007865986-1007866985, 140, Task 1
2023-06-18 15:58:05,270 INFO 1000 trades, 1007604433-1007605432, 160, Task 4
2023-06-18 15:58:05,879 INFO 1000 trades, 1007864986-1007865985, 180, Task 1
2023-06-18 15:58:06,649 INFO 1000 trades, 1007603433-1007604432, 200, Task 4
2023-06-18 15:58:07,108 INFO 1000 trades, 1007863986-1007864985, 220, Task 1
2023-06-18 15:58:07,510 INFO 1000 trades, 1007781341-1007782340, 2200, Task 2
2023-06-18 15:58:07,742 INFO 1000 trades, 1007695887-1007696886, 2220, Task 3
2023-06-18 15:58:08,034 INFO 1000 trades, 1007602433-1007603432, 240, Task 4
2023-06-18 15:58:08,390 INFO 1000 trades, 1007862986-1007863985, 260, Task 1
2023-06-18 15:58:08,670 INFO 1000 trades, 1007780341-1007781340, 280, Task 2
2023-06-18 15:58:09,181 INFO 1000 trades, 1007694887-1007695886, 300, Task 3
2023-06-18 15:58:09,435 INFO 1000 trades, 1007601433-1007602432, 320, Task 4
2023-06-18 15:58:09,776 INFO 1000 trades, 1007861986-1007862985, 340, Task 1
2023-06-18 15:58:09,902 INFO 1000 trades, 1007779341-1007780340, 360, Task 2
2023-06-18 15:58:10,570 INFO 1000 trades, 1007693887-1007694886, 380, Task 3
2023-06-18 15:58:10,811 INFO 1000 trades, 1007600433-1007601432, 400, Task 4
2023-06-18 15:58:11,123 INFO 1000 trades, 1007860986-1007861985, 420, Task 1
2023-06-18 15:58:11,272 INFO 1000 trades, 1007778341-1007779340, 440, Task 2
2023-06-18 15:58:11,953 INFO 1000 trades, 1007692887-1007693886, 460, Task 3
2023-06-18 15:58:12,189 INFO 1000 trades, 1007599433-1007600432, 480, Task 4
2023-06-18 15:58:12,334 INFO 1000 trades, 1007859986-1007860985, 500, Task 1
2023-06-18 15:58:12,691 INFO 1000 trades, 1007777341-1007778340, 520, Task 2
2023-06-18 15:58:13,334 INFO 1000 trades, 1007691887-1007692886, 540, Task 3
2023-06-18 15:58:13,569 INFO 1000 trades, 1007858986-1007859985, 580, Task 1
2023-06-18 15:58:13,634 INFO 1000 trades, 1007598433-1007599432, 560, Task 4
2023-06-18 15:58:14,085 INFO 1000 trades, 1007776341-1007777340, 600, Task 2
2023-06-18 15:58:14,673 INFO 1000 trades, 1007690887-1007691886, 620, Task 3
2023-06-18 15:58:14,813 INFO 1000 trades, 1007857986-1007858985, 640, Task 1
2023-06-18 15:58:15,000 INFO 1000 trades, 1007597433-1007598432, 660, Task 4
2023-06-18 15:58:15,310 INFO 1000 trades, 1007775341-1007776340, 680, Task 2
2023-06-18 15:58:16,022 INFO 1000 trades, 1007856986-1007857985, 720, Task 1
2023-06-18 15:58:16,078 INFO 1000 trades, 1007689887-1007690886, 700, Task 3
2023-06-18 15:58:16,418 INFO 1000 trades, 1007596433-1007597432, 740, Task 4
2023-06-18 15:58:16,432 INFO 1000 trades, 1007774341-1007775340, 760, Task 2
2023-06-18 15:58:17,266 INFO 1000 trades, 1007855986-1007856985, 780, Task 1
2023-06-18 15:58:17,467 INFO 1000 trades, 1007688887-1007689886, 800, Task 3
2023-06-18 15:58:17,679 INFO 1000 trades, 1007773341-1007774340, 820, Task 2
2023-06-18 15:58:18,559 INFO 1000 trades, 1007854986-1007855985, 840, Task 1
2023-06-18 15:58:18,775 INFO 1000 trades, 1007595433-1007596432, 860, Task 4
2023-06-18 15:58:18,828 INFO 1000 trades, 1007687887-1007688886, 880, Task 3
2023-06-18 15:58:19,089 INFO 1000 trades, 1007772341-1007773340, 900, Task 2
2023-06-18 15:58:19,884 INFO 1000 trades, 1007853986-1007854985, 920, Task 1
2023-06-18 15:58:20,188 INFO 1000 trades, 1007594433-1007595432, 940, Task 4
2023-06-18 15:58:20,216 INFO 1000 trades, 1007686887-1007687886, 960, Task 3
2023-06-18 15:58:20,442 INFO 1000 trades, 1007771341-1007772340, 980, Task 2
2023-06-18 15:58:21,149 INFO 1000 trades, 1007852986-1007853985, 1000, Task 1
2023-06-18 15:58:21,553 INFO 1000 trades, 1007593433-1007594432, 1020, Task 4
2023-06-18 15:58:21,596 INFO 1000 trades, 1007685887-1007686886, 1040, Task 3
2023-06-18 15:58:21,757 INFO 1000 trades, 1007770341-1007771340, 1060, Task 2
2023-06-18 15:58:22,571 INFO 1000 trades, 1007851986-1007852985, 1080, Task 1
2023-06-18 15:58:22,922 INFO 1000 trades, 1007684887-1007685886, 1120, Task 3
2023-06-18 15:58:22,939 INFO 1000 trades, 1007769341-1007770340, 1140, Task 2
2023-06-18 15:58:22,946 INFO 1000 trades, 1007592433-1007593432, 1100, Task 4
2023-06-18 15:58:23,793 INFO 1000 trades, 1007850986-1007851985, 1160, Task 1
2023-06-18 15:58:24,116 INFO 1000 trades, 1007768341-1007769340, 1200, Task 2
2023-06-18 15:58:24,265 INFO 1000 trades, 1007683887-1007684886, 1180, Task 3
2023-06-18 15:58:24,382 INFO 1000 trades, 1007591433-1007592432, 1220, Task 4
2023-06-18 15:58:25,142 INFO 1000 trades, 1007849986-1007850985, 1240, Task 1
2023-06-18 15:58:25,478 INFO 1000 trades, 1007767341-1007768340, 1260, Task 2
2023-06-18 15:58:25,705 INFO 1000 trades, 1007682887-1007683886, 1280, Task 3
2023-06-18 15:58:25,746 INFO 1000 trades, 1007590433-1007591432, 1300, Task 4
2023-06-18 15:58:26,484 INFO 1000 trades, 1007848986-1007849985, 1320, Task 1
2023-06-18 15:58:26,783 INFO 1000 trades, 1007766341-1007767340, 1340, Task 2
2023-06-18 15:58:27,098 INFO 1000 trades, 1007681887-1007682886, 1360, Task 3
2023-06-18 15:58:27,165 INFO 1000 trades, 1007589433-1007590432, 1380, Task 4
2023-06-18 15:58:27,782 INFO 1000 trades, 1007847986-1007848985, 1400, Task 1
2023-06-18 15:58:28,463 INFO 1000 trades, 1007680887-1007681886, 1420, Task 3
2023-06-18 15:58:28,510 INFO 1000 trades, 1007588433-1007589432, 1440, Task 4
2023-06-18 15:58:29,140 INFO 1000 trades, 1007765341-1007766340, 1480, Task 2
2023-06-18 15:58:29,142 INFO 1000 trades, 1007846986-1007847985, 1460, Task 1
2023-06-18 15:58:29,872 INFO 1000 trades, 1007679887-1007680886, 1500, Task 3
2023-06-18 15:58:29,988 INFO 1000 trades, 1007587433-1007588432, 1520, Task 4
2023-06-18 15:58:30,410 INFO 1000 trades, 1007845986-1007846985, 1540, Task 1
2023-06-18 15:58:30,743 INFO 1000 trades, 1007764341-1007765340, 1560, Task 2
2023-06-18 15:58:31,308 INFO 1000 trades, 1007678887-1007679886, 1580, Task 3
2023-06-18 15:58:31,395 INFO 1000 trades, 1007586433-1007587432, 1600, Task 4
2023-06-18 15:58:31,593 INFO 1000 trades, 1007844986-1007845985, 1620, Task 1
2023-06-18 15:58:31,952 INFO 1000 trades, 1007763341-1007764340, 1640, Task 2
2023-06-18 15:58:32,709 INFO 1000 trades, 1007677887-1007678886, 1660, Task 3
2023-06-18 15:58:32,778 INFO 1000 trades, 1007843986-1007844985, 1700, Task 1
2023-06-18 15:58:32,845 INFO 1000 trades, 1007585433-1007586432, 1680, Task 4
2023-06-18 15:58:33,123 INFO 
cool down triggered with 1720, Task 2, sleeping for 3 seconds...
2023-06-18 15:58:34,025 INFO 
cool down triggered with 1780, Task 1, sleeping for 3 seconds...
2023-06-18 15:58:34,115 INFO 
cool down triggered with 1740, Task 3, sleeping for 3 seconds...
2023-06-18 15:58:34,174 INFO 
cool down triggered with 1760, Task 4, sleeping for 3 seconds...
2023-06-18 15:58:36,125 INFO 1000 trades, 1007762341-1007763340, 1720, Task 2
2023-06-18 15:58:37,026 INFO 1000 trades, 1007842986-1007843985, 1780, Task 1
2023-06-18 15:58:37,117 INFO 1000 trades, 1007676887-1007677886, 1740, Task 3
2023-06-18 15:58:37,175 INFO 1000 trades, 1007584433-1007585432, 1760, Task 4
2023-06-18 15:58:37,540 INFO 
cool down triggered with 1800, Task 2, sleeping for 3 seconds...
2023-06-18 15:58:38,291 INFO 
cool down triggered with 1820, Task 1, sleeping for 3 seconds...
2023-06-18 15:58:38,483 INFO 
cool down triggered with 1840, Task 3, sleeping for 3 seconds...
2023-06-18 15:58:38,555 INFO 
cool down triggered with 1860, Task 4, sleeping for 3 seconds...
2023-06-18 15:58:40,541 INFO 1000 trades, 1007761341-1007762340, 1800, Task 2
2023-06-18 15:58:41,293 INFO 1000 trades, 1007841986-1007842985, 1820, Task 1
2023-06-18 15:58:41,485 INFO 1000 trades, 1007675887-1007676886, 1840, Task 3
2023-06-18 15:58:41,557 INFO 1000 trades, 1007583433-1007584432, 1860, Task 4
2023-06-18 15:58:41,846 INFO 
cool down triggered with 1880, Task 2, sleeping for 3 seconds...
2023-06-18 15:58:42,580 INFO 
cool down triggered with 1900, Task 1, sleeping for 3 seconds...
2023-06-18 15:58:42,932 INFO 
cool down triggered with 1920, Task 3, sleeping for 3 seconds...
2023-06-18 15:58:42,967 INFO 
cool down triggered with 1940, Task 4, sleeping for 3 seconds...
2023-06-18 15:58:44,847 INFO 1000 trades, 1007760341-1007761340, 1880, Task 2
2023-06-18 15:58:45,581 INFO 1000 trades, 1007840986-1007841985, 1900, Task 1
2023-06-18 15:58:45,933 INFO 1000 trades, 1007674887-1007675886, 1920, Task 3
2023-06-18 15:58:45,968 INFO 1000 trades, 1007582433-1007583432, 1940, Task 4
2023-06-18 15:58:46,193 INFO 
cool down triggered with 1960, Task 2, sleeping for 3 seconds...
2023-06-18 15:58:46,735 INFO 
cool down triggered with 1980, Task 1, sleeping for 3 seconds...
2023-06-18 15:58:47,331 INFO 
cool down triggered with 2000, Task 3, sleeping for 3 seconds...
2023-06-18 15:58:47,376 INFO 
cool down triggered with 2020, Task 4, sleeping for 3 seconds...
2023-06-18 15:58:49,194 INFO 1000 trades, 1007759341-1007760340, 1960, Task 2
2023-06-18 15:58:49,737 INFO 1000 trades, 1007839986-1007840985, 1980, Task 1
2023-06-18 15:58:50,333 INFO 1000 trades, 1007673887-1007674886, 2000, Task 3
2023-06-18 15:58:50,378 INFO 1000 trades, 1007581433-1007582432, 2020, Task 4
2023-06-18 15:58:50,491 INFO 
cool down triggered with 2040, Task 2, sleeping for 3 seconds...
2023-06-18 15:58:50,975 INFO 
cool down triggered with 2060, Task 1, sleeping for 3 seconds...
2023-06-18 15:58:51,652 INFO 
cool down triggered with 2080, Task 3, sleeping for 3 seconds...
2023-06-18 15:58:51,825 INFO 
cool down triggered with 2100, Task 4, sleeping for 3 seconds...
2023-06-18 15:58:53,493 INFO 1000 trades, 1007758341-1007759340, 2040, Task 2
2023-06-18 15:58:53,977 INFO 1000 trades, 1007838986-1007839985, 2060, Task 1
2023-06-18 15:58:54,654 INFO 1000 trades, 1007672887-1007673886, 2080, Task 3
2023-06-18 15:58:54,827 INFO 1000 trades, 1007580433-1007581432, 2100, Task 4
2023-06-18 15:58:54,923 WARNING 
cool down triggered with 2120, Task 2, sleeping for 8 seconds...
2023-06-18 15:58:55,905 WARNING 
cool down triggered with 2140, Task 1, sleeping for 8 seconds...
2023-06-18 15:58:56,064 WARNING 
cool down triggered with 2160, Task 3, sleeping for 8 seconds...
2023-06-18 15:58:56,178 WARNING 
cool down triggered with 2180, Task 4, sleeping for 8 seconds...
2023-06-18 15:59:02,924 INFO 1000 trades, 1007757341-1007758340, 2120, Task 2
2023-06-18 15:59:03,907 INFO 1000 trades, 1007837986-1007838985, 2140, Task 1
2023-06-18 15:59:04,065 INFO 1000 trades, 1007671887-1007672886, 2160, Task 3
2023-06-18 15:59:04,179 INFO 1000 trades, 1007579433-1007580432, 2180, Task 4
2023-06-18 15:59:04,252 INFO 1000 trades, 1007756341-1007757340, 20, Task 2
2023-06-18 15:59:05,110 INFO 1000 trades, 1007836986-1007837985, 40, Task 1
2023-06-18 15:59:05,522 INFO 1000 trades, 1007670887-1007671886, 60, Task 3
2023-06-18 15:59:05,530 INFO 1000 trades, 1007578433-1007579432, 80, Task 4
2023-06-18 15:59:05,591 INFO 1000 trades, 1007755341-1007756340, 100, Task 2
2023-06-18 15:59:06,315 INFO 1000 trades, 1007835986-1007836985, 120, Task 1
2023-06-18 15:59:06,846 INFO 1000 trades, 1007669887-1007670886, 140, Task 3
2023-06-18 15:59:06,934 INFO 1000 trades, 1007577433-1007578432, 160, Task 4
2023-06-18 15:59:06,988 INFO 1000 trades, 1007754341-1007755340, 180, Task 2
2023-06-18 15:59:08,270 INFO 1000 trades, 1007668887-1007669886, 200, Task 3
2023-06-18 15:59:08,329 INFO 1000 trades, 1007576433-1007577432, 220, Task 4
2023-06-18 15:59:08,363 INFO 1000 trades, 1007753341-1007754340, 240, Task 2
2023-06-18 15:59:08,595 INFO 1000 trades, 1007834986-1007835985, 260, Task 1
2023-06-18 15:59:09,704 INFO 1000 trades, 1007752341-1007753340, 300, Task 2
2023-06-18 15:59:09,715 INFO 1000 trades, 1007575433-1007576432, 280, Task 4
2023-06-18 15:59:09,927 INFO 1000 trades, 1007833986-1007834985, 320, Task 1
2023-06-18 15:59:10,693 INFO 1000 trades, 1007667887-1007668886, 340, Task 3
2023-06-18 15:59:10,951 INFO 1000 trades, 1007751341-1007752340, 360, Task 2
2023-06-18 15:59:11,140 INFO 1000 trades, 1007574433-1007575432, 380, Task 4
2023-06-18 15:59:11,173 INFO 1000 trades, 1007832986-1007833985, 400, Task 1
2023-06-18 15:59:12,054 INFO 1000 trades, 1007666887-1007667886, 420, Task 3
2023-06-18 15:59:12,271 INFO 1000 trades, 1007750341-1007751340, 440, Task 2
2023-06-18 15:59:12,382 INFO 1000 trades, 1007831986-1007832985, 480, Task 1
2023-06-18 15:59:12,514 INFO 1000 trades, 1007573433-1007574432, 460, Task 4
2023-06-18 15:59:13,439 INFO 1000 trades, 1007665887-1007666886, 500, Task 3
2023-06-18 15:59:13,596 INFO 1000 trades, 1007830986-1007831985, 540, Task 1
2023-06-18 15:59:13,690 INFO 1000 trades, 1007749341-1007750340, 520, Task 2
2023-06-18 15:59:13,933 INFO 1000 trades, 1007572433-1007573432, 560, Task 4
2023-06-18 15:59:14,848 INFO 1000 trades, 1007664887-1007665886, 580, Task 3
2023-06-18 15:59:14,852 INFO 1000 trades, 1007829986-1007830985, 600, Task 1
2023-06-18 15:59:15,075 INFO 1000 trades, 1007748341-1007749340, 620, Task 2
2023-06-18 15:59:15,327 INFO 1000 trades, 1007571433-1007572432, 640, Task 4
2023-06-18 15:59:16,047 INFO 1000 trades, 1007828986-1007829985, 660, Task 1
2023-06-18 15:59:16,293 INFO 1000 trades, 1007663887-1007664886, 680, Task 3
2023-06-18 15:59:16,366 INFO 1000 trades, 1007747341-1007748340, 700, Task 2
2023-06-18 15:59:16,636 INFO 1000 trades, 1007570433-1007571432, 720, Task 4
2023-06-18 15:59:17,294 INFO 1000 trades, 1007827986-1007828985, 740, Task 1
2023-06-18 15:59:17,733 INFO 1000 trades, 1007662887-1007663886, 760, Task 3
2023-06-18 15:59:17,784 INFO 1000 trades, 1007746341-1007747340, 780, Task 2
2023-06-18 15:59:18,062 INFO 1000 trades, 1007569433-1007570432, 800, Task 4
2023-06-18 15:59:18,527 INFO 1000 trades, 1007826986-1007827985, 820, Task 1
2023-06-18 15:59:19,117 INFO 1000 trades, 1007745341-1007746340, 860, Task 2
2023-06-18 15:59:19,171 INFO 1000 trades, 1007661887-1007662886, 840, Task 3
2023-06-18 15:59:19,546 INFO 1000 trades, 1007568433-1007569432, 880, Task 4
2023-06-18 15:59:19,824 INFO 1000 trades, 1007825986-1007826985, 900, Task 1
2023-06-18 15:59:20,519 INFO 1000 trades, 1007744341-1007745340, 920, Task 2
2023-06-18 15:59:20,533 INFO 1000 trades, 1007660887-1007661886, 940, Task 3
2023-06-18 15:59:20,950 INFO 1000 trades, 1007567433-1007568432, 960, Task 4
2023-06-18 15:59:21,028 INFO 1000 trades, 1007824986-1007825985, 980, Task 1
2023-06-18 15:59:21,895 INFO 1000 trades, 1007743341-1007744340, 1000, Task 2
2023-06-18 15:59:21,920 INFO 1000 trades, 1007659887-1007660886, 1020, Task 3
2023-06-18 15:59:22,236 INFO 1000 trades, 1007823986-1007824985, 1060, Task 1
2023-06-18 15:59:22,314 INFO 1000 trades, 1007566433-1007567432, 1040, Task 4
2023-06-18 15:59:23,280 INFO 1000 trades, 1007742341-1007743340, 1080, Task 2
2023-06-18 15:59:23,310 INFO 1000 trades, 1007658887-1007659886, 1100, Task 3
2023-06-18 15:59:23,434 INFO 1000 trades, 1007822986-1007823985, 1120, Task 1
2023-06-18 15:59:23,657 INFO 1000 trades, 1007565433-1007566432, 1140, Task 4
2023-06-18 15:59:24,667 INFO 1000 trades, 1007741341-1007742340, 1160, Task 2
2023-06-18 15:59:24,687 INFO 1000 trades, 1007821986-1007822985, 1200, Task 1
2023-06-18 15:59:24,708 INFO 1000 trades, 1007657887-1007658886, 1180, Task 3
2023-06-18 15:59:25,087 INFO 1000 trades, 1007564433-1007565432, 1220, Task 4
2023-06-18 15:59:25,913 INFO 1000 trades, 1007820986-1007821985, 1240, Task 1
2023-06-18 15:59:26,100 INFO 1000 trades, 1007656887-1007657886, 1280, Task 3
2023-06-18 15:59:26,111 INFO 1000 trades, 1007740341-1007741340, 1260, Task 2
2023-06-18 15:59:26,455 INFO 1000 trades, 1007563433-1007564432, 1300, Task 4
2023-06-18 15:59:27,114 INFO 1000 trades, 1007819986-1007820985, 1320, Task 1
2023-06-18 15:59:27,480 INFO 1000 trades, 1007739341-1007740340, 1340, Task 2
2023-06-18 15:59:27,524 INFO 1000 trades, 1007655887-1007656886, 1360, Task 3
2023-06-18 15:59:27,869 INFO 1000 trades, 1007562433-1007563432, 1380, Task 4
2023-06-18 15:59:28,333 INFO 1000 trades, 1007818986-1007819985, 1400, Task 1
2023-06-18 15:59:28,854 INFO 1000 trades, 1007654887-1007655886, 1440, Task 3
2023-06-18 15:59:28,858 INFO 1000 trades, 1007738341-1007739340, 1420, Task 2
2023-06-18 15:59:29,249 INFO 1000 trades, 1007561433-1007562432, 1460, Task 4
2023-06-18 15:59:29,598 INFO 1000 trades, 1007817986-1007818985, 1480, Task 1
2023-06-18 15:59:30,247 INFO 1000 trades, 1007653887-1007654886, 1500, Task 3
2023-06-18 15:59:30,277 INFO 1000 trades, 1007737341-1007738340, 1520, Task 2
2023-06-18 15:59:30,552 INFO 1000 trades, 1007560433-1007561432, 1540, Task 4
2023-06-18 15:59:30,768 INFO 645 trades, 1007816986-1007817630, 1560, Task 1
2023-06-18 15:59:31,642 INFO 1000 trades, 1007652887-1007653886, 1600, Task 3
2023-06-18 15:59:31,646 INFO 1000 trades, 1007736341-1007737340, 1580, Task 2
2023-06-18 15:59:31,939 INFO 1000 trades, 1007559433-1007560432, 1620, Task 4
2023-06-18 15:59:32,971 INFO 1000 trades, 1007651887-1007652886, 1640, Task 3
2023-06-18 15:59:32,975 INFO 1000 trades, 1007735341-1007736340, 1660, Task 2
2023-06-18 15:59:33,338 INFO 1000 trades, 1007558433-1007559432, 1680, Task 4
2023-06-18 15:59:34,355 INFO 1000 trades, 1007734341-1007735340, 1700, Task 2
2023-06-18 15:59:34,420 INFO 
cool down triggered with 1720, Task 3, sleeping for 3 seconds...
2023-06-18 15:59:34,700 INFO 
cool down triggered with 1740, Task 4, sleeping for 3 seconds...
2023-06-18 15:59:35,749 INFO 
cool down triggered with 1760, Task 2, sleeping for 3 seconds...
2023-06-18 15:59:37,421 INFO 1000 trades, 1007650887-1007651886, 1720, Task 3
2023-06-18 15:59:37,701 INFO 1000 trades, 1007557433-1007558432, 1740, Task 4
2023-06-18 15:59:38,749 INFO 1000 trades, 1007733341-1007734340, 1760, Task 2
2023-06-18 15:59:38,769 INFO 
cool down triggered with 1780, Task 3, sleeping for 3 seconds...
2023-06-18 15:59:39,058 INFO 
cool down triggered with 1800, Task 4, sleeping for 3 seconds...
2023-06-18 15:59:40,148 INFO 
cool down triggered with 1820, Task 2, sleeping for 3 seconds...
2023-06-18 15:59:41,770 INFO 1000 trades, 1007649887-1007650886, 1780, Task 3
2023-06-18 15:59:42,060 INFO 1000 trades, 1007556433-1007557432, 1800, Task 4
2023-06-18 15:59:43,150 INFO 1000 trades, 1007732341-1007733340, 1820, Task 2
2023-06-18 15:59:43,228 INFO 
cool down triggered with 1840, Task 3, sleeping for 3 seconds...
2023-06-18 15:59:43,409 INFO 
cool down triggered with 1860, Task 4, sleeping for 3 seconds...
2023-06-18 15:59:44,565 INFO 
cool down triggered with 1880, Task 2, sleeping for 3 seconds...
2023-06-18 15:59:46,230 INFO 1000 trades, 1007648887-1007649886, 1840, Task 3
2023-06-18 15:59:46,410 INFO 1000 trades, 1007555433-1007556432, 1860, Task 4
2023-06-18 15:59:47,566 INFO 1000 trades, 1007731341-1007732340, 1880, Task 2
2023-06-18 15:59:47,584 INFO 
cool down triggered with 1900, Task 3, sleeping for 3 seconds...
2023-06-18 15:59:47,644 INFO 
cool down triggered with 1920, Task 4, sleeping for 3 seconds...
2023-06-18 15:59:48,960 INFO 
cool down triggered with 1940, Task 2, sleeping for 3 seconds...
2023-06-18 15:59:50,585 INFO 1000 trades, 1007647887-1007648886, 1900, Task 3
2023-06-18 15:59:50,645 INFO 454 trades, 1007554433-1007554886, 1920, Task 4
2023-06-18 15:59:51,961 INFO 1000 trades, 1007730341-1007731340, 1940, Task 2
2023-06-18 15:59:52,065 INFO 
cool down triggered with 1960, Task 3, sleeping for 3 seconds...
2023-06-18 15:59:53,235 INFO 
cool down triggered with 1980, Task 2, sleeping for 3 seconds...
2023-06-18 15:59:55,067 INFO 1000 trades, 1007646887-1007647886, 1960, Task 3
2023-06-18 15:59:56,236 INFO 454 trades, 1007729341-1007729794, 1980, Task 2
2023-06-18 15:59:56,442 INFO 
cool down triggered with 2000, Task 3, sleeping for 3 seconds...
2023-06-18 15:59:59,444 INFO 1000 trades, 1007645887-1007646886, 2000, Task 3
2023-06-18 16:00:00,863 INFO 1000 trades, 1007644887-1007645886, 20, Task 3
2023-06-18 16:00:02,253 INFO 1000 trades, 1007643887-1007644886, 40, Task 3
2023-06-18 16:00:03,629 INFO 1000 trades, 1007642887-1007643886, 60, Task 3
2023-06-18 16:00:04,889 INFO 454 trades, 1007641887-1007642340, 80, Task 3
