2023-07-04 18:07:39,805 INFO 1 trades, 122199272-122199272, 405, Task-1798
2023-07-04 18:07:41,001 INFO 1 trades, 61099636-61099636, 425, Task-1798
2023-07-04 18:07:42,159 INFO 1 trades, 91649454-91649454, 445, Task-1798
2023-07-04 18:07:43,371 INFO 1 trades, 106924363-106924363, 465, Task-1798
2023-07-04 18:07:44,586 INFO 1 trades, 114561818-114561818, 485, Task-1798
2023-07-04 18:07:45,746 INFO 1 trades, 118380545-118380545, 505, Task-1798
2023-07-04 18:07:46,935 INFO 1 trades, 120289909-120289909, 525, Task-1798
2023-07-04 18:07:48,080 INFO 1 trades, 121244591-121244591, 545, Task-1798
2023-07-04 18:07:49,261 INFO 1 trades, 121721932-121721932, 565, Task-1798
2023-07-04 18:07:50,466 INFO 1 trades, 121960602-121960602, 585, Task-1798
2023-07-04 18:07:51,581 INFO 1 trades, 121841267-121841267, 605, Task-1798
2023-07-04 18:07:52,757 INFO 1 trades, 121781599-121781599, 625, Task-1798
2023-07-04 18:07:53,901 INFO 1 trades, 121811433-121811433, 645, Task-1798
2023-07-04 18:07:55,046 INFO 1 trades, 121826350-121826350, 665, Task-1798
2023-07-04 18:07:56,193 INFO 1 trades, 121833808-121833808, 685, Task-1798
2023-07-04 18:07:57,435 INFO 1 trades, 121837537-121837537, 705, Task-1798
2023-07-04 18:07:58,639 INFO 1 trades, 121839402-121839402, 725, Task-1798
2023-07-04 18:07:59,846 INFO 1 trades, 121840334-121840334, 745, Task-1798
2023-07-04 18:08:00,988 INFO 1 trades, 121839868-121839868, 20, Task-1798
2023-07-04 18:08:02,139 INFO 1 trades, 121839635-121839635, 40, Task-1798
2023-07-04 18:08:03,360 INFO 1 trades, 121839751-121839751, 60, Task-1798
2023-07-04 18:08:04,574 INFO 1 trades, 121839809-121839809, 80, Task-1798
2023-07-04 18:08:05,754 INFO 1 trades, 121839838-121839838, 100, Task-1798
2023-07-04 18:08:06,942 INFO 1 trades, 121839853-121839853, 120, Task-1798
2023-07-04 18:08:08,100 INFO 1 trades, 121839860-121839860, 140, Task-1798
2023-07-04 18:08:09,276 INFO 1 trades, 121839856-121839856, 160, Task-1798
2023-07-04 18:08:10,409 INFO 1 trades, 121839858-121839858, 180, Task-1798
2023-07-04 18:08:11,617 INFO 1 trades, 121839859-121839859, 200, Task-1798
2023-07-04 18:08:13,149 INFO 136 trades, 122199272-122199407, 220, Task 1
2023-07-04 18:08:13,220 INFO 900 trades, 122109419-122110318, 240, Task 2
2023-07-04 18:08:13,230 INFO 900 trades, 121929713-121930612, 260, Task 4
2023-07-04 18:08:13,263 INFO 900 trades, 122019566-122020465, 280, Task 3
2023-07-04 18:08:14,355 INFO 274 trades, 122199136-122199409, 300, Task 1
2023-07-04 18:08:14,382 INFO 900 trades, 121928813-121929712, 320, Task 4
2023-07-04 18:08:14,394 INFO 900 trades, 122018666-122019565, 340, Task 3
2023-07-04 18:08:14,458 INFO 900 trades, 122108519-122109418, 360, Task 2
2023-07-04 18:08:15,518 INFO 549 trades, 122198862-122199410, 380, Task 1
2023-07-04 18:08:15,548 INFO 900 trades, 121927913-121928812, 400, Task 4
2023-07-04 18:08:15,592 INFO 900 trades, 122017766-122018665, 420, Task 3
2023-07-04 18:08:15,596 INFO 900 trades, 122107619-122108518, 440, Task 2
2023-07-04 18:08:16,697 INFO 900 trades, 121927013-121927912, 460, Task 4
2023-07-04 18:08:16,702 INFO 900 trades, 122198313-122199212, 480, Task 1
2023-07-04 18:08:16,787 INFO 900 trades, 122016866-122017765, 500, Task 3
2023-07-04 18:08:16,795 INFO 900 trades, 122106719-122107618, 520, Task 2
2023-07-04 18:08:17,837 INFO 900 trades, 122197413-122198312, 560, Task 1
2023-07-04 18:08:17,844 INFO 900 trades, 121926113-121927012, 540, Task 4
2023-07-04 18:08:17,942 INFO 900 trades, 122015966-122016865, 580, Task 3
2023-07-04 18:08:17,994 INFO 900 trades, 122105819-122106718, 600, Task 2
2023-07-04 18:08:19,052 INFO 900 trades, 122196513-122197412, 620, Task 1
2023-07-04 18:08:19,068 INFO 900 trades, 121925213-121926112, 640, Task 4
2023-07-04 18:08:19,142 INFO 900 trades, 122015066-122015965, 660, Task 3
2023-07-04 18:08:19,197 INFO 900 trades, 122104919-122105818, 680, Task 2
2023-07-04 18:08:20,214 INFO 900 trades, 121924313-121925212, 700, Task 4
2023-07-04 18:08:20,281 INFO 900 trades, 122195613-122196512, 720, Task 1
2023-07-04 18:08:20,299 INFO 900 trades, 122014166-122015065, 740, Task 3
2023-07-04 18:08:20,366 INFO 900 trades, 122104019-122104918, 760, Task 2
2023-07-04 18:08:21,435 INFO 900 trades, 121923413-121924312, 780, Task 4
2023-07-04 18:08:21,440 INFO 900 trades, 122013266-122014165, 800, Task 3
2023-07-04 18:08:21,524 INFO 900 trades, 122103119-122104018, 820, Task 2
2023-07-04 18:08:22,434 INFO 900 trades, 122194713-122195612, 840, Task 1
2023-07-04 18:08:22,648 INFO 900 trades, 122102219-122103118, 860, Task 2
2023-07-04 18:08:22,660 INFO 900 trades, 122012366-122013265, 880, Task 3
2023-07-04 18:08:22,664 INFO 900 trades, 121922513-121923412, 900, Task 4
2023-07-04 18:08:23,609 INFO 900 trades, 122193813-122194712, 920, Task 1
2023-07-04 18:08:23,796 INFO 900 trades, 122101319-122102218, 940, Task 2
2023-07-04 18:08:23,814 INFO 900 trades, 121921613-121922512, 960, Task 4
2023-07-04 18:08:23,880 INFO 900 trades, 122011466-122012365, 980, Task 3
2023-07-04 18:08:24,758 INFO 900 trades, 122192913-122193812, 1000, Task 1
2023-07-04 18:08:24,942 INFO 1000 trades, 122100419-122101418, 1020, Task 2
2023-07-04 18:08:25,020 INFO 1000 trades, 121920713-121921712, 1040, Task 4
2023-07-04 18:08:25,047 INFO 1000 trades, 122010566-122011565, 1060, Task 3
2023-07-04 18:08:25,919 INFO 1000 trades, 122192013-122193012, 1080, Task 1
2023-07-04 18:08:26,145 INFO 1000 trades, 122099419-122100418, 1100, Task 2
2023-07-04 18:08:26,172 INFO 1000 trades, 121919713-121920712, 1120, Task 4
2023-07-04 18:08:26,206 INFO 1000 trades, 122009566-122010565, 1140, Task 3
2023-07-04 18:08:27,052 INFO 1000 trades, 122191013-122192012, 1160, Task 1
2023-07-04 18:08:27,306 INFO 1000 trades, 122098419-122099418, 1180, Task 2
2023-07-04 18:08:27,390 INFO 1000 trades, 121918713-121919712, 1200, Task 4
2023-07-04 18:08:27,414 INFO 1000 trades, 122008566-122009565, 1220, Task 3
2023-07-04 18:08:28,246 INFO 1000 trades, 122190013-122191012, 1240, Task 1
2023-07-04 18:08:28,496 INFO 1000 trades, 122097419-122098418, 1260, Task 2
2023-07-04 18:08:28,597 INFO 1000 trades, 121917713-121918712, 1280, Task 4
2023-07-04 18:08:29,617 INFO 1000 trades, 122007566-122008565, 1300, Task 3
2023-07-04 18:08:29,641 INFO 1000 trades, 122096419-122097418, 1320, Task 2
2023-07-04 18:08:29,743 INFO 1000 trades, 121916713-121917712, 1340, Task 4
2023-07-04 18:08:30,428 INFO 1000 trades, 122189013-122190012, 1360, Task 1
2023-07-04 18:08:30,792 INFO 1000 trades, 122006566-122007565, 1380, Task 3
2023-07-04 18:08:30,856 INFO 1000 trades, 122095419-122096418, 1400, Task 2
2023-07-04 18:08:30,948 INFO 1000 trades, 121915713-121916712, 1420, Task 4
2023-07-04 18:08:31,563 INFO 1000 trades, 122188013-122189012, 1440, Task 1
2023-07-04 18:08:31,976 INFO 1000 trades, 122005566-122006565, 1460, Task 3
2023-07-04 18:08:32,068 INFO 1000 trades, 122094419-122095418, 1480, Task 2
2023-07-04 18:08:32,099 INFO 1000 trades, 121914713-121915712, 1500, Task 4
2023-07-04 18:08:32,712 INFO 1000 trades, 122187013-122188012, 1520, Task 1
2023-07-04 18:08:33,185 INFO 1000 trades, 122004566-122005565, 1540, Task 3
2023-07-04 18:08:33,306 INFO 1000 trades, 121913713-121914712, 1580, Task 4
2023-07-04 18:08:33,552 INFO 1000 trades, 122093419-122094418, 1560, Task 2
2023-07-04 18:08:33,918 INFO 1000 trades, 122186013-122187012, 1600, Task 1
2023-07-04 18:08:34,415 INFO 1000 trades, 122003566-122004565, 1620, Task 3
2023-07-04 18:08:34,483 INFO 1000 trades, 121912713-121913712, 1640, Task 4
2023-07-04 18:08:34,725 INFO 1000 trades, 122092419-122093418, 1660, Task 2
2023-07-04 18:08:35,090 INFO 1000 trades, 122185013-122186012, 1680, Task 1
2023-07-04 18:08:35,622 INFO 1000 trades, 121911713-121912712, 1700, Task 4
2023-07-04 18:08:35,655 INFO 1000 trades, 122002566-122003565, 1720, Task 3
2023-07-04 18:08:35,655 INFO 
cool down triggered with 1720, Task 3, sleeping for 3 seconds...
2023-07-04 18:08:35,888 INFO 1000 trades, 122091419-122092418, 1740, Task 2
2023-07-04 18:08:35,888 INFO 
cool down triggered with 1740, Task 2, sleeping for 3 seconds...
2023-07-04 18:08:36,297 INFO 1000 trades, 122184013-122185012, 1760, Task 1
2023-07-04 18:08:36,298 INFO 
cool down triggered with 1760, Task 1, sleeping for 3 seconds...
2023-07-04 18:08:36,823 INFO 1000 trades, 121910713-121911712, 1780, Task 4
2023-07-04 18:08:36,823 INFO 
cool down triggered with 1780, Task 4, sleeping for 3 seconds...
2023-07-04 18:08:39,876 INFO 1000 trades, 122001566-122002565, 1800, Task 3
2023-07-04 18:08:39,876 INFO 
cool down triggered with 1800, Task 3, sleeping for 3 seconds...
2023-07-04 18:08:40,091 INFO 1000 trades, 122090419-122091418, 1820, Task 2
2023-07-04 18:08:40,091 INFO 
cool down triggered with 1820, Task 2, sleeping for 3 seconds...
2023-07-04 18:08:40,503 INFO 1000 trades, 122183013-122184012, 1840, Task 1
2023-07-04 18:08:40,503 INFO 
cool down triggered with 1840, Task 1, sleeping for 3 seconds...
2023-07-04 18:08:41,063 INFO 1000 trades, 121909713-121910712, 1860, Task 4
2023-07-04 18:08:41,064 INFO 
cool down triggered with 1860, Task 4, sleeping for 3 seconds...
2023-07-04 18:08:44,024 INFO 1000 trades, 122000566-122001565, 1880, Task 3
2023-07-04 18:08:44,024 INFO 
cool down triggered with 1880, Task 3, sleeping for 3 seconds...
2023-07-04 18:08:44,312 INFO 1000 trades, 122089419-122090418, 1900, Task 2
2023-07-04 18:08:44,312 INFO 
cool down triggered with 1900, Task 2, sleeping for 3 seconds...
2023-07-04 18:08:44,693 INFO 1000 trades, 122182013-122183012, 1920, Task 1
2023-07-04 18:08:44,694 INFO 
cool down triggered with 1920, Task 1, sleeping for 3 seconds...
2023-07-04 18:08:45,273 INFO 1000 trades, 121908713-121909712, 1940, Task 4
2023-07-04 18:08:45,273 INFO 
cool down triggered with 1940, Task 4, sleeping for 3 seconds...
2023-07-04 18:08:48,260 INFO 1000 trades, 121999566-122000565, 1960, Task 3
2023-07-04 18:08:48,260 INFO 
cool down triggered with 1960, Task 3, sleeping for 3 seconds...
2023-07-04 18:08:48,509 INFO 1000 trades, 122088419-122089418, 1980, Task 2
2023-07-04 18:08:48,509 INFO 
cool down triggered with 1980, Task 2, sleeping for 3 seconds...
2023-07-04 18:08:49,250 INFO 1000 trades, 122181013-122182012, 2000, Task 1
2023-07-04 18:08:49,251 INFO 
cool down triggered with 2000, Task 1, sleeping for 3 seconds...
2023-07-04 18:08:49,488 INFO 1000 trades, 121907713-121908712, 2020, Task 4
2023-07-04 18:08:49,488 INFO 
cool down triggered with 2020, Task 4, sleeping for 3 seconds...
2023-07-04 18:08:52,463 INFO 1000 trades, 121998566-121999565, 2040, Task 3
2023-07-04 18:08:52,463 INFO 
cool down triggered with 2040, Task 3, sleeping for 3 seconds...
2023-07-04 18:08:52,748 INFO 1000 trades, 122087419-122088418, 2060, Task 2
2023-07-04 18:08:52,748 INFO 
cool down triggered with 2060, Task 2, sleeping for 3 seconds...
2023-07-04 18:08:53,422 INFO 1000 trades, 122180013-122181012, 2080, Task 1
2023-07-04 18:08:53,422 INFO 
cool down triggered with 2080, Task 1, sleeping for 3 seconds...
2023-07-04 18:08:53,666 INFO 1000 trades, 121906713-121907712, 2100, Task 4
2023-07-04 18:08:53,666 INFO 
cool down triggered with 2100, Task 4, sleeping for 3 seconds...
2023-07-04 18:08:56,680 INFO 1000 trades, 121997566-121998565, 2120, Task 3
2023-07-04 18:08:56,681 WARNING 
cool down triggered with 2120, Task 3, sleeping for 8 seconds...
2023-07-04 18:08:56,974 INFO 1000 trades, 122086419-122087418, 2140, Task 2
2023-07-04 18:08:56,974 WARNING 
cool down triggered with 2140, Task 2, sleeping for 8 seconds...
2023-07-04 18:08:57,590 INFO 1000 trades, 122179013-122180012, 2160, Task 1
2023-07-04 18:08:57,590 WARNING 
cool down triggered with 2160, Task 1, sleeping for 8 seconds...
2023-07-04 18:08:57,871 INFO 1000 trades, 121905713-121906712, 2180, Task 4
2023-07-04 18:08:57,871 WARNING 
cool down triggered with 2180, Task 4, sleeping for 8 seconds...
2023-07-04 18:09:05,914 INFO 1000 trades, 121996566-121997565, 20, Task 3
2023-07-04 18:09:06,162 INFO 1000 trades, 122085419-122086418, 40, Task 2
2023-07-04 18:09:06,796 INFO 1000 trades, 122178013-122179012, 60, Task 1
2023-07-04 18:09:07,085 INFO 1000 trades, 121904713-121905712, 80, Task 4
2023-07-04 18:09:07,141 INFO 1000 trades, 121995566-121996565, 100, Task 3
2023-07-04 18:09:07,371 INFO 1000 trades, 122084419-122085418, 120, Task 2
2023-07-04 18:09:08,015 INFO 1000 trades, 122177013-122178012, 140, Task 1
2023-07-04 18:09:08,279 INFO 1000 trades, 121994566-121995565, 160, Task 3
2023-07-04 18:09:08,287 INFO 1000 trades, 121903713-121904712, 180, Task 4
2023-07-04 18:09:08,623 INFO 1000 trades, 122083419-122084418, 200, Task 2
2023-07-04 18:09:09,245 INFO 1000 trades, 122176013-122177012, 220, Task 1
2023-07-04 18:09:09,422 INFO 1000 trades, 121902713-121903712, 260, Task 4
2023-07-04 18:09:09,428 INFO 1000 trades, 121993566-121994565, 240, Task 3
2023-07-04 18:09:09,847 INFO 1000 trades, 122082419-122083418, 280, Task 2
2023-07-04 18:09:10,420 INFO 1000 trades, 122175013-122176012, 300, Task 1
2023-07-04 18:09:10,649 INFO 1000 trades, 121992566-121993565, 320, Task 3
2023-07-04 18:09:10,657 INFO 1000 trades, 121901713-121902712, 340, Task 4
2023-07-04 18:09:11,099 INFO 1000 trades, 122081419-122082418, 360, Task 2
2023-07-04 18:09:11,576 INFO 1000 trades, 122174013-122175012, 380, Task 1
2023-07-04 18:09:11,800 INFO 1000 trades, 121991566-121992565, 400, Task 3
2023-07-04 18:09:11,813 INFO 1000 trades, 121900713-121901712, 420, Task 4
2023-07-04 18:09:12,256 INFO 1000 trades, 122080419-122081418, 440, Task 2
2023-07-04 18:09:12,796 INFO 1000 trades, 122173013-122174012, 460, Task 1
2023-07-04 18:09:13,003 INFO 1000 trades, 121990566-121991565, 480, Task 3
2023-07-04 18:09:13,034 INFO 1000 trades, 121899713-121900712, 500, Task 4
2023-07-04 18:09:13,479 INFO 1000 trades, 122079419-122080418, 520, Task 2
2023-07-04 18:09:13,991 INFO 1000 trades, 122172013-122173012, 540, Task 1
2023-07-04 18:09:14,230 INFO 1000 trades, 121989566-121990565, 560, Task 3
2023-07-04 18:09:14,256 INFO 1000 trades, 121898713-121899712, 580, Task 4
2023-07-04 18:09:14,697 INFO 1000 trades, 122078419-122079418, 600, Task 2
2023-07-04 18:09:15,208 INFO 1000 trades, 122171013-122172012, 620, Task 1
2023-07-04 18:09:15,394 INFO 1000 trades, 121988566-121989565, 640, Task 3
2023-07-04 18:09:15,430 INFO 1000 trades, 121897713-121898712, 660, Task 4
2023-07-04 18:09:15,912 INFO 1000 trades, 122077419-122078418, 680, Task 2
2023-07-04 18:09:16,415 INFO 1000 trades, 122170013-122171012, 700, Task 1
2023-07-04 18:09:16,588 INFO 1000 trades, 121896713-121897712, 720, Task 4
2023-07-04 18:09:16,614 INFO 1000 trades, 121987566-121988565, 740, Task 3
2023-07-04 18:09:17,130 INFO 1000 trades, 122076419-122077418, 760, Task 2
2023-07-04 18:09:17,644 INFO 1000 trades, 122169013-122170012, 780, Task 1
2023-07-04 18:09:17,796 INFO 1000 trades, 121895713-121896712, 800, Task 4
2023-07-04 18:09:17,811 INFO 1000 trades, 121986566-121987565, 820, Task 3
2023-07-04 18:09:18,316 INFO 1000 trades, 122075419-122076418, 840, Task 2
2023-07-04 18:09:18,875 INFO 1000 trades, 122168013-122169012, 860, Task 1
2023-07-04 18:09:18,986 INFO 1000 trades, 121894713-121895712, 880, Task 4
2023-07-04 18:09:19,027 INFO 1000 trades, 121985566-121986565, 900, Task 3
2023-07-04 18:09:19,464 INFO 1000 trades, 122074419-122075418, 920, Task 2
2023-07-04 18:09:20,069 INFO 1000 trades, 122167013-122168012, 940, Task 1
2023-07-04 18:09:20,134 INFO 1000 trades, 121893713-121894712, 960, Task 4
2023-07-04 18:09:20,189 INFO 1000 trades, 121984566-121985565, 980, Task 3
2023-07-04 18:09:20,612 INFO 1000 trades, 122073419-122074418, 1000, Task 2
2023-07-04 18:09:21,285 INFO 1000 trades, 122166013-122167012, 1020, Task 1
2023-07-04 18:09:21,347 INFO 1000 trades, 121892713-121893712, 1040, Task 4
2023-07-04 18:09:21,427 INFO 1000 trades, 121983566-121984565, 1060, Task 3
2023-07-04 18:09:21,763 INFO 1000 trades, 122072419-122073418, 1080, Task 2
2023-07-04 18:09:22,496 INFO 1000 trades, 122165013-122166012, 1100, Task 1
2023-07-04 18:09:22,541 INFO 1000 trades, 121891713-121892712, 1120, Task 4
2023-07-04 18:09:22,590 INFO 1000 trades, 121982566-121983565, 1140, Task 3
2023-07-04 18:09:22,941 INFO 1000 trades, 122071419-122072418, 1160, Task 2
2023-07-04 18:09:23,681 INFO 1000 trades, 122164013-122165012, 1180, Task 1
2023-07-04 18:09:23,753 INFO 1000 trades, 121890713-121891712, 1200, Task 4
2023-07-04 18:09:23,762 INFO 1000 trades, 121981566-121982565, 1220, Task 3
2023-07-04 18:09:24,099 INFO 1000 trades, 122070419-122071418, 1240, Task 2
2023-07-04 18:09:24,905 INFO 1000 trades, 122163013-122164012, 1260, Task 1
2023-07-04 18:09:24,912 INFO 1000 trades, 121889713-121890712, 1280, Task 4
2023-07-04 18:09:24,916 INFO 1000 trades, 121980566-121981565, 1300, Task 3
2023-07-04 18:09:25,331 INFO 1000 trades, 122069419-122070418, 1320, Task 2
2023-07-04 18:09:26,041 INFO 1000 trades, 122162013-122163012, 1340, Task 1
2023-07-04 18:09:26,060 INFO 1000 trades, 121979566-121980565, 1360, Task 3
2023-07-04 18:09:26,135 INFO 1000 trades, 121888713-121889712, 1380, Task 4
2023-07-04 18:09:26,478 INFO 1000 trades, 122068419-122069418, 1400, Task 2
2023-07-04 18:09:27,199 INFO 1000 trades, 122161013-122162012, 1420, Task 1
2023-07-04 18:09:27,270 INFO 1000 trades, 121887713-121888712, 1440, Task 4
2023-07-04 18:09:27,284 INFO 1000 trades, 121978566-121979565, 1460, Task 3
2023-07-04 18:09:27,636 INFO 1000 trades, 122067419-122068418, 1480, Task 2
2023-07-04 18:09:28,417 INFO 1000 trades, 122160013-122161012, 1500, Task 1
2023-07-04 18:09:28,473 INFO 1000 trades, 121886713-121887712, 1520, Task 4
2023-07-04 18:09:28,498 INFO 1000 trades, 121977566-121978565, 1540, Task 3
2023-07-04 18:09:28,770 INFO 1000 trades, 122066419-122067418, 1560, Task 2
2023-07-04 18:09:29,562 INFO 1000 trades, 122159013-122160012, 1580, Task 1
2023-07-04 18:09:29,689 INFO 1000 trades, 121885713-121886712, 1600, Task 4
2023-07-04 18:09:29,715 INFO 1000 trades, 121976566-121977565, 1620, Task 3
2023-07-04 18:09:29,916 INFO 1000 trades, 122065419-122066418, 1640, Task 2
2023-07-04 18:09:30,788 INFO 1000 trades, 122158013-122159012, 1660, Task 1
2023-07-04 18:09:30,892 INFO 1000 trades, 121884713-121885712, 1680, Task 4
2023-07-04 18:09:30,912 INFO 1000 trades, 121975566-121976565, 1700, Task 3
2023-07-04 18:09:31,116 INFO 1000 trades, 122064419-122065418, 1720, Task 2
2023-07-04 18:09:31,116 INFO 
cool down triggered with 1720, Task 2, sleeping for 3 seconds...
2023-07-04 18:09:32,015 INFO 1000 trades, 122157013-122158012, 1740, Task 1
2023-07-04 18:09:32,015 INFO 
cool down triggered with 1740, Task 1, sleeping for 3 seconds...
2023-07-04 18:09:32,106 INFO 1000 trades, 121883713-121884712, 1760, Task 4
2023-07-04 18:09:32,106 INFO 
cool down triggered with 1760, Task 4, sleeping for 3 seconds...
2023-07-04 18:09:32,163 INFO 1000 trades, 121974566-121975565, 1780, Task 3
2023-07-04 18:09:32,163 INFO 
cool down triggered with 1780, Task 3, sleeping for 3 seconds...
2023-07-04 18:09:35,334 INFO 1000 trades, 122063419-122064418, 1800, Task 2
2023-07-04 18:09:35,334 INFO 
cool down triggered with 1800, Task 2, sleeping for 3 seconds...
2023-07-04 18:09:36,148 INFO 1000 trades, 122156013-122157012, 1820, Task 1
2023-07-04 18:09:36,148 INFO 
cool down triggered with 1820, Task 1, sleeping for 3 seconds...
2023-07-04 18:09:36,255 INFO 1000 trades, 121882713-121883712, 1840, Task 4
2023-07-04 18:09:36,255 INFO 
cool down triggered with 1840, Task 4, sleeping for 3 seconds...
2023-07-04 18:09:36,371 INFO 1000 trades, 121973566-121974565, 1860, Task 3
2023-07-04 18:09:36,371 INFO 
cool down triggered with 1860, Task 3, sleeping for 3 seconds...
2023-07-04 18:09:39,538 INFO 1000 trades, 122062419-122063418, 1880, Task 2
2023-07-04 18:09:39,538 INFO 
cool down triggered with 1880, Task 2, sleeping for 3 seconds...
2023-07-04 18:09:40,346 INFO 1000 trades, 122155013-122156012, 1900, Task 1
2023-07-04 18:09:40,347 INFO 
cool down triggered with 1900, Task 1, sleeping for 3 seconds...
2023-07-04 18:09:40,430 INFO 1000 trades, 121881713-121882712, 1920, Task 4
2023-07-04 18:09:40,430 INFO 
cool down triggered with 1920, Task 4, sleeping for 3 seconds...
2023-07-04 18:09:40,575 INFO 1000 trades, 121972566-121973565, 1940, Task 3
2023-07-04 18:09:40,575 INFO 
cool down triggered with 1940, Task 3, sleeping for 3 seconds...
2023-07-04 18:09:44,061 INFO 1000 trades, 122061419-122062418, 1960, Task 2
2023-07-04 18:09:44,061 INFO 
cool down triggered with 1960, Task 2, sleeping for 3 seconds...
2023-07-04 18:09:44,512 INFO 1000 trades, 122154013-122155012, 1980, Task 1
2023-07-04 18:09:44,512 INFO 
cool down triggered with 1980, Task 1, sleeping for 3 seconds...
2023-07-04 18:09:44,565 INFO 1000 trades, 121880713-121881712, 2000, Task 4
2023-07-04 18:09:44,565 INFO 
cool down triggered with 2000, Task 4, sleeping for 3 seconds...
2023-07-04 18:09:44,710 INFO 1000 trades, 121971566-121972565, 2020, Task 3
2023-07-04 18:09:44,710 INFO 
cool down triggered with 2020, Task 3, sleeping for 3 seconds...
2023-07-04 18:09:48,253 INFO 1000 trades, 122060419-122061418, 2040, Task 2
2023-07-04 18:09:48,253 INFO 
cool down triggered with 2040, Task 2, sleeping for 3 seconds...
2023-07-04 18:09:48,676 INFO 1000 trades, 122153013-122154012, 2060, Task 1
2023-07-04 18:09:48,676 INFO 
cool down triggered with 2060, Task 1, sleeping for 3 seconds...
2023-07-04 18:09:48,758 INFO 1000 trades, 121879713-121880712, 2080, Task 4
2023-07-04 18:09:48,758 INFO 
cool down triggered with 2080, Task 4, sleeping for 3 seconds...
2023-07-04 18:09:48,884 INFO 1000 trades, 121970566-121971565, 2100, Task 3
2023-07-04 18:09:48,885 INFO 
cool down triggered with 2100, Task 3, sleeping for 3 seconds...
2023-07-04 18:09:52,731 INFO 1000 trades, 122059419-122060418, 2120, Task 2
2023-07-04 18:09:52,731 WARNING 
cool down triggered with 2120, Task 2, sleeping for 8 seconds...
2023-07-04 18:09:52,957 INFO 1000 trades, 122152013-122153012, 2140, Task 1
2023-07-04 18:09:52,957 WARNING 
cool down triggered with 2140, Task 1, sleeping for 8 seconds...
2023-07-04 18:09:52,967 INFO 1000 trades, 121878713-121879712, 2160, Task 4
2023-07-04 18:09:52,967 WARNING 
cool down triggered with 2160, Task 4, sleeping for 8 seconds...
2023-07-04 18:09:53,132 INFO 1000 trades, 121969566-121970565, 2180, Task 3
2023-07-04 18:09:53,132 WARNING 
cool down triggered with 2180, Task 3, sleeping for 8 seconds...
2023-07-04 18:10:01,889 INFO 1000 trades, 122058419-122059418, 20, Task 2
2023-07-04 18:10:02,176 INFO 1000 trades, 122151013-122152012, 40, Task 1
2023-07-04 18:10:02,178 INFO 1000 trades, 121877713-121878712, 60, Task 4
2023-07-04 18:10:02,307 INFO 1000 trades, 121968566-121969565, 80, Task 3
2023-07-04 18:10:03,034 INFO 1000 trades, 122057419-122058418, 100, Task 2
2023-07-04 18:10:03,315 INFO 1000 trades, 121876713-121877712, 120, Task 4
2023-07-04 18:10:03,340 INFO 1000 trades, 122150013-122151012, 140, Task 1
2023-07-04 18:10:03,497 INFO 1000 trades, 121967566-121968565, 160, Task 3
2023-07-04 18:10:04,181 INFO 1000 trades, 122056419-122057418, 180, Task 2
2023-07-04 18:10:04,483 INFO 1000 trades, 122149013-122150012, 200, Task 1
2023-07-04 18:10:04,522 INFO 1000 trades, 121875713-121876712, 220, Task 4
2023-07-04 18:10:04,714 INFO 1000 trades, 121966566-121967565, 240, Task 3
2023-07-04 18:10:05,401 INFO 1000 trades, 122055419-122056418, 260, Task 2
2023-07-04 18:10:05,707 INFO 1000 trades, 122148013-122149012, 280, Task 1
2023-07-04 18:10:05,730 INFO 1000 trades, 121874713-121875712, 300, Task 4
2023-07-04 18:10:05,920 INFO 1000 trades, 121965566-121966565, 320, Task 3
2023-07-04 18:10:06,558 INFO 1000 trades, 122054419-122055418, 340, Task 2
2023-07-04 18:10:06,866 INFO 1000 trades, 121873713-121874712, 360, Task 4
2023-07-04 18:10:06,923 INFO 1000 trades, 122147013-122148012, 380, Task 1
2023-07-04 18:10:07,074 INFO 1000 trades, 121964566-121965565, 400, Task 3
2023-07-04 18:10:07,711 INFO 1000 trades, 122053419-122054418, 420, Task 2
2023-07-04 18:10:08,016 INFO 1000 trades, 121872713-121873712, 440, Task 4
2023-07-04 18:10:08,075 INFO 1000 trades, 122146013-122147012, 460, Task 1
2023-07-04 18:10:08,261 INFO 1000 trades, 121963566-121964565, 480, Task 3
2023-07-04 18:10:08,934 INFO 1000 trades, 122052419-122053418, 500, Task 2
2023-07-04 18:10:09,178 INFO 1000 trades, 121871713-121872712, 520, Task 4
2023-07-04 18:10:09,263 INFO 1000 trades, 122145013-122146012, 540, Task 1
2023-07-04 18:10:09,406 INFO 1000 trades, 121962566-121963565, 560, Task 3
2023-07-04 18:10:10,150 INFO 1000 trades, 122051419-122052418, 580, Task 2
2023-07-04 18:10:10,348 INFO 1000 trades, 121870713-121871712, 600, Task 4
2023-07-04 18:10:10,477 INFO 1000 trades, 122144013-122145012, 620, Task 1
2023-07-04 18:10:10,549 INFO 1000 trades, 121961566-121962565, 640, Task 3
2023-07-04 18:10:11,314 INFO 1000 trades, 122050419-122051418, 660, Task 2
2023-07-04 18:10:11,493 INFO 1000 trades, 121869713-121870712, 680, Task 4
2023-07-04 18:10:11,619 INFO 1000 trades, 122143013-122144012, 700, Task 1
2023-07-04 18:10:11,717 INFO 1000 trades, 121960566-121961565, 720, Task 3
2023-07-04 18:10:12,460 INFO 1000 trades, 122049419-122050418, 740, Task 2
2023-07-04 18:10:12,686 INFO 1000 trades, 121868713-121869712, 760, Task 4
2023-07-04 18:10:12,828 INFO 1000 trades, 122142013-122143012, 780, Task 1
2023-07-04 18:10:12,937 INFO 1000 trades, 121959566-121960565, 800, Task 3
2023-07-04 18:10:13,650 INFO 1000 trades, 122048419-122049418, 820, Task 2
2023-07-04 18:10:13,908 INFO 1000 trades, 121867713-121868712, 840, Task 4
2023-07-04 18:10:14,007 INFO 1000 trades, 122141013-122142012, 860, Task 1
2023-07-04 18:10:14,142 INFO 1000 trades, 121958566-121959565, 880, Task 3
2023-07-04 18:10:14,868 INFO 1000 trades, 122047419-122048418, 900, Task 2
2023-07-04 18:10:15,056 INFO 1000 trades, 121866713-121867712, 920, Task 4
2023-07-04 18:10:15,181 INFO 1000 trades, 122140013-122141012, 940, Task 1
2023-07-04 18:10:15,302 INFO 1000 trades, 121957566-121958565, 960, Task 3
2023-07-04 18:10:16,044 INFO 1000 trades, 122046419-122047418, 980, Task 2
2023-07-04 18:10:16,294 INFO 1000 trades, 121865713-121866712, 1000, Task 4
2023-07-04 18:10:16,311 INFO 1000 trades, 122139013-122140012, 1020, Task 1
2023-07-04 18:10:16,503 INFO 1000 trades, 121956566-121957565, 1040, Task 3
2023-07-04 18:10:17,186 INFO 1000 trades, 122045419-122046418, 1060, Task 2
2023-07-04 18:10:17,513 INFO 1000 trades, 121864713-121865712, 1080, Task 4
2023-07-04 18:10:17,533 INFO 1000 trades, 122138013-122139012, 1100, Task 1
2023-07-04 18:10:17,714 INFO 1000 trades, 121955566-121956565, 1120, Task 3
2023-07-04 18:10:18,392 INFO 1000 trades, 122044419-122045418, 1140, Task 2
2023-07-04 18:10:18,707 INFO 1000 trades, 122137013-122138012, 1160, Task 1
2023-07-04 18:10:18,721 INFO 1000 trades, 121863713-121864712, 1180, Task 4
2023-07-04 18:10:18,929 INFO 1000 trades, 121954566-121955565, 1200, Task 3
2023-07-04 18:10:19,638 INFO 1000 trades, 122043419-122044418, 1220, Task 2
2023-07-04 18:10:19,925 INFO 1000 trades, 122136013-122137012, 1240, Task 1
2023-07-04 18:10:20,127 INFO 1000 trades, 121953566-121954565, 1260, Task 3
2023-07-04 18:10:20,824 INFO 1000 trades, 122042419-122043418, 1280, Task 2
2023-07-04 18:10:21,085 INFO 1000 trades, 122135013-122136012, 1300, Task 1
2023-07-04 18:10:21,333 INFO 1000 trades, 121952566-121953565, 1320, Task 3
2023-07-04 18:10:21,952 INFO 1000 trades, 121862713-121863712, 1340, Task 4
2023-07-04 18:10:21,984 INFO 1000 trades, 122041419-122042418, 1360, Task 2
2023-07-04 18:10:22,241 INFO 1000 trades, 122134013-122135012, 1380, Task 1
2023-07-04 18:10:22,502 INFO 1000 trades, 121951566-121952565, 1400, Task 3
2023-07-04 18:10:23,095 INFO 1000 trades, 121861713-121862712, 1420, Task 4
2023-07-04 18:10:23,149 INFO 1000 trades, 122040419-122041418, 1440, Task 2
2023-07-04 18:10:23,650 INFO 1000 trades, 122133013-122134012, 1460, Task 1
2023-07-04 18:10:23,722 INFO 1000 trades, 121950566-121951565, 1480, Task 3
2023-07-04 18:10:24,255 INFO 1000 trades, 121860713-121861712, 1500, Task 4
2023-07-04 18:10:24,375 INFO 1000 trades, 122039419-122040418, 1520, Task 2
2023-07-04 18:10:24,891 INFO 1000 trades, 122132013-122133012, 1540, Task 1
2023-07-04 18:10:25,233 INFO 1000 trades, 121949566-121950565, 1560, Task 3
2023-07-04 18:10:25,493 INFO 1000 trades, 121859713-121860712, 1580, Task 4
2023-07-04 18:10:25,593 INFO 1000 trades, 122038419-122039418, 1600, Task 2
2023-07-04 18:10:26,098 INFO 1000 trades, 122131013-122132012, 1620, Task 1
2023-07-04 18:10:26,452 INFO 1000 trades, 121948566-121949565, 1640, Task 3
2023-07-04 18:10:26,718 INFO 1000 trades, 121858713-121859712, 1660, Task 4
2023-07-04 18:10:26,785 INFO 1000 trades, 122037419-122038418, 1680, Task 2
2023-07-04 18:10:27,246 INFO 1000 trades, 122130013-122131012, 1700, Task 1
2023-07-04 18:10:27,586 INFO 1000 trades, 121947566-121948565, 1720, Task 3
2023-07-04 18:10:27,586 INFO 
cool down triggered with 1720, Task 3, sleeping for 3 seconds...
2023-07-04 18:10:27,918 INFO 1000 trades, 121857713-121858712, 1740, Task 4
2023-07-04 18:10:27,918 INFO 
cool down triggered with 1740, Task 4, sleeping for 3 seconds...
2023-07-04 18:10:27,926 INFO 1000 trades, 122036419-122037418, 1760, Task 2
2023-07-04 18:10:27,926 INFO 
cool down triggered with 1760, Task 2, sleeping for 3 seconds...
2023-07-04 18:10:28,475 INFO 1000 trades, 122129013-122130012, 1780, Task 1
2023-07-04 18:10:28,475 INFO 
cool down triggered with 1780, Task 1, sleeping for 3 seconds...
2023-07-04 18:10:31,796 INFO 1000 trades, 121946566-121947565, 1800, Task 3
2023-07-04 18:10:31,796 INFO 
cool down triggered with 1800, Task 3, sleeping for 3 seconds...
2023-07-04 18:10:32,086 INFO 1000 trades, 121856713-121857712, 1820, Task 4
2023-07-04 18:10:32,086 INFO 
cool down triggered with 1820, Task 4, sleeping for 3 seconds...
2023-07-04 18:10:32,129 INFO 1000 trades, 122035419-122036418, 1840, Task 2
2023-07-04 18:10:32,129 INFO 
cool down triggered with 1840, Task 2, sleeping for 3 seconds...
2023-07-04 18:10:32,699 INFO 1000 trades, 122128013-122129012, 1860, Task 1
2023-07-04 18:10:32,699 INFO 
cool down triggered with 1860, Task 1, sleeping for 3 seconds...
2023-07-04 18:10:36,010 INFO 1000 trades, 121945566-121946565, 1880, Task 3
2023-07-04 18:10:36,010 INFO 
cool down triggered with 1880, Task 3, sleeping for 3 seconds...
2023-07-04 18:10:36,310 INFO 1000 trades, 121855713-121856712, 1900, Task 4
2023-07-04 18:10:36,310 INFO 
cool down triggered with 1900, Task 4, sleeping for 3 seconds...
2023-07-04 18:10:36,351 INFO 1000 trades, 122034419-122035418, 1920, Task 2
2023-07-04 18:10:36,351 INFO 
cool down triggered with 1920, Task 2, sleeping for 3 seconds...
2023-07-04 18:10:36,920 INFO 1000 trades, 122127013-122128012, 1940, Task 1
2023-07-04 18:10:36,920 INFO 
cool down triggered with 1940, Task 1, sleeping for 3 seconds...
2023-07-04 18:10:40,233 INFO 1000 trades, 121944566-121945565, 1960, Task 3
2023-07-04 18:10:40,233 INFO 
cool down triggered with 1960, Task 3, sleeping for 3 seconds...
2023-07-04 18:10:40,470 INFO 1000 trades, 121854713-121855712, 1980, Task 4
2023-07-04 18:10:40,471 INFO 
cool down triggered with 1980, Task 4, sleeping for 3 seconds...
2023-07-04 18:10:40,577 INFO 1000 trades, 122033419-122034418, 2000, Task 2
2023-07-04 18:10:40,577 INFO 
cool down triggered with 2000, Task 2, sleeping for 3 seconds...
2023-07-04 18:10:41,145 INFO 1000 trades, 122126013-122127012, 2020, Task 1
2023-07-04 18:10:41,146 INFO 
cool down triggered with 2020, Task 1, sleeping for 3 seconds...
2023-07-04 18:10:44,385 INFO 1000 trades, 121943566-121944565, 2040, Task 3
2023-07-04 18:10:44,385 INFO 
cool down triggered with 2040, Task 3, sleeping for 3 seconds...
2023-07-04 18:10:44,766 INFO 1000 trades, 122032419-122033418, 2080, Task 2
2023-07-04 18:10:44,766 INFO 
cool down triggered with 2080, Task 2, sleeping for 3 seconds...
2023-07-04 18:10:44,960 INFO 1000 trades, 121853713-121854712, 2060, Task 4
2023-07-04 18:10:44,960 INFO 
cool down triggered with 2060, Task 4, sleeping for 3 seconds...
2023-07-04 18:10:45,302 INFO 1000 trades, 122125013-122126012, 2100, Task 1
2023-07-04 18:10:45,302 INFO 
cool down triggered with 2100, Task 1, sleeping for 3 seconds...
2023-07-04 18:10:48,521 INFO 1000 trades, 121942566-121943565, 2120, Task 3
2023-07-04 18:10:48,521 WARNING 
cool down triggered with 2120, Task 3, sleeping for 8 seconds...
2023-07-04 18:10:48,906 INFO 1000 trades, 122031419-122032418, 2140, Task 2
2023-07-04 18:10:48,906 WARNING 
cool down triggered with 2140, Task 2, sleeping for 8 seconds...
2023-07-04 18:10:49,193 INFO 1000 trades, 121852713-121853712, 2160, Task 4
2023-07-04 18:10:49,193 WARNING 
cool down triggered with 2160, Task 4, sleeping for 8 seconds...
2023-07-04 18:10:49,504 INFO 1000 trades, 122124013-122125012, 2180, Task 1
2023-07-04 18:10:49,505 WARNING 
cool down triggered with 2180, Task 1, sleeping for 8 seconds...
2023-07-04 18:10:57,704 INFO 1000 trades, 121941566-121942565, 2200, Task 3
2023-07-04 18:10:57,705 WARNING 
cool down triggered with 2200, Task 3, sleeping for 8 seconds...
2023-07-04 18:10:58,136 INFO 1000 trades, 122030419-122031418, 2220, Task 2
2023-07-04 18:10:58,136 WARNING 
cool down triggered with 2220, Task 2, sleeping for 8 seconds...
2023-07-04 18:10:58,416 INFO 1000 trades, 121851713-121852712, 2240, Task 4
2023-07-04 18:10:58,416 WARNING 
cool down triggered with 2240, Task 4, sleeping for 8 seconds...
2023-07-04 18:10:58,684 INFO 1000 trades, 122123013-122124012, 2260, Task 1
2023-07-04 18:10:58,684 WARNING 
cool down triggered with 2260, Task 1, sleeping for 8 seconds...
2023-07-04 18:11:06,897 INFO 1000 trades, 121940566-121941565, 20, Task 3
2023-07-04 18:11:07,303 INFO 1000 trades, 122029419-122030418, 40, Task 2
2023-07-04 18:11:07,576 INFO 1000 trades, 121850713-121851712, 60, Task 4
2023-07-04 18:11:07,853 INFO 1000 trades, 122122013-122123012, 80, Task 1
2023-07-04 18:11:08,031 INFO 1000 trades, 121939566-121940565, 100, Task 3
2023-07-04 18:11:08,474 INFO 1000 trades, 122028419-122029418, 120, Task 2
2023-07-04 18:11:08,800 INFO 1000 trades, 121849713-121850712, 140, Task 4
2023-07-04 18:11:09,064 INFO 1000 trades, 122121013-122122012, 160, Task 1
2023-07-04 18:11:09,253 INFO 1000 trades, 121938566-121939565, 180, Task 3
2023-07-04 18:11:09,620 INFO 1000 trades, 122027419-122028418, 200, Task 2
2023-07-04 18:11:09,997 INFO 1000 trades, 121848713-121849712, 220, Task 4
2023-07-04 18:11:10,288 INFO 1000 trades, 122120013-122121012, 240, Task 1
2023-07-04 18:11:10,457 INFO 1000 trades, 121937566-121938565, 260, Task 3
2023-07-04 18:11:10,851 INFO 1000 trades, 122026419-122027418, 280, Task 2
2023-07-04 18:11:11,219 INFO 1000 trades, 121847713-121848712, 300, Task 4
2023-07-04 18:11:11,501 INFO 1000 trades, 122119013-122120012, 320, Task 1
2023-07-04 18:11:11,665 INFO 1000 trades, 121936566-121937565, 340, Task 3
2023-07-04 18:11:12,058 INFO 1000 trades, 122025419-122026418, 360, Task 2
2023-07-04 18:11:12,420 INFO 1000 trades, 121846713-121847712, 380, Task 4
2023-07-04 18:11:12,692 INFO 1000 trades, 122118013-122119012, 400, Task 1
2023-07-04 18:11:12,869 INFO 1000 trades, 121935566-121936565, 420, Task 3
2023-07-04 18:11:13,301 INFO 1000 trades, 122024419-122025418, 440, Task 2
2023-07-04 18:11:13,628 INFO 1000 trades, 121845713-121846712, 460, Task 4
2023-07-04 18:11:13,881 INFO 1000 trades, 122117013-122118012, 480, Task 1
2023-07-04 18:11:14,074 INFO 1000 trades, 121934566-121935565, 500, Task 3
2023-07-04 18:11:14,528 INFO 1000 trades, 122023419-122024418, 520, Task 2
2023-07-04 18:11:14,836 INFO 1000 trades, 121844713-121845712, 540, Task 4
2023-07-04 18:11:15,095 INFO 1000 trades, 122116013-122117012, 560, Task 1
2023-07-04 18:11:15,285 INFO 1000 trades, 121933566-121934565, 580, Task 3
2023-07-04 18:11:15,742 INFO 1000 trades, 122022419-122023418, 600, Task 2
2023-07-04 18:11:16,050 INFO 1000 trades, 121843713-121844712, 620, Task 4
2023-07-04 18:11:16,320 INFO 1000 trades, 122115013-122116012, 640, Task 1
2023-07-04 18:11:16,494 INFO 1000 trades, 121932566-121933565, 660, Task 3
2023-07-04 18:11:16,950 INFO 1000 trades, 122021419-122022418, 680, Task 2
2023-07-04 18:11:17,263 INFO 1000 trades, 121842713-121843712, 700, Task 4
2023-07-04 18:11:17,539 INFO 1000 trades, 122114013-122115012, 720, Task 1
2023-07-04 18:11:17,747 INFO 1000 trades, 121931566-121932565, 740, Task 3
2023-07-04 18:11:18,174 INFO 853 trades, 122020419-122021271, 760, Task 2
2023-07-04 18:11:18,454 INFO 1000 trades, 121841713-121842712, 780, Task 4
2023-07-04 18:11:18,756 INFO 1000 trades, 122113013-122114012, 800, Task 1
2023-07-04 18:11:18,930 INFO 853 trades, 121930566-121931418, 820, Task 3
2023-07-04 18:11:19,665 INFO 853 trades, 121840713-121841565, 840, Task 4
2023-07-04 18:11:19,981 INFO 1000 trades, 122112013-122113012, 860, Task 1
2023-07-04 18:11:21,202 INFO 1000 trades, 122111013-122112012, 880, Task 1
2023-07-04 18:11:22,401 INFO 594 trades, 122110013-122110606, 900, Task 1
