2023-06-17 12:31:42,436 INFO 1 trades, 673746557-673746557, 285, Task-662
2023-06-17 12:31:43,570 INFO 1 trades, 336873278-336873278, 305, Task-662
2023-06-17 12:31:44,772 INFO 1 trades, 505309918-505309918, 325, Task-662
2023-06-17 12:31:45,992 INFO 1 trades, 589528238-589528238, 345, Task-662
2023-06-17 12:31:47,182 INFO 1 trades, 631637398-631637398, 365, Task-662
2023-06-17 12:31:48,313 INFO 1 trades, 652691978-652691978, 385, Task-662
2023-06-17 12:31:49,530 INFO 1 trades, 663219268-663219268, 405, Task-662
2023-06-17 12:31:50,680 INFO 1 trades, 668482913-668482913, 425, Task-662
2023-06-17 12:31:51,864 INFO 1 trades, 671114735-671114735, 445, Task-662
2023-06-17 12:31:52,997 INFO 1 trades, 672430646-672430646, 465, Task-662
2023-06-17 12:31:54,200 INFO 1 trades, 673088602-673088602, 485, Task-662
2023-06-17 12:31:55,388 INFO 1 trades, 673417580-673417580, 505, Task-662
2023-06-17 12:31:56,519 INFO 1 trades, 673582069-673582069, 525, Task-662
2023-06-17 12:31:57,636 INFO 1 trades, 673664313-673664313, 545, Task-662
2023-06-17 12:31:58,794 INFO 1 trades, 673705435-673705435, 565, Task-662
2023-06-17 12:31:59,925 INFO 1 trades, 673684874-673684874, 585, Task-662
2023-06-17 12:32:01,113 INFO 1 trades, 673674593-673674593, 20, Task-662
2023-06-17 12:32:02,311 INFO 1 trades, 673669453-673669453, 40, Task-662
2023-06-17 12:32:03,424 INFO 1 trades, 673672023-673672023, 60, Task-662
2023-06-17 12:32:04,617 INFO 1 trades, 673670738-673670738, 80, Task-662
2023-06-17 12:32:05,741 INFO 1 trades, 673670095-673670095, 100, Task-662
2023-06-17 12:32:06,863 INFO 1 trades, 673669774-673669774, 120, Task-662
2023-06-17 12:32:07,965 INFO 1 trades, 673669613-673669613, 140, Task-662
2023-06-17 12:32:09,165 INFO 1 trades, 673669533-673669533, 160, Task-662
2023-06-17 12:32:10,285 INFO 1 trades, 673669573-673669573, 180, Task-662
2023-06-17 12:32:11,467 INFO 1 trades, 673669593-673669593, 200, Task-662
2023-06-17 12:32:12,609 INFO 1 trades, 673669583-673669583, 220, Task-662
2023-06-17 12:32:13,797 INFO 1 trades, 673669578-673669578, 240, Task-662
2023-06-17 12:32:14,908 INFO 1 trades, 673669580-673669580, 260, Task-662
2023-06-17 12:32:16,026 INFO 1 trades, 673669581-673669581, 280, Task-662
2023-06-17 12:32:17,224 INFO 1 trades, 673669582-673669582, 300, Task-662
2023-06-17 12:32:18,767 INFO 41 trades, 673746557-673746597, 380, Task 1
2023-06-17 12:32:18,793 INFO 900 trades, 673708071-673708970, 360, Task 3
2023-06-17 12:32:19,050 INFO 900 trades, 673727314-673728213, 320, Task 2
2023-06-17 12:32:19,275 INFO 900 trades, 673688828-673689727, 340, Task 4
2023-06-17 12:32:19,939 INFO 82 trades, 673746516-673746597, 400, Task 1
2023-06-17 12:32:20,402 INFO 900 trades, 673707171-673708070, 420, Task 3
2023-06-17 12:32:20,499 INFO 900 trades, 673726414-673727313, 440, Task 2
2023-06-17 12:32:20,953 INFO 900 trades, 673687928-673688827, 460, Task 4
2023-06-17 12:32:21,120 INFO 166 trades, 673746434-673746599, 480, Task 1
2023-06-17 12:32:21,898 INFO 900 trades, 673706271-673707170, 500, Task 3
2023-06-17 12:32:22,099 INFO 900 trades, 673725514-673726413, 520, Task 2
2023-06-17 12:32:22,292 INFO 332 trades, 673746268-673746599, 560, Task 1
2023-06-17 12:32:22,655 INFO 900 trades, 673687028-673687927, 540, Task 4
2023-06-17 12:32:23,047 INFO 900 trades, 673705371-673706270, 580, Task 3
2023-06-17 12:32:23,409 INFO 900 trades, 673724614-673725513, 600, Task 2
2023-06-17 12:32:23,466 INFO 665 trades, 673745936-673746600, 620, Task 1
2023-06-17 12:32:24,292 INFO 900 trades, 673686128-673687027, 640, Task 4
2023-06-17 12:32:24,597 INFO 900 trades, 673745271-673746170, 700, Task 1
2023-06-17 12:32:24,607 INFO 900 trades, 673704471-673705370, 660, Task 3
2023-06-17 12:32:24,965 INFO 900 trades, 673723714-673724613, 680, Task 2
2023-06-17 12:32:25,828 INFO 900 trades, 673744371-673745270, 740, Task 1
2023-06-17 12:32:25,873 INFO 900 trades, 673685228-673686127, 720, Task 4
2023-06-17 12:32:26,178 INFO 900 trades, 673703571-673704470, 760, Task 3
2023-06-17 12:32:26,508 INFO 900 trades, 673722814-673723713, 780, Task 2
2023-06-17 12:32:27,461 INFO 900 trades, 673684328-673685227, 820, Task 4
2023-06-17 12:32:27,467 INFO 900 trades, 673702671-673703570, 840, Task 3
2023-06-17 12:32:27,560 INFO 900 trades, 673743471-673744370, 800, Task 1
2023-06-17 12:32:27,779 INFO 900 trades, 673721914-673722813, 860, Task 2
2023-06-17 12:32:28,948 INFO 900 trades, 673701771-673702670, 900, Task 3
2023-06-17 12:32:29,043 INFO 900 trades, 673683428-673684327, 880, Task 4
2023-06-17 12:32:29,223 INFO 900 trades, 673742571-673743470, 920, Task 1
2023-06-17 12:32:29,283 INFO 900 trades, 673721014-673721913, 940, Task 2
2023-06-17 12:32:30,464 INFO 900 trades, 673741671-673742570, 1000, Task 1
2023-06-17 12:32:30,563 INFO 900 trades, 673700871-673701770, 960, Task 3
2023-06-17 12:32:30,641 INFO 900 trades, 673682528-673683427, 980, Task 4
2023-06-17 12:32:31,003 INFO 900 trades, 673720114-673721013, 1020, Task 2
2023-06-17 12:32:31,915 INFO 1000 trades, 673740771-673741770, 1040, Task 1
2023-06-17 12:32:32,224 INFO 900 trades, 673699971-673700870, 1060, Task 3
2023-06-17 12:32:32,238 INFO 900 trades, 673681628-673682527, 1080, Task 4
2023-06-17 12:32:32,425 INFO 900 trades, 673719214-673720113, 1100, Task 2
2023-06-17 12:32:33,466 INFO 1000 trades, 673739771-673740770, 1120, Task 1
2023-06-17 12:32:33,764 INFO 1000 trades, 673699071-673700070, 1140, Task 3
2023-06-17 12:32:33,923 INFO 900 trades, 673680728-673681627, 1160, Task 4
2023-06-17 12:32:33,954 INFO 1000 trades, 673718314-673719313, 1180, Task 2
2023-06-17 12:32:35,065 INFO 1000 trades, 673738771-673739770, 1200, Task 1
2023-06-17 12:32:35,418 INFO 1000 trades, 673698071-673699070, 1220, Task 3
2023-06-17 12:32:35,613 INFO 1000 trades, 673679828-673680827, 1240, Task 4
2023-06-17 12:32:35,628 INFO 1000 trades, 673717314-673718313, 1260, Task 2
2023-06-17 12:32:36,618 INFO 1000 trades, 673737771-673738770, 1280, Task 1
2023-06-17 12:32:37,127 INFO 1000 trades, 673697071-673698070, 1300, Task 3
2023-06-17 12:32:37,269 INFO 1000 trades, 673716314-673717313, 1320, Task 2
2023-06-17 12:32:37,296 INFO 1000 trades, 673678828-673679827, 1340, Task 4
2023-06-17 12:32:38,160 INFO 1000 trades, 673736771-673737770, 1360, Task 1
2023-06-17 12:32:38,687 INFO 1000 trades, 673715314-673716313, 1380, Task 2
2023-06-17 12:32:38,712 INFO 1000 trades, 673677828-673678827, 1400, Task 4
2023-06-17 12:32:39,589 INFO 1000 trades, 673735771-673736770, 1440, Task 1
2023-06-17 12:32:39,800 INFO 1000 trades, 673696071-673697070, 1420, Task 3
2023-06-17 12:32:39,959 INFO 1000 trades, 673676828-673677827, 1460, Task 4
2023-06-17 12:32:40,759 INFO 1000 trades, 673734771-673735770, 1480, Task 1
2023-06-17 12:32:40,950 INFO 1000 trades, 673714314-673715313, 1500, Task 2
2023-06-17 12:32:41,557 INFO 1000 trades, 673695071-673696070, 1520, Task 3
2023-06-17 12:32:41,699 INFO 1000 trades, 673675828-673676827, 1540, Task 4
2023-06-17 12:32:42,237 INFO 1000 trades, 673713314-673714313, 1580, Task 2
2023-06-17 12:32:42,398 INFO 1000 trades, 673733771-673734770, 1560, Task 1
2023-06-17 12:32:43,191 INFO 1000 trades, 673694071-673695070, 1600, Task 3
2023-06-17 12:32:43,370 INFO 1000 trades, 673674828-673675827, 1620, Task 4
2023-06-17 12:32:43,645 INFO 1000 trades, 673712314-673713313, 1640, Task 2
2023-06-17 12:32:44,080 INFO 1000 trades, 673732771-673733770, 1660, Task 1
2023-06-17 12:32:44,844 INFO 1000 trades, 673693071-673694070, 1680, Task 3
2023-06-17 12:32:45,167 INFO 1000 trades, 673673828-673674827, 1700, Task 4
2023-06-17 12:32:45,213 INFO 
cool down triggered with 1720, Task 2, sleeping for 3 seconds...
2023-06-17 12:32:45,741 INFO 
cool down triggered with 1740, Task 1, sleeping for 3 seconds...
2023-06-17 12:32:46,541 INFO 
cool down triggered with 1760, Task 3, sleeping for 3 seconds...
2023-06-17 12:32:46,878 INFO 
cool down triggered with 1780, Task 4, sleeping for 3 seconds...
2023-06-17 12:32:48,214 INFO 1000 trades, 673711314-673712313, 1720, Task 2
2023-06-17 12:32:48,742 INFO 1000 trades, 673731771-673732770, 1740, Task 1
2023-06-17 12:32:49,541 INFO 1000 trades, 673692071-673693070, 1760, Task 3
2023-06-17 12:32:49,850 INFO 
cool down triggered with 1800, Task 2, sleeping for 3 seconds...
2023-06-17 12:32:49,879 INFO 1000 trades, 673672828-673673827, 1780, Task 4
2023-06-17 12:32:50,447 INFO 
cool down triggered with 1820, Task 1, sleeping for 3 seconds...
2023-06-17 12:32:51,227 INFO 
cool down triggered with 1840, Task 3, sleeping for 3 seconds...
2023-06-17 12:32:51,482 INFO 
cool down triggered with 1860, Task 4, sleeping for 3 seconds...
2023-06-17 12:32:52,850 INFO 1000 trades, 673710314-673711313, 1800, Task 2
2023-06-17 12:32:53,448 INFO 1000 trades, 673730771-673731770, 1820, Task 1
2023-06-17 12:32:54,228 INFO 1000 trades, 673691071-673692070, 1840, Task 3
2023-06-17 12:32:54,483 INFO 1000 trades, 673671828-673672827, 1860, Task 4
2023-06-17 12:32:54,577 INFO 
cool down triggered with 1880, Task 2, sleeping for 3 seconds...
2023-06-17 12:32:55,292 INFO 
cool down triggered with 1900, Task 1, sleeping for 3 seconds...
2023-06-17 12:32:56,005 INFO 
cool down triggered with 1920, Task 3, sleeping for 3 seconds...
2023-06-17 12:32:57,109 INFO 
cool down triggered with 1940, Task 4, sleeping for 3 seconds...
2023-06-17 12:32:57,578 INFO 1000 trades, 673709314-673710313, 1880, Task 2
2023-06-17 12:32:58,294 INFO 1000 trades, 673729771-673730770, 1900, Task 1
2023-06-17 12:32:58,785 INFO 
cool down triggered with 1960, Task 2, sleeping for 3 seconds...
2023-06-17 12:32:59,006 INFO 1000 trades, 673690071-673691070, 1920, Task 3
2023-06-17 12:33:00,010 INFO 
cool down triggered with 1980, Task 1, sleeping for 3 seconds...
2023-06-17 12:33:00,110 INFO 1000 trades, 673670828-673671827, 1940, Task 4
2023-06-17 12:33:00,344 INFO 243 trades, 673689071-673689313, 20, Task 3
2023-06-17 12:33:01,361 INFO 243 trades, 673669828-673670070, 40, Task 4
2023-06-17 12:33:01,786 INFO 243 trades, 673708314-673708556, 1960, Task 2
2023-06-17 12:33:03,011 INFO 1000 trades, 673728771-673729770, 1980, Task 1
2023-06-17 12:33:04,228 INFO 457 trades, 673727771-673728227, 60, Task 1
2023-06-17 13:25:18,639 INFO 1 trades, 673751053-673751053, 85, Task-654
2023-06-17 13:25:20,124 INFO 900 trades, 673749940-673750839, 105, Task 2
2023-06-17 13:25:20,134 INFO 1 trades, 673751053-673751053, 145, Task 1
2023-06-17 13:25:20,258 INFO 900 trades, 673748827-673749726, 125, Task 3
2023-06-17 13:25:20,669 INFO 900 trades, 673747714-673748613, 165, Task 4
2023-06-17 13:25:21,312 INFO 2 trades, 673751052-673751053, 185, Task 1
2023-06-17 13:25:21,325 INFO 213 trades, 673749040-673749252, 205, Task 2
2023-06-17 13:25:21,425 INFO 213 trades, 673747927-673748139, 225, Task 3
2023-06-17 13:25:21,979 INFO 213 trades, 673746814-673747026, 245, Task 4
2023-06-17 13:25:22,499 INFO 4 trades, 673751050-673751053, 265, Task 1
2023-06-17 13:25:23,626 INFO 8 trades, 673751046-673751053, 285, Task 1
2023-06-17 13:25:24,780 INFO 17 trades, 673751038-673751054, 305, Task 1
2023-06-17 13:25:25,896 INFO 35 trades, 673751021-673751055, 325, Task 1
2023-06-17 13:25:27,098 INFO 72 trades, 673750986-673751057, 345, Task 1
2023-06-17 13:25:28,267 INFO 144 trades, 673750914-673751057, 365, Task 1
2023-06-17 13:25:29,402 INFO 288 trades, 673750770-673751057, 385, Task 1
2023-06-17 13:25:30,589 INFO 542 trades, 673750482-673751023, 405, Task 1
2023-06-17 14:26:48,778 INFO 1 trades, 673758085-673758085, 1085, Task-698
2023-06-17 14:26:50,310 INFO 900 trades, 673756328-673757227, 1105, Task 2
2023-06-17 14:26:50,312 INFO 1 trades, 673758085-673758085, 1125, Task 1
2023-06-17 14:26:50,650 INFO 900 trades, 673754571-673755470, 1165, Task 3
2023-06-17 14:26:50,775 INFO 900 trades, 673752814-673753713, 1145, Task 4
2023-06-17 14:26:51,452 INFO 2 trades, 673758084-673758085, 1185, Task 1
2023-06-17 14:26:51,551 INFO 857 trades, 673755428-673756284, 1205, Task 2
2023-06-17 14:26:52,175 INFO 857 trades, 673751914-673752770, 1245, Task 4
2023-06-17 14:26:52,197 INFO 857 trades, 673753671-673754527, 1225, Task 3
2023-06-17 14:26:52,636 INFO 4 trades, 673758082-673758085, 1265, Task 1
2023-06-17 14:26:53,773 INFO 8 trades, 673758078-673758085, 1285, Task 1
2023-06-17 14:26:54,914 INFO 16 trades, 673758070-673758085, 1305, Task 1
2023-06-17 14:26:56,044 INFO 32 trades, 673758054-673758085, 1325, Task 1
2023-06-17 14:26:57,239 INFO 65 trades, 673758022-673758086, 1345, Task 1
2023-06-17 14:26:58,408 INFO 132 trades, 673757957-673758088, 1365, Task 1
2023-06-17 14:26:59,615 INFO 267 trades, 673757825-673758091, 1385, Task 1
2023-06-17 14:27:00,742 INFO 534 trades, 673757558-673758091, 20, Task 1
2023-06-17 14:27:01,874 INFO 696 trades, 673757024-673757719, 40, Task 1
2023-06-17 14:49:10,326 INFO 1 trades, 673761869-673761869, 25, Task-623
2023-06-17 14:49:11,897 INFO 7 trades, 673761869-673761875, 65, Task 1
2023-06-17 14:49:11,903 INFO 900 trades, 673760925-673761824, 45, Task 2
2023-06-17 14:49:11,955 INFO 900 trades, 673759981-673760880, 105, Task 3
2023-06-17 14:49:12,355 INFO 900 trades, 673759037-673759936, 85, Task 4
2023-06-17 14:49:13,035 INFO 44 trades, 673760025-673760068, 125, Task 2
2023-06-17 14:49:13,081 INFO 44 trades, 673759081-673759124, 145, Task 3
2023-06-17 14:49:13,095 INFO 14 trades, 673761862-673761875, 165, Task 1
2023-06-17 14:49:13,570 INFO 44 trades, 673758137-673758180, 185, Task 4
2023-06-17 14:49:14,281 INFO 30 trades, 673761848-673761877, 205, Task 1
2023-06-17 14:49:15,405 INFO 60 trades, 673761818-673761877, 225, Task 1
2023-06-17 14:49:16,513 INFO 121 trades, 673761758-673761878, 245, Task 1
2023-06-17 14:49:17,737 INFO 242 trades, 673761637-673761878, 265, Task 1
2023-06-17 14:49:18,936 INFO 470 trades, 673761395-673761864, 285, Task 1
2023-06-17 15:04:02,196 INFO 1 trades, 673765856-673765856, 20, Task-665
2023-06-17 15:04:04,290 INFO 900 trades, 673764862-673765761, 40, Task 2
2023-06-17 15:04:04,291 INFO 9 trades, 673765856-673765864, 80, Task 1
2023-06-17 15:04:04,316 INFO 900 trades, 673763868-673764767, 100, Task 3
2023-06-17 15:04:04,671 INFO 900 trades, 673762874-673763773, 60, Task 4
2023-06-17 15:04:05,483 INFO 94 trades, 673763962-673764055, 120, Task 2
2023-06-17 15:04:05,494 INFO 20 trades, 673765847-673765866, 140, Task 1
2023-06-17 15:04:05,518 INFO 94 trades, 673762968-673763061, 160, Task 3
2023-06-17 15:04:05,944 INFO 94 trades, 673761974-673762067, 180, Task 4
2023-06-17 15:04:06,684 INFO 40 trades, 673765827-673765866, 200, Task 1
2023-06-17 15:04:07,814 INFO 83 trades, 673765787-673765869, 220, Task 1
2023-06-17 15:04:08,996 INFO 174 trades, 673765704-673765877, 240, Task 1
2023-06-17 15:04:10,168 INFO 349 trades, 673765530-673765878, 260, Task 1
2023-06-17 15:04:11,297 INFO 319 trades, 673765181-673765499, 280, Task 1
2023-06-17 15:30:37,589 INFO 1 trades, 673770528-673770528, 525, Task-671
2023-06-17 15:30:39,276 INFO 1 trades, 673770528-673770528, 585, Task 1
2023-06-17 15:30:39,300 INFO 900 trades, 673769366-673770265, 605, Task 2
2023-06-17 15:40:28,805 INFO 1 trades, 673772064-673772064, 185, Task-660
2023-06-17 15:40:30,456 INFO 7 trades, 673772064-673772070, 205, Task 1
2023-06-17 15:40:31,203 INFO 900 trades, 673770518-673771417, 245, Task 2
2023-06-17 15:40:31,500 INFO 900 trades, 673768972-673769871, 225, Task 3
2023-06-17 15:40:32,387 INFO 900 trades, 673767426-673768325, 265, Task 4
2023-06-17 15:40:33,703 INFO 646 trades, 673768072-673768717, 285, Task 3
2023-06-17 15:40:33,784 INFO 646 trades, 673766526-673767171, 305, Task 4
2023-06-17 15:40:33,898 INFO 646 trades, 673769618-673770263, 325, Task 2
2023-06-17 15:40:34,664 INFO 19 trades, 673772057-673772075, 345, Task 1
2023-06-17 15:40:35,832 INFO 55 trades, 673772038-673772092, 365, Task 1
2023-06-17 15:40:36,942 INFO 111 trades, 673771983-673772093, 385, Task 1
2023-06-17 15:40:38,072 INFO 224 trades, 673771872-673772095, 405, Task 1
2023-06-17 15:40:39,217 INFO 450 trades, 673771648-673772097, 425, Task 1
2023-06-17 15:40:40,407 INFO 680 trades, 673771198-673771877, 445, Task 1
2023-06-17 15:48:54,186 INFO 1 trades, 673772784-673772784, 404, Task-629
2023-06-17 15:48:56,196 INFO 171 trades, 673772613-673772783, 424, Task 2
2023-06-17 15:48:56,205 INFO 4 trades, 673772784-673772787, 444, Task 1
2023-06-17 15:48:56,267 INFO 171 trades, 673772442-673772612, 464, Task 3
2023-06-17 15:48:56,279 INFO 171 trades, 673772271-673772441, 484, Task 4
2023-06-17 15:48:57,388 INFO 12 trades, 673772780-673772791, 504, Task 1
2023-06-17 15:48:58,513 INFO 25 trades, 673772768-673772792, 524, Task 1
2023-06-17 15:48:59,659 INFO 51 trades, 673772743-673772793, 544, Task 1
2023-06-17 15:49:00,795 INFO 79 trades, 673772692-673772770, 20, Task 1
2023-06-17 15:50:24,164 INFO 1 trades, 673772916-673772916, 190, Task-627
2023-06-17 15:50:25,336 INFO 1 trades, 336886458-336886458, 210, Task-627
2023-06-17 15:50:26,470 INFO 1 trades, 505329687-505329687, 230, Task-627
2023-06-17 15:50:27,680 INFO 1 trades, 589551302-589551302, 250, Task-627
2023-06-17 15:50:28,882 INFO 1 trades, 631662109-631662109, 270, Task-627
2023-06-17 15:50:29,999 INFO 1 trades, 652717513-652717513, 290, Task-627
2023-06-17 15:50:31,202 INFO 1 trades, 663245215-663245215, 310, Task-627
2023-06-17 15:50:32,411 INFO 1 trades, 668509066-668509066, 330, Task-627
2023-06-17 15:50:33,526 INFO 1 trades, 671140991-671140991, 350, Task-627
2023-06-17 15:50:34,696 INFO 1 trades, 672456954-672456954, 370, Task-627
2023-06-17 15:50:35,887 INFO 1 trades, 673114935-673114935, 390, Task-627
2023-06-17 15:50:37,002 INFO 1 trades, 673443926-673443926, 410, Task-627
2023-06-17 15:50:38,195 INFO 1 trades, 673608421-673608421, 430, Task-627
2023-06-17 15:50:39,406 INFO 1 trades, 673690669-673690669, 450, Task-627
2023-06-17 15:50:40,576 INFO 1 trades, 673649545-673649545, 470, Task-627
2023-06-17 15:50:41,690 INFO 1 trades, 673670107-673670107, 490, Task-627
2023-06-17 15:50:42,840 INFO 1 trades, 673659826-673659826, 510, Task-627
2023-06-17 15:50:44,015 INFO 1 trades, 673664966-673664966, 530, Task-627
2023-06-17 15:50:45,229 INFO 1 trades, 673667536-673667536, 550, Task-627
2023-06-17 15:50:46,358 INFO 1 trades, 673668821-673668821, 570, Task-627
2023-06-17 15:50:47,499 INFO 1 trades, 673669464-673669464, 590, Task-627
2023-06-17 15:50:48,664 INFO 1 trades, 673669785-673669785, 610, Task-627
2023-06-17 15:50:49,778 INFO 1 trades, 673669624-673669624, 630, Task-627
2023-06-17 15:50:50,974 INFO 1 trades, 673669544-673669544, 650, Task-627
2023-06-17 15:50:52,167 INFO 1 trades, 673669584-673669584, 670, Task-627
2023-06-17 15:50:53,354 INFO 1 trades, 673669564-673669564, 690, Task-627
2023-06-17 15:50:54,486 INFO 1 trades, 673669574-673669574, 710, Task-627
2023-06-17 15:50:55,669 INFO 1 trades, 673669579-673669579, 730, Task-627
2023-06-17 15:50:56,862 INFO 1 trades, 673669581-673669581, 750, Task-627
2023-06-17 15:50:58,036 INFO 1 trades, 673669582-673669582, 770, Task-627
2023-06-17 15:50:59,656 INFO 104 trades, 673772916-673773019, 830, Task 1
2023-06-17 15:50:59,752 INFO 900 trades, 673747083-673747982, 810, Task 2
2023-06-17 15:50:59,928 INFO 900 trades, 673721250-673722149, 790, Task 3
2023-06-17 15:51:00,187 INFO 900 trades, 673695417-673696316, 850, Task 4
2023-06-17 15:51:00,783 INFO 208 trades, 673772812-673773019, 20, Task 1
2023-06-17 15:51:01,433 INFO 900 trades, 673746183-673747082, 40, Task 2
2023-06-17 15:51:01,569 INFO 900 trades, 673720350-673721249, 60, Task 3
2023-06-17 15:51:01,749 INFO 900 trades, 673694517-673695416, 80, Task 4
2023-06-17 15:51:01,972 INFO 416 trades, 673772604-673773019, 100, Task 1
2023-06-17 15:51:03,027 INFO 900 trades, 673719450-673720349, 140, Task 3
2023-06-17 15:51:03,105 INFO 900 trades, 673745283-673746182, 120, Task 2
2023-06-17 15:51:03,110 INFO 847 trades, 673772188-673773034, 180, Task 1
2023-06-17 15:51:03,428 INFO 900 trades, 673693617-673694516, 160, Task 4
2023-06-17 15:51:04,332 INFO 900 trades, 673771341-673772240, 240, Task 1
2023-06-17 15:51:04,686 INFO 900 trades, 673718550-673719449, 200, Task 3
2023-06-17 15:51:04,805 INFO 900 trades, 673744383-673745282, 220, Task 2
2023-06-17 15:51:05,087 INFO 900 trades, 673692717-673693616, 260, Task 4
2023-06-17 15:51:05,846 INFO 900 trades, 673770441-673771340, 280, Task 1
2023-06-17 15:51:06,314 INFO 900 trades, 673717650-673718549, 300, Task 3
2023-06-17 15:51:06,457 INFO 900 trades, 673743483-673744382, 320, Task 2
2023-06-17 15:51:06,786 INFO 900 trades, 673691817-673692716, 340, Task 4
2023-06-17 15:51:07,267 INFO 900 trades, 673769541-673770440, 360, Task 1
2023-06-17 15:51:07,898 INFO 900 trades, 673716750-673717649, 380, Task 3
2023-06-17 15:51:07,963 INFO 900 trades, 673690917-673691816, 420, Task 4
2023-06-17 15:51:08,045 INFO 900 trades, 673742583-673743482, 400, Task 2
2023-06-17 15:51:08,614 INFO 900 trades, 673768641-673769540, 440, Task 1
2023-06-17 15:51:09,253 INFO 900 trades, 673715850-673716749, 480, Task 3
2023-06-17 15:51:09,498 INFO 900 trades, 673690017-673690916, 460, Task 4
2023-06-17 15:51:09,634 INFO 900 trades, 673741683-673742582, 500, Task 2
2023-06-17 15:51:09,850 INFO 900 trades, 673767741-673768640, 520, Task 1
2023-06-17 15:51:10,763 INFO 900 trades, 673714950-673715849, 540, Task 3
2023-06-17 15:51:11,076 INFO 900 trades, 673766841-673767740, 600, Task 1
2023-06-17 15:51:11,108 INFO 900 trades, 673740783-673741682, 580, Task 2
2023-06-17 15:51:11,130 INFO 900 trades, 673689117-673690016, 560, Task 4
2023-06-17 15:51:12,322 INFO 900 trades, 673714050-673714949, 620, Task 3
2023-06-17 15:51:12,342 INFO 1000 trades, 673765941-673766940, 640, Task 1
2023-06-17 15:51:12,548 INFO 900 trades, 673688217-673689116, 660, Task 4
2023-06-17 15:51:12,665 INFO 900 trades, 673739883-673740782, 680, Task 2
2023-06-17 15:51:13,848 INFO 1000 trades, 673764941-673765940, 720, Task 1
2023-06-17 15:51:13,885 INFO 900 trades, 673713150-673714049, 700, Task 3
2023-06-17 15:51:14,165 INFO 900 trades, 673687317-673688216, 740, Task 4
2023-06-17 15:51:14,380 INFO 900 trades, 673738983-673739882, 760, Task 2
2023-06-17 15:51:15,014 INFO 1000 trades, 673763941-673764940, 780, Task 1
2023-06-17 15:51:15,224 INFO 1000 trades, 673712250-673713249, 800, Task 3
2023-06-17 15:51:15,545 INFO 1000 trades, 673686417-673687416, 820, Task 4
2023-06-17 15:51:16,087 INFO 1000 trades, 673738083-673739082, 840, Task 2
2023-06-17 15:51:16,214 INFO 1000 trades, 673762941-673763940, 860, Task 1
2023-06-17 15:51:16,821 INFO 1000 trades, 673711250-673712249, 880, Task 3
2023-06-17 15:51:17,237 INFO 1000 trades, 673685417-673686416, 900, Task 4
2023-06-17 15:51:17,561 INFO 1000 trades, 673761941-673762940, 940, Task 1
2023-06-17 15:51:17,703 INFO 1000 trades, 673737083-673738082, 920, Task 2
2023-06-17 15:51:18,431 INFO 1000 trades, 673710250-673711249, 960, Task 3
2023-06-17 15:51:18,847 INFO 1000 trades, 673684417-673685416, 980, Task 4
2023-06-17 15:51:19,275 INFO 1000 trades, 673760941-673761940, 1000, Task 1
2023-06-17 15:51:19,313 INFO 1000 trades, 673736083-673737082, 1020, Task 2
2023-06-17 15:51:20,048 INFO 1000 trades, 673709250-673710249, 1040, Task 3
2023-06-17 15:51:20,482 INFO 1000 trades, 673683417-673684416, 1060, Task 4
2023-06-17 15:51:20,890 INFO 1000 trades, 673759941-673760940, 1080, Task 1
2023-06-17 15:51:20,913 INFO 1000 trades, 673735083-673736082, 1100, Task 2
2023-06-17 15:51:21,489 INFO 1000 trades, 673708250-673709249, 1120, Task 3
2023-06-17 15:51:22,231 INFO 1000 trades, 673682417-673683416, 1140, Task 4
2023-06-17 15:51:22,364 INFO 1000 trades, 673758941-673759940, 1160, Task 1
2023-06-17 15:51:22,424 INFO 1000 trades, 673734083-673735082, 1180, Task 2
2023-06-17 15:51:22,911 INFO 1000 trades, 673707250-673708249, 1200, Task 3
2023-06-17 15:51:23,899 INFO 1000 trades, 673757941-673758940, 1240, Task 1
2023-06-17 15:51:23,953 INFO 1000 trades, 673681417-673682416, 1220, Task 4
2023-06-17 15:51:24,119 INFO 1000 trades, 673733083-673734082, 1260, Task 2
2023-06-17 15:51:24,612 INFO 1000 trades, 673706250-673707249, 1280, Task 3
2023-06-17 15:51:25,355 INFO 1000 trades, 673756941-673757940, 1300, Task 1
2023-06-17 15:51:25,588 INFO 1000 trades, 673680417-673681416, 1320, Task 4
2023-06-17 15:51:25,875 INFO 1000 trades, 673732083-673733082, 1340, Task 2
2023-06-17 15:51:26,303 INFO 1000 trades, 673705250-673706249, 1360, Task 3
2023-06-17 15:51:26,876 INFO 1000 trades, 673755941-673756940, 1380, Task 1
2023-06-17 15:51:27,257 INFO 1000 trades, 673679417-673680416, 1400, Task 4
2023-06-17 15:51:27,504 INFO 1000 trades, 673731083-673732082, 1420, Task 2
2023-06-17 15:51:27,974 INFO 1000 trades, 673704250-673705249, 1440, Task 3
2023-06-17 15:51:28,275 INFO 1000 trades, 673754941-673755940, 1460, Task 1
2023-06-17 15:51:28,424 INFO 1000 trades, 673678417-673679416, 1480, Task 4
2023-06-17 15:51:29,193 INFO 1000 trades, 673730083-673731082, 1500, Task 2
2023-06-17 15:51:29,666 INFO 1000 trades, 673703250-673704249, 1520, Task 3
2023-06-17 15:51:29,889 INFO 1000 trades, 673753941-673754940, 1540, Task 1
2023-06-17 15:51:30,087 INFO 1000 trades, 673677417-673678416, 1560, Task 4
2023-06-17 15:51:30,908 INFO 1000 trades, 673702250-673703249, 1600, Task 3
2023-06-17 15:51:30,929 INFO 1000 trades, 673729083-673730082, 1580, Task 2
2023-06-17 15:51:31,515 INFO 1000 trades, 673676417-673677416, 1640, Task 4
2023-06-17 15:51:31,762 INFO 1000 trades, 673752941-673753940, 1620, Task 1
2023-06-17 15:51:32,431 INFO 1000 trades, 673728083-673729082, 1680, Task 2
2023-06-17 15:51:32,585 INFO 1000 trades, 673701250-673702249, 1660, Task 3
2023-06-17 15:51:33,211 INFO 1000 trades, 673675417-673676416, 1700, Task 4
2023-06-17 15:51:33,245 INFO 
cool down triggered with 1720, Task 1, sleeping for 3 seconds...
2023-06-17 15:51:33,832 INFO 
cool down triggered with 1740, Task 2, sleeping for 3 seconds...
2023-06-17 15:51:34,130 INFO 
cool down triggered with 1760, Task 3, sleeping for 3 seconds...
2023-06-17 15:51:34,889 INFO 
cool down triggered with 1780, Task 4, sleeping for 3 seconds...
2023-06-17 15:51:36,246 INFO 1000 trades, 673751941-673752940, 1720, Task 1
2023-06-17 15:51:36,834 INFO 1000 trades, 673727083-673728082, 1740, Task 2
2023-06-17 15:51:37,131 INFO 1000 trades, 673700250-673701249, 1760, Task 3
2023-06-17 15:51:37,891 INFO 1000 trades, 673674417-673675416, 1780, Task 4
2023-06-17 15:51:38,150 INFO 
cool down triggered with 1800, Task 1, sleeping for 3 seconds...
2023-06-17 15:51:38,509 INFO 
cool down triggered with 1820, Task 2, sleeping for 3 seconds...
2023-06-17 15:51:38,670 INFO 
cool down triggered with 1840, Task 3, sleeping for 3 seconds...
2023-06-17 15:51:39,517 INFO 
cool down triggered with 1860, Task 4, sleeping for 3 seconds...
2023-06-17 15:51:41,152 INFO 1000 trades, 673750941-673751940, 1800, Task 1
2023-06-17 15:51:41,511 INFO 1000 trades, 673726083-673727082, 1820, Task 2
2023-06-17 15:51:41,671 INFO 1000 trades, 673699250-673700249, 1840, Task 3
2023-06-17 15:51:42,519 INFO 1000 trades, 673673417-673674416, 1860, Task 4
2023-06-17 15:51:42,796 INFO 
cool down triggered with 1880, Task 1, sleeping for 3 seconds...
2023-06-17 15:51:43,167 INFO 
cool down triggered with 1900, Task 2, sleeping for 3 seconds...
2023-06-17 15:51:43,239 INFO 
cool down triggered with 1920, Task 3, sleeping for 3 seconds...
2023-06-17 15:51:43,917 INFO 
cool down triggered with 1940, Task 4, sleeping for 3 seconds...
2023-06-17 15:51:45,797 INFO 1000 trades, 673749941-673750940, 1880, Task 1
2023-06-17 15:51:46,169 INFO 1000 trades, 673725083-673726082, 1900, Task 2
2023-06-17 15:51:46,240 INFO 1000 trades, 673698250-673699249, 1920, Task 3
2023-06-17 15:51:46,918 INFO 1000 trades, 673672417-673673416, 1940, Task 4
2023-06-17 15:51:47,508 INFO 
cool down triggered with 1960, Task 1, sleeping for 3 seconds...
2023-06-17 15:51:47,860 INFO 
cool down triggered with 1980, Task 2, sleeping for 3 seconds...
2023-06-17 15:51:47,965 INFO 
cool down triggered with 2000, Task 3, sleeping for 3 seconds...
2023-06-17 15:51:48,514 INFO 
cool down triggered with 2020, Task 4, sleeping for 3 seconds...
2023-06-17 15:51:50,509 INFO 1000 trades, 673748941-673749940, 1960, Task 1
2023-06-17 15:51:50,861 INFO 1000 trades, 673724083-673725082, 1980, Task 2
2023-06-17 15:51:50,967 INFO 1000 trades, 673697250-673698249, 2000, Task 3
2023-06-17 15:51:51,515 INFO 1000 trades, 673671417-673672416, 2020, Task 4
2023-06-17 15:51:52,039 INFO 
cool down triggered with 2040, Task 1, sleeping for 3 seconds...
2023-06-17 15:51:52,480 INFO 
cool down triggered with 2060, Task 2, sleeping for 3 seconds...
2023-06-17 15:51:52,637 INFO 
cool down triggered with 2080, Task 3, sleeping for 3 seconds...
2023-06-17 15:51:52,825 INFO 
cool down triggered with 2100, Task 4, sleeping for 3 seconds...
2023-06-17 15:51:55,040 INFO 858 trades, 673747941-673748798, 2040, Task 1
2023-06-17 15:51:55,481 INFO 1000 trades, 673723083-673724082, 2060, Task 2
2023-06-17 15:51:55,639 INFO 833 trades, 673696250-673697082, 2080, Task 3
2023-06-17 15:51:55,826 INFO 833 trades, 673670417-673671249, 2100, Task 4
2023-06-17 15:51:56,682 WARNING 
cool down triggered with 2120, Task 2, sleeping for 8 seconds...
2023-06-17 15:52:04,684 INFO 833 trades, 673722083-673722915, 2120, Task 2
2023-06-17 17:06:34,227 INFO 1 trades, 673780055-673780055, 445, Task-708
2023-06-17 17:06:35,789 INFO 1 trades, 673780055-673780055, 465, Task 1
2023-06-17 17:06:35,882 INFO 900 trades, 673778300-673779199, 525, Task 2
2023-06-17 17:06:36,220 INFO 900 trades, 673776545-673777444, 485, Task 3
2023-06-17 17:06:36,413 INFO 900 trades, 673774790-673775689, 505, Task 4
2023-06-17 17:06:36,973 INFO 7 trades, 673780054-673780060, 545, Task 1
2023-06-17 17:06:37,421 INFO 855 trades, 673777400-673778254, 565, Task 2
2023-06-17 17:06:37,731 INFO 855 trades, 673773890-673774744, 585, Task 4
2023-06-17 17:06:38,157 INFO 14 trades, 673780047-673780060, 605, Task 1
2023-06-17 17:06:38,483 INFO 855 trades, 673775645-673776499, 625, Task 3
2023-06-17 17:06:39,340 INFO 28 trades, 673780033-673780060, 645, Task 1
2023-06-17 17:06:40,492 INFO 56 trades, 673780005-673780060, 665, Task 1
2023-06-17 17:06:41,616 INFO 117 trades, 673779949-673780065, 685, Task 1
2023-06-17 17:06:43,801 INFO 236 trades, 673779832-673780067, 705, Task 1
2023-06-17 17:06:44,914 INFO 472 trades, 673779596-673780067, 725, Task 1
2023-06-17 17:06:46,101 INFO 824 trades, 673779124-673779947, 745, Task 1
