2023-06-18 17:29:55,051 INFO 1 trades, 1328431063-1328431063, 26, Task-2114
2023-06-18 17:29:56,196 INFO 1 trades, 664215531-664215531, 46, Task-2114
2023-06-18 17:29:57,414 INFO 1 trades, 996323297-996323297, 66, Task-2114
2023-06-18 17:29:58,610 INFO 1 trades, 1162377180-1162377180, 86, Task-2114
2023-06-18 17:29:59,737 INFO 1 trades, 1245404122-1245404122, 106, Task-2114
2023-06-18 17:30:00,910 INFO 1 trades, 1286917593-1286917593, 20, Task-2114
2023-06-18 17:30:02,043 INFO 1 trades, 1307674328-1307674328, 40, Task-2114
2023-06-18 17:30:03,171 INFO 1 trades, 1318052696-1318052696, 60, Task-2114
2023-06-18 17:30:04,304 INFO 1 trades, 1323241880-1323241880, 80, Task-2114
2023-06-18 17:30:05,511 INFO 1 trades, 1325836472-1325836472, 100, Task-2114
2023-06-18 17:30:06,622 INFO 1 trades, 1327133768-1327133768, 120, Task-2114
2023-06-18 17:30:07,793 INFO 1 trades, 1327782416-1327782416, 140, Task-2114
2023-06-18 17:30:08,903 INFO 1 trades, 1328106740-1328106740, 160, Task-2114
2023-06-18 17:30:10,113 INFO 1 trades, 1328268902-1328268902, 180, Task-2114
2023-06-18 17:30:11,218 INFO 1 trades, 1328187821-1328187821, 200, Task-2114
2023-06-18 17:30:12,327 INFO 1 trades, 1328147280-1328147280, 220, Task-2114
2023-06-18 17:30:13,528 INFO 1 trades, 1328167550-1328167550, 240, Task-2114
2023-06-18 17:30:14,666 INFO 1 trades, 1328177685-1328177685, 260, Task-2114
2023-06-18 17:30:15,792 INFO 1 trades, 1328182753-1328182753, 280, Task-2114
2023-06-18 17:30:16,948 INFO 1 trades, 1328185287-1328185287, 300, Task-2114
2023-06-18 17:30:18,078 INFO 1 trades, 1328186554-1328186554, 320, Task-2114
2023-06-18 17:30:19,233 INFO 1 trades, 1328185920-1328185920, 340, Task-2114
2023-06-18 17:30:20,416 INFO 1 trades, 1328185603-1328185603, 360, Task-2114
2023-06-18 17:30:21,551 INFO 1 trades, 1328185445-1328185445, 380, Task-2114
2023-06-18 17:30:22,703 INFO 1 trades, 1328185366-1328185366, 400, Task-2114
2023-06-18 17:30:23,837 INFO 1 trades, 1328185326-1328185326, 420, Task-2114
2023-06-18 17:30:24,939 INFO 1 trades, 1328185306-1328185306, 440, Task-2114
2023-06-18 17:30:26,053 INFO 1 trades, 1328185296-1328185296, 460, Task-2114
2023-06-18 17:30:27,216 INFO 1 trades, 1328185291-1328185291, 480, Task-2114
2023-06-18 17:30:28,380 INFO 1 trades, 1328185293-1328185293, 500, Task-2114
2023-06-18 17:30:29,574 INFO 1 trades, 1328185294-1328185294, 520, Task-2114
2023-06-18 17:30:30,745 INFO 1 trades, 1328185295-1328185295, 540, Task-2114
2023-06-18 17:30:32,282 INFO 636 trades, 1328431063-1328431698, 560, Task 1
2023-06-18 17:30:32,300 INFO 900 trades, 1328308179-1328309078, 580, Task 3
2023-06-18 17:30:32,304 INFO 900 trades, 1328246737-1328247636, 600, Task 4
2023-06-18 17:30:32,336 INFO 900 trades, 1328369621-1328370520, 620, Task 2
2023-06-18 17:30:33,473 INFO 900 trades, 1328368721-1328369620, 640, Task 2
2023-06-18 17:30:33,493 INFO 900 trades, 1328430427-1328431326, 660, Task 1
2023-06-18 17:30:33,497 INFO 900 trades, 1328245837-1328246736, 680, Task 4
2023-06-18 17:30:33,506 INFO 900 trades, 1328307279-1328308178, 700, Task 3
2023-06-18 17:30:34,592 INFO 900 trades, 1328367821-1328368720, 720, Task 2
2023-06-18 17:30:34,604 INFO 900 trades, 1328429527-1328430426, 740, Task 1
2023-06-18 17:30:34,635 INFO 900 trades, 1328244937-1328245836, 760, Task 4
2023-06-18 17:30:34,649 INFO 900 trades, 1328306379-1328307278, 780, Task 3
2023-06-18 17:30:35,732 INFO 900 trades, 1328366921-1328367820, 800, Task 2
2023-06-18 17:30:35,748 INFO 900 trades, 1328244037-1328244936, 820, Task 4
2023-06-18 17:30:35,832 INFO 900 trades, 1328305479-1328306378, 860, Task 3
2023-06-18 17:30:35,838 INFO 900 trades, 1328428627-1328429526, 840, Task 1
2023-06-18 17:30:36,887 INFO 900 trades, 1328366021-1328366920, 880, Task 2
2023-06-18 17:30:36,918 INFO 900 trades, 1328243137-1328244036, 900, Task 4
2023-06-18 17:30:36,963 INFO 900 trades, 1328304579-1328305478, 920, Task 3
2023-06-18 17:30:36,982 INFO 900 trades, 1328427727-1328428626, 940, Task 1
2023-06-18 17:30:38,015 INFO 900 trades, 1328365121-1328366020, 960, Task 2
2023-06-18 17:30:38,039 INFO 900 trades, 1328242237-1328243136, 980, Task 4
2023-06-18 17:30:38,086 INFO 900 trades, 1328303679-1328304578, 1000, Task 3
2023-06-18 17:30:38,108 INFO 900 trades, 1328426827-1328427726, 1020, Task 1
2023-06-18 17:30:39,133 INFO 900 trades, 1328364221-1328365120, 1040, Task 2
2023-06-18 17:30:39,249 INFO 900 trades, 1328241337-1328242236, 1060, Task 4
2023-06-18 17:30:39,263 INFO 900 trades, 1328302779-1328303678, 1080, Task 3
2023-06-18 17:30:39,287 INFO 900 trades, 1328425927-1328426826, 1100, Task 1
2023-06-18 17:30:40,263 INFO 900 trades, 1328363321-1328364220, 1120, Task 2
2023-06-18 17:30:40,386 INFO 900 trades, 1328240437-1328241336, 1140, Task 4
2023-06-18 17:30:40,439 INFO 900 trades, 1328425027-1328425926, 1160, Task 1
2023-06-18 17:30:40,451 INFO 900 trades, 1328301879-1328302778, 1180, Task 3
2023-06-18 17:30:41,379 INFO 900 trades, 1328362421-1328363320, 1200, Task 2
2023-06-18 17:30:41,534 INFO 900 trades, 1328239537-1328240436, 1220, Task 4
2023-06-18 17:30:41,585 INFO 900 trades, 1328424127-1328425026, 1240, Task 1
2023-06-18 17:30:41,588 INFO 900 trades, 1328300979-1328301878, 1260, Task 3
2023-06-18 17:30:42,580 INFO 900 trades, 1328361521-1328362420, 1280, Task 2
2023-06-18 17:30:42,667 INFO 900 trades, 1328238637-1328239536, 1300, Task 4
2023-06-18 17:30:42,714 INFO 900 trades, 1328423227-1328424126, 1320, Task 1
2023-06-18 17:30:42,778 INFO 900 trades, 1328300079-1328300978, 1340, Task 3
2023-06-18 17:30:43,720 INFO 1000 trades, 1328360621-1328361620, 1360, Task 2
2023-06-18 17:30:43,853 INFO 1000 trades, 1328422327-1328423326, 1380, Task 1
2023-06-18 17:30:43,882 INFO 1000 trades, 1328237737-1328238736, 1400, Task 4
2023-06-18 17:30:43,977 INFO 1000 trades, 1328299179-1328300178, 1420, Task 3
2023-06-18 17:30:44,864 INFO 1000 trades, 1328359621-1328360620, 1440, Task 2
2023-06-18 17:30:45,004 INFO 1000 trades, 1328421327-1328422326, 1460, Task 1
2023-06-18 17:30:45,012 INFO 1000 trades, 1328236737-1328237736, 1480, Task 4
2023-06-18 17:30:45,147 INFO 1000 trades, 1328298179-1328299178, 1500, Task 3
2023-06-18 17:30:46,088 INFO 1000 trades, 1328358621-1328359620, 1520, Task 2
2023-06-18 17:30:46,131 INFO 1000 trades, 1328420327-1328421326, 1540, Task 1
2023-06-18 17:30:46,152 INFO 1000 trades, 1328235737-1328236736, 1560, Task 4
2023-06-18 17:30:46,364 INFO 1000 trades, 1328297179-1328298178, 1580, Task 3
2023-06-18 17:30:47,269 INFO 1000 trades, 1328419327-1328420326, 1600, Task 1
2023-06-18 17:30:47,288 INFO 1000 trades, 1328234737-1328235736, 1620, Task 4
2023-06-18 17:30:47,294 INFO 1000 trades, 1328357621-1328358620, 1640, Task 2
2023-06-18 17:30:47,488 INFO 1000 trades, 1328296179-1328297178, 1660, Task 3
2023-06-18 17:30:48,414 INFO 1000 trades, 1328356621-1328357620, 1680, Task 2
2023-06-18 17:30:48,450 INFO 1000 trades, 1328418327-1328419326, 1700, Task 1
2023-06-18 17:30:48,484 INFO 
cool down triggered with 1720, Task 4, sleeping for 3 seconds...
2023-06-18 17:30:48,688 INFO 
cool down triggered with 1740, Task 3, sleeping for 3 seconds...
2023-06-18 17:30:49,544 INFO 
cool down triggered with 1760, Task 2, sleeping for 3 seconds...
2023-06-18 17:30:49,601 INFO 
cool down triggered with 1780, Task 1, sleeping for 3 seconds...
2023-06-18 17:30:51,487 INFO 1000 trades, 1328233737-1328234736, 1720, Task 4
2023-06-18 17:30:51,690 INFO 1000 trades, 1328295179-1328296178, 1740, Task 3
2023-06-18 17:30:52,545 INFO 1000 trades, 1328355621-1328356620, 1760, Task 2
2023-06-18 17:30:52,603 INFO 1000 trades, 1328417327-1328418326, 1780, Task 1
2023-06-18 17:30:52,629 INFO 
cool down triggered with 1800, Task 4, sleeping for 3 seconds...
2023-06-18 17:30:52,858 INFO 
cool down triggered with 1820, Task 3, sleeping for 3 seconds...
2023-06-18 17:30:53,687 INFO 
cool down triggered with 1840, Task 2, sleeping for 3 seconds...
2023-06-18 17:30:53,781 INFO 
cool down triggered with 1860, Task 1, sleeping for 3 seconds...
2023-06-18 17:30:55,631 INFO 1000 trades, 1328232737-1328233736, 1800, Task 4
2023-06-18 17:30:55,860 INFO 1000 trades, 1328294179-1328295178, 1820, Task 3
2023-06-18 17:30:56,689 INFO 1000 trades, 1328354621-1328355620, 1840, Task 2
2023-06-18 17:30:56,784 INFO 1000 trades, 1328416327-1328417326, 1860, Task 1
2023-06-18 17:30:56,846 INFO 
cool down triggered with 1880, Task 4, sleeping for 3 seconds...
2023-06-18 17:30:57,031 INFO 
cool down triggered with 1900, Task 3, sleeping for 3 seconds...
2023-06-18 17:30:57,904 INFO 
cool down triggered with 1920, Task 2, sleeping for 3 seconds...
2023-06-18 17:30:57,991 INFO 
cool down triggered with 1940, Task 1, sleeping for 3 seconds...
2023-06-18 17:30:59,849 INFO 1000 trades, 1328231737-1328232736, 1880, Task 4
2023-06-18 17:31:00,032 INFO 1000 trades, 1328293179-1328294178, 1900, Task 3
2023-06-18 17:31:00,906 INFO 1000 trades, 1328353621-1328354620, 1920, Task 2
2023-06-18 17:31:00,960 INFO 1000 trades, 1328230737-1328231736, 20, Task 4
2023-06-18 17:31:00,993 INFO 1000 trades, 1328415327-1328416326, 1940, Task 1
2023-06-18 17:31:01,159 INFO 1000 trades, 1328292179-1328293178, 40, Task 3
2023-06-18 17:31:02,721 INFO 1000 trades, 1328352621-1328353620, 60, Task 2
2023-06-18 17:31:02,781 INFO 1000 trades, 1328229737-1328230736, 80, Task 4
2023-06-18 17:31:03,778 INFO 1000 trades, 1328414327-1328415326, 100, Task 1
2023-06-18 17:31:03,860 INFO 1000 trades, 1328291179-1328292178, 120, Task 3
2023-06-18 17:31:04,138 INFO 1000 trades, 1328351621-1328352620, 140, Task 2
2023-06-18 17:31:04,235 INFO 1000 trades, 1328228737-1328229736, 160, Task 4
2023-06-18 17:31:05,263 INFO 1000 trades, 1328413327-1328414326, 180, Task 1
2023-06-18 17:31:05,430 INFO 1000 trades, 1328290179-1328291178, 200, Task 3
2023-06-18 17:31:05,556 INFO 1000 trades, 1328350621-1328351620, 220, Task 2
2023-06-18 17:31:05,731 INFO 1000 trades, 1328227737-1328228736, 240, Task 4
2023-06-18 17:31:06,763 INFO 1000 trades, 1328412327-1328413326, 260, Task 1
2023-06-18 17:31:07,006 INFO 1000 trades, 1328289179-1328290178, 280, Task 3
2023-06-18 17:31:07,008 INFO 1000 trades, 1328349621-1328350620, 300, Task 2
2023-06-18 17:31:07,127 INFO 1000 trades, 1328226737-1328227736, 320, Task 4
2023-06-18 17:31:08,196 INFO 1000 trades, 1328411327-1328412326, 340, Task 1
2023-06-18 17:31:08,422 INFO 1000 trades, 1328348621-1328349620, 360, Task 2
2023-06-18 17:31:08,487 INFO 1000 trades, 1328288179-1328289178, 380, Task 3
2023-06-18 17:31:08,619 INFO 1000 trades, 1328225737-1328226736, 400, Task 4
2023-06-18 17:31:09,596 INFO 1000 trades, 1328410327-1328411326, 420, Task 1
2023-06-18 17:31:09,901 INFO 1000 trades, 1328287179-1328288178, 460, Task 3
2023-06-18 17:31:09,916 INFO 1000 trades, 1328347621-1328348620, 440, Task 2
2023-06-18 17:31:10,072 INFO 1000 trades, 1328224737-1328225736, 480, Task 4
2023-06-18 17:31:10,996 INFO 1000 trades, 1328409327-1328410326, 500, Task 1
2023-06-18 17:31:11,320 INFO 1000 trades, 1328286179-1328287178, 520, Task 3
2023-06-18 17:31:11,385 INFO 1000 trades, 1328346621-1328347620, 540, Task 2
2023-06-18 17:31:11,468 INFO 1000 trades, 1328223737-1328224736, 560, Task 4
2023-06-18 17:31:12,488 INFO 1000 trades, 1328408327-1328409326, 580, Task 1
2023-06-18 17:31:12,722 INFO 1000 trades, 1328285179-1328286178, 600, Task 3
2023-06-18 17:31:12,856 INFO 1000 trades, 1328345621-1328346620, 620, Task 2
2023-06-18 17:31:12,882 INFO 1000 trades, 1328222737-1328223736, 640, Task 4
2023-06-18 17:31:13,881 INFO 1000 trades, 1328407327-1328408326, 660, Task 1
2023-06-18 17:31:14,207 INFO 1000 trades, 1328284179-1328285178, 680, Task 3
2023-06-18 17:31:14,285 INFO 1000 trades, 1328221737-1328222736, 700, Task 4
2023-06-18 17:31:14,337 INFO 1000 trades, 1328344621-1328345620, 720, Task 2
2023-06-18 17:31:15,372 INFO 1000 trades, 1328406327-1328407326, 740, Task 1
2023-06-18 17:31:15,623 INFO 1000 trades, 1328283179-1328284178, 760, Task 3
2023-06-18 17:31:15,703 INFO 1000 trades, 1328220737-1328221736, 780, Task 4
2023-06-18 17:31:15,819 INFO 1000 trades, 1328343621-1328344620, 800, Task 2
2023-06-18 17:31:16,793 INFO 1000 trades, 1328405327-1328406326, 820, Task 1
2023-06-18 17:31:17,044 INFO 1000 trades, 1328282179-1328283178, 840, Task 3
2023-06-18 17:31:17,108 INFO 1000 trades, 1328219737-1328220736, 860, Task 4
2023-06-18 17:31:17,243 INFO 1000 trades, 1328342621-1328343620, 880, Task 2
2023-06-18 17:31:18,226 INFO 1000 trades, 1328404327-1328405326, 900, Task 1
2023-06-18 17:31:18,508 INFO 1000 trades, 1328218737-1328219736, 940, Task 4
2023-06-18 17:31:18,524 INFO 1000 trades, 1328281179-1328282178, 920, Task 3
2023-06-18 17:31:18,730 INFO 1000 trades, 1328341621-1328342620, 960, Task 2
2023-06-18 17:31:19,639 INFO 1000 trades, 1328403327-1328404326, 980, Task 1
2023-06-18 17:31:19,991 INFO 1000 trades, 1328280179-1328281178, 1000, Task 3
2023-06-18 17:31:20,015 INFO 1000 trades, 1328217737-1328218736, 1020, Task 4
2023-06-18 17:31:20,148 INFO 1000 trades, 1328340621-1328341620, 1040, Task 2
2023-06-18 17:31:21,080 INFO 1000 trades, 1328402327-1328403326, 1060, Task 1
2023-06-18 17:31:21,486 INFO 1000 trades, 1328216737-1328217736, 1080, Task 4
2023-06-18 17:31:21,594 INFO 1000 trades, 1328339621-1328340620, 1100, Task 2
2023-06-18 17:31:22,581 INFO 1000 trades, 1328401327-1328402326, 1120, Task 1
2023-06-18 17:31:22,986 INFO 1000 trades, 1328215737-1328216736, 1140, Task 4
2023-06-18 17:31:23,006 INFO 1000 trades, 1328338621-1328339620, 1160, Task 2
2023-06-18 17:31:23,422 INFO 1000 trades, 1328279179-1328280178, 1180, Task 3
2023-06-18 17:31:24,035 INFO 1000 trades, 1328400327-1328401326, 1200, Task 1
2023-06-18 17:31:24,443 INFO 1000 trades, 1328337621-1328338620, 1220, Task 2
2023-06-18 17:31:24,470 INFO 1000 trades, 1328214737-1328215736, 1240, Task 4
2023-06-18 17:31:24,859 INFO 1000 trades, 1328278179-1328279178, 1260, Task 3
2023-06-18 17:31:25,439 INFO 1000 trades, 1328399327-1328400326, 1280, Task 1
2023-06-18 17:31:25,928 INFO 1000 trades, 1328336621-1328337620, 1300, Task 2
2023-06-18 17:31:25,944 INFO 1000 trades, 1328213737-1328214736, 1320, Task 4
2023-06-18 17:31:26,318 INFO 1000 trades, 1328277179-1328278178, 1340, Task 3
2023-06-18 17:31:26,931 INFO 1000 trades, 1328398327-1328399326, 1360, Task 1
2023-06-18 17:31:27,361 INFO 1000 trades, 1328212737-1328213736, 1380, Task 4
2023-06-18 17:31:27,420 INFO 1000 trades, 1328335621-1328336620, 1400, Task 2
2023-06-18 17:31:27,816 INFO 1000 trades, 1328276179-1328277178, 1420, Task 3
2023-06-18 17:31:28,408 INFO 1000 trades, 1328397327-1328398326, 1440, Task 1
2023-06-18 17:31:28,760 INFO 1000 trades, 1328211737-1328212736, 1460, Task 4
2023-06-18 17:31:28,844 INFO 1000 trades, 1328334621-1328335620, 1480, Task 2
2023-06-18 17:31:29,305 INFO 1000 trades, 1328275179-1328276178, 1500, Task 3
2023-06-18 17:31:29,841 INFO 1000 trades, 1328396327-1328397326, 1520, Task 1
2023-06-18 17:31:30,280 INFO 1000 trades, 1328210737-1328211736, 1540, Task 4
2023-06-18 17:31:30,322 INFO 1000 trades, 1328333621-1328334620, 1560, Task 2
2023-06-18 17:31:30,815 INFO 1000 trades, 1328274179-1328275178, 1580, Task 3
2023-06-18 17:31:31,272 INFO 1000 trades, 1328395327-1328396326, 1600, Task 1
2023-06-18 17:31:31,753 INFO 1000 trades, 1328209737-1328210736, 1620, Task 4
2023-06-18 17:31:31,782 INFO 1000 trades, 1328332621-1328333620, 1640, Task 2
2023-06-18 17:31:32,288 INFO 1000 trades, 1328273179-1328274178, 1660, Task 3
2023-06-18 17:31:32,679 INFO 1000 trades, 1328394327-1328395326, 1680, Task 1
2023-06-18 17:31:33,252 INFO 1000 trades, 1328208737-1328209736, 1700, Task 4
2023-06-18 17:31:33,269 INFO 
cool down triggered with 1720, Task 2, sleeping for 3 seconds...
2023-06-18 17:31:33,760 INFO 
cool down triggered with 1740, Task 3, sleeping for 3 seconds...
2023-06-18 17:31:34,066 INFO 
cool down triggered with 1760, Task 1, sleeping for 3 seconds...
2023-06-18 17:31:34,657 INFO 
cool down triggered with 1780, Task 4, sleeping for 3 seconds...
2023-06-18 17:31:36,271 INFO 1000 trades, 1328331621-1328332620, 1720, Task 2
2023-06-18 17:31:36,762 INFO 1000 trades, 1328272179-1328273178, 1740, Task 3
2023-06-18 17:31:37,069 INFO 1000 trades, 1328393327-1328394326, 1760, Task 1
2023-06-18 17:31:37,659 INFO 1000 trades, 1328207737-1328208736, 1780, Task 4
2023-06-18 17:31:37,706 INFO 
cool down triggered with 1800, Task 2, sleeping for 3 seconds...
2023-06-18 17:31:38,191 INFO 
cool down triggered with 1820, Task 3, sleeping for 3 seconds...
2023-06-18 17:31:38,477 INFO 
cool down triggered with 1840, Task 1, sleeping for 3 seconds...
2023-06-18 17:31:39,165 INFO 
cool down triggered with 1860, Task 4, sleeping for 3 seconds...
2023-06-18 17:31:40,707 INFO 1000 trades, 1328330621-1328331620, 1800, Task 2
2023-06-18 17:31:41,192 INFO 1000 trades, 1328271179-1328272178, 1820, Task 3
2023-06-18 17:31:41,477 INFO 1000 trades, 1328392327-1328393326, 1840, Task 1
2023-06-18 17:31:42,100 INFO 
cool down triggered with 1880, Task 2, sleeping for 3 seconds...
2023-06-18 17:31:42,167 INFO 1000 trades, 1328206737-1328207736, 1860, Task 4
2023-06-18 17:31:42,638 INFO 
cool down triggered with 1900, Task 3, sleeping for 3 seconds...
2023-06-18 17:31:42,934 INFO 
cool down triggered with 1920, Task 1, sleeping for 3 seconds...
2023-06-18 17:31:44,638 INFO 
cool down triggered with 1940, Task 4, sleeping for 3 seconds...
2023-06-18 17:31:45,103 INFO 1000 trades, 1328329621-1328330620, 1880, Task 2
2023-06-18 17:31:45,640 INFO 1000 trades, 1328270179-1328271178, 1900, Task 3
2023-06-18 17:31:45,937 INFO 1000 trades, 1328391327-1328392326, 1920, Task 1
2023-06-18 17:31:46,568 INFO 
cool down triggered with 1960, Task 2, sleeping for 3 seconds...
2023-06-18 17:31:47,128 INFO 
cool down triggered with 1980, Task 3, sleeping for 3 seconds...
2023-06-18 17:31:47,329 INFO 
cool down triggered with 2000, Task 1, sleeping for 3 seconds...
2023-06-18 17:31:47,640 INFO 1000 trades, 1328205737-1328206736, 1940, Task 4
2023-06-18 17:31:49,152 INFO 
cool down triggered with 2020, Task 4, sleeping for 3 seconds...
2023-06-18 17:31:49,570 INFO 1000 trades, 1328328621-1328329620, 1960, Task 2
2023-06-18 17:31:50,131 INFO 1000 trades, 1328269179-1328270178, 1980, Task 3
2023-06-18 17:31:50,331 INFO 1000 trades, 1328390327-1328391326, 2000, Task 1
2023-06-18 17:31:51,046 INFO 
cool down triggered with 2040, Task 2, sleeping for 3 seconds...
2023-06-18 17:31:51,523 INFO 
cool down triggered with 2060, Task 3, sleeping for 3 seconds...
2023-06-18 17:31:51,793 INFO 
cool down triggered with 2080, Task 1, sleeping for 3 seconds...
2023-06-18 17:31:52,153 INFO 1000 trades, 1328204737-1328205736, 2020, Task 4
2023-06-18 17:31:53,631 INFO 
cool down triggered with 2100, Task 4, sleeping for 3 seconds...
2023-06-18 17:31:54,049 INFO 1000 trades, 1328327621-1328328620, 2040, Task 2
2023-06-18 17:31:54,526 INFO 1000 trades, 1328268179-1328269178, 2060, Task 3
2023-06-18 17:31:54,795 INFO 1000 trades, 1328389327-1328390326, 2080, Task 1
2023-06-18 17:31:55,447 WARNING 
cool down triggered with 2120, Task 2, sleeping for 8 seconds...
2023-06-18 17:31:55,946 WARNING 
cool down triggered with 2140, Task 3, sleeping for 8 seconds...
2023-06-18 17:31:56,288 WARNING 
cool down triggered with 2160, Task 1, sleeping for 8 seconds...
2023-06-18 17:31:56,632 INFO 1000 trades, 1328203737-1328204736, 2100, Task 4
2023-06-18 17:31:58,116 WARNING 
cool down triggered with 2180, Task 4, sleeping for 8 seconds...
2023-06-18 17:32:03,449 INFO 1000 trades, 1328326621-1328327620, 2120, Task 2
2023-06-18 17:32:03,947 INFO 1000 trades, 1328267179-1328268178, 2140, Task 3
2023-06-18 17:32:04,290 INFO 1000 trades, 1328388327-1328389326, 2160, Task 1
2023-06-18 17:32:04,945 INFO 1000 trades, 1328325621-1328326620, 20, Task 2
2023-06-18 17:32:05,437 INFO 1000 trades, 1328266179-1328267178, 40, Task 3
2023-06-18 17:32:05,757 INFO 1000 trades, 1328387327-1328388326, 60, Task 1
2023-06-18 17:32:06,118 INFO 1000 trades, 1328202737-1328203736, 2180, Task 4
2023-06-18 17:32:06,479 INFO 1000 trades, 1328324621-1328325620, 80, Task 2
2023-06-18 17:32:06,935 INFO 1000 trades, 1328265179-1328266178, 100, Task 3
2023-06-18 17:32:07,228 INFO 1000 trades, 1328386327-1328387326, 120, Task 1
2023-06-18 17:32:07,522 INFO 1000 trades, 1328201737-1328202736, 140, Task 4
2023-06-18 17:32:07,883 INFO 1000 trades, 1328323621-1328324620, 160, Task 2
2023-06-18 17:32:08,369 INFO 1000 trades, 1328264179-1328265178, 180, Task 3
2023-06-18 17:32:08,630 INFO 1000 trades, 1328385327-1328386326, 200, Task 1
2023-06-18 17:32:09,025 INFO 1000 trades, 1328200737-1328201736, 220, Task 4
2023-06-18 17:32:09,364 INFO 1000 trades, 1328322621-1328323620, 240, Task 2
2023-06-18 17:32:09,869 INFO 1000 trades, 1328263179-1328264178, 260, Task 3
2023-06-18 17:32:10,135 INFO 1000 trades, 1328384327-1328385326, 280, Task 1
2023-06-18 17:32:10,530 INFO 1000 trades, 1328199737-1328200736, 300, Task 4
2023-06-18 17:32:10,788 INFO 1000 trades, 1328321621-1328322620, 320, Task 2
2023-06-18 17:32:11,291 INFO 1000 trades, 1328262179-1328263178, 340, Task 3
2023-06-18 17:32:11,625 INFO 1000 trades, 1328383327-1328384326, 360, Task 1
2023-06-18 17:32:12,024 INFO 1000 trades, 1328198737-1328199736, 380, Task 4
2023-06-18 17:32:12,178 INFO 1000 trades, 1328320621-1328321620, 400, Task 2
2023-06-18 17:32:12,710 INFO 1000 trades, 1328261179-1328262178, 420, Task 3
2023-06-18 17:32:13,031 INFO 1000 trades, 1328382327-1328383326, 440, Task 1
2023-06-18 17:32:13,421 INFO 1000 trades, 1328197737-1328198736, 460, Task 4
2023-06-18 17:32:13,587 INFO 1000 trades, 1328319621-1328320620, 480, Task 2
2023-06-18 17:32:14,211 INFO 1000 trades, 1328260179-1328261178, 500, Task 3
2023-06-18 17:32:14,432 INFO 1000 trades, 1328381327-1328382326, 520, Task 1
2023-06-18 17:32:14,834 INFO 1000 trades, 1328196737-1328197736, 540, Task 4
2023-06-18 17:32:15,095 INFO 1000 trades, 1328318621-1328319620, 560, Task 2
2023-06-18 17:32:15,700 INFO 1000 trades, 1328259179-1328260178, 580, Task 3
2023-06-18 17:32:15,877 INFO 1000 trades, 1328380327-1328381326, 600, Task 1
2023-06-18 17:32:16,247 INFO 1000 trades, 1328195737-1328196736, 620, Task 4
2023-06-18 17:32:16,481 INFO 1000 trades, 1328317621-1328318620, 640, Task 2
2023-06-18 17:32:17,130 INFO 1000 trades, 1328258179-1328259178, 660, Task 3
2023-06-18 17:32:17,307 INFO 1000 trades, 1328379327-1328380326, 680, Task 1
2023-06-18 17:32:17,655 INFO 1000 trades, 1328194737-1328195736, 700, Task 4
2023-06-18 17:32:17,945 INFO 1000 trades, 1328316621-1328317620, 720, Task 2
2023-06-18 17:32:18,522 INFO 1000 trades, 1328257179-1328258178, 740, Task 3
2023-06-18 17:32:18,797 INFO 1000 trades, 1328378327-1328379326, 760, Task 1
2023-06-18 17:32:19,080 INFO 1000 trades, 1328193737-1328194736, 780, Task 4
2023-06-18 17:32:19,352 INFO 1000 trades, 1328315621-1328316620, 800, Task 2
2023-06-18 17:32:20,026 INFO 1000 trades, 1328256179-1328257178, 820, Task 3
2023-06-18 17:32:20,292 INFO 1000 trades, 1328377327-1328378326, 840, Task 1
2023-06-18 17:32:20,586 INFO 1000 trades, 1328192737-1328193736, 860, Task 4
2023-06-18 17:32:20,753 INFO 1000 trades, 1328314621-1328315620, 880, Task 2
2023-06-18 17:32:21,535 INFO 1000 trades, 1328255179-1328256178, 900, Task 3
2023-06-18 17:32:21,679 INFO 1000 trades, 1328376327-1328377326, 920, Task 1
2023-06-18 17:32:22,062 INFO 1000 trades, 1328191737-1328192736, 940, Task 4
2023-06-18 17:32:22,249 INFO 1000 trades, 1328313621-1328314620, 960, Task 2
2023-06-18 17:32:23,002 INFO 1000 trades, 1328254179-1328255178, 980, Task 3
2023-06-18 17:32:23,161 INFO 1000 trades, 1328375327-1328376326, 1000, Task 1
2023-06-18 17:32:23,469 INFO 1000 trades, 1328190737-1328191736, 1020, Task 4
2023-06-18 17:32:23,669 INFO 1000 trades, 1328312621-1328313620, 1040, Task 2
2023-06-18 17:32:24,497 INFO 1000 trades, 1328253179-1328254178, 1060, Task 3
2023-06-18 17:32:24,682 INFO 1000 trades, 1328374327-1328375326, 1080, Task 1
2023-06-18 17:32:24,925 INFO 1000 trades, 1328189737-1328190736, 1100, Task 4
2023-06-18 17:32:25,162 INFO 1000 trades, 1328311621-1328312620, 1120, Task 2
2023-06-18 17:32:25,917 INFO 1000 trades, 1328252179-1328253178, 1140, Task 3
2023-06-18 17:32:26,161 INFO 1000 trades, 1328373327-1328374326, 1160, Task 1
2023-06-18 17:32:26,321 INFO 1000 trades, 1328188737-1328189736, 1180, Task 4
2023-06-18 17:32:26,548 INFO 1000 trades, 1328310621-1328311620, 1200, Task 2
2023-06-18 17:32:27,408 INFO 1000 trades, 1328251179-1328252178, 1220, Task 3
2023-06-18 17:32:27,614 INFO 1000 trades, 1328372327-1328373326, 1240, Task 1
2023-06-18 17:32:27,798 INFO 1000 trades, 1328187737-1328188736, 1260, Task 4
2023-06-18 17:32:27,970 INFO 1000 trades, 1328309621-1328310620, 1280, Task 2
2023-06-18 17:32:28,812 INFO 1000 trades, 1328250179-1328251178, 1300, Task 3
2023-06-18 17:32:29,040 INFO 1000 trades, 1328371327-1328372326, 1320, Task 1
2023-06-18 17:32:29,077 INFO 442 trades, 1328308621-1328309062, 1360, Task 2
2023-06-18 17:32:29,207 INFO 1000 trades, 1328186737-1328187736, 1340, Task 4
2023-06-18 17:32:30,212 INFO 706 trades, 1328370327-1328371032, 1400, Task 1
2023-06-18 17:32:30,303 INFO 1000 trades, 1328249179-1328250178, 1380, Task 3
2023-06-18 17:32:30,322 INFO 442 trades, 1328185737-1328186178, 1420, Task 4
2023-06-18 17:32:31,746 INFO 1000 trades, 1328248179-1328249178, 1440, Task 3
2023-06-18 17:32:32,939 INFO 442 trades, 1328247179-1328247620, 1460, Task 3
2023-06-19 08:38:23,396 INFO 1 trades, 1328766470-1328766470, 26, Task-19
2023-06-19 08:38:24,597 INFO 1 trades, 664383235-664383235, 46, Task-19
2023-06-19 08:38:25,806 INFO 1 trades, 996574853-996574853, 66, Task-19
2023-06-19 08:38:27,005 INFO 1 trades, 1162670662-1162670662, 86, Task-19
2023-06-19 08:38:28,171 INFO 1 trades, 1245718566-1245718566, 106, Task-19
2023-06-19 08:38:29,284 INFO 1 trades, 1287242518-1287242518, 126, Task-19
2023-06-19 08:38:30,410 INFO 1 trades, 1308004494-1308004494, 146, Task-19
2023-06-19 08:38:31,562 INFO 1 trades, 1318385482-1318385482, 166, Task-19
2023-06-19 08:38:32,704 INFO 1 trades, 1323575976-1323575976, 186, Task-19
2023-06-19 08:38:33,827 INFO 1 trades, 1326171223-1326171223, 206, Task-19
2023-06-19 08:38:35,013 INFO 1 trades, 1327468847-1327468847, 226, Task-19
2023-06-19 08:38:36,141 INFO 1 trades, 1328117659-1328117659, 246, Task-19
2023-06-19 08:38:37,271 INFO 1 trades, 1328442065-1328442065, 266, Task-19
2023-06-19 08:38:38,464 INFO 1 trades, 1328604268-1328604268, 286, Task-19
2023-06-19 08:38:39,577 INFO 1 trades, 1328685369-1328685369, 306, Task-19
2023-06-19 08:38:40,697 INFO 1 trades, 1328644818-1328644818, 326, Task-19
2023-06-19 08:38:41,886 INFO 1 trades, 1328665093-1328665093, 346, Task-19
2023-06-19 08:38:43,002 INFO 1 trades, 1328675231-1328675231, 366, Task-19
2023-06-19 08:38:44,197 INFO 1 trades, 1328670162-1328670162, 386, Task-19
2023-06-19 08:38:45,301 INFO 1 trades, 1328672696-1328672696, 406, Task-19
2023-06-19 08:38:46,499 INFO 1 trades, 1328673963-1328673963, 426, Task-19
2023-06-19 08:38:47,664 INFO 1 trades, 1328674597-1328674597, 446, Task-19
2023-06-19 08:38:48,808 INFO 1 trades, 1328674914-1328674914, 466, Task-19
2023-06-19 08:38:49,949 INFO 1 trades, 1328675072-1328675072, 486, Task-19
2023-06-19 08:38:51,079 INFO 1 trades, 1328674993-1328674993, 506, Task-19
2023-06-19 08:38:52,266 INFO 1 trades, 1328674953-1328674953, 526, Task-19
2023-06-19 08:38:53,435 INFO 1 trades, 1328674933-1328674933, 546, Task-19
2023-06-19 08:38:54,614 INFO 1 trades, 1328674923-1328674923, 566, Task-19
2023-06-19 08:38:55,712 INFO 1 trades, 1328674928-1328674928, 586, Task-19
2023-06-19 08:38:56,837 INFO 1 trades, 1328674930-1328674930, 606, Task-19
2023-06-19 08:38:58,016 INFO 1 trades, 1328674931-1328674931, 626, Task-19
2023-06-19 08:38:59,521 INFO 90 trades, 1328766470-1328766559, 646, Task 1
2023-06-19 08:38:59,878 INFO 900 trades, 1328743586-1328744485, 666, Task 2
2023-06-19 08:38:59,922 INFO 900 trades, 1328720702-1328721601, 706, Task 3
2023-06-19 08:38:59,924 INFO 900 trades, 1328697818-1328698717, 686, Task 4
2023-06-19 08:39:00,635 INFO 186 trades, 1328766380-1328766565, 20, Task 1
2023-06-19 08:39:01,340 INFO 900 trades, 1328742686-1328743585, 40, Task 2
2023-06-19 08:39:01,381 INFO 900 trades, 1328696918-1328697817, 60, Task 4
2023-06-19 08:39:01,410 INFO 900 trades, 1328719802-1328720701, 80, Task 3
2023-06-19 08:39:01,827 INFO 375 trades, 1328766194-1328766568, 100, Task 1
2023-06-19 08:39:02,765 INFO 900 trades, 1328741786-1328742685, 120, Task 2
2023-06-19 08:39:02,873 INFO 900 trades, 1328696018-1328696917, 140, Task 4
2023-06-19 08:39:02,879 INFO 900 trades, 1328718902-1328719801, 160, Task 3
2023-06-19 08:39:02,964 INFO 753 trades, 1328765819-1328766571, 180, Task 1
2023-06-19 08:39:04,220 INFO 900 trades, 1328740886-1328741785, 200, Task 2
2023-06-19 08:39:04,272 INFO 900 trades, 1328695118-1328696017, 220, Task 4
2023-06-19 08:39:04,341 INFO 900 trades, 1328718002-1328718901, 240, Task 3
2023-06-19 08:39:04,470 INFO 900 trades, 1328765066-1328765965, 260, Task 1
2023-06-19 08:39:05,624 INFO 900 trades, 1328739986-1328740885, 280, Task 2
2023-06-19 08:39:05,704 INFO 900 trades, 1328694218-1328695117, 300, Task 4
2023-06-19 08:39:05,728 INFO 900 trades, 1328717102-1328718001, 320, Task 3
2023-06-19 08:39:05,966 INFO 900 trades, 1328764166-1328765065, 340, Task 1
2023-06-19 08:39:07,089 INFO 900 trades, 1328739086-1328739985, 360, Task 2
2023-06-19 08:39:07,126 INFO 900 trades, 1328716202-1328717101, 400, Task 3
2023-06-19 08:39:07,131 INFO 900 trades, 1328693318-1328694217, 380, Task 4
2023-06-19 08:39:07,343 INFO 900 trades, 1328763266-1328764165, 420, Task 1
2023-06-19 08:39:08,487 INFO 900 trades, 1328738186-1328739085, 440, Task 2
2023-06-19 08:39:08,617 INFO 900 trades, 1328715302-1328716201, 460, Task 3
2023-06-19 08:39:08,625 INFO 900 trades, 1328692418-1328693317, 480, Task 4
2023-06-19 08:39:08,768 INFO 900 trades, 1328762366-1328763265, 500, Task 1
2023-06-19 08:39:09,965 INFO 900 trades, 1328737286-1328738185, 520, Task 2
2023-06-19 08:39:10,016 INFO 900 trades, 1328714402-1328715301, 540, Task 3
2023-06-19 08:39:10,058 INFO 900 trades, 1328691518-1328692417, 560, Task 4
2023-06-19 08:39:10,182 INFO 900 trades, 1328761466-1328762365, 580, Task 1
2023-06-19 08:39:11,343 INFO 900 trades, 1328736386-1328737285, 600, Task 2
2023-06-19 08:39:11,437 INFO 900 trades, 1328713502-1328714401, 620, Task 3
2023-06-19 08:39:11,538 INFO 900 trades, 1328690618-1328691517, 640, Task 4
2023-06-19 08:39:11,569 INFO 900 trades, 1328760566-1328761465, 660, Task 1
2023-06-19 08:39:12,838 INFO 900 trades, 1328735486-1328736385, 680, Task 2
2023-06-19 08:39:12,894 INFO 900 trades, 1328712602-1328713501, 700, Task 3
2023-06-19 08:39:12,967 INFO 900 trades, 1328689718-1328690617, 720, Task 4
2023-06-19 08:39:12,980 INFO 1000 trades, 1328759666-1328760665, 740, Task 1
2023-06-19 08:39:14,235 INFO 1000 trades, 1328734586-1328735585, 760, Task 2
2023-06-19 08:39:14,303 INFO 1000 trades, 1328711702-1328712701, 780, Task 3
2023-06-19 08:39:14,399 INFO 1000 trades, 1328688818-1328689817, 800, Task 4
2023-06-19 08:39:14,453 INFO 1000 trades, 1328758666-1328759665, 820, Task 1
2023-06-19 08:39:15,737 INFO 1000 trades, 1328710702-1328711701, 840, Task 3
2023-06-19 08:39:15,764 INFO 1000 trades, 1328733586-1328734585, 860, Task 2
2023-06-19 08:39:15,867 INFO 1000 trades, 1328757666-1328758665, 880, Task 1
2023-06-19 08:39:15,877 INFO 1000 trades, 1328687818-1328688817, 900, Task 4
2023-06-19 08:39:17,203 INFO 1000 trades, 1328732586-1328733585, 920, Task 2
2023-06-19 08:39:17,227 INFO 1000 trades, 1328709702-1328710701, 940, Task 3
2023-06-19 08:39:17,262 INFO 1000 trades, 1328756666-1328757665, 960, Task 1
2023-06-19 08:39:17,407 INFO 1000 trades, 1328686818-1328687817, 980, Task 4
2023-06-19 08:39:18,606 INFO 1000 trades, 1328708702-1328709701, 1000, Task 3
2023-06-19 08:39:18,623 INFO 1000 trades, 1328731586-1328732585, 1020, Task 2
2023-06-19 08:39:18,752 INFO 1000 trades, 1328755666-1328756665, 1040, Task 1
2023-06-19 08:39:18,915 INFO 1000 trades, 1328685818-1328686817, 1060, Task 4
2023-06-19 08:39:20,111 INFO 1000 trades, 1328707702-1328708701, 1080, Task 3
2023-06-19 08:39:20,137 INFO 1000 trades, 1328754666-1328755665, 1120, Task 1
2023-06-19 08:39:20,142 INFO 1000 trades, 1328730586-1328731585, 1100, Task 2
2023-06-19 08:39:20,334 INFO 1000 trades, 1328684818-1328685817, 1140, Task 4
2023-06-19 08:39:21,527 INFO 1000 trades, 1328753666-1328754665, 1160, Task 1
2023-06-19 08:39:21,575 INFO 1000 trades, 1328729586-1328730585, 1180, Task 2
2023-06-19 08:39:21,580 INFO 1000 trades, 1328706702-1328707701, 1200, Task 3
2023-06-19 08:39:21,734 INFO 1000 trades, 1328683818-1328684817, 1220, Task 4
2023-06-19 08:39:22,951 INFO 1000 trades, 1328752666-1328753665, 1240, Task 1
2023-06-19 08:39:23,029 INFO 1000 trades, 1328728586-1328729585, 1260, Task 2
2023-06-19 08:39:23,055 INFO 1000 trades, 1328705702-1328706701, 1280, Task 3
2023-06-19 08:39:23,208 INFO 1000 trades, 1328682818-1328683817, 1300, Task 4
2023-06-19 08:39:24,415 INFO 1000 trades, 1328727586-1328728585, 1320, Task 2
2023-06-19 08:39:24,452 INFO 1000 trades, 1328751666-1328752665, 1340, Task 1
2023-06-19 08:39:24,471 INFO 1000 trades, 1328704702-1328705701, 1360, Task 3
2023-06-19 08:39:24,693 INFO 1000 trades, 1328681818-1328682817, 1380, Task 4
2023-06-19 08:39:25,857 INFO 1000 trades, 1328750666-1328751665, 1400, Task 1
2023-06-19 08:39:25,888 INFO 1000 trades, 1328726586-1328727585, 1420, Task 2
2023-06-19 08:39:25,959 INFO 1000 trades, 1328703702-1328704701, 1440, Task 3
2023-06-19 08:39:26,160 INFO 1000 trades, 1328680818-1328681817, 1460, Task 4
2023-06-19 08:39:27,299 INFO 1000 trades, 1328725586-1328726585, 1480, Task 2
2023-06-19 08:39:27,324 INFO 1000 trades, 1328749666-1328750665, 1500, Task 1
2023-06-19 08:39:27,429 INFO 1000 trades, 1328702702-1328703701, 1520, Task 3
2023-06-19 08:39:27,588 INFO 1000 trades, 1328679818-1328680817, 1540, Task 4
2023-06-19 08:39:28,722 INFO 1000 trades, 1328724586-1328725585, 1560, Task 2
2023-06-19 08:39:28,766 INFO 1000 trades, 1328748666-1328749665, 1580, Task 1
2023-06-19 08:39:28,888 INFO 1000 trades, 1328701702-1328702701, 1600, Task 3
2023-06-19 08:39:28,991 INFO 1000 trades, 1328678818-1328679817, 1620, Task 4
2023-06-19 08:39:30,155 INFO 1000 trades, 1328723586-1328724585, 1640, Task 2
2023-06-19 08:39:30,183 INFO 1000 trades, 1328747666-1328748665, 1660, Task 1
2023-06-19 08:39:30,301 INFO 1000 trades, 1328700702-1328701701, 1680, Task 3
2023-06-19 08:39:30,407 INFO 1000 trades, 1328677818-1328678817, 1700, Task 4
2023-06-19 08:39:31,586 INFO 
cool down triggered with 1720, Task 2, sleeping for 3 seconds...
2023-06-19 08:39:31,672 INFO 
cool down triggered with 1740, Task 1, sleeping for 3 seconds...
2023-06-19 08:39:31,788 INFO 
cool down triggered with 1760, Task 3, sleeping for 3 seconds...
2023-06-19 08:39:31,818 INFO 
cool down triggered with 1780, Task 4, sleeping for 3 seconds...
2023-06-19 08:39:34,587 INFO 1000 trades, 1328722586-1328723585, 1720, Task 2
2023-06-19 08:39:34,673 INFO 1000 trades, 1328746666-1328747665, 1740, Task 1
2023-06-19 08:39:34,790 INFO 1000 trades, 1328699702-1328700701, 1760, Task 3
2023-06-19 08:39:34,819 INFO 1000 trades, 1328676818-1328677817, 1780, Task 4
2023-06-19 08:39:35,916 INFO 
cool down triggered with 1840, Task 3, sleeping for 3 seconds...
2023-06-19 08:39:36,067 INFO 
cool down triggered with 1800, Task 2, sleeping for 3 seconds...
2023-06-19 08:39:36,160 INFO 
cool down triggered with 1820, Task 1, sleeping for 3 seconds...
2023-06-19 08:39:36,289 INFO 
cool down triggered with 1860, Task 4, sleeping for 3 seconds...
2023-06-19 08:39:38,917 INFO 884 trades, 1328698702-1328699585, 1840, Task 3
2023-06-19 08:39:39,069 INFO 884 trades, 1328721586-1328722469, 1800, Task 2
2023-06-19 08:39:39,162 INFO 1000 trades, 1328745666-1328746665, 1820, Task 1
2023-06-19 08:39:39,290 INFO 884 trades, 1328675818-1328676701, 1860, Task 4
2023-06-19 08:39:40,568 INFO 
cool down triggered with 1880, Task 1, sleeping for 3 seconds...
2023-06-19 08:39:43,570 INFO 1000 trades, 1328744666-1328745665, 1880, Task 1
2023-06-19 08:39:44,694 INFO 
cool down triggered with 1900, Task 1, sleeping for 3 seconds...
2023-06-19 08:39:47,695 INFO 80 trades, 1328743666-1328743745, 1900, Task 1
