2023-06-19 13:12:33,716 INFO 1 trades, 102116874-102116874, 26, Task-228
2023-06-19 13:12:34,920 INFO 1 trades, 51058437-51058437, 46, Task-228
2023-06-19 13:12:36,039 INFO 1 trades, 76587656-76587656, 66, Task-228
2023-06-19 13:12:37,192 INFO 1 trades, 89352265-89352265, 86, Task-228
2023-06-19 13:12:38,476 INFO 1 trades, 95734570-95734570, 106, Task-228
2023-06-19 13:12:39,587 INFO 1 trades, 98925722-98925722, 126, Task-228
2023-06-19 13:12:40,784 INFO 1 trades, 100521298-100521298, 146, Task-228
2023-06-19 13:12:41,986 INFO 1 trades, 101319086-101319086, 166, Task-228
2023-06-19 13:12:43,180 INFO 1 trades, 101717980-101717980, 186, Task-228
2023-06-19 13:12:44,337 INFO 1 trades, 101917427-101917427, 206, Task-228
2023-06-19 13:12:45,512 INFO 1 trades, 102017151-102017151, 226, Task-228
2023-06-19 13:12:46,689 INFO 1 trades, 101967289-101967289, 246, Task-228
2023-06-19 13:12:47,867 INFO 1 trades, 101942358-101942358, 266, Task-228
2023-06-19 13:12:49,010 INFO 1 trades, 101954823-101954823, 286, Task-228
2023-06-19 13:12:50,199 INFO 1 trades, 101948590-101948590, 306, Task-228
2023-06-19 13:12:51,396 INFO 1 trades, 101945474-101945474, 326, Task-228
2023-06-19 13:12:52,532 INFO 1 trades, 101947032-101947032, 346, Task-228
2023-06-19 13:12:53,659 INFO 1 trades, 101946253-101946253, 366, Task-228
2023-06-19 13:12:54,846 INFO 1 trades, 101945863-101945863, 386, Task-228
2023-06-19 13:12:55,962 INFO 1 trades, 101946058-101946058, 406, Task-228
2023-06-19 13:12:57,163 INFO 1 trades, 101946155-101946155, 426, Task-228
2023-06-19 13:12:58,354 INFO 1 trades, 101946204-101946204, 446, Task-228
2023-06-19 13:12:59,558 INFO 1 trades, 101946179-101946179, 466, Task-228
2023-06-19 13:13:00,753 INFO 1 trades, 101946167-101946167, 20, Task-228
2023-06-19 13:13:01,960 INFO 1 trades, 101946161-101946161, 40, Task-228
2023-06-19 13:13:03,149 INFO 1 trades, 101946164-101946164, 60, Task-228
2023-06-19 13:13:04,274 INFO 1 trades, 101946165-101946165, 80, Task-228
2023-06-19 13:13:05,416 INFO 1 trades, 101946166-101946166, 100, Task-228
2023-06-19 13:13:07,015 INFO 175 trades, 102116874-102117048, 160, Task 1
2023-06-19 13:13:08,207 INFO 350 trades, 102116699-102117048, 200, Task 1
2023-06-19 13:13:09,250 INFO 900 trades, 102074197-102075096, 120, Task 2
2023-06-19 13:13:09,329 INFO 717 trades, 102116349-102117065, 220, Task 1
2023-06-19 13:13:09,900 WARNING API call failed with status code 400, retrying with reduced limit of {reduced_limit}
2023-06-19 13:13:09,918 WARNING API call failed with status code 400, retrying with reduced limit of {reduced_limit}
2023-06-19 13:13:10,517 INFO 900 trades, 102115632-102116531, 300, Task 1
2023-06-19 13:13:10,657 INFO 900 trades, 102073297-102074196, 280, Task 2
2023-06-19 13:13:11,499 INFO 540 trades, 102031520-102032059, 260, Task 3
2023-06-19 13:13:12,073 INFO 900 trades, 102072397-102073296, 340, Task 2
2023-06-19 13:13:12,412 INFO 540 trades, 101988843-101989382, 240, Task 4
2023-06-19 13:13:13,464 INFO 900 trades, 102071497-102072396, 380, Task 2
2023-06-19 13:13:13,910 INFO 540 trades, 102030980-102031519, 360, Task 3
2023-06-19 13:13:13,918 INFO 900 trades, 102114732-102115631, 320, Task 1
2023-06-19 13:13:15,596 INFO 540 trades, 101988303-101988842, 400, Task 4
2023-06-19 13:13:16,292 INFO 900 trades, 102070597-102071496, 420, Task 2
2023-06-19 13:13:17,332 INFO 540 trades, 101987763-101988302, 480, Task 4
2023-06-19 13:13:17,943 WARNING API call failed with status code 400, retrying with reduced limit of {reduced_limit}
2023-06-19 13:13:17,945 WARNING API call failed with status code 400, retrying with reduced limit of {reduced_limit}
2023-06-19 13:13:18,408 INFO 540 trades, 102113832-102114371, 540, Task 1
2023-06-19 13:13:19,964 INFO 324 trades, 102030440-102030763, 520, Task 3
2023-06-19 13:13:20,246 INFO 900 trades, 102069697-102070596, 500, Task 2
2023-06-19 13:13:21,345 INFO 540 trades, 101987223-101987762, 560, Task 4
2023-06-19 13:13:22,446 WARNING API call failed with status code 400, retrying with reduced limit of {reduced_limit}
2023-06-19 13:13:22,875 INFO 324 trades, 102030116-102030439, 600, Task 3
2023-06-19 13:13:24,322 WARNING API call failed with status code 400, retrying with reduced limit of {reduced_limit}
2023-06-19 13:13:24,536 INFO 324 trades, 102113292-102113615, 660, Task 1
2023-06-19 13:13:24,784 INFO 324 trades, 102029792-102030115, 680, Task 3
2023-06-19 13:13:25,378 WARNING API call failed with status code 400, retrying with reduced limit of {reduced_limit}
2023-06-19 13:13:26,501 INFO 324 trades, 101986683-101987006, 740, Task 4
2023-06-19 13:13:26,922 INFO 324 trades, 102029468-102029791, 760, Task 3
2023-06-19 13:13:27,119 INFO 540 trades, 102068797-102069336, 700, Task 2
2023-06-19 13:13:27,873 INFO 324 trades, 102112968-102113291, 720, Task 1
2023-06-19 13:13:28,206 INFO 324 trades, 102029144-102029467, 800, Task 3
2023-06-19 13:13:28,426 INFO 540 trades, 102068257-102068796, 820, Task 2
2023-06-19 13:13:29,495 INFO 324 trades, 101986359-101986682, 780, Task 4
2023-06-19 13:13:29,528 INFO 324 trades, 102028820-102029143, 860, Task 3
2023-06-19 13:13:29,689 INFO 540 trades, 102067717-102068256, 880, Task 2
2023-06-19 13:13:30,811 INFO 324 trades, 102112644-102112967, 840, Task 1
2023-06-19 13:13:30,817 INFO 324 trades, 102028496-102028819, 920, Task 3
2023-06-19 13:13:31,374 INFO 540 trades, 102067177-102067716, 940, Task 2
2023-06-19 13:13:32,098 INFO 324 trades, 102028172-102028495, 980, Task 3
2023-06-19 13:13:32,467 INFO 324 trades, 101986035-101986358, 900, Task 4
2023-06-19 13:13:33,498 INFO 324 trades, 102112320-102112643, 960, Task 1
2023-06-19 13:13:33,960 INFO 648 trades, 102027848-102028495, 1020, Task 3
2023-06-19 13:13:34,614 INFO 1000 trades, 102066637-102067636, 1000, Task 2
2023-06-19 13:13:35,595 INFO 648 trades, 102027200-102027847, 1080, Task 3
2023-06-19 13:13:35,675 INFO 324 trades, 101985711-101986034, 1040, Task 4
2023-06-19 13:13:36,353 INFO 648 trades, 102111996-102112643, 1060, Task 1
2023-06-19 13:13:36,896 INFO 648 trades, 102026552-102027199, 1120, Task 3
2023-06-19 13:13:38,253 INFO 648 trades, 102025904-102026551, 1180, Task 3
2023-06-19 13:13:38,270 INFO 1000 trades, 102065637-102066636, 1100, Task 2
2023-06-19 13:13:38,459 INFO 324 trades, 101985387-101985710, 1140, Task 4
2023-06-19 13:13:39,630 INFO 648 trades, 102025256-102025903, 1200, Task 3
2023-06-19 13:13:40,028 INFO 648 trades, 102111348-102111995, 1160, Task 1
2023-06-19 13:13:41,505 INFO 1000 trades, 102064637-102065636, 1220, Task 2
2023-06-19 13:13:41,675 INFO 324 trades, 101985063-101985386, 1240, Task 4
2023-06-19 13:13:43,615 INFO 1000 trades, 102063637-102064636, 1300, Task 2
2023-06-19 13:13:43,741 WARNING API call failed with status code 400, retrying with reduced limit of {reduced_limit}
2023-06-19 13:13:44,063 WARNING API call failed with status code 400, retrying with reduced limit of {reduced_limit}
2023-06-19 13:13:45,357 INFO 388 trades, 102110700-102111087, 1360, Task 1
2023-06-19 13:13:45,735 WARNING API call failed with status code 400, retrying with reduced limit of {reduced_limit}
2023-06-19 13:13:46,588 INFO 388 trades, 102110312-102110699, 1420, Task 1
2023-06-19 13:13:46,663 INFO 388 trades, 102024608-102024995, 1340, Task 3
2023-06-19 13:13:47,713 WARNING API call failed with status code 400, retrying with reduced limit of {reduced_limit}
2023-06-19 13:13:48,147 INFO 388 trades, 101984739-101985126, 1400, Task 4
2023-06-19 13:13:48,326 INFO 388 trades, 102109924-102110311, 1440, Task 1
2023-06-19 13:13:50,298 INFO 388 trades, 102024220-102024607, 1460, Task 3
2023-06-19 13:13:50,518 INFO 388 trades, 102109536-102109923, 1520, Task 1
2023-06-19 13:13:50,915 WARNING API call failed with status code 400, retrying with reduced limit of {reduced_limit}
2023-06-19 13:13:51,241 INFO 119 trades, 102062637-102062755, 1540, Task 2
2023-06-19 13:13:51,400 INFO 388 trades, 101984351-101984738, 1500, Task 4
2023-06-19 13:13:51,799 INFO 388 trades, 102109148-102109535, 1580, Task 1
2023-06-19 13:13:52,453 INFO 119 trades, 102062518-102062636, 1600, Task 2
2023-06-19 13:13:52,998 INFO 388 trades, 102108760-102109147, 1640, Task 1
2023-06-19 13:13:53,399 INFO 388 trades, 102023832-102024219, 1560, Task 3
2023-06-19 13:13:53,668 INFO 119 trades, 102062399-102062517, 1660, Task 2
2023-06-19 13:13:54,673 INFO 388 trades, 101983963-101984350, 1620, Task 4
2023-06-19 13:13:55,277 INFO 388 trades, 102108372-102108759, 1680, Task 1
2023-06-19 13:13:55,497 INFO 119 trades, 102062280-102062398, 1720, Task 2
2023-06-19 13:13:55,497 INFO 
cool down triggered with 1720, Task 2, sleeping for 3 seconds...
2023-06-19 13:13:55,677 INFO 388 trades, 102023444-102023831, 1700, Task 3
2023-06-19 13:13:56,497 INFO 388 trades, 102107984-102108371, 1760, Task 1
2023-06-19 13:13:56,497 INFO 
cool down triggered with 1760, Task 1, sleeping for 3 seconds...
2023-06-19 13:13:57,985 INFO 388 trades, 101983575-101983962, 1740, Task 4
2023-06-19 13:13:57,985 INFO 
cool down triggered with 1740, Task 4, sleeping for 3 seconds...
2023-06-19 13:13:58,886 INFO 388 trades, 102023056-102023443, 1780, Task 3
2023-06-19 13:13:58,886 INFO 
cool down triggered with 1780, Task 3, sleeping for 3 seconds...
2023-06-19 13:13:59,660 INFO 119 trades, 102062161-102062279, 1800, Task 2
2023-06-19 13:13:59,660 INFO 
cool down triggered with 1800, Task 2, sleeping for 3 seconds...
2023-06-19 13:14:00,887 INFO 776 trades, 102107596-102108371, 20, Task 1
2023-06-19 13:14:03,209 INFO 388 trades, 101983187-101983574, 60, Task 4
2023-06-19 13:14:03,624 INFO 776 trades, 102106820-102107595, 40, Task 1
2023-06-19 13:14:04,524 INFO 119 trades, 102062042-102062160, 100, Task 2
2023-06-19 13:14:05,387 INFO 388 trades, 101982799-101983186, 120, Task 4
2023-06-19 13:14:05,636 INFO 776 trades, 102106044-102106819, 140, Task 1
2023-06-19 13:14:05,985 WARNING API call failed with status code 400, retrying with reduced limit of {reduced_limit}
2023-06-19 13:14:06,413 INFO 238 trades, 102061923-102062160, 160, Task 2
2023-06-19 13:14:06,971 INFO 776 trades, 102105268-102106043, 220, Task 1
2023-06-19 13:14:07,471 INFO 465 trades, 102022668-102023132, 180, Task 3
2023-06-19 13:14:07,583 INFO 238 trades, 102061685-102061922, 240, Task 2
2023-06-19 13:14:07,650 INFO 388 trades, 101982411-101982798, 200, Task 4
2023-06-19 13:14:09,147 INFO 238 trades, 102061447-102061684, 300, Task 2
2023-06-19 13:14:09,221 INFO 465 trades, 102022203-102022667, 280, Task 3
2023-06-19 13:14:10,333 INFO 238 trades, 102061209-102061446, 340, Task 2
2023-06-19 13:14:10,387 INFO 776 trades, 102104492-102105267, 260, Task 1
2023-06-19 13:14:10,816 INFO 388 trades, 101982023-101982410, 320, Task 4
2023-06-19 13:14:11,535 INFO 238 trades, 102060971-102061208, 380, Task 2
2023-06-19 13:14:11,782 INFO 776 trades, 102103716-102104491, 400, Task 1
2023-06-19 13:14:12,338 INFO 465 trades, 102021738-102022202, 360, Task 3
2023-06-19 13:14:13,135 INFO 776 trades, 102102940-102103715, 440, Task 1
2023-06-19 13:14:13,234 INFO 388 trades, 101981635-101982022, 420, Task 4
2023-06-19 13:14:13,769 INFO 238 trades, 102060733-102060970, 480, Task 2
2023-06-19 13:14:14,422 INFO 776 trades, 102102164-102102939, 500, Task 1
2023-06-19 13:14:15,363 INFO 465 trades, 102021273-102021737, 460, Task 3
2023-06-19 13:14:15,746 INFO 238 trades, 102060495-102060732, 540, Task 2
2023-06-19 13:14:16,502 INFO 388 trades, 101981247-101981634, 520, Task 4
2023-06-19 13:14:17,468 INFO 776 trades, 102101388-102102163, 560, Task 1
2023-06-19 13:14:17,559 INFO 465 trades, 102020808-102021272, 580, Task 3
2023-06-19 13:14:18,174 INFO 238 trades, 102060257-102060494, 600, Task 2
2023-06-19 13:14:20,572 WARNING API call failed with status code 400, retrying with reduced limit of {reduced_limit}
2023-06-19 13:14:20,663 INFO 238 trades, 102060019-102060256, 680, Task 2
2023-06-19 13:14:21,030 INFO 776 trades, 102100612-102101387, 640, Task 1
2023-06-19 13:14:21,406 INFO 465 trades, 102020343-102020807, 660, Task 3
2023-06-19 13:14:23,059 INFO 465 trades, 101980859-101981323, 700, Task 4
2023-06-19 13:14:23,144 INFO 238 trades, 102059781-102060018, 720, Task 2
2023-06-19 13:14:24,226 INFO 465 trades, 102019878-102020342, 760, Task 3
2023-06-19 13:14:24,270 INFO 1000 trades, 102099836-102100835, 740, Task 1
2023-06-19 13:14:25,675 INFO 1000 trades, 102098836-102099835, 840, Task 1
2023-06-19 13:14:25,678 INFO 476 trades, 102059543-102060018, 800, Task 2
2023-06-19 13:14:26,718 INFO 465 trades, 101980394-101980858, 780, Task 4
2023-06-19 13:14:27,036 INFO 1000 trades, 102097836-102098835, 860, Task 1
2023-06-19 13:14:27,579 INFO 465 trades, 102019413-102019877, 820, Task 3
2023-06-19 13:14:29,376 INFO 476 trades, 102059067-102059542, 880, Task 2
2023-06-19 13:14:30,283 INFO 465 trades, 101979929-101980393, 900, Task 4
2023-06-19 13:14:30,993 INFO 1000 trades, 102096836-102097835, 920, Task 1
2023-06-19 13:14:31,118 INFO 465 trades, 102018948-102019412, 940, Task 3
2023-06-19 13:14:33,466 WARNING API call failed with status code 400, retrying with reduced limit of {reduced_limit}
2023-06-19 13:14:33,863 INFO 465 trades, 101979464-101979928, 980, Task 4
2023-06-19 13:14:34,094 INFO 1000 trades, 102095836-102096835, 1000, Task 1
2023-06-19 13:14:34,808 INFO 465 trades, 102018483-102018947, 1020, Task 3
2023-06-19 13:14:34,923 INFO 285 trades, 102058591-102058875, 1040, Task 2
2023-06-19 13:14:36,195 INFO 285 trades, 102058306-102058590, 1120, Task 2
2023-06-19 13:14:37,549 INFO 465 trades, 101978999-101979463, 1060, Task 4
2023-06-19 13:14:38,192 WARNING API call failed with status code 400, retrying with reduced limit of {reduced_limit}
2023-06-19 13:14:38,196 INFO 285 trades, 102058021-102058305, 1140, Task 2
2023-06-19 13:14:38,905 WARNING API call failed with status code 400, retrying with reduced limit of {reduced_limit}
2023-06-19 13:14:39,003 INFO 600 trades, 102094836-102095435, 1160, Task 1
2023-06-19 13:14:39,463 INFO 285 trades, 102057736-102058020, 1220, Task 2
2023-06-19 13:14:40,651 INFO 285 trades, 102057451-102057735, 1260, Task 2
2023-06-19 13:14:41,139 INFO 465 trades, 101978534-101978998, 1180, Task 4
2023-06-19 13:14:41,781 INFO 558 trades, 102018018-102018575, 1200, Task 3
2023-06-19 13:14:41,930 INFO 285 trades, 102057166-102057450, 1280, Task 2
2023-06-19 13:14:42,262 INFO 600 trades, 102094236-102094835, 1240, Task 1
2023-06-19 13:14:43,648 INFO 285 trades, 102056881-102057165, 1340, Task 2
2023-06-19 13:14:44,436 INFO 600 trades, 102093636-102094235, 1360, Task 1
2023-06-19 13:14:45,157 WARNING API call failed with status code 400, retrying with reduced limit of {reduced_limit}
2023-06-19 13:14:45,370 INFO 285 trades, 102056596-102056880, 1380, Task 2
2023-06-19 13:14:45,861 WARNING API call failed with status code 400, retrying with reduced limit of {reduced_limit}
2023-06-19 13:14:46,000 INFO 600 trades, 102093036-102093635, 1420, Task 1
2023-06-19 13:14:46,234 INFO 334 trades, 102017460-102017793, 1440, Task 3
2023-06-19 13:14:46,938 INFO 279 trades, 101978069-101978347, 1400, Task 4
2023-06-19 13:14:47,358 INFO 600 trades, 102092436-102093035, 1480, Task 1
2023-06-19 13:14:48,655 INFO 570 trades, 102056311-102056880, 1460, Task 2
2023-06-19 13:14:48,780 INFO 1000 trades, 102091836-102092835, 1540, Task 1
2023-06-19 13:14:49,084 INFO 334 trades, 102017126-102017459, 1500, Task 3
2023-06-19 13:14:49,890 INFO 279 trades, 101977790-101978068, 1520, Task 4
2023-06-19 13:14:50,307 INFO 334 trades, 102016792-102017125, 1600, Task 3
2023-06-19 13:14:51,394 INFO 1000 trades, 102090836-102091835, 1580, Task 1
2023-06-19 13:14:51,580 INFO 334 trades, 102016458-102016791, 1640, Task 3
2023-06-19 13:14:52,530 INFO 279 trades, 101977511-101977789, 1620, Task 4
2023-06-19 13:14:52,774 WARNING API call failed with status code 400, retrying with reduced limit of {reduced_limit}
2023-06-19 13:14:54,162 INFO 1000 trades, 102089836-102090835, 1660, Task 1
2023-06-19 13:14:54,507 INFO 334 trades, 102016124-102016457, 1680, Task 3
2023-06-19 13:14:54,903 INFO 342 trades, 102055741-102056082, 1700, Task 2
2023-06-19 13:14:55,189 INFO 279 trades, 101977232-101977510, 1720, Task 4
2023-06-19 13:14:55,189 INFO 
cool down triggered with 1720, Task 4, sleeping for 3 seconds...
2023-06-19 13:14:57,457 INFO 334 trades, 102015790-102016123, 1760, Task 3
2023-06-19 13:14:57,457 INFO 
cool down triggered with 1760, Task 3, sleeping for 3 seconds...
2023-06-19 13:14:58,261 WARNING API call failed with status code 400, retrying with reduced limit of {reduced_limit}
2023-06-19 13:14:58,439 INFO 342 trades, 102055399-102055740, 1780, Task 2
2023-06-19 13:14:58,439 INFO 
cool down triggered with 1780, Task 2, sleeping for 3 seconds...
2023-06-19 13:15:00,886 INFO 558 trades, 101976953-101977510, 1820, Task 4
2023-06-19 13:15:00,886 INFO 
cool down triggered with 1820, Task 4, sleeping for 3 seconds...
2023-06-19 13:15:01,464 WARNING API call failed with status code 400, retrying with reduced limit of {reduced_limit}
2023-06-19 13:15:02,603 INFO 119 trades, 102088836-102088954, 40, Task 1
2023-06-19 13:15:03,468 INFO 334 trades, 102015456-102015789, 20, Task 3
2023-06-19 13:15:04,486 INFO 119 trades, 102088717-102088835, 80, Task 1
2023-06-19 13:15:04,496 INFO 342 trades, 102055057-102055398, 60, Task 2
2023-06-19 13:15:05,760 INFO 342 trades, 102054715-102055056, 160, Task 2
2023-06-19 13:15:06,289 INFO 119 trades, 102088598-102088716, 120, Task 1
2023-06-19 13:15:07,488 INFO 334 trades, 102015122-102015455, 140, Task 3
2023-06-19 13:15:07,981 WARNING API call failed with status code 400, retrying with reduced limit of {reduced_limit}
2023-06-19 13:15:08,120 INFO 119 trades, 102088479-102088597, 200, Task 1
2023-06-19 13:15:08,796 INFO 342 trades, 102054373-102054714, 180, Task 2
2023-06-19 13:15:10,058 INFO 342 trades, 102054031-102054372, 280, Task 2
2023-06-19 13:15:10,102 INFO 119 trades, 102088360-102088478, 260, Task 1
2023-06-19 13:15:10,259 INFO 334 trades, 101976395-101976728, 220, Task 4
2023-06-19 13:15:10,825 INFO 334 trades, 102014788-102015121, 240, Task 3
2023-06-19 13:15:11,325 INFO 342 trades, 102053689-102054030, 300, Task 2
2023-06-19 13:15:11,327 INFO 119 trades, 102088241-102088359, 320, Task 1
2023-06-19 13:15:12,517 INFO 342 trades, 102053347-102053688, 380, Task 2
2023-06-19 13:15:12,867 INFO 119 trades, 102088122-102088240, 400, Task 1
2023-06-19 13:15:13,265 INFO 334 trades, 101976061-101976394, 340, Task 4
2023-06-19 13:15:14,826 INFO 238 trades, 102088003-102088240, 440, Task 1
2023-06-19 13:15:14,859 WARNING API call failed with status code 400, retrying with reduced limit of {reduced_limit}
2023-06-19 13:15:15,926 INFO 342 trades, 102053005-102053346, 420, Task 2
2023-06-19 13:15:16,278 INFO 334 trades, 101975727-101976060, 460, Task 4
2023-06-19 13:15:16,804 INFO 238 trades, 102087765-102088002, 500, Task 1
2023-06-19 13:15:17,389 INFO 400 trades, 102014454-102014853, 480, Task 3
2023-06-19 13:15:18,005 INFO 238 trades, 102087527-102087764, 560, Task 1
2023-06-19 13:15:18,972 INFO 400 trades, 102014054-102014453, 580, Task 3
2023-06-19 13:15:19,170 INFO 334 trades, 101975393-101975726, 540, Task 4
2023-06-19 13:15:19,246 INFO 238 trades, 102087289-102087526, 600, Task 1
2023-06-19 13:15:19,945 WARNING API call failed with status code 400, retrying with reduced limit of {reduced_limit}
2023-06-19 13:15:20,447 INFO 238 trades, 102087051-102087288, 680, Task 1
2023-06-19 13:15:22,082 INFO 238 trades, 102086813-102087050, 700, Task 1
2023-06-19 13:15:22,137 INFO 334 trades, 101975059-101975392, 660, Task 4
2023-06-19 13:15:22,313 INFO 400 trades, 102013654-102014053, 620, Task 3
2023-06-19 13:15:22,415 INFO 410 trades, 102052663-102053072, 640, Task 2
2023-06-19 13:15:23,265 INFO 238 trades, 102086575-102086812, 720, Task 1
2023-06-19 13:15:24,450 INFO 238 trades, 102086337-102086574, 800, Task 1
2023-06-19 13:15:25,568 INFO 334 trades, 101974725-101975058, 740, Task 4
2023-06-19 13:15:25,687 INFO 400 trades, 102013254-102013653, 760, Task 3
2023-06-19 13:15:25,833 INFO 410 trades, 102052253-102052662, 780, Task 2
2023-06-19 13:15:26,542 INFO 238 trades, 102086099-102086336, 820, Task 1
2023-06-19 13:15:27,759 INFO 238 trades, 102085861-102086098, 900, Task 1
2023-06-19 13:15:28,918 INFO 334 trades, 101974391-101974724, 840, Task 4
2023-06-19 13:15:29,068 INFO 400 trades, 102012854-102013253, 860, Task 3
2023-06-19 13:15:29,330 INFO 410 trades, 102051843-102052252, 880, Task 2
2023-06-19 13:15:30,027 INFO 476 trades, 102085623-102086098, 920, Task 1
2023-06-19 13:15:31,910 INFO 400 trades, 102012454-102012853, 960, Task 3
2023-06-19 13:15:31,956 INFO 334 trades, 101974057-101974390, 940, Task 4
2023-06-19 13:15:32,819 INFO 410 trades, 102051433-102051842, 980, Task 2
2023-06-19 13:15:33,922 INFO 476 trades, 102085147-102085622, 1000, Task 1
2023-06-19 13:15:35,004 INFO 334 trades, 101973723-101974056, 1040, Task 4
2023-06-19 13:15:35,441 INFO 400 trades, 102012054-102012453, 1020, Task 3
2023-06-19 13:15:37,042 INFO 410 trades, 102051023-102051432, 1060, Task 2
2023-06-19 13:15:38,325 INFO 410 trades, 102050613-102051022, 1140, Task 2
2023-06-19 13:15:38,610 INFO 476 trades, 102084671-102085146, 1080, Task 1
2023-06-19 13:15:38,749 INFO 400 trades, 102011654-102012053, 1120, Task 3
2023-06-19 13:15:39,092 WARNING API call failed with status code 400, retrying with reduced limit of {reduced_limit}
2023-06-19 13:15:40,067 INFO 410 trades, 102050203-102050612, 1180, Task 2
2023-06-19 13:15:40,132 INFO 476 trades, 102084195-102084670, 1200, Task 1
2023-06-19 13:15:40,918 INFO 400 trades, 102011254-102011653, 1220, Task 3
2023-06-19 13:15:41,343 INFO 400 trades, 101973389-101973788, 1160, Task 4
2023-06-19 13:15:41,370 INFO 410 trades, 102049793-102050202, 1260, Task 2
2023-06-19 13:15:41,560 INFO 476 trades, 102083719-102084194, 1240, Task 1
2023-06-19 13:15:42,219 INFO 400 trades, 102010854-102011253, 1280, Task 3
2023-06-19 13:15:42,834 INFO 476 trades, 102083243-102083718, 1340, Task 1
2023-06-19 13:15:43,061 INFO 410 trades, 102049383-102049792, 1320, Task 2
2023-06-19 13:15:44,166 INFO 476 trades, 102082767-102083242, 1380, Task 1
2023-06-19 13:15:44,689 INFO 400 trades, 101972989-101973388, 1300, Task 4
2023-06-19 13:15:45,405 INFO 476 trades, 102082291-102082766, 1420, Task 1
2023-06-19 13:15:45,546 INFO 410 trades, 102048973-102049382, 1400, Task 2
2023-06-19 13:15:46,276 WARNING API call failed with status code 400, retrying with reduced limit of {reduced_limit}
2023-06-19 13:15:46,688 INFO 480 trades, 102010454-102010933, 1460, Task 3
2023-06-19 13:15:46,732 INFO 476 trades, 102081815-102082290, 1480, Task 1
2023-06-19 13:15:47,953 INFO 400 trades, 101972589-101972988, 1440, Task 4
2023-06-19 13:15:48,806 INFO 820 trades, 102048563-102049382, 1500, Task 2
2023-06-19 13:15:49,354 INFO 480 trades, 102009974-102010453, 1520, Task 3
2023-06-19 13:15:50,083 INFO 476 trades, 102081339-102081814, 1540, Task 1
2023-06-19 13:15:51,210 INFO 400 trades, 101972189-101972588, 1560, Task 4
2023-06-19 13:15:51,504 INFO 480 trades, 102009494-102009973, 1600, Task 3
2023-06-19 13:15:52,097 INFO 820 trades, 102047743-102048562, 1580, Task 2
2023-06-19 13:15:53,887 INFO 952 trades, 102080863-102081814, 1620, Task 1
2023-06-19 13:15:54,416 INFO 480 trades, 102009014-102009493, 1660, Task 3
2023-06-19 13:15:54,496 INFO 400 trades, 101971789-101972188, 1640, Task 4
2023-06-19 13:15:55,735 INFO 820 trades, 102046923-102047742, 1680, Task 2
2023-06-19 13:15:55,743 INFO 480 trades, 102008534-102009013, 1720, Task 3
2023-06-19 13:15:55,743 INFO 
cool down triggered with 1720, Task 3, sleeping for 3 seconds...
2023-06-19 13:15:57,886 INFO 400 trades, 101971389-101971788, 1740, Task 4
2023-06-19 13:15:57,886 INFO 
cool down triggered with 1740, Task 4, sleeping for 3 seconds...
2023-06-19 13:15:57,915 WARNING API call failed with status code 400, retrying with reduced limit of {reduced_limit}
2023-06-19 13:15:59,808 WARNING API call failed with status code 400, retrying with reduced limit of {reduced_limit}
2023-06-19 13:16:01,100 WARNING API call failed with status code 400, retrying with reduced limit of {reduced_limit}
2023-06-19 13:16:01,129 INFO 492 trades, 102046103-102046594, 20, Task 2
2023-06-19 13:16:01,607 INFO 114 trades, 102079911-102080024, 40, Task 1
2023-06-19 13:16:02,412 INFO 492 trades, 102045611-102046102, 80, Task 2
2023-06-19 13:16:02,454 INFO 480 trades, 102008054-102008533, 1800, Task 3
2023-06-19 13:16:02,454 INFO 
cool down triggered with 1800, Task 3, sleeping for 3 seconds...
2023-06-19 13:16:03,389 INFO 114 trades, 102079797-102079910, 100, Task 1
2023-06-19 13:16:03,727 INFO 492 trades, 102045119-102045610, 120, Task 2
2023-06-19 13:16:04,315 INFO 400 trades, 101970989-101971388, 60, Task 4
2023-06-19 13:16:04,591 INFO 114 trades, 102079683-102079796, 140, Task 1
2023-06-19 13:16:05,017 INFO 492 trades, 102044627-102045118, 160, Task 2
2023-06-19 13:16:05,815 INFO 114 trades, 102079569-102079682, 200, Task 1
2023-06-19 13:16:06,677 INFO 492 trades, 102044135-102044626, 220, Task 2
2023-06-19 13:16:06,717 INFO 480 trades, 102007574-102008053, 240, Task 3
2023-06-19 13:16:07,026 INFO 114 trades, 102079455-102079568, 260, Task 1
2023-06-19 13:16:07,701 INFO 400 trades, 101970589-101970988, 180, Task 4
2023-06-19 13:16:08,397 INFO 114 trades, 102079341-102079454, 320, Task 1
2023-06-19 13:16:09,554 INFO 114 trades, 102079227-102079340, 360, Task 1
2023-06-19 13:16:10,415 INFO 492 trades, 102043643-102044134, 280, Task 2
2023-06-19 13:16:10,474 INFO 480 trades, 102007094-102007573, 300, Task 3
2023-06-19 13:16:11,275 INFO 114 trades, 102079113-102079226, 380, Task 1
2023-06-19 13:16:11,522 INFO 400 trades, 101970189-101970588, 340, Task 4
2023-06-19 13:16:11,687 INFO 492 trades, 102043151-102043642, 400, Task 2
2023-06-19 13:16:11,719 INFO 480 trades, 102006614-102007093, 420, Task 3
2023-06-19 13:16:13,019 INFO 114 trades, 102078999-102079112, 440, Task 1
2023-06-19 13:16:13,038 INFO 480 trades, 102006134-102006613, 500, Task 3
2023-06-19 13:16:13,142 INFO 984 trades, 102042659-102043642, 480, Task 2
2023-06-19 13:16:14,209 INFO 228 trades, 102078885-102079112, 520, Task 1
2023-06-19 13:16:14,855 INFO 400 trades, 101969789-101970188, 460, Task 4
2023-06-19 13:16:16,313 INFO 228 trades, 102078657-102078884, 580, Task 1
2023-06-19 13:16:17,074 WARNING API call failed with status code 400, retrying with reduced limit of {reduced_limit}
2023-06-19 13:16:17,210 WARNING API call failed with status code 400, retrying with reduced limit of {reduced_limit}
2023-06-19 13:16:17,550 INFO 228 trades, 102078429-102078656, 640, Task 1
2023-06-19 13:16:17,690 INFO 576 trades, 102005654-102006229, 620, Task 3
2023-06-19 13:16:17,875 INFO 590 trades, 102041675-102042264, 660, Task 2
2023-06-19 13:16:18,726 INFO 228 trades, 102078201-102078428, 680, Task 1
2023-06-19 13:16:18,872 WARNING API call failed with status code 400, retrying with reduced limit of {reduced_limit}
2023-06-19 13:16:19,150 INFO 576 trades, 102005078-102005653, 700, Task 3
2023-06-19 13:16:19,956 INFO 228 trades, 102077973-102078200, 760, Task 1
2023-06-19 13:16:20,269 INFO 590 trades, 102041085-102041674, 720, Task 2
2023-06-19 13:16:21,136 INFO 228 trades, 102077745-102077972, 800, Task 1
2023-06-19 13:16:21,655 INFO 590 trades, 102040495-102041084, 820, Task 2
2023-06-19 13:16:21,761 INFO 480 trades, 101969389-101969868, 740, Task 4
2023-06-19 13:16:22,413 INFO 228 trades, 102077517-102077744, 840, Task 1
2023-06-19 13:16:23,051 INFO 576 trades, 102004502-102005077, 780, Task 3
2023-06-19 13:16:23,714 INFO 228 trades, 102077289-102077516, 900, Task 1
2023-06-19 13:16:25,407 INFO 480 trades, 101968909-101969388, 880, Task 4
2023-06-19 13:16:25,495 INFO 228 trades, 102077061-102077288, 940, Task 1
2023-06-19 13:16:25,751 WARNING API call failed with status code 400, retrying with reduced limit of {reduced_limit}
2023-06-19 13:16:26,131 INFO 354 trades, 102039905-102040258, 960, Task 2
2023-06-19 13:16:27,089 WARNING API call failed with status code 400, retrying with reduced limit of {reduced_limit}
2023-06-19 13:16:27,952 INFO 228 trades, 102076833-102077060, 1000, Task 1
2023-06-19 13:16:28,849 INFO 354 trades, 102039551-102039904, 1020, Task 2
2023-06-19 13:16:28,851 INFO 345 trades, 102003926-102004270, 1040, Task 3
2023-06-19 13:16:29,502 WARNING API call failed with status code 400, retrying with reduced limit of {reduced_limit}
2023-06-19 13:16:30,466 INFO 456 trades, 102076605-102077060, 1060, Task 1
2023-06-19 13:16:31,488 INFO 288 trades, 101968429-101968716, 1080, Task 4
2023-06-19 13:16:32,314 INFO 345 trades, 102003581-102003925, 1120, Task 3
2023-06-19 13:16:32,360 INFO 354 trades, 102039197-102039550, 1100, Task 2
2023-06-19 13:16:32,982 INFO 456 trades, 102076149-102076604, 1140, Task 1
2023-06-19 13:16:34,272 INFO 456 trades, 102075693-102076148, 1220, Task 1
2023-06-19 13:16:34,644 INFO 288 trades, 101968141-101968428, 1160, Task 4
2023-06-19 13:16:35,410 INFO 345 trades, 102003236-102003580, 1180, Task 3
2023-06-19 13:16:35,456 INFO 354 trades, 102038843-102039196, 1200, Task 2
2023-06-19 13:16:35,658 INFO 456 trades, 102075237-102075692, 1240, Task 1
2023-06-19 13:16:36,680 INFO 354 trades, 102038489-102038842, 1280, Task 2
2023-06-19 13:16:36,904 INFO 456 trades, 102074781-102075236, 1320, Task 1
2023-06-19 13:16:37,453 INFO 288 trades, 101967853-101968140, 1260, Task 4
2023-06-19 13:16:38,750 INFO 128 trades, 102074325-102074452, 1360, Task 1
2023-06-19 13:16:38,980 INFO 345 trades, 102002891-102003235, 1300, Task 3
2023-06-19 13:16:39,608 INFO 354 trades, 102038135-102038488, 1340, Task 2
2023-06-19 13:16:40,190 INFO 288 trades, 101967565-101967852, 1380, Task 4
2023-06-19 13:16:42,101 INFO 345 trades, 102002546-102002890, 1400, Task 3
2023-06-19 13:16:42,971 INFO 288 trades, 101967277-101967564, 1440, Task 4
2023-06-19 13:16:43,357 INFO 708 trades, 102037781-102038488, 1420, Task 2
2023-06-19 13:16:44,642 INFO 708 trades, 102037073-102037780, 1500, Task 2
2023-06-19 13:16:44,796 INFO 345 trades, 102002201-102002545, 1460, Task 3
2023-06-19 13:16:45,680 INFO 288 trades, 101966989-101967276, 1480, Task 4
2023-06-19 13:16:47,192 INFO 708 trades, 102036365-102037072, 1520, Task 2
2023-06-19 13:16:47,658 INFO 345 trades, 102001856-102002200, 1540, Task 3
2023-06-19 13:16:48,650 INFO 288 trades, 101966701-101966988, 1560, Task 4
2023-06-19 13:16:49,355 INFO 708 trades, 102035657-102036364, 1580, Task 2
2023-06-19 13:16:49,899 INFO 690 trades, 102001511-102002200, 1600, Task 3
2023-06-19 13:16:51,434 INFO 288 trades, 101966413-101966700, 1620, Task 4
2023-06-19 13:16:53,433 WARNING API call failed with status code 400, retrying with reduced limit of {reduced_limit}
2023-06-19 13:16:53,942 WARNING API call failed with status code 400, retrying with reduced limit of {reduced_limit}
2023-06-19 13:16:55,291 INFO 424 trades, 102034949-102035372, 1700, Task 2
2023-06-19 13:16:55,442 INFO 414 trades, 102000821-102001234, 1720, Task 3
2023-06-19 13:16:55,442 INFO 
cool down triggered with 1720, Task 3, sleeping for 3 seconds...
2023-06-19 13:16:55,550 WARNING API call failed with status code 400, retrying with reduced limit of {reduced_limit}
2023-06-19 13:16:55,930 INFO 345 trades, 101966125-101966469, 1740, Task 4
2023-06-19 13:16:55,930 INFO 
cool down triggered with 1740, Task 4, sleeping for 3 seconds...
2023-06-19 13:16:58,875 INFO 424 trades, 102034525-102034948, 1760, Task 2
2023-06-19 13:16:58,875 INFO 
cool down triggered with 1760, Task 2, sleeping for 3 seconds...
2023-06-19 13:17:01,912 INFO 414 trades, 102000407-102000820, 1780, Task 3
2023-06-19 13:17:01,912 INFO 
cool down triggered with 1780, Task 3, sleeping for 3 seconds...
2023-06-19 13:17:02,539 INFO 345 trades, 101965780-101966124, 1800, Task 4
2023-06-19 13:17:02,539 INFO 
cool down triggered with 1800, Task 4, sleeping for 3 seconds...
2023-06-19 13:17:05,525 INFO 424 trades, 102034101-102034524, 20, Task 2
2023-06-19 13:17:07,750 INFO 414 trades, 101999993-102000406, 40, Task 3
2023-06-19 13:17:09,073 INFO 345 trades, 101965435-101965779, 80, Task 4
2023-06-19 13:17:09,552 WARNING API call failed with status code 400, retrying with reduced limit of {reduced_limit}
2023-06-19 13:17:09,891 INFO 254 trades, 102033677-102033930, 120, Task 2
2023-06-19 13:17:10,678 INFO 414 trades, 101999579-101999992, 100, Task 3
2023-06-19 13:17:11,147 INFO 254 trades, 102033423-102033676, 160, Task 2
2023-06-19 13:17:12,198 INFO 345 trades, 101965090-101965434, 140, Task 4
2023-06-19 13:17:12,410 INFO 254 trades, 102033169-102033422, 200, Task 2
2023-06-19 13:17:13,670 INFO 508 trades, 102032915-102033422, 240, Task 2
2023-06-19 13:17:13,989 INFO 414 trades, 101999165-101999578, 180, Task 3
2023-06-19 13:17:14,950 INFO 508 trades, 102032407-102032914, 260, Task 2
2023-06-19 13:17:15,304 INFO 345 trades, 101964745-101965089, 220, Task 4
2023-06-19 13:17:17,095 INFO 379 trades, 102031899-102032277, 300, Task 2
2023-06-19 13:17:17,219 INFO 414 trades, 101998751-101999164, 280, Task 3
2023-06-19 13:17:18,327 INFO 345 trades, 101964400-101964744, 320, Task 4
2023-06-19 13:17:20,560 INFO 414 trades, 101998337-101998750, 340, Task 3
2023-06-19 13:17:21,353 INFO 345 trades, 101964055-101964399, 360, Task 4
2023-06-19 13:17:23,557 INFO 414 trades, 101997923-101998336, 380, Task 3
2023-06-19 13:17:24,421 INFO 345 trades, 101963710-101964054, 400, Task 4
2023-06-19 13:17:26,856 INFO 414 trades, 101997509-101997922, 420, Task 3
2023-06-19 13:17:27,489 INFO 345 trades, 101963365-101963709, 440, Task 4
2023-06-19 13:17:30,450 INFO 828 trades, 101997095-101997922, 460, Task 3
2023-06-19 13:17:31,271 INFO 345 trades, 101963020-101963364, 480, Task 4
2023-06-19 13:17:34,472 WARNING API call failed with status code 400, retrying with reduced limit of {reduced_limit}
2023-06-19 13:17:34,866 INFO 496 trades, 101996267-101996762, 540, Task 3
2023-06-19 13:17:34,976 INFO 690 trades, 101962675-101963364, 520, Task 4
2023-06-19 13:17:38,829 INFO 496 trades, 101995771-101996266, 560, Task 3
2023-06-19 13:17:39,121 WARNING API call failed with status code 400, retrying with reduced limit of {reduced_limit}
2023-06-19 13:17:42,232 INFO 414 trades, 101961985-101962398, 600, Task 4
2023-06-19 13:17:42,702 INFO 496 trades, 101995275-101995770, 620, Task 3
2023-06-19 13:17:45,820 INFO 414 trades, 101961571-101961984, 640, Task 4
2023-06-19 13:17:46,630 INFO 496 trades, 101994779-101995274, 660, Task 3
2023-06-19 13:17:49,273 INFO 414 trades, 101961157-101961570, 680, Task 4
2023-06-19 13:17:50,606 INFO 496 trades, 101994283-101994778, 700, Task 3
2023-06-19 13:17:53,214 INFO 414 trades, 101960743-101961156, 720, Task 4
2023-06-19 13:17:54,650 INFO 496 trades, 101993787-101994282, 740, Task 3
2023-06-19 13:17:56,778 INFO 414 trades, 101960329-101960742, 760, Task 4
2023-06-19 13:17:57,545 INFO 496 trades, 101993291-101993786, 780, Task 3
2023-06-19 13:18:00,156 INFO 496 trades, 101992795-101993290, 820, Task 3
2023-06-19 13:18:00,319 INFO 414 trades, 101959915-101960328, 800, Task 4
2023-06-19 13:18:03,823 INFO 414 trades, 101959501-101959914, 40, Task 4
2023-06-19 13:18:04,209 INFO 496 trades, 101992299-101992794, 20, Task 3
2023-06-19 13:18:05,582 INFO 992 trades, 101991803-101992794, 80, Task 3
2023-06-19 13:18:07,869 WARNING API call failed with status code 400, retrying with reduced limit of {reduced_limit}
2023-06-19 13:18:09,608 WARNING API call failed with status code 400, retrying with reduced limit of {reduced_limit}
2023-06-19 13:18:09,653 INFO 248 trades, 101959087-101959334, 120, Task 4
2023-06-19 13:18:10,608 INFO 595 trades, 101990811-101991405, 140, Task 3
2023-06-19 13:18:11,944 INFO 595 trades, 101990216-101990810, 180, Task 3
2023-06-19 13:18:12,193 INFO 248 trades, 101958839-101959086, 160, Task 4
2023-06-19 13:18:14,766 INFO 496 trades, 101958591-101959086, 220, Task 4
2023-06-19 13:18:15,366 INFO 595 trades, 101989621-101990215, 200, Task 3
2023-06-19 13:18:16,538 INFO 183 trades, 101989026-101989208, 260, Task 3
2023-06-19 13:18:18,722 INFO 496 trades, 101958095-101958590, 240, Task 4
2023-06-19 13:18:22,767 WARNING API call failed with status code 400, retrying with reduced limit of {reduced_limit}
2023-06-19 13:18:24,819 INFO 297 trades, 101957599-101957895, 300, Task 4
2023-06-19 13:18:27,687 INFO 297 trades, 101957302-101957598, 320, Task 4
2023-06-19 13:18:30,542 INFO 297 trades, 101957005-101957301, 340, Task 4
2023-06-19 13:18:33,462 INFO 297 trades, 101956708-101957004, 360, Task 4
2023-06-19 13:18:36,301 INFO 297 trades, 101956411-101956707, 380, Task 4
2023-06-19 13:18:39,240 INFO 297 trades, 101956114-101956410, 400, Task 4
2023-06-19 13:18:42,135 INFO 297 trades, 101955817-101956113, 420, Task 4
2023-06-19 13:18:44,939 INFO 297 trades, 101955520-101955816, 440, Task 4
2023-06-19 13:18:49,074 WARNING API call failed with status code 400, retrying with reduced limit of {reduced_limit}
2023-06-19 13:18:49,462 INFO 356 trades, 101955223-101955578, 480, Task 4
2023-06-19 13:18:52,952 INFO 356 trades, 101954867-101955222, 500, Task 4
2023-06-19 13:18:56,159 INFO 356 trades, 101954511-101954866, 520, Task 4
2023-06-19 13:18:59,239 INFO 356 trades, 101954155-101954510, 540, Task 4
2023-06-19 13:19:02,513 INFO 356 trades, 101953799-101954154, 20, Task 4
2023-06-19 13:19:05,641 INFO 356 trades, 101953443-101953798, 40, Task 4
2023-06-19 13:19:09,438 INFO 356 trades, 101953087-101953442, 60, Task 4
2023-06-19 13:19:12,553 INFO 356 trades, 101952731-101953086, 80, Task 4
2023-06-19 13:19:15,838 INFO 356 trades, 101952375-101952730, 100, Task 4
2023-06-19 13:19:18,965 INFO 356 trades, 101952019-101952374, 120, Task 4
2023-06-19 13:19:22,999 WARNING API call failed with status code 400, retrying with reduced limit of {reduced_limit}
2023-06-19 13:19:23,379 INFO 427 trades, 101951663-101952089, 160, Task 4
2023-06-19 13:19:26,903 INFO 427 trades, 101951236-101951662, 180, Task 4
2023-06-19 13:19:30,400 INFO 427 trades, 101950809-101951235, 200, Task 4
2023-06-19 13:19:33,956 INFO 427 trades, 101950382-101950808, 220, Task 4
2023-06-19 13:19:37,619 INFO 427 trades, 101949955-101950381, 240, Task 4
2023-06-19 13:19:41,183 INFO 427 trades, 101949528-101949954, 260, Task 4
2023-06-19 13:19:44,671 INFO 427 trades, 101949101-101949527, 280, Task 4
2023-06-19 13:19:48,294 INFO 427 trades, 101948674-101949100, 300, Task 4
2023-06-19 13:19:52,329 WARNING API call failed with status code 400, retrying with reduced limit of {reduced_limit}
2023-06-19 13:19:54,007 INFO 256 trades, 101948247-101948502, 340, Task 4
2023-06-19 13:19:56,624 INFO 256 trades, 101947991-101948246, 360, Task 4
2023-06-19 13:20:00,667 WARNING API call failed with status code 400, retrying with reduced limit of {reduced_limit}
2023-06-19 13:20:01,027 INFO 307 trades, 101947735-101948041, 20, Task 4
2023-06-19 13:20:03,958 INFO 307 trades, 101947428-101947734, 40, Task 4
2023-06-19 13:20:06,865 INFO 307 trades, 101947121-101947427, 60, Task 4
2023-06-19 13:20:10,271 INFO 307 trades, 101946814-101947120, 80, Task 4
2023-06-19 13:20:13,208 INFO 307 trades, 101946507-101946813, 100, Task 4
2023-06-19 13:20:14,587 INFO 34 trades, 101946200-101946233, 120, Task 4
