2023-07-21 10:58:42,578 INFO 1 trades, 106837529-106837529, 705, Task-1122
2023-07-21 10:58:43,830 INFO 1 trades, 53418764-53418764, 725, Task-1122
2023-07-21 10:58:45,033 INFO 1 trades, 80128147-80128147, 745, Task-1122
2023-07-21 10:58:46,223 INFO 1 trades, 93482838-93482838, 765, Task-1122
2023-07-21 10:58:47,373 INFO 1 trades, 100160184-100160184, 785, Task-1122
2023-07-21 10:58:48,518 INFO 1 trades, 103498857-103498857, 805, Task-1122
2023-07-21 10:58:49,704 INFO 1 trades, 105168193-105168193, 825, Task-1122
2023-07-21 10:58:50,874 INFO 1 trades, 106002861-106002861, 845, Task-1122
2023-07-21 10:58:51,997 INFO 1 trades, 106420195-106420195, 865, Task-1122
2023-07-21 10:58:53,111 INFO 1 trades, 106628862-106628862, 885, Task-1122
2023-07-21 10:58:54,256 INFO 1 trades, 106524528-106524528, 905, Task-1122
2023-07-21 10:58:55,400 INFO 1 trades, 106472361-106472361, 925, Task-1122
2023-07-21 10:58:56,529 INFO 1 trades, 106498444-106498444, 945, Task-1122
2023-07-21 10:58:57,635 INFO 1 trades, 106485402-106485402, 965, Task-1122
2023-07-21 10:58:58,754 INFO 1 trades, 106491923-106491923, 985, Task-1122
2023-07-21 10:58:59,881 INFO 1 trades, 106488662-106488662, 1005, Task-1122
2023-07-21 10:59:01,012 INFO 1 trades, 106487032-106487032, 20, Task-1122
2023-07-21 10:59:02,148 INFO 1 trades, 106486217-106486217, 40, Task-1122
2023-07-21 10:59:03,248 INFO 1 trades, 106486624-106486624, 60, Task-1122
2023-07-21 10:59:04,406 INFO 1 trades, 106486828-106486828, 80, Task-1122
2023-07-21 10:59:05,566 INFO 1 trades, 106486930-106486930, 100, Task-1122
2023-07-21 10:59:06,702 INFO 1 trades, 106486981-106486981, 120, Task-1122
2023-07-21 10:59:07,877 INFO 1 trades, 106487006-106487006, 140, Task-1122
2023-07-21 10:59:09,003 INFO 1 trades, 106487019-106487019, 160, Task-1122
2023-07-21 10:59:10,144 INFO 1 trades, 106487012-106487012, 180, Task-1122
2023-07-21 10:59:12,271 INFO 1 trades, 106487015-106487015, 200, Task-1122
2023-07-21 10:59:13,429 INFO 1 trades, 106487017-106487017, 220, Task-1122
2023-07-21 10:59:14,561 INFO 1 trades, 106487016-106487016, 240, Task-1122
2023-07-21 10:59:16,130 INFO 900 trades, 106662273-106663172, 280, Task 3
2023-07-21 10:59:16,133 INFO 129 trades, 106837529-106837657, 260, Task 1
2023-07-21 10:59:16,154 INFO 900 trades, 106749901-106750800, 300, Task 2
2023-07-21 10:59:16,164 INFO 900 trades, 106574645-106575544, 320, Task 4
2023-07-21 10:59:17,279 INFO 900 trades, 106661373-106662272, 340, Task 3
2023-07-21 10:59:17,306 INFO 260 trades, 106837400-106837659, 360, Task 1
2023-07-21 10:59:17,319 INFO 900 trades, 106573745-106574644, 400, Task 4
2023-07-21 10:59:17,327 INFO 900 trades, 106749001-106749900, 380, Task 2
2023-07-21 10:59:18,452 INFO 523 trades, 106837140-106837662, 420, Task 1
2023-07-21 10:59:18,462 INFO 900 trades, 106660473-106661372, 440, Task 3
2023-07-21 10:59:18,473 INFO 900 trades, 106572845-106573744, 460, Task 4
2023-07-21 10:59:18,502 INFO 900 trades, 106748101-106749000, 480, Task 2
2023-07-21 10:59:19,604 INFO 900 trades, 106836617-106837516, 500, Task 1
2023-07-21 10:59:19,642 INFO 900 trades, 106571945-106572844, 520, Task 4
2023-07-21 10:59:19,655 INFO 900 trades, 106659573-106660472, 540, Task 3
2023-07-21 10:59:19,666 INFO 900 trades, 106747201-106748100, 560, Task 2
2023-07-21 10:59:20,725 INFO 900 trades, 106835717-106836616, 580, Task 1
2023-07-21 10:59:20,798 INFO 900 trades, 106658673-106659572, 600, Task 3
2023-07-21 10:59:20,805 INFO 900 trades, 106571045-106571944, 620, Task 4
2023-07-21 10:59:20,851 INFO 900 trades, 106746301-106747200, 640, Task 2
2023-07-21 10:59:21,854 INFO 900 trades, 106834817-106835716, 660, Task 1
2023-07-21 10:59:21,951 INFO 900 trades, 106657773-106658672, 680, Task 3
2023-07-21 10:59:21,959 INFO 900 trades, 106570145-106571044, 700, Task 4
2023-07-21 10:59:22,027 INFO 900 trades, 106745401-106746300, 720, Task 2
2023-07-21 10:59:23,009 INFO 900 trades, 106833917-106834816, 740, Task 1
2023-07-21 10:59:23,091 INFO 900 trades, 106656873-106657772, 760, Task 3
2023-07-21 10:59:23,157 INFO 900 trades, 106569245-106570144, 780, Task 4
2023-07-21 10:59:23,233 INFO 900 trades, 106744501-106745400, 800, Task 2
2023-07-21 10:59:24,129 INFO 900 trades, 106833017-106833916, 820, Task 1
2023-07-21 10:59:24,255 INFO 900 trades, 106655973-106656872, 840, Task 3
2023-07-21 10:59:24,334 INFO 900 trades, 106568345-106569244, 860, Task 4
2023-07-21 10:59:24,383 INFO 900 trades, 106743601-106744500, 880, Task 2
2023-07-21 10:59:25,290 INFO 900 trades, 106832117-106833016, 900, Task 1
2023-07-21 10:59:25,396 INFO 900 trades, 106655073-106655972, 920, Task 3
2023-07-21 10:59:25,503 INFO 900 trades, 106567445-106568344, 940, Task 4
2023-07-21 10:59:25,540 INFO 900 trades, 106742701-106743600, 960, Task 2
2023-07-21 10:59:26,461 INFO 900 trades, 106831217-106832116, 980, Task 1
2023-07-21 10:59:26,565 INFO 900 trades, 106654173-106655072, 1000, Task 3
2023-07-21 10:59:26,703 INFO 900 trades, 106566545-106567444, 1020, Task 4
2023-07-21 10:59:26,712 INFO 900 trades, 106741801-106742700, 1040, Task 2
2023-07-21 10:59:27,617 INFO 1000 trades, 106830317-106831316, 1060, Task 1
2023-07-21 10:59:27,697 INFO 1000 trades, 106653273-106654272, 1080, Task 3
2023-07-21 10:59:27,848 INFO 1000 trades, 106565645-106566644, 1100, Task 4
2023-07-21 10:59:27,878 INFO 1000 trades, 106740901-106741900, 1120, Task 2
2023-07-21 10:59:28,793 INFO 1000 trades, 106829317-106830316, 1140, Task 1
2023-07-21 10:59:28,836 INFO 1000 trades, 106652273-106653272, 1160, Task 3
2023-07-21 10:59:29,007 INFO 1000 trades, 106564645-106565644, 1180, Task 4
2023-07-21 10:59:29,021 INFO 1000 trades, 106739901-106740900, 1200, Task 2
2023-07-21 10:59:29,949 INFO 1000 trades, 106828317-106829316, 1220, Task 1
2023-07-21 10:59:29,987 INFO 1000 trades, 106651273-106652272, 1240, Task 3
2023-07-21 10:59:30,136 INFO 1000 trades, 106563645-106564644, 1260, Task 4
2023-07-21 10:59:30,158 INFO 1000 trades, 106738901-106739900, 1280, Task 2
2023-07-21 10:59:31,124 INFO 1000 trades, 106827317-106828316, 1300, Task 1
2023-07-21 10:59:31,152 INFO 1000 trades, 106650273-106651272, 1320, Task 3
2023-07-21 10:59:31,286 INFO 1000 trades, 106562645-106563644, 1340, Task 4
2023-07-21 10:59:31,318 INFO 1000 trades, 106737901-106738900, 1360, Task 2
2023-07-21 10:59:32,290 INFO 1000 trades, 106649273-106650272, 1380, Task 3
2023-07-21 10:59:32,452 INFO 1000 trades, 106561645-106562644, 1400, Task 4
2023-07-21 10:59:32,487 INFO 1000 trades, 106736901-106737900, 1420, Task 2
2023-07-21 10:59:33,275 INFO 1000 trades, 106826317-106827316, 1440, Task 1
2023-07-21 10:59:33,441 INFO 1000 trades, 106648273-106649272, 1460, Task 3
2023-07-21 10:59:33,606 INFO 1000 trades, 106560645-106561644, 1480, Task 4
2023-07-21 10:59:33,659 INFO 1000 trades, 106735901-106736900, 1500, Task 2
2023-07-21 10:59:34,420 INFO 1000 trades, 106825317-106826316, 1520, Task 1
2023-07-21 10:59:34,617 INFO 1000 trades, 106647273-106648272, 1540, Task 3
2023-07-21 10:59:34,796 INFO 1000 trades, 106559645-106560644, 1560, Task 4
2023-07-21 10:59:34,827 INFO 1000 trades, 106734901-106735900, 1580, Task 2
2023-07-21 10:59:35,549 INFO 1000 trades, 106824317-106825316, 1600, Task 1
2023-07-21 10:59:35,823 INFO 1000 trades, 106646273-106647272, 1620, Task 3
2023-07-21 10:59:35,964 INFO 1000 trades, 106558645-106559644, 1640, Task 4
2023-07-21 10:59:35,977 INFO 1000 trades, 106733901-106734900, 1660, Task 2
2023-07-21 10:59:36,687 INFO 1000 trades, 106823317-106824316, 1680, Task 1
2023-07-21 10:59:36,996 INFO 1000 trades, 106645273-106646272, 1700, Task 3
2023-07-21 10:59:37,128 INFO 1000 trades, 106557645-106558644, 1720, Task 4
2023-07-21 10:59:37,128 INFO 
cool down triggered with 1720, Task 4, sleeping for 3 seconds...
2023-07-21 10:59:37,140 INFO 1000 trades, 106732901-106733900, 1740, Task 2
2023-07-21 10:59:37,140 INFO 
cool down triggered with 1740, Task 2, sleeping for 3 seconds...
2023-07-21 10:59:37,833 INFO 1000 trades, 106822317-106823316, 1760, Task 1
2023-07-21 10:59:37,833 INFO 
cool down triggered with 1760, Task 1, sleeping for 3 seconds...
2023-07-21 10:59:38,147 INFO 1000 trades, 106644273-106645272, 1780, Task 3
2023-07-21 10:59:38,147 INFO 
cool down triggered with 1780, Task 3, sleeping for 3 seconds...
2023-07-21 10:59:41,279 INFO 1000 trades, 106556645-106557644, 1800, Task 4
2023-07-21 10:59:41,279 INFO 
cool down triggered with 1800, Task 4, sleeping for 3 seconds...
2023-07-21 10:59:41,289 INFO 1000 trades, 106731901-106732900, 1820, Task 2
2023-07-21 10:59:41,290 INFO 
cool down triggered with 1820, Task 2, sleeping for 3 seconds...
2023-07-21 10:59:41,985 INFO 1000 trades, 106821317-106822316, 1840, Task 1
2023-07-21 10:59:41,985 INFO 
cool down triggered with 1840, Task 1, sleeping for 3 seconds...
2023-07-21 10:59:42,311 INFO 1000 trades, 106643273-106644272, 1860, Task 3
2023-07-21 10:59:42,311 INFO 
cool down triggered with 1860, Task 3, sleeping for 3 seconds...
2023-07-21 10:59:45,424 INFO 1000 trades, 106555645-106556644, 1880, Task 4
2023-07-21 10:59:45,424 INFO 
cool down triggered with 1880, Task 4, sleeping for 3 seconds...
2023-07-21 10:59:45,507 INFO 1000 trades, 106730901-106731900, 1900, Task 2
2023-07-21 10:59:45,507 INFO 
cool down triggered with 1900, Task 2, sleeping for 3 seconds...
2023-07-21 10:59:46,125 INFO 1000 trades, 106820317-106821316, 1920, Task 1
2023-07-21 10:59:46,126 INFO 
cool down triggered with 1920, Task 1, sleeping for 3 seconds...
2023-07-21 10:59:46,501 INFO 1000 trades, 106642273-106643272, 1940, Task 3
2023-07-21 10:59:46,501 INFO 
cool down triggered with 1940, Task 3, sleeping for 3 seconds...
2023-07-21 10:59:49,576 INFO 1000 trades, 106554645-106555644, 1960, Task 4
2023-07-21 10:59:49,576 INFO 
cool down triggered with 1960, Task 4, sleeping for 3 seconds...
2023-07-21 10:59:49,683 INFO 1000 trades, 106729901-106730900, 1980, Task 2
2023-07-21 10:59:49,683 INFO 
cool down triggered with 1980, Task 2, sleeping for 3 seconds...
2023-07-21 10:59:50,267 INFO 1000 trades, 106819317-106820316, 2000, Task 1
2023-07-21 10:59:50,267 INFO 
cool down triggered with 2000, Task 1, sleeping for 3 seconds...
2023-07-21 10:59:50,653 INFO 1000 trades, 106641273-106642272, 2020, Task 3
2023-07-21 10:59:50,653 INFO 
cool down triggered with 2020, Task 3, sleeping for 3 seconds...
2023-07-21 10:59:53,695 INFO 1000 trades, 106553645-106554644, 2040, Task 4
2023-07-21 10:59:53,695 INFO 
cool down triggered with 2040, Task 4, sleeping for 3 seconds...
2023-07-21 10:59:53,845 INFO 1000 trades, 106728901-106729900, 2060, Task 2
2023-07-21 10:59:53,845 INFO 
cool down triggered with 2060, Task 2, sleeping for 3 seconds...
2023-07-21 10:59:54,401 INFO 1000 trades, 106818317-106819316, 2080, Task 1
2023-07-21 10:59:54,401 INFO 
cool down triggered with 2080, Task 1, sleeping for 3 seconds...
2023-07-21 10:59:54,787 INFO 1000 trades, 106640273-106641272, 2100, Task 3
2023-07-21 10:59:54,787 INFO 
cool down triggered with 2100, Task 3, sleeping for 3 seconds...
2023-07-21 10:59:57,828 INFO 1000 trades, 106552645-106553644, 2120, Task 4
2023-07-21 10:59:57,828 WARNING 
cool down triggered with 2120, Task 4, sleeping for 8 seconds...
2023-07-21 10:59:58,033 INFO 1000 trades, 106727901-106728900, 2140, Task 2
2023-07-21 10:59:58,033 WARNING 
cool down triggered with 2140, Task 2, sleeping for 8 seconds...
2023-07-21 10:59:58,556 INFO 1000 trades, 106817317-106818316, 2160, Task 1
2023-07-21 10:59:58,556 WARNING 
cool down triggered with 2160, Task 1, sleeping for 8 seconds...
2023-07-21 10:59:59,003 INFO 1000 trades, 106639273-106640272, 2180, Task 3
2023-07-21 10:59:59,003 WARNING 
cool down triggered with 2180, Task 3, sleeping for 8 seconds...
2023-07-21 11:00:07,015 INFO 1000 trades, 106551645-106552644, 20, Task 4
2023-07-21 11:00:07,211 INFO 1000 trades, 106726901-106727900, 40, Task 2
2023-07-21 11:00:07,727 INFO 1000 trades, 106816317-106817316, 60, Task 1
2023-07-21 11:00:08,241 INFO 1000 trades, 106550645-106551644, 80, Task 4
2023-07-21 11:00:08,273 INFO 1000 trades, 106638273-106639272, 100, Task 3
2023-07-21 11:00:08,440 INFO 1000 trades, 106725901-106726900, 120, Task 2
2023-07-21 11:00:09,004 INFO 1000 trades, 106815317-106816316, 140, Task 1
2023-07-21 11:00:09,361 INFO 1000 trades, 106549645-106550644, 160, Task 4
2023-07-21 11:00:09,433 INFO 1000 trades, 106637273-106638272, 180, Task 3
2023-07-21 11:00:09,582 INFO 1000 trades, 106724901-106725900, 200, Task 2
2023-07-21 11:00:10,152 INFO 1000 trades, 106814317-106815316, 220, Task 1
2023-07-21 11:00:10,489 INFO 1000 trades, 106548645-106549644, 240, Task 4
2023-07-21 11:00:10,561 INFO 1000 trades, 106636273-106637272, 260, Task 3
2023-07-21 11:00:10,765 INFO 1000 trades, 106723901-106724900, 280, Task 2
2023-07-21 11:00:11,298 INFO 1000 trades, 106813317-106814316, 300, Task 1
2023-07-21 11:00:11,632 INFO 1000 trades, 106547645-106548644, 320, Task 4
2023-07-21 11:00:11,725 INFO 1000 trades, 106635273-106636272, 340, Task 3
2023-07-21 11:00:11,921 INFO 1000 trades, 106722901-106723900, 360, Task 2
2023-07-21 11:00:12,432 INFO 1000 trades, 106812317-106813316, 380, Task 1
2023-07-21 11:00:12,832 INFO 1000 trades, 106546645-106547644, 400, Task 4
2023-07-21 11:00:12,854 INFO 1000 trades, 106634273-106635272, 420, Task 3
2023-07-21 11:00:13,071 INFO 1000 trades, 106721901-106722900, 440, Task 2
2023-07-21 11:00:13,578 INFO 1000 trades, 106811317-106812316, 460, Task 1
2023-07-21 11:00:13,977 INFO 1000 trades, 106545645-106546644, 480, Task 4
2023-07-21 11:00:13,994 INFO 1000 trades, 106633273-106634272, 500, Task 3
2023-07-21 11:00:14,217 INFO 1000 trades, 106720901-106721900, 520, Task 2
2023-07-21 11:00:14,723 INFO 1000 trades, 106810317-106811316, 540, Task 1
2023-07-21 11:00:15,148 INFO 1000 trades, 106632273-106633272, 560, Task 3
2023-07-21 11:00:15,166 INFO 1000 trades, 106544645-106545644, 580, Task 4
2023-07-21 11:00:15,392 INFO 1000 trades, 106719901-106720900, 600, Task 2
2023-07-21 11:00:15,892 INFO 1000 trades, 106809317-106810316, 620, Task 1
2023-07-21 11:00:16,294 INFO 1000 trades, 106631273-106632272, 640, Task 3
2023-07-21 11:00:16,330 INFO 1000 trades, 106543645-106544644, 660, Task 4
2023-07-21 11:00:16,535 INFO 1000 trades, 106718901-106719900, 680, Task 2
2023-07-21 11:00:17,067 INFO 1000 trades, 106808317-106809316, 700, Task 1
2023-07-21 11:00:17,436 INFO 1000 trades, 106630273-106631272, 720, Task 3
2023-07-21 11:00:17,492 INFO 1000 trades, 106542645-106543644, 740, Task 4
2023-07-21 11:00:17,691 INFO 1000 trades, 106717901-106718900, 760, Task 2
2023-07-21 11:00:18,232 INFO 1000 trades, 106807317-106808316, 780, Task 1
2023-07-21 11:00:18,635 INFO 1000 trades, 106629273-106630272, 800, Task 3
2023-07-21 11:00:18,662 INFO 1000 trades, 106541645-106542644, 820, Task 4
2023-07-21 11:00:18,906 INFO 1000 trades, 106716901-106717900, 840, Task 2
2023-07-21 11:00:19,421 INFO 1000 trades, 106806317-106807316, 860, Task 1
2023-07-21 11:00:19,770 INFO 1000 trades, 106628273-106629272, 880, Task 3
2023-07-21 11:00:19,810 INFO 1000 trades, 106540645-106541644, 900, Task 4
2023-07-21 11:00:20,033 INFO 1000 trades, 106715901-106716900, 920, Task 2
2023-07-21 11:00:20,570 INFO 1000 trades, 106805317-106806316, 940, Task 1
2023-07-21 11:00:20,891 INFO 1000 trades, 106627273-106628272, 960, Task 3
2023-07-21 11:00:20,947 INFO 1000 trades, 106539645-106540644, 980, Task 4
2023-07-21 11:00:21,203 INFO 1000 trades, 106714901-106715900, 1000, Task 2
2023-07-21 11:00:21,736 INFO 1000 trades, 106804317-106805316, 1020, Task 1
2023-07-21 11:00:22,045 INFO 1000 trades, 106626273-106627272, 1040, Task 3
2023-07-21 11:00:22,107 INFO 1000 trades, 106538645-106539644, 1060, Task 4
2023-07-21 11:00:22,374 INFO 1000 trades, 106713901-106714900, 1080, Task 2
2023-07-21 11:00:22,855 INFO 1000 trades, 106803317-106804316, 1100, Task 1
2023-07-21 11:00:23,200 INFO 1000 trades, 106625273-106626272, 1120, Task 3
2023-07-21 11:00:23,281 INFO 1000 trades, 106537645-106538644, 1140, Task 4
2023-07-21 11:00:23,521 INFO 1000 trades, 106712901-106713900, 1160, Task 2
2023-07-21 11:00:24,018 INFO 1000 trades, 106802317-106803316, 1180, Task 1
2023-07-21 11:00:24,390 INFO 1000 trades, 106624273-106625272, 1200, Task 3
2023-07-21 11:00:24,472 INFO 1000 trades, 106536645-106537644, 1220, Task 4
2023-07-21 11:00:24,661 INFO 1000 trades, 106711901-106712900, 1240, Task 2
2023-07-21 11:00:25,168 INFO 1000 trades, 106801317-106802316, 1260, Task 1
2023-07-21 11:00:25,531 INFO 1000 trades, 106623273-106624272, 1280, Task 3
2023-07-21 11:00:25,618 INFO 1000 trades, 106535645-106536644, 1300, Task 4
2023-07-21 11:00:25,786 INFO 1000 trades, 106710901-106711900, 1320, Task 2
2023-07-21 11:00:26,318 INFO 1000 trades, 106800317-106801316, 1340, Task 1
2023-07-21 11:00:26,670 INFO 1000 trades, 106622273-106623272, 1360, Task 3
2023-07-21 11:00:26,797 INFO 1000 trades, 106534645-106535644, 1380, Task 4
2023-07-21 11:00:26,950 INFO 1000 trades, 106709901-106710900, 1400, Task 2
2023-07-21 11:00:27,487 INFO 1000 trades, 106799317-106800316, 1420, Task 1
2023-07-21 11:00:27,801 INFO 1000 trades, 106621273-106622272, 1440, Task 3
2023-07-21 11:00:27,970 INFO 1000 trades, 106533645-106534644, 1460, Task 4
2023-07-21 11:00:28,132 INFO 1000 trades, 106708901-106709900, 1480, Task 2
2023-07-21 11:00:28,644 INFO 1000 trades, 106798317-106799316, 1500, Task 1
2023-07-21 11:00:28,965 INFO 1000 trades, 106620273-106621272, 1520, Task 3
2023-07-21 11:00:29,113 INFO 1000 trades, 106532645-106533644, 1540, Task 4
2023-07-21 11:00:29,300 INFO 1000 trades, 106707901-106708900, 1560, Task 2
2023-07-21 11:00:29,827 INFO 1000 trades, 106797317-106798316, 1580, Task 1
2023-07-21 11:00:30,105 INFO 1000 trades, 106619273-106620272, 1600, Task 3
2023-07-21 11:00:30,242 INFO 1000 trades, 106531645-106532644, 1620, Task 4
2023-07-21 11:00:30,441 INFO 1000 trades, 106706901-106707900, 1640, Task 2
2023-07-21 11:00:30,993 INFO 1000 trades, 106796317-106797316, 1660, Task 1
2023-07-21 11:00:31,253 INFO 1000 trades, 106618273-106619272, 1680, Task 3
2023-07-21 11:00:31,399 INFO 1000 trades, 106530645-106531644, 1700, Task 4
2023-07-21 11:00:31,585 INFO 1000 trades, 106705901-106706900, 1720, Task 2
2023-07-21 11:00:31,585 INFO 
cool down triggered with 1720, Task 2, sleeping for 3 seconds...
2023-07-21 11:00:32,173 INFO 1000 trades, 106795317-106796316, 1740, Task 1
2023-07-21 11:00:32,173 INFO 
cool down triggered with 1740, Task 1, sleeping for 3 seconds...
2023-07-21 11:00:32,415 INFO 1000 trades, 106617273-106618272, 1760, Task 3
2023-07-21 11:00:32,416 INFO 
cool down triggered with 1760, Task 3, sleeping for 3 seconds...
2023-07-21 11:00:32,543 INFO 1000 trades, 106529645-106530644, 1780, Task 4
2023-07-21 11:00:32,543 INFO 
cool down triggered with 1780, Task 4, sleeping for 3 seconds...
2023-07-21 11:00:35,758 INFO 1000 trades, 106704901-106705900, 1800, Task 2
2023-07-21 11:00:35,758 INFO 
cool down triggered with 1800, Task 2, sleeping for 3 seconds...
2023-07-21 11:00:36,319 INFO 1000 trades, 106794317-106795316, 1820, Task 1
2023-07-21 11:00:36,319 INFO 
cool down triggered with 1820, Task 1, sleeping for 3 seconds...
2023-07-21 11:00:36,597 INFO 1000 trades, 106616273-106617272, 1840, Task 3
2023-07-21 11:00:36,598 INFO 
cool down triggered with 1840, Task 3, sleeping for 3 seconds...
2023-07-21 11:00:36,737 INFO 1000 trades, 106528645-106529644, 1860, Task 4
2023-07-21 11:00:36,737 INFO 
cool down triggered with 1860, Task 4, sleeping for 3 seconds...
2023-07-21 11:00:39,932 INFO 1000 trades, 106703901-106704900, 1880, Task 2
2023-07-21 11:00:39,933 INFO 
cool down triggered with 1880, Task 2, sleeping for 3 seconds...
2023-07-21 11:00:40,497 INFO 1000 trades, 106793317-106794316, 1900, Task 1
2023-07-21 11:00:40,498 INFO 
cool down triggered with 1900, Task 1, sleeping for 3 seconds...
2023-07-21 11:00:40,795 INFO 1000 trades, 106615273-106616272, 1920, Task 3
2023-07-21 11:00:40,795 INFO 
cool down triggered with 1920, Task 3, sleeping for 3 seconds...
2023-07-21 11:00:40,927 INFO 1000 trades, 106527645-106528644, 1940, Task 4
2023-07-21 11:00:40,927 INFO 
cool down triggered with 1940, Task 4, sleeping for 3 seconds...
2023-07-21 11:00:44,087 INFO 1000 trades, 106702901-106703900, 1960, Task 2
2023-07-21 11:00:44,087 INFO 
cool down triggered with 1960, Task 2, sleeping for 3 seconds...
2023-07-21 11:00:44,671 INFO 1000 trades, 106792317-106793316, 1980, Task 1
2023-07-21 11:00:44,671 INFO 
cool down triggered with 1980, Task 1, sleeping for 3 seconds...
2023-07-21 11:00:45,073 INFO 1000 trades, 106526645-106527644, 2000, Task 4
2023-07-21 11:00:45,073 INFO 
cool down triggered with 2000, Task 4, sleeping for 3 seconds...
2023-07-21 11:00:45,955 INFO 1000 trades, 106614273-106615272, 2020, Task 3
2023-07-21 11:00:45,955 INFO 
cool down triggered with 2020, Task 3, sleeping for 3 seconds...
2023-07-21 11:00:48,243 INFO 1000 trades, 106701901-106702900, 2040, Task 2
2023-07-21 11:00:48,243 INFO 
cool down triggered with 2040, Task 2, sleeping for 3 seconds...
2023-07-21 11:00:48,835 INFO 1000 trades, 106791317-106792316, 2060, Task 1
2023-07-21 11:00:48,836 INFO 
cool down triggered with 2060, Task 1, sleeping for 3 seconds...
2023-07-21 11:00:49,243 INFO 1000 trades, 106525645-106526644, 2080, Task 4
2023-07-21 11:00:49,244 INFO 
cool down triggered with 2080, Task 4, sleeping for 3 seconds...
2023-07-21 11:00:50,202 INFO 1000 trades, 106613273-106614272, 2100, Task 3
2023-07-21 11:00:50,202 INFO 
cool down triggered with 2100, Task 3, sleeping for 3 seconds...
2023-07-21 11:00:52,422 INFO 1000 trades, 106700901-106701900, 2120, Task 2
2023-07-21 11:00:52,422 WARNING 
cool down triggered with 2120, Task 2, sleeping for 8 seconds...
2023-07-21 11:00:53,035 INFO 1000 trades, 106790317-106791316, 2140, Task 1
2023-07-21 11:00:53,036 WARNING 
cool down triggered with 2140, Task 1, sleeping for 8 seconds...
2023-07-21 11:00:53,415 INFO 1000 trades, 106524645-106525644, 2160, Task 4
2023-07-21 11:00:53,415 WARNING 
cool down triggered with 2160, Task 4, sleeping for 8 seconds...
2023-07-21 11:00:54,349 INFO 1000 trades, 106612273-106613272, 2180, Task 3
2023-07-21 11:00:54,350 WARNING 
cool down triggered with 2180, Task 3, sleeping for 8 seconds...
2023-07-21 11:01:01,567 INFO 1000 trades, 106699901-106700900, 20, Task 2
2023-07-21 11:01:02,176 INFO 1000 trades, 106789317-106790316, 40, Task 1
2023-07-21 11:01:02,547 INFO 1000 trades, 106523645-106524644, 60, Task 4
2023-07-21 11:01:02,701 INFO 1000 trades, 106698901-106699900, 80, Task 2
2023-07-21 11:01:03,302 INFO 1000 trades, 106788317-106789316, 100, Task 1
2023-07-21 11:01:03,528 INFO 1000 trades, 106611273-106612272, 120, Task 3
2023-07-21 11:01:03,704 INFO 1000 trades, 106522645-106523644, 140, Task 4
2023-07-21 11:01:03,840 INFO 1000 trades, 106697901-106698900, 160, Task 2
2023-07-21 11:01:04,475 INFO 1000 trades, 106787317-106788316, 180, Task 1
2023-07-21 11:01:04,687 INFO 1000 trades, 106610273-106611272, 200, Task 3
2023-07-21 11:01:04,877 INFO 1000 trades, 106521645-106522644, 220, Task 4
2023-07-21 11:01:05,001 INFO 1000 trades, 106696901-106697900, 240, Task 2
2023-07-21 11:01:05,639 INFO 1000 trades, 106786317-106787316, 260, Task 1
2023-07-21 11:01:05,881 INFO 1000 trades, 106609273-106610272, 280, Task 3
2023-07-21 11:01:06,031 INFO 1000 trades, 106520645-106521644, 300, Task 4
2023-07-21 11:01:06,186 INFO 1000 trades, 106695901-106696900, 320, Task 2
2023-07-21 11:01:06,788 INFO 1000 trades, 106785317-106786316, 340, Task 1
2023-07-21 11:01:07,058 INFO 1000 trades, 106608273-106609272, 360, Task 3
2023-07-21 11:01:07,202 INFO 1000 trades, 106519645-106520644, 380, Task 4
2023-07-21 11:01:07,333 INFO 1000 trades, 106694901-106695900, 400, Task 2
2023-07-21 11:01:07,933 INFO 1000 trades, 106784317-106785316, 420, Task 1
2023-07-21 11:01:08,265 INFO 1000 trades, 106607273-106608272, 440, Task 3
2023-07-21 11:01:08,366 INFO 1000 trades, 106518645-106519644, 460, Task 4
2023-07-21 11:01:08,462 INFO 1000 trades, 106693901-106694900, 480, Task 2
2023-07-21 11:01:09,088 INFO 1000 trades, 106783317-106784316, 500, Task 1
2023-07-21 11:01:09,454 INFO 1000 trades, 106606273-106607272, 520, Task 3
2023-07-21 11:01:09,508 INFO 1000 trades, 106517645-106518644, 540, Task 4
2023-07-21 11:01:09,624 INFO 1000 trades, 106692901-106693900, 560, Task 2
2023-07-21 11:01:10,233 INFO 1000 trades, 106782317-106783316, 580, Task 1
2023-07-21 11:01:10,587 INFO 1000 trades, 106605273-106606272, 600, Task 3
2023-07-21 11:01:10,682 INFO 1000 trades, 106516645-106517644, 620, Task 4
2023-07-21 11:01:10,759 INFO 1000 trades, 106691901-106692900, 640, Task 2
2023-07-21 11:01:11,401 INFO 1000 trades, 106781317-106782316, 660, Task 1
2023-07-21 11:01:11,748 INFO 1000 trades, 106604273-106605272, 680, Task 3
2023-07-21 11:01:11,826 INFO 1000 trades, 106515645-106516644, 700, Task 4
2023-07-21 11:01:11,887 INFO 1000 trades, 106690901-106691900, 720, Task 2
2023-07-21 11:01:12,543 INFO 1000 trades, 106780317-106781316, 740, Task 1
2023-07-21 11:01:12,930 INFO 1000 trades, 106603273-106604272, 760, Task 3
2023-07-21 11:01:12,963 INFO 1000 trades, 106514645-106515644, 780, Task 4
2023-07-21 11:01:13,033 INFO 1000 trades, 106689901-106690900, 800, Task 2
2023-07-21 11:01:13,699 INFO 1000 trades, 106779317-106780316, 820, Task 1
2023-07-21 11:01:14,073 INFO 1000 trades, 106602273-106603272, 840, Task 3
2023-07-21 11:01:14,110 INFO 1000 trades, 106513645-106514644, 860, Task 4
2023-07-21 11:01:14,180 INFO 1000 trades, 106688901-106689900, 880, Task 2
2023-07-21 11:01:14,910 INFO 1000 trades, 106778317-106779316, 900, Task 1
2023-07-21 11:01:15,229 INFO 1000 trades, 106512645-106513644, 940, Task 4
2023-07-21 11:01:15,236 INFO 1000 trades, 106601273-106602272, 920, Task 3
2023-07-21 11:01:15,336 INFO 1000 trades, 106687901-106688900, 960, Task 2
2023-07-21 11:01:16,096 INFO 1000 trades, 106777317-106778316, 980, Task 1
2023-07-21 11:01:16,395 INFO 1000 trades, 106600273-106601272, 1000, Task 3
2023-07-21 11:01:16,400 INFO 1000 trades, 106511645-106512644, 1020, Task 4
2023-07-21 11:01:16,523 INFO 1000 trades, 106686901-106687900, 1040, Task 2
2023-07-21 11:01:17,276 INFO 1000 trades, 106776317-106777316, 1060, Task 1
2023-07-21 11:01:17,549 INFO 1000 trades, 106510645-106511644, 1100, Task 4
2023-07-21 11:01:17,561 INFO 1000 trades, 106599273-106600272, 1080, Task 3
2023-07-21 11:01:17,712 INFO 1000 trades, 106685901-106686900, 1120, Task 2
2023-07-21 11:01:18,409 INFO 1000 trades, 106775317-106776316, 1140, Task 1
2023-07-21 11:01:18,722 INFO 1000 trades, 106598273-106599272, 1160, Task 3
2023-07-21 11:01:18,758 INFO 1000 trades, 106509645-106510644, 1180, Task 4
2023-07-21 11:01:18,875 INFO 1000 trades, 106684901-106685900, 1200, Task 2
2023-07-21 11:01:19,575 INFO 1000 trades, 106774317-106775316, 1220, Task 1
2023-07-21 11:01:19,880 INFO 1000 trades, 106597273-106598272, 1240, Task 3
2023-07-21 11:01:19,914 INFO 1000 trades, 106508645-106509644, 1260, Task 4
2023-07-21 11:01:20,018 INFO 1000 trades, 106683901-106684900, 1280, Task 2
2023-07-21 11:01:20,703 INFO 1000 trades, 106773317-106774316, 1300, Task 1
2023-07-21 11:01:21,026 INFO 1000 trades, 106596273-106597272, 1320, Task 3
2023-07-21 11:01:21,081 INFO 1000 trades, 106507645-106508644, 1340, Task 4
2023-07-21 11:01:21,153 INFO 1000 trades, 106682901-106683900, 1360, Task 2
2023-07-21 11:01:21,855 INFO 1000 trades, 106772317-106773316, 1380, Task 1
2023-07-21 11:01:22,215 INFO 1000 trades, 106595273-106596272, 1400, Task 3
2023-07-21 11:01:22,233 INFO 1000 trades, 106506645-106507644, 1420, Task 4
2023-07-21 11:01:23,027 INFO 1000 trades, 106771317-106772316, 1440, Task 1
2023-07-21 11:01:23,302 INFO 1000 trades, 106681901-106682900, 1460, Task 2
2023-07-21 11:01:23,348 INFO 1000 trades, 106594273-106595272, 1480, Task 3
2023-07-21 11:01:23,398 INFO 1000 trades, 106505645-106506644, 1500, Task 4
2023-07-21 11:01:24,190 INFO 1000 trades, 106770317-106771316, 1520, Task 1
2023-07-21 11:01:24,458 INFO 1000 trades, 106680901-106681900, 1540, Task 2
2023-07-21 11:01:24,530 INFO 1000 trades, 106593273-106594272, 1560, Task 3
2023-07-21 11:01:24,545 INFO 1000 trades, 106504645-106505644, 1580, Task 4
2023-07-21 11:01:25,374 INFO 1000 trades, 106769317-106770316, 1600, Task 1
2023-07-21 11:01:25,587 INFO 1000 trades, 106679901-106680900, 1620, Task 2
2023-07-21 11:01:25,662 INFO 1000 trades, 106592273-106593272, 1640, Task 3
2023-07-21 11:01:25,704 INFO 1000 trades, 106503645-106504644, 1660, Task 4
2023-07-21 11:01:26,536 INFO 1000 trades, 106768317-106769316, 1680, Task 1
2023-07-21 11:01:26,756 INFO 1000 trades, 106678901-106679900, 1700, Task 2
2023-07-21 11:01:26,830 INFO 1000 trades, 106591273-106592272, 1720, Task 3
2023-07-21 11:01:26,830 INFO 
cool down triggered with 1720, Task 3, sleeping for 3 seconds...
2023-07-21 11:01:26,868 INFO 1000 trades, 106502645-106503644, 1740, Task 4
2023-07-21 11:01:26,868 INFO 
cool down triggered with 1740, Task 4, sleeping for 3 seconds...
2023-07-21 11:01:27,731 INFO 1000 trades, 106767317-106768316, 1760, Task 1
2023-07-21 11:01:27,731 INFO 
cool down triggered with 1760, Task 1, sleeping for 3 seconds...
2023-07-21 11:01:27,931 INFO 1000 trades, 106677901-106678900, 1780, Task 2
2023-07-21 11:01:27,931 INFO 
cool down triggered with 1780, Task 2, sleeping for 3 seconds...
2023-07-21 11:01:30,991 INFO 1000 trades, 106590273-106591272, 1800, Task 3
2023-07-21 11:01:30,991 INFO 
cool down triggered with 1800, Task 3, sleeping for 3 seconds...
2023-07-21 11:01:31,010 INFO 1000 trades, 106501645-106502644, 1820, Task 4
2023-07-21 11:01:31,010 INFO 
cool down triggered with 1820, Task 4, sleeping for 3 seconds...
2023-07-21 11:01:31,871 INFO 1000 trades, 106766317-106767316, 1840, Task 1
2023-07-21 11:01:31,871 INFO 
cool down triggered with 1840, Task 1, sleeping for 3 seconds...
2023-07-21 11:01:32,086 INFO 1000 trades, 106676901-106677900, 1860, Task 2
2023-07-21 11:01:32,087 INFO 
cool down triggered with 1860, Task 2, sleeping for 3 seconds...
2023-07-21 11:01:35,178 INFO 1000 trades, 106589273-106590272, 1880, Task 3
2023-07-21 11:01:35,178 INFO 
cool down triggered with 1880, Task 3, sleeping for 3 seconds...
2023-07-21 11:01:35,201 INFO 1000 trades, 106500645-106501644, 1900, Task 4
2023-07-21 11:01:35,201 INFO 
cool down triggered with 1900, Task 4, sleeping for 3 seconds...
2023-07-21 11:01:36,061 INFO 1000 trades, 106765317-106766316, 1920, Task 1
2023-07-21 11:01:36,061 INFO 
cool down triggered with 1920, Task 1, sleeping for 3 seconds...
2023-07-21 11:01:36,249 INFO 1000 trades, 106675901-106676900, 1940, Task 2
2023-07-21 11:01:36,249 INFO 
cool down triggered with 1940, Task 2, sleeping for 3 seconds...
2023-07-21 11:01:39,327 INFO 1000 trades, 106588273-106589272, 1960, Task 3
2023-07-21 11:01:39,327 INFO 
cool down triggered with 1960, Task 3, sleeping for 3 seconds...
2023-07-21 11:01:39,371 INFO 1000 trades, 106499645-106500644, 1980, Task 4
2023-07-21 11:01:39,371 INFO 
cool down triggered with 1980, Task 4, sleeping for 3 seconds...
2023-07-21 11:01:40,419 INFO 1000 trades, 106674901-106675900, 2000, Task 2
2023-07-21 11:01:40,419 INFO 
cool down triggered with 2000, Task 2, sleeping for 3 seconds...
2023-07-21 11:01:41,236 INFO 1000 trades, 106764317-106765316, 2020, Task 1
2023-07-21 11:01:41,237 INFO 
cool down triggered with 2020, Task 1, sleeping for 3 seconds...
2023-07-21 11:01:43,468 INFO 1000 trades, 106587273-106588272, 2040, Task 3
2023-07-21 11:01:43,468 INFO 
cool down triggered with 2040, Task 3, sleeping for 3 seconds...
2023-07-21 11:01:43,556 INFO 1000 trades, 106498645-106499644, 2060, Task 4
2023-07-21 11:01:43,557 INFO 
cool down triggered with 2060, Task 4, sleeping for 3 seconds...
2023-07-21 11:01:44,542 INFO 1000 trades, 106673901-106674900, 2080, Task 2
2023-07-21 11:01:44,542 INFO 
cool down triggered with 2080, Task 2, sleeping for 3 seconds...
2023-07-21 11:01:45,380 INFO 1000 trades, 106763317-106764316, 2100, Task 1
2023-07-21 11:01:45,380 INFO 
cool down triggered with 2100, Task 1, sleeping for 3 seconds...
2023-07-21 11:01:47,702 INFO 1000 trades, 106586273-106587272, 2120, Task 3
2023-07-21 11:01:47,702 WARNING 
cool down triggered with 2120, Task 3, sleeping for 8 seconds...
2023-07-21 11:01:47,785 INFO 1000 trades, 106497645-106498644, 2140, Task 4
2023-07-21 11:01:47,785 WARNING 
cool down triggered with 2140, Task 4, sleeping for 8 seconds...
2023-07-21 11:01:48,700 INFO 1000 trades, 106672901-106673900, 2160, Task 2
2023-07-21 11:01:48,701 WARNING 
cool down triggered with 2160, Task 2, sleeping for 8 seconds...
2023-07-21 11:01:49,527 INFO 1000 trades, 106762317-106763316, 2180, Task 1
2023-07-21 11:01:49,527 WARNING 
cool down triggered with 2180, Task 1, sleeping for 8 seconds...
2023-07-21 11:01:56,856 INFO 1000 trades, 106585273-106586272, 2200, Task 3
2023-07-21 11:01:56,856 WARNING 
cool down triggered with 2200, Task 3, sleeping for 8 seconds...
2023-07-21 11:01:56,947 INFO 1000 trades, 106496645-106497644, 2220, Task 4
2023-07-21 11:01:56,947 WARNING 
cool down triggered with 2220, Task 4, sleeping for 8 seconds...
2023-07-21 11:01:57,862 INFO 1000 trades, 106671901-106672900, 2240, Task 2
2023-07-21 11:01:57,862 WARNING 
cool down triggered with 2240, Task 2, sleeping for 8 seconds...
2023-07-21 11:01:58,704 INFO 1000 trades, 106761317-106762316, 2260, Task 1
2023-07-21 11:01:58,704 WARNING 
cool down triggered with 2260, Task 1, sleeping for 8 seconds...
2023-07-21 11:02:06,002 INFO 1000 trades, 106584273-106585272, 20, Task 3
2023-07-21 11:02:06,093 INFO 1000 trades, 106495645-106496644, 40, Task 4
2023-07-21 11:02:07,010 INFO 1000 trades, 106670901-106671900, 60, Task 2
2023-07-21 11:02:07,173 INFO 1000 trades, 106583273-106584272, 80, Task 3
2023-07-21 11:02:07,274 INFO 1000 trades, 106494645-106495644, 100, Task 4
2023-07-21 11:02:07,873 INFO 1000 trades, 106760317-106761316, 120, Task 1
2023-07-21 11:02:08,152 INFO 1000 trades, 106669901-106670900, 140, Task 2
2023-07-21 11:02:08,311 INFO 1000 trades, 106582273-106583272, 160, Task 3
2023-07-21 11:02:08,459 INFO 1000 trades, 106493645-106494644, 180, Task 4
2023-07-21 11:02:09,058 INFO 1000 trades, 106759317-106760316, 200, Task 1
2023-07-21 11:02:09,342 INFO 1000 trades, 106668901-106669900, 220, Task 2
2023-07-21 11:02:09,490 INFO 1000 trades, 106581273-106582272, 240, Task 3
2023-07-21 11:02:09,649 INFO 1000 trades, 106492645-106493644, 260, Task 4
2023-07-21 11:02:10,210 INFO 1000 trades, 106758317-106759316, 280, Task 1
2023-07-21 11:02:10,479 INFO 1000 trades, 106667901-106668900, 300, Task 2
2023-07-21 11:02:10,663 INFO 1000 trades, 106580273-106581272, 320, Task 3
2023-07-21 11:02:10,790 INFO 1000 trades, 106491645-106492644, 340, Task 4
2023-07-21 11:02:11,355 INFO 1000 trades, 106757317-106758316, 360, Task 1
2023-07-21 11:02:11,640 INFO 1000 trades, 106666901-106667900, 380, Task 2
2023-07-21 11:02:11,825 INFO 1000 trades, 106579273-106580272, 400, Task 3
2023-07-21 11:02:11,949 INFO 1000 trades, 106490645-106491644, 420, Task 4
2023-07-21 11:02:12,508 INFO 1000 trades, 106756317-106757316, 440, Task 1
2023-07-21 11:02:12,791 INFO 1000 trades, 106665901-106666900, 460, Task 2
2023-07-21 11:02:12,965 INFO 1000 trades, 106578273-106579272, 480, Task 3
2023-07-21 11:02:13,110 INFO 1000 trades, 106489645-106490644, 500, Task 4
2023-07-21 11:02:13,641 INFO 1000 trades, 106755317-106756316, 520, Task 1
2023-07-21 11:02:13,929 INFO 1000 trades, 106664901-106665900, 540, Task 2
2023-07-21 11:02:14,112 INFO 1000 trades, 106577273-106578272, 560, Task 3
2023-07-21 11:02:14,273 INFO 1000 trades, 106488645-106489644, 580, Task 4
2023-07-21 11:02:14,806 INFO 1000 trades, 106754317-106755316, 600, Task 1
2023-07-21 11:02:15,069 INFO 1000 trades, 106663901-106664900, 620, Task 2
2023-07-21 11:02:15,282 INFO 1000 trades, 106576273-106577272, 640, Task 3
2023-07-21 11:02:15,452 INFO 628 trades, 106487645-106488272, 660, Task 4
2023-07-21 11:02:15,965 INFO 1000 trades, 106753317-106754316, 680, Task 1
2023-07-21 11:02:16,242 INFO 628 trades, 106662901-106663528, 700, Task 2
2023-07-21 11:02:16,411 INFO 628 trades, 106575273-106575900, 720, Task 3
2023-07-21 11:02:17,123 INFO 1000 trades, 106752317-106753316, 740, Task 1
2023-07-21 11:02:18,256 INFO 1000 trades, 106751317-106752316, 760, Task 1
2023-07-21 11:02:19,386 INFO 416 trades, 106750317-106750732, 780, Task 1
