2023-06-16 12:11:39,446 INFO 1 trades, 191627639-191627639, 265, Task-542
2023-06-16 12:11:40,566 INFO 1 trades, 95813819-95813819, 285, Task-542
2023-06-16 12:11:41,738 INFO 1 trades, 143720729-143720729, 305, Task-542
2023-06-16 12:11:42,927 INFO 1 trades, 167674184-167674184, 325, Task-542
2023-06-16 12:11:44,107 INFO 1 trades, 179650912-179650912, 345, Task-542
2023-06-16 12:11:45,293 INFO 1 trades, 185639276-185639276, 365, Task-542
2023-06-16 12:11:46,429 INFO 1 trades, 188633458-188633458, 385, Task-542
2023-06-16 12:11:47,585 INFO 1 trades, 190130549-190130549, 405, Task-542
2023-06-16 12:11:48,782 INFO 1 trades, 190879094-190879094, 425, Task-542
2023-06-16 12:11:49,924 INFO 1 trades, 191253367-191253367, 445, Task-542
2023-06-16 12:11:51,031 INFO 1 trades, 191066230-191066230, 465, Task-542
2023-06-16 12:11:52,176 INFO 1 trades, 191159798-191159798, 485, Task-542
2023-06-16 12:11:53,350 INFO 1 trades, 191113014-191113014, 505, Task-542
2023-06-16 12:11:54,540 INFO 1 trades, 191089622-191089622, 525, Task-542
2023-06-16 12:11:55,678 INFO 1 trades, 191077926-191077926, 545, Task-542
2023-06-16 12:11:56,803 INFO 1 trades, 191083774-191083774, 565, Task-542
2023-06-16 12:11:57,991 INFO 1 trades, 191080850-191080850, 585, Task-542
2023-06-16 12:11:59,116 INFO 1 trades, 191079388-191079388, 605, Task-542
2023-06-16 12:12:00,236 INFO 1 trades, 191080119-191080119, 20, Task-542
2023-06-16 12:12:01,355 INFO 1 trades, 191079753-191079753, 40, Task-542
2023-06-16 12:12:02,532 INFO 1 trades, 191079936-191079936, 60, Task-542
2023-06-16 12:12:03,719 INFO 1 trades, 191080027-191080027, 80, Task-542
2023-06-16 12:12:04,851 INFO 1 trades, 191079981-191079981, 100, Task-542
2023-06-16 12:12:05,978 INFO 1 trades, 191080004-191080004, 120, Task-542
2023-06-16 12:12:07,119 INFO 1 trades, 191079992-191079992, 140, Task-542
2023-06-16 12:12:08,361 INFO 1 trades, 191079986-191079986, 160, Task-542
2023-06-16 12:12:09,579 INFO 1 trades, 191079989-191079989, 180, Task-542
2023-06-16 12:12:10,775 INFO 1 trades, 191079987-191079987, 200, Task-542
2023-06-16 12:12:11,905 INFO 1 trades, 191079988-191079988, 220, Task-542
2023-06-16 12:12:13,409 INFO 412 trades, 191627639-191628050, 240, Task 1
2023-06-16 12:12:14,536 INFO 846 trades, 191627227-191628072, 320, Task 1
2023-06-16 12:12:15,652 INFO 900 trades, 191626381-191627280, 340, Task 1
2023-06-16 12:12:16,372 WARNING API call failed with status code 400, retrying with reduced limit
2023-06-16 12:12:16,379 WARNING API call failed with status code 400, retrying with reduced limit
2023-06-16 12:12:16,401 WARNING API call failed with status code 400, retrying with reduced limit
2023-06-16 12:12:16,774 INFO 720 trades, 191353815-191354534, 380, Task 3
2023-06-16 12:12:16,802 INFO 720 trades, 191490727-191491446, 400, Task 2
2023-06-16 12:12:18,275 INFO 900 trades, 191625481-191626380, 420, Task 1
2023-06-16 12:12:19,003 INFO 720 trades, 191216903-191217622, 360, Task 4
2023-06-16 12:12:19,625 INFO 720 trades, 191490007-191490726, 460, Task 2
2023-06-16 12:12:20,381 INFO 720 trades, 191353095-191353814, 440, Task 3
2023-06-16 12:12:21,890 INFO 720 trades, 191489287-191490006, 520, Task 2
2023-06-16 12:12:22,301 INFO 720 trades, 191216183-191216902, 500, Task 4
2023-06-16 12:12:22,308 WARNING API call failed with status code 400, retrying with reduced limit
2023-06-16 12:12:23,346 INFO 720 trades, 191488567-191489286, 580, Task 2
2023-06-16 12:12:23,826 INFO 720 trades, 191352375-191353094, 540, Task 3
2023-06-16 12:12:24,190 INFO 720 trades, 191624581-191625300, 560, Task 1
2023-06-16 12:12:26,044 INFO 720 trades, 191215463-191216182, 600, Task 4
2023-06-16 12:12:26,398 INFO 720 trades, 191487847-191488566, 620, Task 2
2023-06-16 12:12:27,127 INFO 720 trades, 191351655-191352374, 640, Task 3
2023-06-16 12:12:27,805 INFO 720 trades, 191623861-191624580, 660, Task 1
2023-06-16 12:12:28,340 INFO 720 trades, 191487127-191487846, 700, Task 2
2023-06-16 12:12:29,431 INFO 720 trades, 191214743-191215462, 680, Task 4
2023-06-16 12:12:30,408 INFO 720 trades, 191350935-191351654, 720, Task 3
2023-06-16 12:12:31,442 INFO 720 trades, 191623141-191623860, 740, Task 1
2023-06-16 12:12:32,233 INFO 720 trades, 191486407-191487126, 760, Task 2
2023-06-16 12:12:33,147 INFO 720 trades, 191214023-191214742, 780, Task 4
2023-06-16 12:12:33,768 INFO 720 trades, 191350215-191350934, 800, Task 3
2023-06-16 12:12:35,047 INFO 720 trades, 191622421-191623140, 820, Task 1
2023-06-16 12:12:36,078 INFO 720 trades, 191485687-191486406, 840, Task 2
2023-06-16 12:12:36,548 INFO 720 trades, 191213303-191214022, 860, Task 4
2023-06-16 12:12:37,188 INFO 720 trades, 191349495-191350214, 880, Task 3
2023-06-16 12:12:38,442 INFO 720 trades, 191621701-191622420, 900, Task 1
2023-06-16 12:12:39,563 INFO 720 trades, 191484967-191485686, 920, Task 2
2023-06-16 12:12:39,850 INFO 720 trades, 191620981-191621700, 980, Task 1
2023-06-16 12:12:40,295 INFO 720 trades, 191212583-191213302, 940, Task 4
2023-06-16 12:12:40,733 INFO 720 trades, 191348775-191349494, 960, Task 3
2023-06-16 12:12:41,529 INFO 720 trades, 191484247-191484966, 1000, Task 2
2023-06-16 12:12:42,624 INFO 1000 trades, 191620261-191621260, 1020, Task 1
2023-06-16 12:12:43,720 INFO 720 trades, 191211863-191212582, 1040, Task 4
2023-06-16 12:12:44,426 INFO 1000 trades, 191619261-191620260, 1100, Task 1
2023-06-16 12:12:44,508 INFO 720 trades, 191348055-191348774, 1060, Task 3
2023-06-16 12:12:45,607 WARNING API call failed with status code 400, retrying with reduced limit
2023-06-16 12:12:47,203 INFO 720 trades, 191211143-191211862, 1120, Task 4
2023-06-16 12:12:47,270 INFO 800 trades, 191483527-191484326, 1180, Task 2
2023-06-16 12:12:48,450 WARNING API call failed with status code 400, retrying with reduced limit
2023-06-16 12:12:48,492 INFO 720 trades, 191347335-191348054, 1160, Task 3
2023-06-16 12:12:48,847 INFO 800 trades, 191618261-191619060, 1240, Task 1
2023-06-16 12:12:49,413 INFO 800 trades, 191482727-191483526, 1220, Task 2
2023-06-16 12:12:50,578 INFO 720 trades, 191210423-191211142, 1200, Task 4
2023-06-16 12:12:52,529 WARNING API call failed with status code 400, retrying with reduced limit
2023-06-16 12:12:52,931 INFO 800 trades, 191346615-191347414, 1340, Task 3
2023-06-16 12:12:53,431 WARNING API call failed with status code 400, retrying with reduced limit
2023-06-16 12:12:53,525 INFO 800 trades, 191617461-191618260, 1300, Task 1
2023-06-16 12:12:53,812 INFO 640 trades, 191481927-191482566, 1360, Task 2
2023-06-16 12:12:53,927 INFO 1000 trades, 191209703-191210702, 1320, Task 4
2023-06-16 12:12:55,650 INFO 640 trades, 191481287-191481926, 1420, Task 2
2023-06-16 12:12:56,989 INFO 800 trades, 191345815-191346614, 1380, Task 3
2023-06-16 12:12:57,097 INFO 640 trades, 191480647-191481286, 1460, Task 2
2023-06-16 12:12:57,662 WARNING API call failed with status code 400, retrying with reduced limit
2023-06-16 12:12:57,938 WARNING API call failed with status code 400, retrying with reduced limit
2023-06-16 12:12:58,052 INFO 640 trades, 191616661-191617300, 1480, Task 1
2023-06-16 12:12:58,649 INFO 640 trades, 191480007-191480646, 1540, Task 2
2023-06-16 12:13:00,377 INFO 640 trades, 191479367-191480006, 1580, Task 2
2023-06-16 12:13:01,016 WARNING API call failed with status code 400, retrying with reduced limit
2023-06-16 12:13:01,090 INFO 800 trades, 191208703-191209502, 1520, Task 4
2023-06-16 12:13:01,515 INFO 640 trades, 191616021-191616660, 1560, Task 1
2023-06-16 12:13:02,633 INFO 640 trades, 191478727-191479366, 40, Task 2
2023-06-16 12:13:03,438 INFO 640 trades, 191345015-191345654, 20, Task 3
2023-06-16 12:13:04,601 INFO 640 trades, 191478087-191478726, 100, Task 2
2023-06-16 12:13:04,827 INFO 800 trades, 191207903-191208702, 60, Task 4
2023-06-16 12:13:05,015 INFO 640 trades, 191615381-191616020, 80, Task 1
2023-06-16 12:13:05,853 INFO 640 trades, 191477447-191478086, 140, Task 2
2023-06-16 12:13:06,859 INFO 640 trades, 191344375-191345014, 120, Task 3
2023-06-16 12:13:07,166 INFO 640 trades, 191614741-191615380, 180, Task 1
2023-06-16 12:13:07,879 INFO 1000 trades, 191476807-191477806, 200, Task 2
2023-06-16 12:13:08,825 WARNING API call failed with status code 400, retrying with reduced limit
2023-06-16 12:13:09,997 INFO 640 trades, 191614101-191614740, 240, Task 1
2023-06-16 12:13:10,434 INFO 640 trades, 191343735-191344374, 220, Task 3
2023-06-16 12:13:11,064 INFO 640 trades, 191207103-191207742, 280, Task 4
2023-06-16 12:13:11,239 INFO 1000 trades, 191475807-191476806, 260, Task 2
2023-06-16 12:13:12,213 INFO 640 trades, 191613461-191614100, 300, Task 1
2023-06-16 12:13:13,481 INFO 640 trades, 191343095-191343734, 320, Task 3
2023-06-16 12:13:14,240 INFO 640 trades, 191206463-191207102, 340, Task 4
2023-06-16 12:13:14,586 INFO 1000 trades, 191474807-191475806, 360, Task 2
2023-06-16 12:13:14,990 INFO 1000 trades, 191612821-191613820, 380, Task 1
2023-06-16 12:13:15,895 INFO 1000 trades, 191473807-191474806, 440, Task 2
2023-06-16 12:13:16,624 INFO 640 trades, 191342455-191343094, 400, Task 3
2023-06-16 12:13:17,773 INFO 640 trades, 191205823-191206462, 420, Task 4
2023-06-16 12:13:17,805 INFO 1000 trades, 191472807-191473806, 460, Task 2
2023-06-16 12:13:18,027 INFO 1000 trades, 191611821-191612820, 480, Task 1
2023-06-16 12:13:20,544 INFO 1000 trades, 191610821-191611820, 560, Task 1
2023-06-16 12:13:20,903 INFO 1000 trades, 191471807-191472806, 520, Task 2
2023-06-16 12:13:20,916 INFO 640 trades, 191205183-191205822, 540, Task 4
2023-06-16 12:13:21,167 INFO 640 trades, 191341815-191342454, 500, Task 3
2023-06-16 12:13:22,865 INFO 1000 trades, 191609821-191610820, 580, Task 1
2023-06-16 12:13:24,258 INFO 1000 trades, 191608821-191609820, 660, Task 1
2023-06-16 12:13:24,273 INFO 640 trades, 191341175-191341814, 640, Task 3
2023-06-16 12:13:24,386 INFO 640 trades, 191204543-191205182, 620, Task 4
2023-06-16 12:13:24,470 INFO 1000 trades, 191470807-191471806, 600, Task 2
2023-06-16 12:13:26,458 INFO 1000 trades, 191469807-191470806, 740, Task 2
2023-06-16 12:13:27,452 INFO 640 trades, 191340535-191341174, 700, Task 3
2023-06-16 12:13:27,631 INFO 640 trades, 191203903-191204542, 720, Task 4
2023-06-16 12:13:28,139 INFO 1000 trades, 191468807-191469806, 760, Task 2
2023-06-16 12:13:28,197 INFO 1000 trades, 191607821-191608820, 680, Task 1
2023-06-16 12:13:29,459 INFO 1000 trades, 191606821-191607820, 840, Task 1
2023-06-16 12:13:30,870 INFO 640 trades, 191203263-191203902, 800, Task 4
2023-06-16 12:13:31,471 WARNING API call failed with status code 400, retrying with reduced limit
2023-06-16 12:13:31,846 INFO 1000 trades, 191605821-191606820, 860, Task 1
2023-06-16 12:13:32,222 WARNING API call failed with status code 400, retrying with reduced limit
2023-06-16 12:13:32,638 INFO 800 trades, 191467807-191468606, 920, Task 2
2023-06-16 12:13:33,126 INFO 1000 trades, 191604821-191605820, 940, Task 1
2023-06-16 12:13:33,755 INFO 800 trades, 191339895-191340694, 880, Task 3
2023-06-16 12:13:34,106 INFO 1000 trades, 191202623-191203622, 900, Task 4
2023-06-16 12:13:34,449 INFO 1000 trades, 191603821-191604820, 980, Task 1
2023-06-16 12:13:35,778 INFO 1000 trades, 191602821-191603820, 1040, Task 1
2023-06-16 12:13:36,722 WARNING API call failed with status code 400, retrying with reduced limit
2023-06-16 12:13:37,061 INFO 1000 trades, 191601821-191602820, 1060, Task 1
2023-06-16 12:13:37,321 INFO 800 trades, 191339095-191339894, 1000, Task 3
2023-06-16 12:13:38,118 WARNING API call failed with status code 400, retrying with reduced limit
2023-06-16 12:13:38,390 INFO 1000 trades, 191600821-191601820, 1100, Task 1
2023-06-16 12:13:39,452 INFO 800 trades, 191467007-191467806, 1080, Task 2
2023-06-16 12:13:39,753 INFO 1000 trades, 191599821-191600820, 1160, Task 1
2023-06-16 12:13:40,996 INFO 800 trades, 191201623-191202422, 1120, Task 4
2023-06-16 12:13:41,403 WARNING API call failed with status code 400, retrying with reduced limit
2023-06-16 12:13:41,994 INFO 1000 trades, 191598821-191599820, 1200, Task 1
2023-06-16 12:13:42,403 INFO 800 trades, 191466207-191467006, 1180, Task 2
2023-06-16 12:13:43,289 INFO 1000 trades, 191597821-191598820, 1260, Task 1
2023-06-16 12:13:43,655 INFO 800 trades, 191465407-191466206, 1280, Task 2
2023-06-16 12:13:43,699 INFO 640 trades, 191338295-191338934, 1220, Task 3
2023-06-16 12:13:44,526 INFO 1000 trades, 191596821-191597820, 1300, Task 1
2023-06-16 12:13:44,952 INFO 800 trades, 191464607-191465406, 1320, Task 2
2023-06-16 12:13:44,995 WARNING API call failed with status code 400, retrying with reduced limit
2023-06-16 12:13:45,359 INFO 640 trades, 191200823-191201462, 1360, Task 4
2023-06-16 12:13:46,479 INFO 1000 trades, 191595821-191596820, 1380, Task 1
2023-06-16 12:13:47,179 INFO 640 trades, 191337655-191338294, 1340, Task 3
2023-06-16 12:13:48,406 INFO 1000 trades, 191594821-191595820, 1440, Task 1
2023-06-16 12:13:48,445 INFO 640 trades, 191200183-191200822, 1420, Task 4
2023-06-16 12:13:48,635 INFO 800 trades, 191463807-191464606, 1400, Task 2
2023-06-16 12:13:49,965 INFO 1000 trades, 191593821-191594820, 1480, Task 1
2023-06-16 12:13:50,738 INFO 640 trades, 191337015-191337654, 1460, Task 3
2023-06-16 12:13:51,720 INFO 640 trades, 191199543-191200182, 1500, Task 4
2023-06-16 12:13:52,286 INFO 1000 trades, 191592821-191593820, 1560, Task 1
2023-06-16 12:13:52,635 WARNING API call failed with status code 400, retrying with reduced limit
2023-06-16 12:13:53,009 INFO 640 trades, 191463007-191463646, 1600, Task 2
2023-06-16 12:13:53,545 INFO 1000 trades, 191591821-191592820, 1620, Task 1
2023-06-16 12:13:54,178 INFO 640 trades, 191336375-191337014, 1540, Task 3
2023-06-16 12:13:55,160 INFO 640 trades, 191198903-191199542, 1580, Task 4
2023-06-16 12:13:55,327 INFO 1000 trades, 191590821-191591820, 1660, Task 1
2023-06-16 12:13:55,337 INFO 640 trades, 191462367-191463006, 1640, Task 2
2023-06-16 12:13:56,710 INFO 
cool down triggered with 1740, Task 1, sleeping for 3 seconds...
2023-06-16 12:13:57,384 INFO 640 trades, 191335735-191336374, 1680, Task 3
2023-06-16 12:13:57,388 INFO 
cool down triggered with 1720, Task 2, sleeping for 3 seconds...
2023-06-16 12:13:58,813 INFO 640 trades, 191198263-191198902, 1700, Task 4
2023-06-16 12:13:59,711 INFO 1000 trades, 191589821-191590820, 1740, Task 1
2023-06-16 12:14:00,390 INFO 640 trades, 191461727-191462366, 1720, Task 2
2023-06-16 12:14:00,609 INFO 
cool down triggered with 1760, Task 3, sleeping for 3 seconds...
2023-06-16 12:14:01,002 INFO 1000 trades, 191588821-191589820, 20, Task 1
2023-06-16 12:14:02,058 INFO 
cool down triggered with 1780, Task 4, sleeping for 3 seconds...
2023-06-16 12:14:02,334 INFO 1000 trades, 191587821-191588820, 60, Task 1
2023-06-16 12:14:02,714 INFO 640 trades, 191461087-191461726, 40, Task 2
2023-06-16 12:14:03,610 INFO 640 trades, 191335095-191335734, 1760, Task 3
2023-06-16 12:14:03,760 INFO 1000 trades, 191586821-191587820, 80, Task 1
2023-06-16 12:14:05,025 INFO 1000 trades, 191585821-191586820, 140, Task 1
2023-06-16 12:14:05,059 INFO 640 trades, 191197623-191198262, 1780, Task 4
2023-06-16 12:14:06,199 INFO 640 trades, 191460447-191461086, 100, Task 2
2023-06-16 12:14:06,371 INFO 1000 trades, 191584821-191585820, 160, Task 1
2023-06-16 12:14:06,887 INFO 640 trades, 191334455-191335094, 120, Task 3
2023-06-16 12:14:07,759 INFO 1000 trades, 191583821-191584820, 220, Task 1
2023-06-16 12:14:08,455 INFO 640 trades, 191196983-191197622, 180, Task 4
2023-06-16 12:14:10,100 INFO 640 trades, 191333815-191334454, 240, Task 3
2023-06-16 12:14:10,222 WARNING API call failed with status code 400, retrying with reduced limit
2023-06-16 12:14:10,604 INFO 1000 trades, 191582821-191583820, 260, Task 1
2023-06-16 12:14:10,624 INFO 800 trades, 191459807-191460606, 300, Task 2
2023-06-16 12:14:11,574 INFO 640 trades, 191196343-191196982, 280, Task 4
2023-06-16 12:14:13,161 INFO 1000 trades, 191581821-191582820, 340, Task 1
2023-06-16 12:14:13,164 INFO 800 trades, 191459007-191459806, 360, Task 2
2023-06-16 12:14:13,210 INFO 1000 trades, 191333175-191334174, 320, Task 3
2023-06-16 12:14:14,736 INFO 1000 trades, 191195703-191196702, 380, Task 4
2023-06-16 12:14:15,055 INFO 1000 trades, 191580821-191581820, 420, Task 1
2023-06-16 12:14:15,635 INFO 800 trades, 191458207-191459006, 440, Task 2
2023-06-16 12:14:16,467 INFO 1000 trades, 191579821-191580820, 480, Task 1
2023-06-16 12:14:17,236 WARNING API call failed with status code 400, retrying with reduced limit
2023-06-16 12:14:17,633 INFO 800 trades, 191332175-191332974, 520, Task 3
2023-06-16 12:14:17,782 INFO 1000 trades, 191578821-191579820, 540, Task 1
2023-06-16 12:14:18,829 WARNING API call failed with status code 400, retrying with reduced limit
2023-06-16 12:14:19,076 INFO 1000 trades, 191577821-191578820, 580, Task 1
2023-06-16 12:14:19,166 INFO 800 trades, 191457407-191458206, 500, Task 2
2023-06-16 12:14:20,404 INFO 1000 trades, 191576821-191577820, 620, Task 1
2023-06-16 12:14:21,653 WARNING API call failed with status code 400, retrying with reduced limit
2023-06-16 12:14:21,676 INFO 1000 trades, 191575821-191576820, 660, Task 1
2023-06-16 12:14:22,003 INFO 800 trades, 191194703-191195502, 600, Task 4
2023-06-16 12:14:22,953 INFO 1000 trades, 191574821-191575820, 700, Task 1
2023-06-16 12:14:23,263 INFO 800 trades, 191456607-191457406, 640, Task 2
2023-06-16 12:14:23,925 INFO 640 trades, 191331375-191332014, 680, Task 3
2023-06-16 12:14:24,240 INFO 1000 trades, 191573821-191574820, 740, Task 1
2023-06-16 12:14:25,556 INFO 1000 trades, 191572821-191573820, 800, Task 1
2023-06-16 12:14:25,761 INFO 800 trades, 191455807-191456606, 760, Task 2
2023-06-16 12:14:26,082 INFO 800 trades, 191193903-191194702, 720, Task 4
2023-06-16 12:14:26,812 INFO 1000 trades, 191571821-191572820, 820, Task 1
2023-06-16 12:14:27,178 INFO 640 trades, 191330735-191331374, 780, Task 3
2023-06-16 12:14:29,467 INFO 1000 trades, 191570821-191571820, 880, Task 1
2023-06-16 12:14:29,574 INFO 800 trades, 191455007-191455806, 840, Task 2
2023-06-16 12:14:29,851 INFO 800 trades, 191193103-191193902, 860, Task 4
2023-06-16 12:14:30,740 INFO 640 trades, 191330095-191330734, 900, Task 3
2023-06-16 12:14:33,179 INFO 1000 trades, 191569821-191570820, 920, Task 1
2023-06-16 12:14:33,225 INFO 800 trades, 191454207-191455006, 940, Task 2
2023-06-16 12:14:33,526 INFO 800 trades, 191192303-191193102, 960, Task 4
2023-06-16 12:14:33,914 INFO 640 trades, 191329455-191330094, 980, Task 3
2023-06-16 12:14:34,448 INFO 800 trades, 191453407-191454206, 1000, Task 2
2023-06-16 12:14:35,815 INFO 1000 trades, 191568821-191569820, 1020, Task 1
2023-06-16 12:14:37,048 INFO 640 trades, 191328815-191329454, 1060, Task 3
2023-06-16 12:14:37,238 INFO 800 trades, 191191503-191192302, 1040, Task 4
2023-06-16 12:14:37,729 INFO 1000 trades, 191567821-191568820, 1100, Task 1
2023-06-16 12:14:38,698 INFO 800 trades, 191452607-191453406, 1080, Task 2
2023-06-16 12:14:39,872 INFO 1000 trades, 191566821-191567820, 1160, Task 1
2023-06-16 12:14:40,143 INFO 640 trades, 191328175-191328814, 1120, Task 3
2023-06-16 12:14:41,271 INFO 800 trades, 191190703-191191502, 1140, Task 4
2023-06-16 12:14:41,807 INFO 1000 trades, 191451807-191452806, 1180, Task 2
2023-06-16 12:14:43,331 INFO 640 trades, 191327535-191328174, 1220, Task 3
2023-06-16 12:14:43,402 INFO 1000 trades, 191565821-191566820, 1200, Task 1
2023-06-16 12:14:45,046 INFO 800 trades, 191189903-191190702, 1240, Task 4
2023-06-16 12:14:45,251 INFO 1000 trades, 191564821-191565820, 1300, Task 1
2023-06-16 12:14:46,559 INFO 640 trades, 191326895-191327534, 1280, Task 3
2023-06-16 12:14:46,885 WARNING API call failed with status code 400, retrying with reduced limit
2023-06-16 12:14:47,869 INFO 1000 trades, 191563821-191564820, 1340, Task 1
2023-06-16 12:14:48,674 INFO 800 trades, 191189103-191189902, 1320, Task 4
2023-06-16 12:14:49,037 INFO 800 trades, 191450807-191451606, 1360, Task 2
2023-06-16 12:14:50,220 INFO 1000 trades, 191562821-191563820, 1400, Task 1
2023-06-16 12:14:50,644 WARNING API call failed with status code 400, retrying with reduced limit
2023-06-16 12:14:52,318 INFO 1000 trades, 191561821-191562820, 1480, Task 1
2023-06-16 12:14:52,407 INFO 800 trades, 191188303-191189102, 1420, Task 4
2023-06-16 12:14:52,725 INFO 800 trades, 191450007-191450806, 1440, Task 2
2023-06-16 12:14:52,870 INFO 800 trades, 191326255-191327054, 1460, Task 3
2023-06-16 12:14:54,050 INFO 800 trades, 191449207-191450006, 1540, Task 2
2023-06-16 12:14:55,001 INFO 1000 trades, 191560821-191561820, 1500, Task 1
2023-06-16 12:14:56,049 INFO 1000 trades, 191187503-191188502, 1520, Task 4
2023-06-16 12:14:56,596 INFO 1000 trades, 191559821-191560820, 1600, Task 1
2023-06-16 12:14:56,946 WARNING API call failed with status code 400, retrying with reduced limit
2023-06-16 12:14:57,047 INFO 800 trades, 191448407-191449206, 1580, Task 2
2023-06-16 12:14:59,264 INFO 640 trades, 191325455-191326094, 1640, Task 3
2023-06-16 12:14:59,320 INFO 1000 trades, 191558821-191559820, 1660, Task 1
2023-06-16 12:15:00,059 WARNING API call failed with status code 400, retrying with reduced limit
2023-06-16 12:15:00,450 INFO 800 trades, 191186503-191187302, 20, Task 4
2023-06-16 12:15:00,635 INFO 800 trades, 191447607-191448406, 1680, Task 2
2023-06-16 12:15:01,566 INFO 1000 trades, 191557821-191558820, 60, Task 1
2023-06-16 12:15:02,632 INFO 640 trades, 191324815-191325454, 40, Task 3
2023-06-16 12:15:03,752 INFO 800 trades, 191446807-191447606, 100, Task 2
2023-06-16 12:15:04,221 INFO 800 trades, 191185703-191186502, 80, Task 4
2023-06-16 12:15:05,304 INFO 1000 trades, 191556821-191557820, 120, Task 1
2023-06-16 12:15:06,274 INFO 800 trades, 191446007-191446806, 160, Task 2
2023-06-16 12:15:06,339 INFO 640 trades, 191324175-191324814, 140, Task 3
2023-06-16 12:15:06,868 INFO 1000 trades, 191555821-191556820, 200, Task 1
2023-06-16 12:15:07,535 INFO 800 trades, 191445207-191446006, 220, Task 2
2023-06-16 12:15:08,313 WARNING API call failed with status code 400, retrying with reduced limit
2023-06-16 12:15:09,460 INFO 800 trades, 191444407-191445206, 300, Task 2
2023-06-16 12:15:09,970 INFO 640 trades, 191323535-191324174, 240, Task 3
2023-06-16 12:15:10,011 INFO 1000 trades, 191554821-191555820, 260, Task 1
2023-06-16 12:15:10,713 INFO 640 trades, 191184903-191185542, 280, Task 4
2023-06-16 12:15:12,228 INFO 1000 trades, 191553821-191554820, 360, Task 1
2023-06-16 12:15:13,127 INFO 1000 trades, 191443607-191444606, 320, Task 2
2023-06-16 12:15:13,150 INFO 640 trades, 191322895-191323534, 340, Task 3
2023-06-16 12:15:13,958 INFO 640 trades, 191184263-191184902, 380, Task 4
2023-06-16 12:15:15,437 INFO 1000 trades, 191442607-191443606, 420, Task 2
2023-06-16 12:15:15,832 INFO 1000 trades, 191552821-191553820, 400, Task 1
2023-06-16 12:15:16,381 INFO 640 trades, 191322255-191322894, 440, Task 3
2023-06-16 12:15:17,043 INFO 1000 trades, 191441607-191442606, 480, Task 2
2023-06-16 12:15:17,564 INFO 640 trades, 191183623-191184262, 460, Task 4
2023-06-16 12:15:18,825 INFO 1000 trades, 191440607-191441606, 540, Task 2
2023-06-16 12:15:19,312 INFO 1000 trades, 191551821-191552820, 500, Task 1
2023-06-16 12:15:19,541 INFO 640 trades, 191321615-191322254, 520, Task 3
2023-06-16 12:15:20,156 INFO 1000 trades, 191439607-191440606, 580, Task 2
2023-06-16 12:15:21,038 INFO 640 trades, 191182983-191183622, 560, Task 4
2023-06-16 12:15:21,477 INFO 1000 trades, 191438607-191439606, 640, Task 2
2023-06-16 12:15:21,830 INFO 1000 trades, 191550821-191551820, 600, Task 1
2023-06-16 12:15:22,719 INFO 640 trades, 191320975-191321614, 620, Task 3
2023-06-16 12:15:24,536 INFO 640 trades, 191182343-191182982, 660, Task 4
2023-06-16 12:15:25,586 WARNING API call failed with status code 400, retrying with reduced limit
2023-06-16 12:15:25,621 INFO 1000 trades, 191549821-191550820, 700, Task 1
2023-06-16 12:15:25,928 INFO 640 trades, 191320335-191320974, 720, Task 3
2023-06-16 12:15:26,236 INFO 800 trades, 191437607-191438406, 760, Task 2
2023-06-16 12:15:27,709 INFO 640 trades, 191181703-191182342, 740, Task 4
2023-06-16 12:15:28,138 INFO 1000 trades, 191548821-191549820, 780, Task 1
2023-06-16 12:15:29,886 INFO 1000 trades, 191547821-191548820, 860, Task 1
2023-06-16 12:15:29,973 INFO 800 trades, 191436807-191437606, 820, Task 2
2023-06-16 12:15:30,014 WARNING API call failed with status code 400, retrying with reduced limit
2023-06-16 12:15:30,821 INFO 640 trades, 191181063-191181702, 840, Task 4
2023-06-16 12:15:31,151 INFO 1000 trades, 191546821-191547820, 900, Task 1
2023-06-16 12:15:32,009 INFO 800 trades, 191436007-191436806, 920, Task 2
2023-06-16 12:15:32,335 INFO 800 trades, 191319695-191320494, 880, Task 3
2023-06-16 12:15:33,210 INFO 1000 trades, 191545821-191546820, 960, Task 1
2023-06-16 12:15:34,067 INFO 1000 trades, 191180423-191181422, 940, Task 4
2023-06-16 12:15:34,271 INFO 800 trades, 191435207-191436006, 980, Task 2
2023-06-16 12:15:35,402 INFO 1000 trades, 191544821-191545820, 1020, Task 1
2023-06-16 12:15:35,981 INFO 800 trades, 191318895-191319694, 1000, Task 3
2023-06-16 12:15:36,502 INFO 1000 trades, 191434407-191435406, 1060, Task 2
2023-06-16 12:15:38,103 WARNING API call failed with status code 400, retrying with reduced limit
2023-06-16 12:15:38,172 INFO 1000 trades, 191543821-191544820, 1080, Task 1
2023-06-16 12:15:39,764 INFO 800 trades, 191318095-191318894, 1100, Task 3
2023-06-16 12:15:40,035 INFO 1000 trades, 191542821-191543820, 1160, Task 1
2023-06-16 12:15:40,225 INFO 1000 trades, 191433407-191434406, 1120, Task 2
2023-06-16 12:15:40,881 INFO 800 trades, 191179423-191180222, 1140, Task 4
2023-06-16 12:15:43,158 INFO 1000 trades, 191541821-191542820, 1200, Task 1
2023-06-16 12:15:43,429 INFO 1000 trades, 191432407-191433406, 1220, Task 2
2023-06-16 12:15:43,792 WARNING API call failed with status code 400, retrying with reduced limit
2023-06-16 12:15:44,915 INFO 800 trades, 191178623-191179422, 1240, Task 4
2023-06-16 12:15:45,745 INFO 1000 trades, 191431407-191432406, 1300, Task 2
2023-06-16 12:15:46,141 INFO 640 trades, 191317295-191317934, 1260, Task 3
2023-06-16 12:15:46,691 INFO 1000 trades, 191540821-191541820, 1280, Task 1
2023-06-16 12:15:47,036 INFO 1000 trades, 191430407-191431406, 1340, Task 2
2023-06-16 12:15:48,064 INFO 1000 trades, 191539821-191540820, 1380, Task 1
2023-06-16 12:15:48,607 INFO 800 trades, 191177823-191178622, 1320, Task 4
2023-06-16 12:15:48,719 INFO 1000 trades, 191429407-191430406, 1400, Task 2
2023-06-16 12:15:49,312 INFO 640 trades, 191316655-191317294, 1360, Task 3
2023-06-16 12:15:50,002 INFO 1000 trades, 191428407-191429406, 1460, Task 2
2023-06-16 12:15:51,339 INFO 1000 trades, 191427407-191428406, 1500, Task 2
2023-06-16 12:15:51,431 INFO 1000 trades, 191538821-191539820, 1420, Task 1
2023-06-16 12:15:52,551 INFO 800 trades, 191177023-191177822, 1440, Task 4
2023-06-16 12:15:52,778 INFO 640 trades, 191316015-191316654, 1480, Task 3
2023-06-16 12:15:55,038 INFO 1000 trades, 191426407-191427406, 1520, Task 2
2023-06-16 12:15:55,443 WARNING API call failed with status code 400, retrying with reduced limit
2023-06-16 12:15:56,081 INFO 800 trades, 191176223-191177022, 1560, Task 4
2023-06-16 12:15:56,309 INFO 640 trades, 191315375-191316014, 1580, Task 3
2023-06-16 12:15:56,454 INFO 800 trades, 191537821-191538620, 1600, Task 1
2023-06-16 12:15:59,081 WARNING API call failed with status code 400, retrying with reduced limit
2023-06-16 12:15:59,509 INFO 800 trades, 191425407-191426206, 1700, Task 2
2023-06-16 12:15:59,514 INFO 640 trades, 191314735-191315374, 1660, Task 3
2023-06-16 12:16:00,110 WARNING API call failed with status code 400, retrying with reduced limit
2023-06-16 12:16:00,217 INFO 1000 trades, 191537021-191538020, 1680, Task 1
2023-06-16 12:16:02,453 INFO 640 trades, 191175423-191176062, 20, Task 4
2023-06-16 12:16:02,773 INFO 640 trades, 191314095-191314734, 40, Task 3
2023-06-16 12:16:02,789 INFO 1000 trades, 191536021-191537020, 80, Task 1
2023-06-16 12:16:03,095 INFO 1000 trades, 191424607-191425606, 60, Task 2
2023-06-16 12:16:05,652 INFO 640 trades, 191174783-191175422, 100, Task 4
2023-06-16 12:16:05,898 INFO 640 trades, 191313455-191314094, 120, Task 3
2023-06-16 12:16:06,545 INFO 1000 trades, 191423607-191424606, 160, Task 2
2023-06-16 12:16:06,831 INFO 1000 trades, 191535021-191536020, 140, Task 1
2023-06-16 12:16:08,931 INFO 640 trades, 191174143-191174782, 180, Task 4
2023-06-16 12:16:09,221 INFO 1000 trades, 191534021-191535020, 240, Task 1
2023-06-16 12:16:09,354 INFO 1000 trades, 191422607-191423606, 220, Task 2
2023-06-16 12:16:09,929 WARNING API call failed with status code 400, retrying with reduced limit
2023-06-16 12:16:12,008 INFO 640 trades, 191173503-191174142, 260, Task 4
2023-06-16 12:16:12,457 INFO 1000 trades, 191533021-191534020, 300, Task 1
2023-06-16 12:16:13,117 WARNING API call failed with status code 400, retrying with reduced limit
2023-06-16 12:16:13,255 INFO 1000 trades, 191421607-191422606, 320, Task 2
2023-06-16 12:16:13,464 INFO 480 trades, 191312815-191313294, 360, Task 3
2023-06-16 12:16:16,109 INFO 480 trades, 191312335-191312814, 420, Task 3
2023-06-16 12:16:16,111 WARNING API call failed with status code 400, retrying with reduced limit
2023-06-16 12:16:16,486 WARNING API call failed with status code 400, retrying with reduced limit
2023-06-16 12:16:16,507 INFO 1000 trades, 191420607-191421606, 400, Task 2
2023-06-16 12:16:16,886 INFO 800 trades, 191532021-191532820, 460, Task 1
2023-06-16 12:16:17,854 INFO 1000 trades, 191419607-191420606, 500, Task 2
2023-06-16 12:16:18,183 INFO 800 trades, 191531221-191532020, 520, Task 1
2023-06-16 12:16:18,960 INFO 480 trades, 191311855-191312334, 480, Task 3
2023-06-16 12:16:19,268 INFO 800 trades, 191172863-191173662, 440, Task 4
2023-06-16 12:16:20,833 INFO 800 trades, 191530421-191531220, 560, Task 1
2023-06-16 12:16:20,923 INFO 1000 trades, 191418607-191419606, 540, Task 2
2023-06-16 12:16:21,858 INFO 480 trades, 191311375-191311854, 580, Task 3
2023-06-16 12:16:22,991 INFO 800 trades, 191172063-191172862, 600, Task 4
2023-06-16 12:16:23,149 INFO 1000 trades, 191417607-191418606, 640, Task 2
2023-06-16 12:16:24,055 INFO 800 trades, 191529621-191530420, 620, Task 1
2023-06-16 12:16:24,532 INFO 480 trades, 191310895-191311374, 660, Task 3
2023-06-16 12:16:26,595 INFO 800 trades, 191171263-191172062, 680, Task 4
2023-06-16 12:16:26,753 INFO 1000 trades, 191416607-191417606, 700, Task 2
2023-06-16 12:16:27,450 INFO 800 trades, 191528821-191529620, 720, Task 1
2023-06-16 12:16:27,587 INFO 480 trades, 191310415-191310894, 740, Task 3
2023-06-16 12:16:29,444 INFO 1000 trades, 191528021-191529020, 800, Task 1
2023-06-16 12:16:30,273 INFO 800 trades, 191170463-191171262, 760, Task 4
2023-06-16 12:16:30,317 INFO 480 trades, 191309935-191310414, 820, Task 3
2023-06-16 12:16:30,722 INFO 1000 trades, 191527021-191528020, 840, Task 1
2023-06-16 12:16:30,772 WARNING API call failed with status code 400, retrying with reduced limit
2023-06-16 12:16:32,959 INFO 1000 trades, 191526021-191527020, 920, Task 1
2023-06-16 12:16:33,240 INFO 480 trades, 191309455-191309934, 880, Task 3
2023-06-16 12:16:33,630 INFO 800 trades, 191415607-191416406, 860, Task 2
2023-06-16 12:16:34,133 INFO 800 trades, 191169663-191170462, 900, Task 4
2023-06-16 12:16:36,227 INFO 480 trades, 191308975-191309454, 960, Task 3
2023-06-16 12:16:37,028 WARNING API call failed with status code 400, retrying with reduced limit
2023-06-16 12:16:37,642 INFO 1000 trades, 191414807-191415806, 980, Task 2
2023-06-16 12:16:38,187 WARNING API call failed with status code 400, retrying with reduced limit
2023-06-16 12:16:38,565 INFO 640 trades, 191168863-191169502, 1060, Task 4
2023-06-16 12:16:39,339 INFO 480 trades, 191308495-191308974, 1040, Task 3
2023-06-16 12:16:40,098 INFO 800 trades, 191525021-191525820, 1020, Task 1
2023-06-16 12:16:41,280 INFO 1000 trades, 191413807-191414806, 1080, Task 2
2023-06-16 12:16:42,019 INFO 640 trades, 191168223-191168862, 1100, Task 4
2023-06-16 12:16:43,426 WARNING API call failed with status code 400, retrying with reduced limit
2023-06-16 12:16:43,902 INFO 800 trades, 191524221-191525020, 1140, Task 1
2023-06-16 12:16:45,144 INFO 640 trades, 191167583-191168222, 1180, Task 4
2023-06-16 12:16:45,337 WARNING API call failed with status code 400, retrying with reduced limit
2023-06-16 12:16:45,656 INFO 768 trades, 191308015-191308782, 1200, Task 3
2023-06-16 12:16:45,738 INFO 800 trades, 191412807-191413606, 1240, Task 2
2023-06-16 12:16:46,964 INFO 800 trades, 191523421-191524220, 1220, Task 1
2023-06-16 12:16:48,350 INFO 640 trades, 191166943-191167582, 1260, Task 4
2023-06-16 12:16:48,899 INFO 800 trades, 191412007-191412806, 1300, Task 2
2023-06-16 12:16:49,681 WARNING API call failed with status code 400, retrying with reduced limit
2023-06-16 12:16:50,107 INFO 800 trades, 191522621-191523420, 1320, Task 1
2023-06-16 12:16:51,890 INFO 800 trades, 191411207-191412006, 1380, Task 2
2023-06-16 12:16:51,911 INFO 640 trades, 191166303-191166942, 1340, Task 4
2023-06-16 12:16:51,933 INFO 614 trades, 191307247-191307860, 1360, Task 3
2023-06-16 12:16:53,135 INFO 800 trades, 191410407-191411206, 1420, Task 2
2023-06-16 12:16:54,159 INFO 800 trades, 191521821-191522620, 1400, Task 1
2023-06-16 12:16:55,050 INFO 614 trades, 191306633-191307246, 1440, Task 3
2023-06-16 12:16:56,678 INFO 800 trades, 191409607-191410406, 1480, Task 2
2023-06-16 12:16:56,762 INFO 800 trades, 191521021-191521820, 1500, Task 1
2023-06-16 12:16:56,961 WARNING API call failed with status code 400, retrying with reduced limit
2023-06-16 12:16:57,356 INFO 800 trades, 191165663-191166462, 1540, Task 4
2023-06-16 12:16:58,541 INFO 614 trades, 191306019-191306632, 1520, Task 3
2023-06-16 12:16:59,087 INFO 800 trades, 191520221-191521020, 1580, Task 1
2023-06-16 12:16:59,175 INFO 800 trades, 191408807-191409606, 1560, Task 2
2023-06-16 12:17:00,405 INFO 1000 trades, 191519421-191520420, 20, Task 1
2023-06-16 12:17:01,446 WARNING API call failed with status code 400, retrying with reduced limit
2023-06-16 12:17:01,974 INFO 614 trades, 191305405-191306018, 1620, Task 3
2023-06-16 12:17:02,876 INFO 800 trades, 191408007-191408806, 40, Task 2
2023-06-16 12:17:03,522 INFO 1000 trades, 191518421-191519420, 60, Task 1
2023-06-16 12:17:03,888 INFO 640 trades, 191164863-191165502, 80, Task 4
2023-06-16 12:17:04,624 INFO 800 trades, 191407207-191408006, 120, Task 2
2023-06-16 12:17:05,188 INFO 614 trades, 191304791-191305404, 100, Task 3
2023-06-16 12:17:07,091 INFO 640 trades, 191164223-191164862, 160, Task 4
2023-06-16 12:17:07,616 WARNING API call failed with status code 400, retrying with reduced limit
2023-06-16 12:17:08,256 INFO 614 trades, 191304177-191304790, 200, Task 3
2023-06-16 12:17:08,657 WARNING API call failed with status code 400, retrying with reduced limit
2023-06-16 12:17:08,847 INFO 800 trades, 191517421-191518220, 220, Task 1
2023-06-16 12:17:09,287 INFO 800 trades, 191406407-191407206, 260, Task 2
2023-06-16 12:17:10,421 INFO 640 trades, 191163583-191164222, 240, Task 4
2023-06-16 12:17:11,454 INFO 614 trades, 191303563-191304176, 280, Task 3
2023-06-16 12:17:12,933 WARNING API call failed with status code 400, retrying with reduced limit
2023-06-16 12:17:12,955 INFO 800 trades, 191405607-191406406, 320, Task 2
2023-06-16 12:17:13,320 INFO 640 trades, 191516621-191517260, 380, Task 1
2023-06-16 12:17:13,719 INFO 640 trades, 191162943-191163582, 340, Task 4
2023-06-16 12:17:14,525 INFO 614 trades, 191302949-191303562, 360, Task 3
2023-06-16 12:17:14,579 INFO 640 trades, 191515981-191516620, 420, Task 1
2023-06-16 12:17:16,599 INFO 640 trades, 191515341-191515980, 460, Task 1
2023-06-16 12:17:16,736 INFO 800 trades, 191404807-191405606, 400, Task 2
2023-06-16 12:17:16,947 INFO 640 trades, 191162303-191162942, 440, Task 4
2023-06-16 12:17:17,877 INFO 640 trades, 191514701-191515340, 500, Task 1
2023-06-16 12:17:18,054 INFO 614 trades, 191302335-191302948, 480, Task 3
2023-06-16 12:17:20,126 INFO 640 trades, 191161663-191162302, 540, Task 4
2023-06-16 12:17:20,439 INFO 800 trades, 191404007-191404806, 520, Task 2
2023-06-16 12:17:20,582 INFO 640 trades, 191514061-191514700, 560, Task 1
2023-06-16 12:17:22,086 WARNING API call failed with status code 400, retrying with reduced limit
2023-06-16 12:17:22,807 INFO 640 trades, 191513421-191514060, 640, Task 1
2023-06-16 12:17:23,225 INFO 640 trades, 191161023-191161662, 600, Task 4
2023-06-16 12:17:24,037 INFO 800 trades, 191403207-191404006, 620, Task 2
2023-06-16 12:17:24,637 INFO 800 trades, 191301721-191302520, 660, Task 3
2023-06-16 12:17:25,955 INFO 640 trades, 191512781-191513420, 680, Task 1
2023-06-16 12:17:26,430 INFO 640 trades, 191160383-191161022, 700, Task 4
2023-06-16 12:17:27,645 INFO 800 trades, 191402407-191403206, 720, Task 2
2023-06-16 12:17:28,170 INFO 800 trades, 191300921-191301720, 740, Task 3
2023-06-16 12:17:28,235 INFO 1000 trades, 191512141-191513140, 760, Task 1
2023-06-16 12:17:29,464 INFO 640 trades, 191159743-191160382, 780, Task 4
2023-06-16 12:17:30,375 INFO 1000 trades, 191511141-191512140, 840, Task 1
2023-06-16 12:17:31,294 INFO 800 trades, 191401607-191402406, 800, Task 2
2023-06-16 12:17:32,244 WARNING API call failed with status code 400, retrying with reduced limit
2023-06-16 12:17:32,682 INFO 1000 trades, 191159103-191160102, 860, Task 4
2023-06-16 12:17:34,060 INFO 1000 trades, 191510141-191511140, 880, Task 1
2023-06-16 12:17:34,100 INFO 800 trades, 191400807-191401606, 900, Task 2
2023-06-16 12:17:34,514 INFO 640 trades, 191300121-191300760, 920, Task 3
2023-06-16 12:17:36,772 WARNING API call failed with status code 400, retrying with reduced limit
2023-06-16 12:17:37,293 INFO 800 trades, 191158103-191158902, 1020, Task 4
2023-06-16 12:17:37,682 INFO 640 trades, 191299481-191300120, 1000, Task 3
2023-06-16 12:17:37,742 INFO 800 trades, 191400007-191400806, 960, Task 2
2023-06-16 12:17:38,139 WARNING API call failed with status code 400, retrying with reduced limit
2023-06-16 12:17:38,618 INFO 800 trades, 191509141-191509940, 1060, Task 1
2023-06-16 12:17:40,307 INFO 800 trades, 191508341-191509140, 1120, Task 1
2023-06-16 12:17:40,919 INFO 800 trades, 191157303-191158102, 1040, Task 4
2023-06-16 12:17:41,231 INFO 640 trades, 191298841-191299480, 1080, Task 3
2023-06-16 12:17:41,350 INFO 800 trades, 191399207-191400006, 1100, Task 2
2023-06-16 12:17:41,832 INFO 800 trades, 191507541-191508340, 1140, Task 1
2023-06-16 12:17:42,676 INFO 1000 trades, 191398407-191399406, 1200, Task 2
2023-06-16 12:17:43,069 INFO 800 trades, 191506741-191507540, 1220, Task 1
2023-06-16 12:17:44,492 INFO 800 trades, 191156503-191157302, 1160, Task 4
2023-06-16 12:17:44,647 INFO 1000 trades, 191397407-191398406, 1240, Task 2
2023-06-16 12:17:44,818 INFO 640 trades, 191298201-191298840, 1180, Task 3
2023-06-16 12:17:46,329 INFO 800 trades, 191505941-191506740, 1260, Task 1
2023-06-16 12:17:48,007 INFO 640 trades, 191297561-191298200, 1320, Task 3
2023-06-16 12:17:48,541 WARNING API call failed with status code 400, retrying with reduced limit
2023-06-16 12:17:48,668 WARNING API call failed with status code 400, retrying with reduced limit
2023-06-16 12:17:48,938 INFO 800 trades, 191505141-191505940, 1340, Task 1
2023-06-16 12:17:49,058 INFO 800 trades, 191396407-191397206, 1380, Task 2
2023-06-16 12:17:50,716 INFO 640 trades, 191155703-191156342, 1360, Task 4
2023-06-16 12:17:51,135 INFO 640 trades, 191296921-191297560, 1400, Task 3
2023-06-16 12:17:51,294 INFO 800 trades, 191504341-191505140, 1420, Task 1
2023-06-16 12:17:52,628 INFO 1000 trades, 191503541-191504540, 1500, Task 1
2023-06-16 12:17:53,068 WARNING API call failed with status code 400, retrying with reduced limit
2023-06-16 12:17:53,829 INFO 640 trades, 191155063-191155702, 1460, Task 4
2023-06-16 12:17:54,235 INFO 640 trades, 191296281-191296920, 1480, Task 3
2023-06-16 12:17:54,814 INFO 1000 trades, 191502541-191503540, 1540, Task 1
2023-06-16 12:17:55,268 INFO 640 trades, 191395607-191396246, 1520, Task 2
2023-06-16 12:17:56,868 INFO 640 trades, 191154423-191155062, 1560, Task 4
2023-06-16 12:17:57,274 INFO 640 trades, 191295641-191296280, 1580, Task 3
2023-06-16 12:17:58,035 INFO 1000 trades, 191501541-191502540, 1600, Task 1
2023-06-16 12:17:58,349 INFO 640 trades, 191394967-191395606, 1620, Task 2
2023-06-16 12:17:59,977 INFO 640 trades, 191153783-191154422, 1640, Task 4
2023-06-16 12:18:00,404 INFO 1000 trades, 191295001-191296000, 1660, Task 3
2023-06-16 12:18:01,129 INFO 1000 trades, 191500541-191501540, 1680, Task 1
2023-06-16 12:18:01,163 INFO 640 trades, 191394327-191394966, 1700, Task 2
2023-06-16 12:18:03,648 INFO 640 trades, 191153143-191153782, 20, Task 4
2023-06-16 12:18:03,720 INFO 1000 trades, 191499541-191500540, 60, Task 1
2023-06-16 12:18:03,791 INFO 640 trades, 191393687-191394326, 80, Task 2
2023-06-16 12:18:04,478 WARNING API call failed with status code 400, retrying with reduced limit
2023-06-16 12:18:05,548 INFO 1000 trades, 191498541-191499540, 140, Task 1
2023-06-16 12:18:06,709 INFO 640 trades, 191152503-191153142, 100, Task 4
2023-06-16 12:18:06,915 INFO 640 trades, 191393047-191393686, 160, Task 2
2023-06-16 12:18:07,635 INFO 800 trades, 191294001-191294800, 120, Task 3
2023-06-16 12:18:07,792 INFO 1000 trades, 191497541-191498540, 180, Task 1
2023-06-16 12:18:09,458 INFO 640 trades, 191392407-191393046, 220, Task 2
2023-06-16 12:18:09,710 INFO 1000 trades, 191496541-191497540, 260, Task 1
2023-06-16 12:18:09,897 INFO 1000 trades, 191151863-191152862, 200, Task 4
2023-06-16 12:18:11,094 INFO 1000 trades, 191495541-191496540, 300, Task 1
2023-06-16 12:18:11,675 INFO 800 trades, 191293201-191294000, 240, Task 3
2023-06-16 12:18:12,822 INFO 640 trades, 191391767-191392406, 280, Task 2
2023-06-16 12:18:13,910 WARNING API call failed with status code 400, retrying with reduced limit
2023-06-16 12:18:14,598 INFO 1000 trades, 191494541-191495540, 340, Task 1
2023-06-16 12:18:15,353 INFO 800 trades, 191292401-191293200, 360, Task 3
2023-06-16 12:18:16,039 INFO 1000 trades, 191493541-191494540, 420, Task 1
2023-06-16 12:18:16,322 INFO 1000 trades, 191391127-191392126, 380, Task 2
2023-06-16 12:18:16,685 INFO 800 trades, 191150863-191151662, 400, Task 4
2023-06-16 12:18:18,796 INFO 1000 trades, 191492541-191493540, 460, Task 1
2023-06-16 12:18:18,921 INFO 800 trades, 191291601-191292400, 440, Task 3
2023-06-16 12:18:20,296 INFO 800 trades, 191150063-191150862, 500, Task 4
2023-06-16 12:18:20,349 WARNING API call failed with status code 400, retrying with reduced limit
2023-06-16 12:18:20,498 INFO 814 trades, 191491541-191492354, 520, Task 1
2023-06-16 12:18:20,749 INFO 800 trades, 191390127-191390926, 560, Task 2
2023-06-16 12:18:22,546 INFO 800 trades, 191290801-191291600, 540, Task 3
2023-06-16 12:18:23,775 INFO 800 trades, 191149263-191150062, 580, Task 4
2023-06-16 12:18:24,352 INFO 800 trades, 191389327-191390126, 600, Task 2
2023-06-16 12:18:26,608 WARNING API call failed with status code 400, retrying with reduced limit
2023-06-16 12:18:26,996 INFO 640 trades, 191290001-191290640, 680, Task 3
2023-06-16 12:18:27,322 INFO 800 trades, 191148463-191149262, 640, Task 4
2023-06-16 12:18:27,894 INFO 800 trades, 191388527-191389326, 660, Task 2
2023-06-16 12:18:29,925 INFO 800 trades, 191387727-191388526, 740, Task 2
2023-06-16 12:18:30,151 INFO 640 trades, 191289361-191290000, 700, Task 3
2023-06-16 12:18:31,327 WARNING API call failed with status code 400, retrying with reduced limit
2023-06-16 12:18:33,213 INFO 640 trades, 191288721-191289360, 780, Task 3
2023-06-16 12:18:33,558 INFO 800 trades, 191386927-191387726, 760, Task 2
2023-06-16 12:18:33,573 INFO 640 trades, 191147663-191148302, 800, Task 4
2023-06-16 12:18:36,814 INFO 800 trades, 191386127-191386926, 840, Task 2
2023-06-16 12:18:36,826 INFO 640 trades, 191288081-191288720, 820, Task 3
2023-06-16 12:18:36,830 INFO 640 trades, 191147023-191147662, 860, Task 4
2023-06-16 12:18:40,131 INFO 640 trades, 191146383-191147022, 920, Task 4
2023-06-16 12:18:40,529 INFO 800 trades, 191385327-191386126, 880, Task 2
2023-06-16 12:18:40,966 WARNING API call failed with status code 400, retrying with reduced limit
2023-06-16 12:18:41,387 INFO 800 trades, 191287441-191288240, 960, Task 3
2023-06-16 12:18:43,635 INFO 640 trades, 191145743-191146382, 940, Task 4
2023-06-16 12:18:43,816 INFO 800 trades, 191384527-191385326, 980, Task 2
2023-06-16 12:18:45,162 INFO 800 trades, 191286641-191287440, 1000, Task 3
2023-06-16 12:18:46,832 INFO 640 trades, 191145103-191145742, 1020, Task 4
2023-06-16 12:18:47,306 INFO 800 trades, 191383727-191384526, 1040, Task 2
2023-06-16 12:18:48,891 INFO 800 trades, 191285841-191286640, 1060, Task 3
2023-06-16 12:18:50,050 INFO 1000 trades, 191144463-191145462, 1080, Task 4
2023-06-16 12:18:51,383 WARNING API call failed with status code 400, retrying with reduced limit
2023-06-16 12:18:51,788 INFO 800 trades, 191382927-191383726, 1160, Task 2
2023-06-16 12:18:52,481 INFO 800 trades, 191285041-191285840, 1120, Task 3
2023-06-16 12:18:54,121 WARNING API call failed with status code 400, retrying with reduced limit
2023-06-16 12:18:55,430 INFO 800 trades, 191382127-191382926, 1180, Task 2
2023-06-16 12:18:56,172 INFO 800 trades, 191284241-191285040, 1200, Task 3
2023-06-16 12:18:57,313 WARNING API call failed with status code 400, retrying with reduced limit
2023-06-16 12:18:59,043 INFO 800 trades, 191381327-191382126, 1240, Task 2
2023-06-16 12:18:59,062 INFO 480 trades, 191143463-191143942, 1280, Task 4
2023-06-16 12:18:59,821 INFO 800 trades, 191283441-191284240, 1260, Task 3
2023-06-16 12:19:01,732 INFO 480 trades, 191142983-191143462, 40, Task 4
2023-06-16 12:19:02,800 INFO 800 trades, 191380527-191381326, 20, Task 2
2023-06-16 12:19:03,507 INFO 800 trades, 191282641-191283440, 60, Task 3
2023-06-16 12:19:04,711 INFO 480 trades, 191142503-191142982, 80, Task 4
2023-06-16 12:19:06,451 INFO 800 trades, 191379727-191380526, 100, Task 2
2023-06-16 12:19:07,168 INFO 800 trades, 191281841-191282640, 120, Task 3
2023-06-16 12:19:07,430 INFO 480 trades, 191142023-191142502, 140, Task 4
2023-06-16 12:19:10,046 INFO 800 trades, 191378927-191379726, 160, Task 2
2023-06-16 12:19:10,048 INFO 480 trades, 191141543-191142022, 200, Task 4
2023-06-16 12:19:11,227 WARNING API call failed with status code 400, retrying with reduced limit
2023-06-16 12:19:12,695 INFO 480 trades, 191141063-191141542, 240, Task 4
2023-06-16 12:19:13,517 INFO 640 trades, 191281041-191281680, 260, Task 3
2023-06-16 12:19:13,591 INFO 800 trades, 191378127-191378926, 220, Task 2
2023-06-16 12:19:15,208 INFO 480 trades, 191140583-191141062, 280, Task 4
2023-06-16 12:19:16,697 INFO 640 trades, 191280401-191281040, 300, Task 3
2023-06-16 12:19:17,078 INFO 800 trades, 191377327-191378126, 320, Task 2
2023-06-16 12:19:17,862 INFO 480 trades, 191140103-191140582, 340, Task 4
2023-06-16 12:19:20,473 INFO 480 trades, 191139623-191140102, 400, Task 4
2023-06-16 12:19:20,707 WARNING API call failed with status code 400, retrying with reduced limit
2023-06-16 12:19:20,752 INFO 800 trades, 191376527-191377326, 380, Task 2
2023-06-16 12:19:23,888 WARNING API call failed with status code 400, retrying with reduced limit
2023-06-16 12:19:24,426 INFO 800 trades, 191375727-191376526, 460, Task 2
2023-06-16 12:19:24,550 WARNING API call failed with status code 400, retrying with reduced limit
2023-06-16 12:19:24,960 INFO 768 trades, 191139143-191139910, 500, Task 4
2023-06-16 12:19:25,662 INFO 480 trades, 191279761-191280240, 480, Task 3
2023-06-16 12:19:28,424 WARNING API call failed with status code 400, retrying with reduced limit
2023-06-16 12:19:28,513 INFO 480 trades, 191279281-191279760, 560, Task 3
2023-06-16 12:19:28,844 INFO 768 trades, 191138375-191139142, 540, Task 4
2023-06-16 12:19:31,146 INFO 800 trades, 191374927-191375726, 580, Task 2
2023-06-16 12:19:31,466 INFO 480 trades, 191278801-191279280, 600, Task 3
2023-06-16 12:19:32,501 INFO 768 trades, 191137607-191138374, 620, Task 4
2023-06-16 12:19:34,066 INFO 480 trades, 191278321-191278800, 660, Task 3
2023-06-16 12:19:34,757 INFO 800 trades, 191374127-191374926, 640, Task 2
2023-06-16 12:19:36,050 INFO 768 trades, 191136839-191137606, 680, Task 4
2023-06-16 12:19:37,017 INFO 480 trades, 191277841-191278320, 700, Task 3
2023-06-16 12:19:38,386 INFO 800 trades, 191373327-191374126, 720, Task 2
2023-06-16 12:19:39,734 INFO 480 trades, 191277361-191277840, 760, Task 3
2023-06-16 12:19:40,134 WARNING API call failed with status code 400, retrying with reduced limit
2023-06-16 12:19:41,966 INFO 800 trades, 191372527-191373326, 780, Task 2
2023-06-16 12:19:42,324 INFO 480 trades, 191276881-191277360, 820, Task 3
2023-06-16 12:19:42,359 INFO 614 trades, 191136071-191136684, 800, Task 4
2023-06-16 12:19:44,970 INFO 480 trades, 191276401-191276880, 860, Task 3
2023-06-16 12:19:45,886 INFO 614 trades, 191135457-191136070, 880, Task 4
2023-06-16 12:19:45,982 WARNING API call failed with status code 400, retrying with reduced limit
2023-06-16 12:19:47,651 INFO 480 trades, 191275921-191276400, 900, Task 3
2023-06-16 12:19:48,304 INFO 640 trades, 191371727-191372366, 920, Task 2
2023-06-16 12:19:48,951 INFO 614 trades, 191134843-191135456, 940, Task 4
2023-06-16 12:19:50,262 INFO 480 trades, 191275441-191275920, 960, Task 3
2023-06-16 12:19:51,482 INFO 640 trades, 191371087-191371726, 980, Task 2
2023-06-16 12:19:52,325 INFO 614 trades, 191134229-191134842, 1000, Task 4
2023-06-16 12:19:54,370 WARNING API call failed with status code 400, retrying with reduced limit
2023-06-16 12:19:54,645 INFO 640 trades, 191370447-191371086, 1040, Task 2
2023-06-16 12:19:54,779 INFO 768 trades, 191274961-191275728, 1080, Task 3
2023-06-16 12:19:55,441 INFO 614 trades, 191133615-191134228, 1060, Task 4
2023-06-16 12:19:57,966 INFO 640 trades, 191369807-191370446, 1100, Task 2
2023-06-16 12:19:58,534 INFO 768 trades, 191274193-191274960, 1120, Task 3
2023-06-16 12:19:58,596 INFO 614 trades, 191133001-191133614, 1140, Task 4
2023-06-16 12:20:01,259 INFO 640 trades, 191369167-191369806, 1160, Task 2
2023-06-16 12:20:02,618 WARNING API call failed with status code 400, retrying with reduced limit
2023-06-16 12:20:02,691 WARNING API call failed with status code 400, retrying with reduced limit
2023-06-16 12:20:03,337 INFO 800 trades, 191132387-191133186, 60, Task 4
2023-06-16 12:20:04,487 INFO 640 trades, 191368527-191369166, 20, Task 2
2023-06-16 12:20:04,974 INFO 614 trades, 191273425-191274038, 40, Task 3
2023-06-16 12:20:07,055 INFO 800 trades, 191131587-191132386, 80, Task 4
2023-06-16 12:20:08,148 INFO 614 trades, 191272811-191273424, 120, Task 3
2023-06-16 12:20:08,561 WARNING API call failed with status code 400, retrying with reduced limit
2023-06-16 12:20:10,856 INFO 800 trades, 191130787-191131586, 140, Task 4
2023-06-16 12:20:11,064 INFO 800 trades, 191367887-191368686, 160, Task 2
2023-06-16 12:20:11,429 INFO 614 trades, 191272197-191272810, 180, Task 3
2023-06-16 12:20:14,536 INFO 614 trades, 191271583-191272196, 240, Task 3
2023-06-16 12:20:14,643 INFO 800 trades, 191129987-191130786, 200, Task 4
2023-06-16 12:20:14,859 INFO 800 trades, 191367087-191367886, 220, Task 2
2023-06-16 12:20:17,730 INFO 614 trades, 191270969-191271582, 260, Task 3
2023-06-16 12:20:18,673 WARNING API call failed with status code 400, retrying with reduced limit
2023-06-16 12:20:18,797 INFO 800 trades, 191366287-191367086, 300, Task 2
2023-06-16 12:20:20,851 INFO 614 trades, 191270355-191270968, 320, Task 3
2023-06-16 12:20:21,018 INFO 640 trades, 191129187-191129826, 340, Task 4
2023-06-16 12:20:22,472 INFO 800 trades, 191365487-191366286, 360, Task 2
2023-06-16 12:20:23,948 INFO 614 trades, 191269741-191270354, 380, Task 3
2023-06-16 12:20:24,121 INFO 640 trades, 191128547-191129186, 400, Task 4
2023-06-16 12:20:26,179 INFO 800 trades, 191364687-191365486, 420, Task 2
2023-06-16 12:20:27,007 INFO 614 trades, 191269127-191269740, 440, Task 3
2023-06-16 12:20:27,798 INFO 640 trades, 191127907-191128546, 460, Task 4
2023-06-16 12:20:29,933 INFO 800 trades, 191363887-191364686, 480, Task 2
2023-06-16 12:20:30,959 INFO 640 trades, 191127267-191127906, 520, Task 4
2023-06-16 12:20:31,103 WARNING API call failed with status code 400, retrying with reduced limit
2023-06-16 12:20:31,515 INFO 800 trades, 191268513-191269312, 560, Task 3
2023-06-16 12:20:34,023 WARNING API call failed with status code 400, retrying with reduced limit
2023-06-16 12:20:34,566 INFO 640 trades, 191126627-191127266, 580, Task 4
2023-06-16 12:20:35,946 WARNING API call failed with status code 400, retrying with reduced limit
2023-06-16 12:20:36,338 INFO 640 trades, 191267713-191268352, 660, Task 3
2023-06-16 12:20:36,347 INFO 640 trades, 191363087-191363726, 620, Task 2
2023-06-16 12:20:38,095 INFO 640 trades, 191125987-191126626, 640, Task 4
2023-06-16 12:20:39,541 INFO 640 trades, 191267073-191267712, 680, Task 3
2023-06-16 12:20:39,599 INFO 640 trades, 191362447-191363086, 700, Task 2
2023-06-16 12:20:42,188 WARNING API call failed with status code 400, retrying with reduced limit
2023-06-16 12:20:42,777 INFO 640 trades, 191361807-191362446, 740, Task 2
2023-06-16 12:20:42,804 INFO 640 trades, 191266433-191267072, 760, Task 3
2023-06-16 12:20:45,006 INFO 800 trades, 191125347-191126146, 780, Task 4
2023-06-16 12:20:46,000 INFO 640 trades, 191265793-191266432, 800, Task 3
2023-06-16 12:20:46,374 INFO 640 trades, 191361167-191361806, 820, Task 2
2023-06-16 12:20:49,090 WARNING API call failed with status code 400, retrying with reduced limit
2023-06-16 12:20:49,476 INFO 640 trades, 191124547-191125186, 900, Task 4
2023-06-16 12:20:49,575 INFO 640 trades, 191265153-191265792, 860, Task 3
2023-06-16 12:20:50,477 WARNING API call failed with status code 400, retrying with reduced limit
2023-06-16 12:20:52,674 INFO 640 trades, 191123907-191124546, 920, Task 4
2023-06-16 12:20:53,029 INFO 640 trades, 191264513-191265152, 940, Task 3
2023-06-16 12:20:53,209 INFO 800 trades, 191360527-191361326, 960, Task 2
2023-06-16 12:20:55,786 INFO 640 trades, 191123267-191123906, 980, Task 4
2023-06-16 12:20:56,209 INFO 640 trades, 191263873-191264512, 1000, Task 3
2023-06-16 12:20:56,815 INFO 800 trades, 191359727-191360526, 1020, Task 2
2023-06-16 12:20:58,893 INFO 640 trades, 191122627-191123266, 1040, Task 4
2023-06-16 12:20:59,303 INFO 640 trades, 191263233-191263872, 1060, Task 3
2023-06-16 12:21:00,872 WARNING API call failed with status code 400, retrying with reduced limit
2023-06-16 12:21:02,074 INFO 640 trades, 191121987-191122626, 1100, Task 4
2023-06-16 12:21:02,973 INFO 640 trades, 191262593-191263232, 20, Task 3
2023-06-16 12:21:03,294 INFO 640 trades, 191358927-191359566, 40, Task 2
2023-06-16 12:21:05,401 INFO 640 trades, 191121347-191121986, 60, Task 4
2023-06-16 12:21:06,652 INFO 640 trades, 191358287-191358926, 100, Task 2
2023-06-16 12:21:06,713 INFO 1000 trades, 191261953-191262952, 80, Task 3
2023-06-16 12:21:08,646 INFO 640 trades, 191120707-191121346, 120, Task 4
2023-06-16 12:21:09,995 INFO 640 trades, 191357647-191358286, 140, Task 2
2023-06-16 12:21:10,818 WARNING API call failed with status code 400, retrying with reduced limit
2023-06-16 12:21:12,229 INFO 640 trades, 191120067-191120706, 180, Task 4
2023-06-16 12:21:13,175 INFO 640 trades, 191357007-191357646, 220, Task 2
2023-06-16 12:21:13,644 INFO 800 trades, 191260953-191261752, 200, Task 3
2023-06-16 12:21:15,911 INFO 640 trades, 191119427-191120066, 240, Task 4
2023-06-16 12:21:16,448 INFO 640 trades, 191356367-191357006, 260, Task 2
2023-06-16 12:21:17,366 INFO 800 trades, 191260153-191260952, 280, Task 3
2023-06-16 12:21:19,556 INFO 1000 trades, 191118787-191119786, 300, Task 4
2023-06-16 12:21:19,795 INFO 640 trades, 191355727-191356366, 320, Task 2
2023-06-16 12:21:21,444 WARNING API call failed with status code 400, retrying with reduced limit
2023-06-16 12:21:22,985 INFO 640 trades, 191355087-191355726, 380, Task 2
2023-06-16 12:21:23,590 WARNING API call failed with status code 400, retrying with reduced limit
2023-06-16 12:21:23,831 INFO 640 trades, 191259353-191259992, 400, Task 3
2023-06-16 12:21:26,077 INFO 632 trades, 191354447-191355078, 440, Task 2
2023-06-16 12:21:26,515 INFO 800 trades, 191117787-191118586, 420, Task 4
2023-06-16 12:21:27,495 INFO 640 trades, 191258713-191259352, 460, Task 3
2023-06-16 12:21:30,526 WARNING API call failed with status code 400, retrying with reduced limit
2023-06-16 12:21:30,611 INFO 640 trades, 191258073-191258712, 500, Task 3
2023-06-16 12:21:32,877 INFO 640 trades, 191116987-191117626, 520, Task 4
2023-06-16 12:21:34,106 INFO 640 trades, 191257433-191258072, 540, Task 3
2023-06-16 12:21:36,089 INFO 640 trades, 191116347-191116986, 560, Task 4
2023-06-16 12:21:37,436 INFO 640 trades, 191256793-191257432, 580, Task 3
2023-06-16 12:21:39,194 INFO 640 trades, 191115707-191116346, 600, Task 4
2023-06-16 12:21:40,665 INFO 640 trades, 191256153-191256792, 620, Task 3
2023-06-16 12:21:42,429 INFO 640 trades, 191115067-191115706, 640, Task 4
2023-06-16 12:21:43,849 INFO 640 trades, 191255513-191256152, 660, Task 3
2023-06-16 12:21:46,043 INFO 640 trades, 191114427-191115066, 680, Task 4
2023-06-16 12:21:47,027 INFO 1000 trades, 191254873-191255872, 700, Task 3
2023-06-16 12:21:49,204 INFO 640 trades, 191113787-191114426, 720, Task 4
2023-06-16 12:21:51,093 WARNING API call failed with status code 400, retrying with reduced limit
2023-06-16 12:21:51,497 INFO 800 trades, 191253873-191254672, 780, Task 3
2023-06-16 12:21:52,309 INFO 640 trades, 191113147-191113786, 760, Task 4
2023-06-16 12:21:55,266 INFO 800 trades, 191253073-191253872, 800, Task 3
2023-06-16 12:21:55,844 INFO 640 trades, 191112507-191113146, 820, Task 4
2023-06-16 12:21:59,064 INFO 800 trades, 191252273-191253072, 840, Task 3
2023-06-16 12:21:59,928 WARNING API call failed with status code 400, retrying with reduced limit
2023-06-16 12:22:02,723 INFO 800 trades, 191111867-191112666, 40, Task 4
2023-06-16 12:22:03,105 WARNING API call failed with status code 400, retrying with reduced limit
2023-06-16 12:22:05,596 INFO 640 trades, 191251473-191252112, 60, Task 3
2023-06-16 12:22:06,768 WARNING API call failed with status code 400, retrying with reduced limit
2023-06-16 12:22:07,142 INFO 640 trades, 191111067-191111706, 120, Task 4
2023-06-16 12:22:08,777 INFO 640 trades, 191250833-191251472, 100, Task 3
2023-06-16 12:22:10,407 INFO 640 trades, 191110427-191111066, 140, Task 4
2023-06-16 12:22:12,044 INFO 640 trades, 191250193-191250832, 160, Task 3
2023-06-16 12:22:13,652 INFO 640 trades, 191109787-191110426, 180, Task 4
2023-06-16 12:22:15,284 INFO 640 trades, 191249553-191250192, 200, Task 3
2023-06-16 12:22:17,290 INFO 640 trades, 191109147-191109786, 220, Task 4
2023-06-16 12:22:19,408 INFO 640 trades, 191248913-191249552, 240, Task 3
2023-06-16 12:22:20,408 INFO 640 trades, 191108507-191109146, 260, Task 4
2023-06-16 12:22:22,556 INFO 640 trades, 191248273-191248912, 280, Task 3
2023-06-16 12:22:23,733 INFO 640 trades, 191107867-191108506, 300, Task 4
2023-06-16 12:22:26,571 WARNING API call failed with status code 400, retrying with reduced limit
2023-06-16 12:22:26,958 INFO 800 trades, 191247633-191248432, 360, Task 3
2023-06-16 12:22:27,247 INFO 640 trades, 191107227-191107866, 340, Task 4
2023-06-16 12:22:30,468 INFO 640 trades, 191106587-191107226, 400, Task 4
2023-06-16 12:22:30,658 INFO 800 trades, 191246833-191247632, 380, Task 3
2023-06-16 12:22:33,987 INFO 640 trades, 191105947-191106586, 420, Task 4
2023-06-16 12:22:34,667 WARNING API call failed with status code 400, retrying with reduced limit
2023-06-16 12:22:35,040 INFO 640 trades, 191246033-191246672, 460, Task 3
2023-06-16 12:22:37,585 INFO 1000 trades, 191105307-191106306, 480, Task 4
2023-06-16 12:22:38,194 INFO 640 trades, 191245393-191246032, 500, Task 3
2023-06-16 12:22:41,372 INFO 640 trades, 191244753-191245392, 540, Task 3
2023-06-16 12:22:41,666 WARNING API call failed with status code 400, retrying with reduced limit
2023-06-16 12:22:42,188 INFO 800 trades, 191104307-191105106, 560, Task 4
2023-06-16 12:22:44,799 INFO 640 trades, 191244113-191244752, 580, Task 3
2023-06-16 12:22:45,873 INFO 800 trades, 191103507-191104306, 600, Task 4
2023-06-16 12:22:47,998 INFO 640 trades, 191243473-191244112, 620, Task 3
2023-06-16 12:22:49,932 WARNING API call failed with status code 400, retrying with reduced limit
2023-06-16 12:22:51,203 INFO 640 trades, 191242833-191243472, 660, Task 3
2023-06-16 12:22:52,277 INFO 640 trades, 191102707-191103346, 680, Task 4
2023-06-16 12:22:54,405 INFO 640 trades, 191242193-191242832, 700, Task 3
2023-06-16 12:22:55,982 INFO 640 trades, 191102067-191102706, 720, Task 4
2023-06-16 12:22:57,543 INFO 640 trades, 191241553-191242192, 740, Task 3
2023-06-16 12:22:59,564 INFO 640 trades, 191101427-191102066, 760, Task 4
2023-06-16 12:23:00,781 INFO 1000 trades, 191240913-191241912, 780, Task 3
2023-06-16 12:23:02,961 INFO 640 trades, 191100787-191101426, 20, Task 4
2023-06-16 12:23:04,869 WARNING API call failed with status code 400, retrying with reduced limit
2023-06-16 12:23:06,103 INFO 640 trades, 191100147-191100786, 60, Task 4
2023-06-16 12:23:08,068 WARNING API call failed with status code 400, retrying with reduced limit
2023-06-16 12:23:08,433 INFO 480 trades, 191239913-191240392, 120, Task 3
2023-06-16 12:23:09,174 INFO 640 trades, 191099507-191100146, 100, Task 4
2023-06-16 12:23:11,368 INFO 480 trades, 191239433-191239912, 140, Task 3
2023-06-16 12:23:12,638 INFO 640 trades, 191098867-191099506, 160, Task 4
2023-06-16 12:23:14,240 INFO 480 trades, 191238953-191239432, 180, Task 3
2023-06-16 12:23:16,667 WARNING API call failed with status code 400, retrying with reduced limit
2023-06-16 12:23:16,983 INFO 480 trades, 191238473-191238952, 220, Task 3
2023-06-16 12:23:17,067 INFO 800 trades, 191098227-191099026, 240, Task 4
2023-06-16 12:23:19,853 INFO 480 trades, 191237993-191238472, 260, Task 3
2023-06-16 12:23:21,106 WARNING API call failed with status code 400, retrying with reduced limit
2023-06-16 12:23:22,792 INFO 480 trades, 191237513-191237992, 300, Task 3
2023-06-16 12:23:23,453 INFO 640 trades, 191097427-191098066, 320, Task 4
2023-06-16 12:23:25,472 INFO 480 trades, 191237033-191237512, 340, Task 3
2023-06-16 12:23:26,670 INFO 640 trades, 191096787-191097426, 360, Task 4
2023-06-16 12:23:28,115 INFO 480 trades, 191236553-191237032, 380, Task 3
2023-06-16 12:23:30,256 INFO 640 trades, 191096147-191096786, 400, Task 4
2023-06-16 12:23:30,797 INFO 480 trades, 191236073-191236552, 420, Task 3
2023-06-16 12:23:33,688 INFO 640 trades, 191095507-191096146, 440, Task 4
2023-06-16 12:23:34,845 WARNING API call failed with status code 400, retrying with reduced limit
2023-06-16 12:23:36,732 INFO 768 trades, 191235593-191236360, 500, Task 3
2023-06-16 12:23:37,220 INFO 640 trades, 191094867-191095506, 480, Task 4
2023-06-16 12:23:40,369 INFO 768 trades, 191234825-191235592, 520, Task 3
2023-06-16 12:23:40,796 INFO 640 trades, 191094227-191094866, 540, Task 4
2023-06-16 12:23:43,798 INFO 768 trades, 191234057-191234824, 560, Task 3
2023-06-16 12:23:43,964 INFO 640 trades, 191093587-191094226, 580, Task 4
2023-06-16 12:23:47,225 INFO 640 trades, 191092947-191093586, 620, Task 4
2023-06-16 12:23:47,341 INFO 768 trades, 191233289-191234056, 600, Task 3
2023-06-16 12:23:50,491 INFO 640 trades, 191092307-191092946, 640, Task 4
2023-06-16 12:23:51,408 WARNING API call failed with status code 400, retrying with reduced limit
2023-06-16 12:23:51,787 INFO 614 trades, 191232521-191233134, 700, Task 3
2023-06-16 12:23:53,806 INFO 1000 trades, 191091667-191092666, 680, Task 4
2023-06-16 12:23:55,407 INFO 614 trades, 191231907-191232520, 720, Task 3
2023-06-16 12:23:57,835 WARNING API call failed with status code 400, retrying with reduced limit
2023-06-16 12:23:58,424 INFO 614 trades, 191231293-191231906, 760, Task 3
2023-06-16 12:24:01,028 WARNING API call failed with status code 400, retrying with reduced limit
2023-06-16 12:24:01,376 INFO 480 trades, 191090667-191091146, 20, Task 4
2023-06-16 12:24:01,952 INFO 614 trades, 191230679-191231292, 800, Task 3
2023-06-16 12:24:04,353 INFO 480 trades, 191090187-191090666, 40, Task 4
2023-06-16 12:24:05,063 INFO 614 trades, 191230065-191230678, 60, Task 3
2023-06-16 12:24:07,372 INFO 480 trades, 191089707-191090186, 80, Task 4
2023-06-16 12:24:08,512 INFO 614 trades, 191229451-191230064, 100, Task 3
2023-06-16 12:24:10,366 INFO 480 trades, 191089227-191089706, 120, Task 4
2023-06-16 12:24:12,553 WARNING API call failed with status code 400, retrying with reduced limit
2023-06-16 12:24:12,987 INFO 480 trades, 191088747-191089226, 160, Task 4
2023-06-16 12:24:15,353 INFO 800 trades, 191228837-191229636, 180, Task 3
2023-06-16 12:24:15,727 INFO 480 trades, 191088267-191088746, 200, Task 4
2023-06-16 12:24:18,310 INFO 480 trades, 191087787-191088266, 240, Task 4
2023-06-16 12:24:18,963 INFO 800 trades, 191228037-191228836, 220, Task 3
2023-06-16 12:24:20,938 INFO 480 trades, 191087307-191087786, 260, Task 4
2023-06-16 12:24:22,523 INFO 800 trades, 191227237-191228036, 280, Task 3
2023-06-16 12:24:23,970 INFO 480 trades, 191086827-191087306, 300, Task 4
2023-06-16 12:24:26,235 INFO 800 trades, 191226437-191227236, 320, Task 3
2023-06-16 12:24:28,001 WARNING API call failed with status code 400, retrying with reduced limit
2023-06-16 12:24:28,395 INFO 768 trades, 191086347-191087114, 380, Task 4
2023-06-16 12:24:29,866 INFO 800 trades, 191225637-191226436, 360, Task 3
2023-06-16 12:24:32,475 INFO 768 trades, 191085579-191086346, 400, Task 4
2023-06-16 12:24:33,603 INFO 800 trades, 191224837-191225636, 420, Task 3
2023-06-16 12:24:36,050 INFO 768 trades, 191084811-191085578, 440, Task 4
2023-06-16 12:24:37,647 WARNING API call failed with status code 400, retrying with reduced limit
2023-06-16 12:24:39,736 INFO 768 trades, 191084043-191084810, 480, Task 4
2023-06-16 12:24:40,005 INFO 640 trades, 191224037-191224676, 500, Task 3
2023-06-16 12:24:43,328 INFO 768 trades, 191083275-191084042, 520, Task 4
2023-06-16 12:24:43,583 INFO 640 trades, 191223397-191224036, 540, Task 3
2023-06-16 12:24:46,957 INFO 768 trades, 191082507-191083274, 560, Task 4
2023-06-16 12:24:47,136 INFO 640 trades, 191222757-191223396, 580, Task 3
2023-06-16 12:24:50,594 INFO 768 trades, 191081739-191082506, 600, Task 4
2023-06-16 12:24:50,693 INFO 640 trades, 191222117-191222756, 620, Task 3
2023-06-16 12:24:54,176 INFO 1000 trades, 191221477-191222476, 660, Task 3
2023-06-16 12:24:54,642 INFO 768 trades, 191080971-191081738, 640, Task 4
2023-06-16 12:24:56,456 INFO 212 trades, 191080203-191080414, 700, Task 4
2023-06-16 12:24:58,258 WARNING API call failed with status code 400, retrying with reduced limit
2023-06-16 12:25:01,455 WARNING API call failed with status code 400, retrying with reduced limit
2023-06-16 12:25:01,818 INFO 480 trades, 191220477-191220956, 20, Task 3
2023-06-16 12:25:05,704 INFO 480 trades, 191219997-191220476, 40, Task 3
2023-06-16 12:25:08,501 INFO 480 trades, 191219517-191219996, 60, Task 3
2023-06-16 12:25:11,593 INFO 480 trades, 191219037-191219516, 80, Task 3
2023-06-16 12:25:14,565 INFO 480 trades, 191218557-191219036, 100, Task 3
2023-06-16 12:25:17,272 INFO 480 trades, 191218077-191218556, 120, Task 3
2023-06-16 12:25:19,956 INFO 480 trades, 191217597-191218076, 140, Task 3
2023-06-16 12:25:21,123 INFO 214 trades, 191217117-191217330, 160, Task 3
