2023-06-18 16:26:12,253 INFO 1 trades, 12387008-12387008, 105, Task-920
2023-06-18 16:26:13,393 INFO 1 trades, 6193504-6193504, 125, Task-920
2023-06-18 16:26:14,612 INFO 1 trades, 9290256-9290256, 145, Task-920
2023-06-18 16:26:15,785 INFO 1 trades, 10838632-10838632, 165, Task-920
2023-06-18 16:26:16,970 INFO 1 trades, 11612820-11612820, 185, Task-920
2023-06-18 16:26:18,148 INFO 1 trades, 11999914-11999914, 205, Task-920
2023-06-18 16:26:19,396 INFO 1 trades, 12193461-12193461, 225, Task-920
2023-06-18 16:26:20,601 INFO 1 trades, 12096687-12096687, 245, Task-920
2023-06-18 16:26:21,799 INFO 1 trades, 12145074-12145074, 265, Task-920
2023-06-18 16:26:22,991 INFO 1 trades, 12169267-12169267, 285, Task-920
2023-06-18 16:26:24,121 INFO 1 trades, 12181364-12181364, 305, Task-920
2023-06-18 16:26:25,241 INFO 1 trades, 12175315-12175315, 325, Task-920
2023-06-18 16:26:26,368 INFO 1 trades, 12178339-12178339, 345, Task-920
2023-06-18 16:26:27,554 INFO 1 trades, 12179851-12179851, 365, Task-920
2023-06-18 16:26:28,747 INFO 1 trades, 12180607-12180607, 385, Task-920
2023-06-18 16:26:29,889 INFO 1 trades, 12180229-12180229, 405, Task-920
2023-06-18 16:26:31,008 INFO 1 trades, 12180040-12180040, 425, Task-920
2023-06-18 16:37:10,753 INFO 1 trades, 12388410-12388410, 85, Task-893
2023-06-18 16:37:11,892 INFO 1 trades, 6194205-6194205, 105, Task-893
2023-06-18 16:45:47,458 INFO 1 trades, 12389473-12389473, 725, Task-938
2023-06-18 16:45:48,595 INFO 1 trades, 6194736-6194736, 745, Task-938
2023-06-18 16:45:49,726 INFO 1 trades, 9292105-9292105, 765, Task-938
2023-06-18 16:45:50,913 INFO 1 trades, 10840789-10840789, 785, Task-938
2023-06-18 16:45:52,088 INFO 1 trades, 11615131-11615131, 805, Task-938
2023-06-18 16:45:53,259 INFO 1 trades, 12002302-12002302, 825, Task-938
2023-06-18 16:45:54,383 INFO 1 trades, 12195888-12195888, 845, Task-938
2023-06-18 16:45:55,561 INFO 1 trades, 12099095-12099095, 865, Task-938
2023-06-18 16:45:56,672 INFO 1 trades, 12147491-12147491, 885, Task-938
2023-06-18 16:45:57,851 INFO 1 trades, 12171689-12171689, 905, Task-938
2023-06-18 16:45:59,042 INFO 1 trades, 12183788-12183788, 925, Task-938
2023-06-18 16:46:00,223 INFO 1 trades, 12177738-12177738, 20, Task-938
2023-06-18 16:46:01,399 INFO 1 trades, 12180763-12180763, 40, Task-938
2023-06-18 16:46:02,595 INFO 1 trades, 12179250-12179250, 60, Task-938
2023-06-18 16:46:03,725 INFO 1 trades, 12180006-12180006, 80, Task-938
2023-06-18 16:46:04,829 INFO 1 trades, 12179628-12179628, 100, Task-938
2023-06-18 16:46:05,938 INFO 1 trades, 12179817-12179817, 120, Task-938
2023-06-18 16:46:07,051 INFO 1 trades, 12179911-12179911, 140, Task-938
2023-06-18 16:46:08,152 INFO 1 trades, 12179958-12179958, 160, Task-938
2023-06-18 16:46:09,264 INFO 1 trades, 12179982-12179982, 180, Task-938
2023-06-18 16:46:10,457 INFO 1 trades, 12179970-12179970, 200, Task-938
2023-06-18 16:46:11,578 INFO 1 trades, 12179976-12179976, 220, Task-938
2023-06-18 16:46:12,752 INFO 1 trades, 12179979-12179979, 240, Task-938
2023-06-18 16:46:13,926 INFO 1 trades, 12179980-12179980, 260, Task-938
2023-06-18 16:46:15,037 INFO 1 trades, 12179981-12179981, 280, Task-938
2023-06-18 16:46:16,566 INFO 900 trades, 12284727-12285626, 300, Task 3
2023-06-18 16:46:16,569 INFO 50 trades, 12389473-12389522, 320, Task 1
2023-06-18 16:46:16,587 INFO 900 trades, 12232354-12233253, 340, Task 4
2023-06-18 16:46:16,601 INFO 900 trades, 12337100-12337999, 360, Task 2
2023-06-18 16:46:17,708 INFO 101 trades, 12389423-12389523, 380, Task 1
2023-06-18 16:46:17,734 INFO 900 trades, 12231454-12232353, 400, Task 4
2023-06-18 16:46:17,739 INFO 900 trades, 12336200-12337099, 420, Task 2
2023-06-18 16:46:17,743 INFO 900 trades, 12283827-12284726, 440, Task 3
2023-06-18 16:46:18,902 INFO 205 trades, 12389322-12389526, 460, Task 1
2023-06-18 16:46:18,909 INFO 900 trades, 12282927-12283826, 480, Task 3
2023-06-18 16:46:18,934 INFO 900 trades, 12230554-12231453, 500, Task 4
2023-06-18 16:46:18,953 INFO 900 trades, 12335300-12336199, 520, Task 2
2023-06-18 16:46:20,036 INFO 900 trades, 12282027-12282926, 540, Task 3
2023-06-18 16:46:20,092 INFO 900 trades, 12334400-12335299, 560, Task 2
2023-06-18 16:46:20,094 INFO 412 trades, 12389117-12389528, 580, Task 1
2023-06-18 16:46:20,112 INFO 900 trades, 12229654-12230553, 600, Task 4
2023-06-18 16:46:21,149 INFO 900 trades, 12281127-12282026, 620, Task 3
2023-06-18 16:46:21,220 INFO 900 trades, 12333500-12334399, 640, Task 2
2023-06-18 16:46:21,230 INFO 829 trades, 12388705-12389533, 660, Task 1
2023-06-18 16:46:21,332 INFO 900 trades, 12228754-12229653, 680, Task 4
2023-06-18 16:46:22,321 INFO 900 trades, 12280227-12281126, 700, Task 3
2023-06-18 16:46:22,395 INFO 900 trades, 12387876-12388775, 720, Task 1
2023-06-18 16:46:22,419 INFO 900 trades, 12332600-12333499, 740, Task 2
2023-06-18 16:46:22,452 INFO 900 trades, 12227854-12228753, 760, Task 4
2023-06-18 16:46:23,515 INFO 900 trades, 12279327-12280226, 780, Task 3
2023-06-18 16:46:23,531 INFO 900 trades, 12386976-12387875, 800, Task 1
2023-06-18 16:46:23,590 INFO 900 trades, 12226954-12227853, 820, Task 4
2023-06-18 16:46:23,616 INFO 900 trades, 12331700-12332599, 840, Task 2
2023-06-18 16:46:24,712 INFO 900 trades, 12278427-12279326, 860, Task 3
2023-06-18 16:46:24,724 INFO 900 trades, 12386076-12386975, 880, Task 1
2023-06-18 16:46:24,760 INFO 900 trades, 12226054-12226953, 900, Task 4
2023-06-18 16:46:24,814 INFO 900 trades, 12330800-12331699, 920, Task 2
2023-06-18 16:46:25,891 INFO 900 trades, 12225154-12226053, 940, Task 4
2023-06-18 16:46:25,898 INFO 900 trades, 12277527-12278426, 960, Task 3
2023-06-18 16:46:25,902 INFO 900 trades, 12385176-12386075, 980, Task 1
2023-06-18 16:46:25,939 INFO 900 trades, 12329900-12330799, 1000, Task 2
2023-06-18 16:46:27,022 INFO 900 trades, 12276627-12277526, 1020, Task 3
2023-06-18 16:46:27,034 INFO 900 trades, 12224254-12225153, 1040, Task 4
2023-06-18 16:46:27,069 INFO 900 trades, 12384276-12385175, 1060, Task 1
2023-06-18 16:46:27,078 INFO 900 trades, 12329000-12329899, 1080, Task 2
2023-06-18 16:46:28,165 INFO 1000 trades, 12275727-12276726, 1100, Task 3
2023-06-18 16:46:28,200 INFO 1000 trades, 12383376-12384375, 1120, Task 1
2023-06-18 16:46:28,217 INFO 1000 trades, 12223354-12224353, 1140, Task 4
2023-06-18 16:46:28,245 INFO 1000 trades, 12328100-12329099, 1160, Task 2
2023-06-18 16:46:29,299 INFO 1000 trades, 12274727-12275726, 1180, Task 3
2023-06-18 16:46:29,373 INFO 1000 trades, 12382376-12383375, 1200, Task 1
2023-06-18 16:46:29,443 INFO 1000 trades, 12327100-12328099, 1220, Task 2
2023-06-18 16:46:30,409 INFO 1000 trades, 12222354-12223353, 1240, Task 4
2023-06-18 16:46:30,516 INFO 1000 trades, 12273727-12274726, 1260, Task 3
2023-06-18 16:46:30,524 INFO 1000 trades, 12381376-12382375, 1280, Task 1
2023-06-18 16:46:30,586 INFO 1000 trades, 12326100-12327099, 1300, Task 2
2023-06-18 16:46:31,637 INFO 1000 trades, 12272727-12273726, 1320, Task 3
2023-06-18 16:46:31,661 INFO 1000 trades, 12380376-12381375, 1340, Task 1
2023-06-18 16:46:31,741 INFO 1000 trades, 12325100-12326099, 1360, Task 2
2023-06-18 16:46:32,536 INFO 1000 trades, 12221354-12222353, 1380, Task 4
2023-06-18 16:46:32,799 INFO 1000 trades, 12379376-12380375, 1400, Task 1
2023-06-18 16:46:32,831 INFO 1000 trades, 12271727-12272726, 1420, Task 3
2023-06-18 16:46:32,916 INFO 1000 trades, 12324100-12325099, 1440, Task 2
2023-06-18 16:46:33,730 INFO 1000 trades, 12220354-12221353, 1460, Task 4
2023-06-18 16:46:33,931 INFO 1000 trades, 12378376-12379375, 1480, Task 1
2023-06-18 16:46:34,004 INFO 1000 trades, 12270727-12271726, 1500, Task 3
2023-06-18 16:46:34,126 INFO 1000 trades, 12323100-12324099, 1520, Task 2
2023-06-18 16:46:34,915 INFO 1000 trades, 12219354-12220353, 1540, Task 4
2023-06-18 16:46:35,066 INFO 1000 trades, 12377376-12378375, 1560, Task 1
2023-06-18 16:46:35,175 INFO 1000 trades, 12269727-12270726, 1580, Task 3
2023-06-18 16:46:35,326 INFO 1000 trades, 12322100-12323099, 1600, Task 2
2023-06-18 16:46:36,040 INFO 1000 trades, 12218354-12219353, 1620, Task 4
2023-06-18 16:46:36,272 INFO 1000 trades, 12376376-12377375, 1640, Task 1
2023-06-18 16:46:36,363 INFO 1000 trades, 12268727-12269726, 1660, Task 3
2023-06-18 16:46:36,526 INFO 1000 trades, 12321100-12322099, 1680, Task 2
2023-06-18 16:46:37,219 INFO 1000 trades, 12217354-12218353, 1700, Task 4
2023-06-18 16:46:37,464 INFO 
cool down triggered with 1720, Task 1, sleeping for 3 seconds...
2023-06-18 16:46:37,502 INFO 
cool down triggered with 1740, Task 3, sleeping for 3 seconds...
2023-06-18 16:46:37,694 INFO 
cool down triggered with 1760, Task 2, sleeping for 3 seconds...
2023-06-18 16:46:38,407 INFO 
cool down triggered with 1780, Task 4, sleeping for 3 seconds...
2023-06-18 16:46:40,465 INFO 1000 trades, 12375376-12376375, 1720, Task 1
2023-06-18 16:46:40,503 INFO 1000 trades, 12267727-12268726, 1740, Task 3
2023-06-18 16:46:40,696 INFO 1000 trades, 12320100-12321099, 1760, Task 2
2023-06-18 16:46:41,409 INFO 1000 trades, 12216354-12217353, 1780, Task 4
2023-06-18 16:46:41,674 INFO 
cool down triggered with 1800, Task 1, sleeping for 3 seconds...
2023-06-18 16:46:41,710 INFO 
cool down triggered with 1820, Task 3, sleeping for 3 seconds...
2023-06-18 16:46:41,909 INFO 
cool down triggered with 1840, Task 2, sleeping for 3 seconds...
2023-06-18 16:46:42,625 INFO 
cool down triggered with 1860, Task 4, sleeping for 3 seconds...
2023-06-18 16:46:44,676 INFO 1000 trades, 12374376-12375375, 1800, Task 1
2023-06-18 16:46:44,712 INFO 1000 trades, 12266727-12267726, 1820, Task 3
2023-06-18 16:46:44,911 INFO 1000 trades, 12319100-12320099, 1840, Task 2
2023-06-18 16:46:45,626 INFO 1000 trades, 12215354-12216353, 1860, Task 4
2023-06-18 16:46:45,926 INFO 
cool down triggered with 1880, Task 1, sleeping for 3 seconds...
2023-06-18 16:46:45,971 INFO 
cool down triggered with 1900, Task 3, sleeping for 3 seconds...
2023-06-18 16:46:46,129 INFO 
cool down triggered with 1920, Task 2, sleeping for 3 seconds...
2023-06-18 16:46:46,887 INFO 
cool down triggered with 1940, Task 4, sleeping for 3 seconds...
2023-06-18 16:46:48,927 INFO 1000 trades, 12373376-12374375, 1880, Task 1
2023-06-18 16:46:48,971 INFO 1000 trades, 12265727-12266726, 1900, Task 3
2023-06-18 16:46:49,130 INFO 1000 trades, 12318100-12319099, 1920, Task 2
2023-06-18 16:46:49,888 INFO 1000 trades, 12214354-12215353, 1940, Task 4
2023-06-18 16:46:50,418 INFO 
cool down triggered with 1960, Task 1, sleeping for 3 seconds...
2023-06-18 16:46:50,422 INFO 
cool down triggered with 1980, Task 3, sleeping for 3 seconds...
2023-06-18 16:46:50,615 INFO 
cool down triggered with 2000, Task 2, sleeping for 3 seconds...
2023-06-18 16:46:51,291 INFO 
cool down triggered with 2020, Task 4, sleeping for 3 seconds...
2023-06-18 16:46:53,419 INFO 1000 trades, 12372376-12373375, 1960, Task 1
2023-06-18 16:46:53,422 INFO 1000 trades, 12264727-12265726, 1980, Task 3
2023-06-18 16:46:53,617 INFO 1000 trades, 12317100-12318099, 2000, Task 2
2023-06-18 16:46:54,293 INFO 1000 trades, 12213354-12214353, 2020, Task 4
2023-06-18 16:46:54,567 INFO 
cool down triggered with 2040, Task 3, sleeping for 3 seconds...
2023-06-18 16:46:54,578 INFO 
cool down triggered with 2060, Task 1, sleeping for 3 seconds...
2023-06-18 16:46:54,753 INFO 
cool down triggered with 2080, Task 2, sleeping for 3 seconds...
2023-06-18 16:46:55,445 INFO 
cool down triggered with 2100, Task 4, sleeping for 3 seconds...
2023-06-18 16:46:57,568 INFO 1000 trades, 12263727-12264726, 2040, Task 3
2023-06-18 16:46:57,580 INFO 1000 trades, 12371376-12372375, 2060, Task 1
2023-06-18 16:46:57,754 INFO 1000 trades, 12316100-12317099, 2080, Task 2
2023-06-18 16:46:58,446 INFO 1000 trades, 12212354-12213353, 2100, Task 4
2023-06-18 16:46:59,020 WARNING 
cool down triggered with 2120, Task 3, sleeping for 8 seconds...
2023-06-18 16:46:59,085 WARNING 
cool down triggered with 2140, Task 1, sleeping for 8 seconds...
2023-06-18 16:46:59,145 WARNING 
cool down triggered with 2160, Task 2, sleeping for 8 seconds...
2023-06-18 16:46:59,864 WARNING 
cool down triggered with 2180, Task 4, sleeping for 8 seconds...
2023-06-18 16:47:07,021 INFO 1000 trades, 12262727-12263726, 2120, Task 3
2023-06-18 16:47:07,085 INFO 1000 trades, 12370376-12371375, 2140, Task 1
2023-06-18 16:47:07,147 INFO 1000 trades, 12315100-12316099, 2160, Task 2
2023-06-18 16:47:07,864 INFO 1000 trades, 12211354-12212353, 2180, Task 4
2023-06-18 16:47:08,491 INFO 1000 trades, 12261727-12262726, 20, Task 3
2023-06-18 16:47:08,520 INFO 1000 trades, 12369376-12370375, 40, Task 1
2023-06-18 16:47:08,601 INFO 1000 trades, 12314100-12315099, 60, Task 2
2023-06-18 16:47:09,381 INFO 1000 trades, 12210354-12211353, 80, Task 4
2023-06-18 16:47:09,967 INFO 1000 trades, 12260727-12261726, 100, Task 3
2023-06-18 16:47:10,022 INFO 1000 trades, 12313100-12314099, 140, Task 2
2023-06-18 16:47:10,043 INFO 1000 trades, 12368376-12369375, 120, Task 1
2023-06-18 16:47:10,778 INFO 1000 trades, 12209354-12210353, 160, Task 4
2023-06-18 16:47:11,428 INFO 1000 trades, 12259727-12260726, 180, Task 3
2023-06-18 16:47:11,496 INFO 1000 trades, 12312100-12313099, 200, Task 2
2023-06-18 16:47:11,530 INFO 1000 trades, 12367376-12368375, 220, Task 1
2023-06-18 16:47:12,261 INFO 1000 trades, 12208354-12209353, 240, Task 4
2023-06-18 16:47:12,846 INFO 1000 trades, 12258727-12259726, 260, Task 3
2023-06-18 16:47:12,915 INFO 1000 trades, 12311100-12312099, 280, Task 2
2023-06-18 16:47:13,054 INFO 1000 trades, 12366376-12367375, 300, Task 1
2023-06-18 16:47:13,751 INFO 1000 trades, 12207354-12208353, 320, Task 4
2023-06-18 16:47:14,343 INFO 1000 trades, 12257727-12258726, 340, Task 3
2023-06-18 16:47:14,417 INFO 1000 trades, 12310100-12311099, 360, Task 2
2023-06-18 16:47:14,449 INFO 1000 trades, 12365376-12366375, 380, Task 1
2023-06-18 16:47:15,224 INFO 1000 trades, 12206354-12207353, 400, Task 4
2023-06-18 16:47:15,832 INFO 1000 trades, 12256727-12257726, 420, Task 3
2023-06-18 16:47:15,869 INFO 1000 trades, 12364376-12365375, 440, Task 1
2023-06-18 16:47:15,914 INFO 1000 trades, 12309100-12310099, 460, Task 2
2023-06-18 16:47:16,696 INFO 1000 trades, 12205354-12206353, 480, Task 4
2023-06-18 16:47:17,319 INFO 1000 trades, 12255727-12256726, 500, Task 3
2023-06-18 16:47:17,324 INFO 1000 trades, 12363376-12364375, 520, Task 1
2023-06-18 16:47:17,411 INFO 1000 trades, 12308100-12309099, 540, Task 2
2023-06-18 16:47:18,185 INFO 1000 trades, 12204354-12205353, 560, Task 4
2023-06-18 16:47:18,756 INFO 1000 trades, 12362376-12363375, 580, Task 1
2023-06-18 16:47:18,783 INFO 1000 trades, 12254727-12255726, 600, Task 3
2023-06-18 16:47:18,886 INFO 1000 trades, 12307100-12308099, 620, Task 2
2023-06-18 16:47:19,681 INFO 1000 trades, 12203354-12204353, 640, Task 4
2023-06-18 16:47:20,259 INFO 1000 trades, 12253727-12254726, 660, Task 3
2023-06-18 16:47:20,285 INFO 1000 trades, 12306100-12307099, 700, Task 2
2023-06-18 16:47:20,288 INFO 1000 trades, 12361376-12362375, 680, Task 1
2023-06-18 16:47:21,173 INFO 1000 trades, 12202354-12203353, 720, Task 4
2023-06-18 16:47:21,664 INFO 1000 trades, 12252727-12253726, 740, Task 3
2023-06-18 16:47:21,775 INFO 1000 trades, 12360376-12361375, 780, Task 1
2023-06-18 16:47:21,779 INFO 1000 trades, 12305100-12306099, 760, Task 2
2023-06-18 16:47:22,661 INFO 1000 trades, 12201354-12202353, 800, Task 4
2023-06-18 16:47:23,073 INFO 1000 trades, 12251727-12252726, 820, Task 3
2023-06-18 16:47:23,208 INFO 1000 trades, 12304100-12305099, 840, Task 2
2023-06-18 16:47:23,286 INFO 1000 trades, 12359376-12360375, 860, Task 1
2023-06-18 16:47:24,135 INFO 1000 trades, 12200354-12201353, 880, Task 4
2023-06-18 16:47:24,529 INFO 1000 trades, 12250727-12251726, 900, Task 3
2023-06-18 16:47:24,690 INFO 1000 trades, 12303100-12304099, 920, Task 2
2023-06-18 16:47:24,780 INFO 1000 trades, 12358376-12359375, 940, Task 1
2023-06-18 16:47:25,528 INFO 1000 trades, 12199354-12200353, 960, Task 4
2023-06-18 16:47:26,015 INFO 1000 trades, 12249727-12250726, 980, Task 3
2023-06-18 16:47:26,163 INFO 1000 trades, 12302100-12303099, 1000, Task 2
2023-06-18 16:47:26,239 INFO 1000 trades, 12357376-12358375, 1020, Task 1
2023-06-18 16:47:26,927 INFO 1000 trades, 12198354-12199353, 1040, Task 4
2023-06-18 16:47:27,469 INFO 1000 trades, 12248727-12249726, 1060, Task 3
2023-06-18 16:47:27,638 INFO 1000 trades, 12301100-12302099, 1080, Task 2
2023-06-18 16:47:27,649 INFO 1000 trades, 12356376-12357375, 1100, Task 1
2023-06-18 16:47:28,417 INFO 1000 trades, 12197354-12198353, 1120, Task 4
2023-06-18 16:47:28,976 INFO 1000 trades, 12247727-12248726, 1140, Task 3
2023-06-18 16:47:29,131 INFO 1000 trades, 12300100-12301099, 1160, Task 2
2023-06-18 16:47:29,134 INFO 1000 trades, 12355376-12356375, 1180, Task 1
2023-06-18 16:47:29,820 INFO 1000 trades, 12196354-12197353, 1200, Task 4
2023-06-18 16:47:30,464 INFO 1000 trades, 12246727-12247726, 1220, Task 3
2023-06-18 16:47:30,596 INFO 1000 trades, 12354376-12355375, 1240, Task 1
2023-06-18 16:47:30,600 INFO 1000 trades, 12299100-12300099, 1260, Task 2
2023-06-18 16:47:31,346 INFO 1000 trades, 12195354-12196353, 1280, Task 4
2023-06-18 16:47:31,723 INFO 1000 trades, 12298100-12299099, 1320, Task 2
2023-06-18 16:47:31,806 INFO 1000 trades, 12353376-12354375, 1340, Task 1
2023-06-18 16:47:31,858 INFO 1000 trades, 12245727-12246726, 1300, Task 3
2023-06-18 16:47:32,542 INFO 1000 trades, 12194354-12195353, 1360, Task 4
2023-06-18 16:47:32,919 INFO 1000 trades, 12297100-12298099, 1380, Task 2
2023-06-18 16:47:32,978 INFO 1000 trades, 12352376-12353375, 1400, Task 1
2023-06-18 16:47:33,050 INFO 1000 trades, 12244727-12245726, 1420, Task 3
2023-06-18 16:47:33,693 INFO 1000 trades, 12193354-12194353, 1440, Task 4
2023-06-18 16:47:34,061 INFO 1000 trades, 12296100-12297099, 1460, Task 2
2023-06-18 16:47:34,394 INFO 1000 trades, 12351376-12352375, 1480, Task 1
2023-06-18 16:47:34,481 INFO 1000 trades, 12243727-12244726, 1500, Task 3
2023-06-18 16:47:34,817 INFO 1000 trades, 12192354-12193353, 1520, Task 4
2023-06-18 16:47:35,213 INFO 1000 trades, 12295100-12296099, 1540, Task 2
2023-06-18 16:47:35,804 INFO 1000 trades, 12350376-12351375, 1560, Task 1
2023-06-18 16:47:35,984 INFO 1000 trades, 12242727-12243726, 1580, Task 3
2023-06-18 16:47:36,210 INFO 1000 trades, 12191354-12192353, 1600, Task 4
2023-06-18 16:47:36,380 INFO 1000 trades, 12294100-12295099, 1620, Task 2
2023-06-18 16:47:37,235 INFO 1000 trades, 12349376-12350375, 1640, Task 1
2023-06-18 16:47:37,377 INFO 1000 trades, 12241727-12242726, 1660, Task 3
2023-06-18 16:47:37,508 INFO 1000 trades, 12293100-12294099, 1700, Task 2
2023-06-18 16:47:37,637 INFO 1000 trades, 12190354-12191353, 1680, Task 4
2023-06-18 16:47:38,646 INFO 
cool down triggered with 1720, Task 1, sleeping for 3 seconds...
2023-06-18 16:47:38,681 INFO 
cool down triggered with 1760, Task 2, sleeping for 3 seconds...
2023-06-18 16:47:38,800 INFO 
cool down triggered with 1740, Task 3, sleeping for 3 seconds...
2023-06-18 16:47:39,017 INFO 
cool down triggered with 1780, Task 4, sleeping for 3 seconds...
2023-06-18 16:47:41,648 INFO 1000 trades, 12348376-12349375, 1720, Task 1
2023-06-18 16:47:41,682 INFO 1000 trades, 12292100-12293099, 1760, Task 2
2023-06-18 16:47:41,801 INFO 1000 trades, 12240727-12241726, 1740, Task 3
2023-06-18 16:47:42,018 INFO 1000 trades, 12189354-12190353, 1780, Task 4
2023-06-18 16:47:43,097 INFO 
cool down triggered with 1800, Task 2, sleeping for 3 seconds...
2023-06-18 16:47:43,124 INFO 
cool down triggered with 1820, Task 1, sleeping for 3 seconds...
2023-06-18 16:47:43,202 INFO 
cool down triggered with 1840, Task 3, sleeping for 3 seconds...
2023-06-18 16:47:43,438 INFO 
cool down triggered with 1860, Task 4, sleeping for 3 seconds...
2023-06-18 16:47:46,099 INFO 1000 trades, 12291100-12292099, 1800, Task 2
2023-06-18 16:47:46,126 INFO 1000 trades, 12347376-12348375, 1820, Task 1
2023-06-18 16:47:46,204 INFO 1000 trades, 12239727-12240726, 1840, Task 3
2023-06-18 16:47:46,439 INFO 1000 trades, 12188354-12189353, 1860, Task 4
2023-06-18 16:47:47,322 INFO 
cool down triggered with 1880, Task 2, sleeping for 3 seconds...
2023-06-18 16:47:47,340 INFO 
cool down triggered with 1900, Task 1, sleeping for 3 seconds...
2023-06-18 16:47:47,395 INFO 
cool down triggered with 1920, Task 3, sleeping for 3 seconds...
2023-06-18 16:47:47,718 INFO 
cool down triggered with 1940, Task 4, sleeping for 3 seconds...
2023-06-18 16:47:50,323 INFO 1000 trades, 12290100-12291099, 1880, Task 2
2023-06-18 16:47:50,341 INFO 1000 trades, 12346376-12347375, 1900, Task 1
2023-06-18 16:47:50,396 INFO 1000 trades, 12238727-12239726, 1920, Task 3
2023-06-18 16:47:50,720 INFO 1000 trades, 12187354-12188353, 1940, Task 4
2023-06-18 16:47:51,528 INFO 
cool down triggered with 1980, Task 3, sleeping for 3 seconds...
2023-06-18 16:47:51,531 INFO 
cool down triggered with 1960, Task 2, sleeping for 3 seconds...
2023-06-18 16:47:51,534 INFO 
cool down triggered with 2000, Task 1, sleeping for 3 seconds...
2023-06-18 16:47:51,929 INFO 
cool down triggered with 2020, Task 4, sleeping for 3 seconds...
2023-06-18 16:47:54,529 INFO 1000 trades, 12237727-12238726, 1980, Task 3
2023-06-18 16:47:54,531 INFO 1000 trades, 12289100-12290099, 1960, Task 2
2023-06-18 16:47:54,535 INFO 1000 trades, 12345376-12346375, 2000, Task 1
2023-06-18 16:47:54,931 INFO 1000 trades, 12186354-12187353, 2020, Task 4
2023-06-18 16:47:55,666 INFO 
cool down triggered with 2040, Task 3, sleeping for 3 seconds...
2023-06-18 16:47:55,676 INFO 
cool down triggered with 2060, Task 2, sleeping for 3 seconds...
2023-06-18 16:47:55,684 INFO 
cool down triggered with 2080, Task 1, sleeping for 3 seconds...
2023-06-18 16:47:56,077 INFO 
cool down triggered with 2100, Task 4, sleeping for 3 seconds...
2023-06-18 16:47:58,668 INFO 1000 trades, 12236727-12237726, 2040, Task 3
2023-06-18 16:47:58,677 INFO 1000 trades, 12288100-12289099, 2060, Task 2
2023-06-18 16:47:58,685 INFO 1000 trades, 12344376-12345375, 2080, Task 1
2023-06-18 16:47:59,078 INFO 1000 trades, 12185354-12186353, 2100, Task 4
2023-06-18 16:48:00,059 WARNING 
cool down triggered with 2120, Task 3, sleeping for 8 seconds...
2023-06-18 16:48:00,100 WARNING 
cool down triggered with 2140, Task 1, sleeping for 8 seconds...
2023-06-18 16:48:00,196 WARNING 
cool down triggered with 2160, Task 2, sleeping for 8 seconds...
2023-06-18 16:48:00,578 INFO 1000 trades, 12184354-12185353, 20, Task 4
2023-06-18 16:48:02,032 INFO 1000 trades, 12183354-12184353, 40, Task 4
2023-06-18 16:48:03,448 INFO 1000 trades, 12182354-12183353, 60, Task 4
2023-06-18 16:48:04,896 INFO 1000 trades, 12181354-12182353, 80, Task 4
2023-06-18 16:48:06,019 INFO 373 trades, 12180354-12180726, 100, Task 4
2023-06-18 16:48:08,060 INFO 1000 trades, 12235727-12236726, 2120, Task 3
2023-06-18 16:48:08,101 INFO 1000 trades, 12343376-12344375, 2140, Task 1
2023-06-18 16:48:08,197 INFO 1000 trades, 12287100-12288099, 2160, Task 2
2023-06-18 16:48:09,478 INFO 1000 trades, 12234727-12235726, 120, Task 3
2023-06-18 16:48:09,603 INFO 1000 trades, 12342376-12343375, 140, Task 1
2023-06-18 16:48:09,684 INFO 1000 trades, 12286100-12287099, 160, Task 2
2023-06-18 16:48:10,859 INFO 373 trades, 12285100-12285472, 220, Task 2
2023-06-18 16:48:10,955 INFO 1000 trades, 12233727-12234726, 180, Task 3
2023-06-18 16:48:11,032 INFO 1000 trades, 12341376-12342375, 200, Task 1
2023-06-18 16:48:12,145 INFO 373 trades, 12232727-12233099, 240, Task 3
2023-06-18 16:48:12,447 INFO 1000 trades, 12340376-12341375, 260, Task 1
2023-06-18 16:48:13,917 INFO 1000 trades, 12339376-12340375, 280, Task 1
2023-06-18 16:48:15,349 INFO 1000 trades, 12338376-12339375, 300, Task 1
2023-06-18 16:48:16,454 INFO 276 trades, 12337376-12337651, 320, Task 1
2023-06-18 17:01:33,766 INFO 1 trades, 12391917-12391917, 404, Task-629
2023-06-18 17:01:35,260 INFO 596 trades, 12390725-12391320, 424, Task 3
2023-06-18 17:01:35,296 INFO 596 trades, 12391321-12391916, 444, Task 2
2023-06-18 17:01:35,319 INFO 5 trades, 12391917-12391921, 464, Task 1
2023-06-18 17:01:35,351 INFO 596 trades, 12390129-12390724, 484, Task 4
2023-06-18 17:01:36,487 INFO 13 trades, 12391912-12391924, 504, Task 1
2023-06-18 17:01:37,617 INFO 27 trades, 12391899-12391925, 524, Task 1
2023-06-18 17:01:38,766 INFO 62 trades, 12391872-12391933, 544, Task 1
2023-06-18 17:01:39,906 INFO 127 trades, 12391810-12391936, 564, Task 1
2023-06-18 17:01:41,010 INFO 256 trades, 12391683-12391938, 584, Task 1
2023-06-18 17:01:42,133 INFO 106 trades, 12391427-12391532, 604, Task 1
2023-06-18 17:16:26,874 INFO 1 trades, 12396016-12396016, 165, Task-625
2023-06-18 17:16:28,419 INFO 2 trades, 12396016-12396017, 225, Task 1
2023-06-18 17:16:28,699 INFO 900 trades, 12392959-12393858, 185, Task 4
2023-06-18 17:16:28,702 INFO 900 trades, 12394997-12395896, 205, Task 2
2023-06-18 17:16:28,714 INFO 900 trades, 12393978-12394877, 245, Task 3
2023-06-18 17:16:29,610 INFO 10 trades, 12396014-12396023, 265, Task 1
2023-06-18 17:16:29,831 INFO 119 trades, 12392059-12392177, 285, Task 4
2023-06-18 17:16:29,886 INFO 119 trades, 12394097-12394215, 305, Task 2
2023-06-18 17:16:29,923 INFO 119 trades, 12393078-12393196, 325, Task 3
2023-06-18 17:16:30,789 INFO 24 trades, 12396004-12396027, 345, Task 1
2023-06-18 17:16:31,899 INFO 52 trades, 12395980-12396031, 365, Task 1
2023-06-18 17:16:33,074 INFO 106 trades, 12395928-12396033, 385, Task 1
2023-06-18 17:16:34,276 INFO 214 trades, 12395822-12396035, 405, Task 1
2023-06-18 17:16:35,433 INFO 429 trades, 12395608-12396036, 425, Task 1
2023-06-18 17:16:36,611 INFO 182 trades, 12395179-12395360, 445, Task 1
2023-06-18 19:03:10,490 INFO 1 trades, 12410576-12410576, 85, Task-692
2023-06-18 19:03:12,008 INFO 6 trades, 12410576-12410581, 105, Task 1
2023-06-18 19:03:12,030 INFO 900 trades, 12406941-12407840, 145, Task 2
2023-06-18 19:03:12,034 INFO 900 trades, 12399671-12400570, 125, Task 4
2023-06-18 19:03:12,093 INFO 900 trades, 12403306-12404205, 165, Task 3
2023-06-18 19:03:13,149 INFO 18 trades, 12410570-12410587, 185, Task 1
2023-06-18 19:03:13,227 INFO 900 trades, 12406041-12406940, 205, Task 2
2023-06-18 19:03:13,262 INFO 900 trades, 12402406-12403305, 245, Task 3
2023-06-18 19:03:13,266 INFO 900 trades, 12398771-12399670, 225, Task 4
2023-06-18 19:03:14,346 INFO 41 trades, 12410552-12410592, 265, Task 1
2023-06-18 19:03:14,397 INFO 900 trades, 12397871-12398770, 285, Task 4
2023-06-18 19:03:14,409 INFO 900 trades, 12405141-12406040, 305, Task 2
2023-06-18 19:03:14,442 INFO 900 trades, 12401506-12402405, 325, Task 3
2023-06-18 19:03:15,535 INFO 88 trades, 12410511-12410598, 345, Task 1
2023-06-18 19:03:15,546 INFO 900 trades, 12404241-12405140, 385, Task 2
2023-06-18 19:03:15,550 INFO 900 trades, 12396971-12397870, 365, Task 4
2023-06-18 19:03:15,592 INFO 900 trades, 12400606-12401505, 405, Task 3
2023-06-18 19:03:16,670 INFO 35 trades, 12396071-12396105, 425, Task 4
2023-06-18 19:03:16,699 INFO 35 trades, 12399706-12399740, 445, Task 3
2023-06-18 19:03:16,728 INFO 35 trades, 12403341-12403375, 465, Task 2
2023-06-18 19:03:16,741 INFO 179 trades, 12410423-12410601, 485, Task 1
2023-06-18 19:03:17,920 INFO 362 trades, 12410244-12410605, 505, Task 1
2023-06-18 19:03:19,078 INFO 726 trades, 12409882-12410607, 525, Task 1
2023-06-18 19:03:20,274 INFO 900 trades, 12409156-12410055, 545, Task 1
2023-06-18 19:03:21,414 INFO 900 trades, 12408256-12409155, 565, Task 1
2023-06-18 19:03:22,612 INFO 415 trades, 12407356-12407770, 585, Task 1
2023-06-18 19:23:23,382 INFO 1 trades, 12414278-12414278, 405, Task-649
2023-06-18 19:23:24,908 INFO 900 trades, 12411527-12412426, 425, Task 4
2023-06-18 19:23:24,958 INFO 900 trades, 12413361-12414260, 445, Task 2
2023-06-18 19:23:24,966 INFO 3 trades, 12414278-12414280, 465, Task 1
2023-06-18 19:23:24,987 INFO 900 trades, 12412444-12413343, 485, Task 3
2023-06-18 19:23:26,052 INFO 17 trades, 12410627-12410643, 505, Task 4
2023-06-18 19:23:26,118 INFO 17 trades, 12411544-12411560, 525, Task 3
2023-06-18 19:23:26,121 INFO 17 trades, 12412461-12412477, 565, Task 2
2023-06-18 19:23:26,156 INFO 8 trades, 12414275-12414282, 545, Task 1
2023-06-18 19:23:27,325 INFO 24 trades, 12414267-12414290, 585, Task 1
2023-06-18 19:23:28,483 INFO 50 trades, 12414243-12414292, 605, Task 1
2023-06-18 19:23:29,679 INFO 104 trades, 12414193-12414296, 625, Task 1
2023-06-18 19:23:30,870 INFO 212 trades, 12414089-12414300, 645, Task 1
2023-06-18 19:23:32,048 INFO 429 trades, 12413877-12414305, 665, Task 1
2023-06-18 19:23:33,189 INFO 87 trades, 12413448-12413534, 685, Task 1
2023-06-19 00:09:20,353 INFO 1 trades, 12475914-12475914, 165, Task-1081
2023-06-19 00:09:21,559 INFO 1 trades, 6237957-6237957, 185, Task-1081
2023-06-19 00:09:22,699 INFO 1 trades, 9356936-9356936, 205, Task-1081
2023-06-19 00:09:23,799 INFO 1 trades, 10916425-10916425, 225, Task-1081
2023-06-19 00:09:24,982 INFO 1 trades, 11696170-11696170, 245, Task-1081
2023-06-19 00:09:26,163 INFO 1 trades, 12086042-12086042, 265, Task-1081
2023-06-19 00:09:27,333 INFO 1 trades, 12280978-12280978, 285, Task-1081
2023-06-19 00:09:28,523 INFO 1 trades, 12183510-12183510, 305, Task-1081
2023-06-19 00:09:29,646 INFO 1 trades, 12134776-12134776, 325, Task-1081
2023-06-19 00:09:30,796 INFO 1 trades, 12159143-12159143, 345, Task-1081
2023-06-19 00:09:31,907 INFO 1 trades, 12171326-12171326, 365, Task-1081
2023-06-19 00:09:33,049 INFO 1 trades, 12177418-12177418, 385, Task-1081
2023-06-19 00:09:34,158 INFO 1 trades, 12180464-12180464, 405, Task-1081
2023-06-19 00:09:35,340 INFO 1 trades, 12178941-12178941, 425, Task-1081
2023-06-19 00:09:36,492 INFO 1 trades, 12179702-12179702, 445, Task-1081
2023-06-19 00:09:37,627 INFO 1 trades, 12180083-12180083, 465, Task-1081
2023-06-19 00:09:38,750 INFO 1 trades, 12179892-12179892, 485, Task-1081
2023-06-19 00:09:39,946 INFO 1 trades, 12179987-12179987, 505, Task-1081
2023-06-19 00:09:41,054 INFO 1 trades, 12179939-12179939, 525, Task-1081
2023-06-19 00:09:42,183 INFO 1 trades, 12179963-12179963, 545, Task-1081
2023-06-19 00:09:43,316 INFO 1 trades, 12179975-12179975, 565, Task-1081
2023-06-19 00:09:44,470 INFO 1 trades, 12179981-12179981, 585, Task-1081
2023-06-19 00:09:45,571 INFO 1 trades, 12179978-12179978, 605, Task-1081
2023-06-19 00:09:46,682 INFO 1 trades, 12179979-12179979, 625, Task-1081
2023-06-19 00:09:47,856 INFO 1 trades, 12179980-12179980, 645, Task-1081
2023-06-19 00:09:49,426 INFO 900 trades, 12253965-12254864, 665, Task 4
2023-06-19 00:09:49,467 INFO 900 trades, 12401931-12402830, 685, Task 2
2023-06-19 00:09:49,469 INFO 113 trades, 12475914-12476026, 705, Task 1
2023-06-19 00:09:49,492 INFO 900 trades, 12327948-12328847, 725, Task 3
2023-06-19 00:09:50,562 INFO 900 trades, 12253065-12253964, 745, Task 4
2023-06-19 00:09:50,590 INFO 900 trades, 12401031-12401930, 765, Task 2
2023-06-19 00:09:50,601 INFO 229 trades, 12475801-12476029, 785, Task 1
2023-06-19 00:09:50,622 INFO 900 trades, 12327048-12327947, 805, Task 3
2023-06-19 00:09:51,762 INFO 900 trades, 12252165-12253064, 825, Task 4
2023-06-19 00:09:51,777 INFO 465 trades, 12475572-12476036, 845, Task 1
2023-06-19 00:09:51,806 INFO 900 trades, 12400131-12401030, 865, Task 2
2023-06-19 00:09:51,817 INFO 900 trades, 12326148-12327047, 885, Task 3
2023-06-19 00:09:52,888 INFO 900 trades, 12251265-12252164, 905, Task 4
2023-06-19 00:09:52,969 INFO 900 trades, 12475107-12476006, 925, Task 1
2023-06-19 00:09:52,999 INFO 900 trades, 12399231-12400130, 945, Task 2
2023-06-19 00:09:53,007 INFO 900 trades, 12325248-12326147, 965, Task 3
2023-06-19 00:09:54,005 INFO 900 trades, 12250365-12251264, 985, Task 4
2023-06-19 00:09:54,095 INFO 900 trades, 12474207-12475106, 1005, Task 1
2023-06-19 00:09:54,167 INFO 900 trades, 12398331-12399230, 1025, Task 2
2023-06-19 00:09:54,180 INFO 900 trades, 12324348-12325247, 1045, Task 3
2023-06-19 00:09:55,177 INFO 900 trades, 12249465-12250364, 1065, Task 4
2023-06-19 00:09:55,236 INFO 900 trades, 12473307-12474206, 1085, Task 1
2023-06-19 00:09:55,371 INFO 900 trades, 12397431-12398330, 1105, Task 2
2023-06-19 00:09:55,395 INFO 900 trades, 12323448-12324347, 1125, Task 3
2023-06-19 00:09:56,365 INFO 900 trades, 12472407-12473306, 1145, Task 1
2023-06-19 00:09:56,369 INFO 900 trades, 12248565-12249464, 1165, Task 4
2023-06-19 00:09:56,519 INFO 900 trades, 12322548-12323447, 1185, Task 3
2023-06-19 00:09:56,563 INFO 900 trades, 12396531-12397430, 1205, Task 2
2023-06-19 00:09:57,550 INFO 900 trades, 12247665-12248564, 1225, Task 4
2023-06-19 00:09:57,558 INFO 900 trades, 12471507-12472406, 1245, Task 1
2023-06-19 00:09:57,723 INFO 900 trades, 12321648-12322547, 1285, Task 3
2023-06-19 00:09:57,728 INFO 900 trades, 12395631-12396530, 1265, Task 2
2023-06-19 00:09:58,691 INFO 900 trades, 12246765-12247664, 1305, Task 4
2023-06-19 00:09:58,705 INFO 900 trades, 12470607-12471506, 1325, Task 1
2023-06-19 00:09:58,875 INFO 900 trades, 12320748-12321647, 1345, Task 3
2023-06-19 00:09:58,939 INFO 900 trades, 12394731-12395630, 1365, Task 2
2023-06-19 00:09:59,808 INFO 900 trades, 12245865-12246764, 1385, Task 4
2023-06-19 00:09:59,895 INFO 900 trades, 12469707-12470606, 1405, Task 1
2023-06-19 00:10:00,075 INFO 900 trades, 12319848-12320747, 20, Task 3
2023-06-19 00:10:00,141 INFO 900 trades, 12393831-12394730, 40, Task 2
2023-06-19 00:10:00,970 INFO 1000 trades, 12244965-12245964, 60, Task 4
2023-06-19 00:10:01,070 INFO 1000 trades, 12468807-12469806, 80, Task 1
2023-06-19 00:10:01,278 INFO 1000 trades, 12318948-12319947, 100, Task 3
2023-06-19 00:10:01,283 INFO 1000 trades, 12392931-12393930, 120, Task 2
2023-06-19 00:10:02,096 INFO 1000 trades, 12243965-12244964, 140, Task 4
2023-06-19 00:10:02,216 INFO 1000 trades, 12467807-12468806, 160, Task 1
2023-06-19 00:10:02,418 INFO 1000 trades, 12317948-12318947, 180, Task 3
2023-06-19 00:10:02,475 INFO 1000 trades, 12391931-12392930, 200, Task 2
2023-06-19 00:10:03,291 INFO 1000 trades, 12242965-12243964, 220, Task 4
2023-06-19 00:10:03,360 INFO 1000 trades, 12466807-12467806, 240, Task 1
2023-06-19 00:10:03,559 INFO 1000 trades, 12316948-12317947, 260, Task 3
2023-06-19 00:10:03,605 INFO 1000 trades, 12390931-12391930, 280, Task 2
2023-06-19 00:10:04,432 INFO 1000 trades, 12241965-12242964, 300, Task 4
2023-06-19 00:10:04,533 INFO 1000 trades, 12465807-12466806, 320, Task 1
2023-06-19 00:10:04,754 INFO 1000 trades, 12389931-12390930, 340, Task 2
2023-06-19 00:10:04,757 INFO 1000 trades, 12315948-12316947, 360, Task 3
2023-06-19 00:10:05,580 INFO 1000 trades, 12240965-12241964, 380, Task 4
2023-06-19 00:10:05,879 INFO 1000 trades, 12314948-12315947, 420, Task 3
2023-06-19 00:10:05,952 INFO 1000 trades, 12388931-12389930, 440, Task 2
2023-06-19 00:10:06,003 INFO 1000 trades, 12464807-12465806, 400, Task 1
2023-06-19 00:10:06,722 INFO 1000 trades, 12239965-12240964, 460, Task 4
2023-06-19 00:10:07,066 INFO 1000 trades, 12387931-12388930, 480, Task 2
2023-06-19 00:10:07,105 INFO 1000 trades, 12313948-12314947, 500, Task 3
2023-06-19 00:10:07,216 INFO 1000 trades, 12463807-12464806, 520, Task 1
2023-06-19 00:10:07,866 INFO 1000 trades, 12238965-12239964, 540, Task 4
2023-06-19 00:10:08,195 INFO 1000 trades, 12386931-12387930, 560, Task 2
2023-06-19 00:10:08,273 INFO 1000 trades, 12312948-12313947, 580, Task 3
2023-06-19 00:10:08,361 INFO 1000 trades, 12462807-12463806, 600, Task 1
2023-06-19 00:10:09,064 INFO 1000 trades, 12237965-12238964, 620, Task 4
2023-06-19 00:10:09,371 INFO 1000 trades, 12385931-12386930, 640, Task 2
2023-06-19 00:10:09,471 INFO 1000 trades, 12311948-12312947, 660, Task 3
2023-06-19 00:10:09,508 INFO 1000 trades, 12461807-12462806, 680, Task 1
2023-06-19 00:10:10,176 INFO 1000 trades, 12236965-12237964, 700, Task 4
2023-06-19 00:10:10,516 INFO 1000 trades, 12384931-12385930, 720, Task 2
2023-06-19 00:10:10,609 INFO 1000 trades, 12310948-12311947, 740, Task 3
2023-06-19 00:10:10,639 INFO 1000 trades, 12460807-12461806, 760, Task 1
2023-06-19 00:10:11,389 INFO 1000 trades, 12235965-12236964, 780, Task 4
2023-06-19 00:10:11,636 INFO 1000 trades, 12383931-12384930, 800, Task 2
2023-06-19 00:10:11,801 INFO 1000 trades, 12309948-12310947, 820, Task 3
2023-06-19 00:10:11,836 INFO 1000 trades, 12459807-12460806, 840, Task 1
2023-06-19 00:10:12,512 INFO 1000 trades, 12234965-12235964, 860, Task 4
2023-06-19 00:10:12,749 INFO 1000 trades, 12382931-12383930, 880, Task 2
2023-06-19 00:10:12,953 INFO 1000 trades, 12308948-12309947, 900, Task 3
2023-06-19 00:10:13,032 INFO 1000 trades, 12458807-12459806, 920, Task 1
2023-06-19 00:10:13,695 INFO 1000 trades, 12233965-12234964, 940, Task 4
2023-06-19 00:10:14,106 INFO 1000 trades, 12307948-12308947, 980, Task 3
2023-06-19 00:10:14,136 INFO 1000 trades, 12381931-12382930, 960, Task 2
2023-06-19 00:10:14,204 INFO 1000 trades, 12457807-12458806, 1000, Task 1
2023-06-19 00:10:14,831 INFO 1000 trades, 12232965-12233964, 1020, Task 4
2023-06-19 00:10:15,252 INFO 1000 trades, 12306948-12307947, 1040, Task 3
2023-06-19 00:10:15,348 INFO 1000 trades, 12456807-12457806, 1080, Task 1
2023-06-19 00:10:15,536 INFO 1000 trades, 12380931-12381930, 1060, Task 2
2023-06-19 00:10:15,998 INFO 1000 trades, 12231965-12232964, 1100, Task 4
2023-06-19 00:10:16,443 INFO 1000 trades, 12305948-12306947, 1120, Task 3
2023-06-19 00:10:16,470 INFO 1000 trades, 12455807-12456806, 1140, Task 1
2023-06-19 00:10:16,674 INFO 1000 trades, 12379931-12380930, 1160, Task 2
2023-06-19 00:10:17,171 INFO 1000 trades, 12230965-12231964, 1180, Task 4
2023-06-19 00:10:17,573 INFO 1000 trades, 12304948-12305947, 1200, Task 3
2023-06-19 00:10:17,665 INFO 1000 trades, 12454807-12455806, 1220, Task 1
2023-06-19 00:10:17,852 INFO 1000 trades, 12378931-12379930, 1240, Task 2
2023-06-19 00:10:18,421 INFO 1000 trades, 12229965-12230964, 1260, Task 4
2023-06-19 00:10:18,772 INFO 1000 trades, 12303948-12304947, 1280, Task 3
2023-06-19 00:10:18,861 INFO 1000 trades, 12453807-12454806, 1300, Task 1
2023-06-19 00:10:19,065 INFO 1000 trades, 12377931-12378930, 1320, Task 2
2023-06-19 00:10:19,606 INFO 1000 trades, 12228965-12229964, 1340, Task 4
2023-06-19 00:10:19,924 INFO 1000 trades, 12302948-12303947, 1360, Task 3
2023-06-19 00:10:20,004 INFO 1000 trades, 12452807-12453806, 1380, Task 1
2023-06-19 00:10:20,271 INFO 1000 trades, 12376931-12377930, 1400, Task 2
2023-06-19 00:10:20,824 INFO 1000 trades, 12227965-12228964, 1420, Task 4
2023-06-19 00:10:21,082 INFO 1000 trades, 12301948-12302947, 1440, Task 3
2023-06-19 00:10:21,192 INFO 1000 trades, 12451807-12452806, 1460, Task 1
2023-06-19 00:10:21,470 INFO 1000 trades, 12375931-12376930, 1480, Task 2
2023-06-19 00:10:21,938 INFO 1000 trades, 12226965-12227964, 1500, Task 4
2023-06-19 00:10:22,284 INFO 1000 trades, 12300948-12301947, 1520, Task 3
2023-06-19 00:10:22,397 INFO 1000 trades, 12450807-12451806, 1540, Task 1
2023-06-19 00:10:22,610 INFO 1000 trades, 12374931-12375930, 1560, Task 2
2023-06-19 00:10:23,057 INFO 1000 trades, 12225965-12226964, 1580, Task 4
2023-06-19 00:10:23,404 INFO 1000 trades, 12299948-12300947, 1600, Task 3
2023-06-19 00:10:23,552 INFO 1000 trades, 12449807-12450806, 1620, Task 1
2023-06-19 00:10:23,806 INFO 1000 trades, 12373931-12374930, 1640, Task 2
2023-06-19 00:10:24,237 INFO 1000 trades, 12224965-12225964, 1660, Task 4
2023-06-19 00:10:24,611 INFO 1000 trades, 12298948-12299947, 1680, Task 3
2023-06-19 00:10:24,729 INFO 1000 trades, 12448807-12449806, 1700, Task 1
2023-06-19 00:10:24,949 INFO 
cool down triggered with 1720, Task 2, sleeping for 3 seconds...
2023-06-19 00:10:25,447 INFO 
cool down triggered with 1740, Task 4, sleeping for 3 seconds...
2023-06-19 00:10:25,829 INFO 
cool down triggered with 1760, Task 3, sleeping for 3 seconds...
2023-06-19 00:10:25,928 INFO 
cool down triggered with 1780, Task 1, sleeping for 3 seconds...
2023-06-19 00:10:27,949 INFO 1000 trades, 12372931-12373930, 1720, Task 2
2023-06-19 00:10:28,447 INFO 1000 trades, 12223965-12224964, 1740, Task 4
2023-06-19 00:10:28,829 INFO 1000 trades, 12297948-12298947, 1760, Task 3
2023-06-19 00:10:28,928 INFO 1000 trades, 12447807-12448806, 1780, Task 1
2023-06-19 00:10:29,091 INFO 
cool down triggered with 1800, Task 2, sleeping for 3 seconds...
2023-06-19 00:10:29,578 INFO 
cool down triggered with 1820, Task 4, sleeping for 3 seconds...
2023-06-19 00:10:29,965 INFO 
cool down triggered with 1840, Task 3, sleeping for 3 seconds...
2023-06-19 00:10:30,086 INFO 
cool down triggered with 1860, Task 1, sleeping for 3 seconds...
2023-06-19 00:10:32,091 INFO 1000 trades, 12371931-12372930, 1800, Task 2
2023-06-19 00:10:32,578 INFO 1000 trades, 12222965-12223964, 1820, Task 4
2023-06-19 00:10:32,966 INFO 1000 trades, 12296948-12297947, 1840, Task 3
2023-06-19 00:10:33,086 INFO 1000 trades, 12446807-12447806, 1860, Task 1
2023-06-19 00:10:33,289 INFO 
cool down triggered with 1880, Task 2, sleeping for 3 seconds...
2023-06-19 00:10:34,183 INFO 
cool down triggered with 1900, Task 3, sleeping for 3 seconds...
2023-06-19 00:10:34,284 INFO 
cool down triggered with 1920, Task 1, sleeping for 3 seconds...
2023-06-19 00:10:34,773 INFO 
cool down triggered with 1940, Task 4, sleeping for 3 seconds...
2023-06-19 00:10:36,290 INFO 1000 trades, 12370931-12371930, 1880, Task 2
2023-06-19 00:10:37,184 INFO 1000 trades, 12295948-12296947, 1900, Task 3
2023-06-19 00:10:37,285 INFO 1000 trades, 12445807-12446806, 1920, Task 1
2023-06-19 00:10:37,433 INFO 
cool down triggered with 1960, Task 2, sleeping for 3 seconds...
2023-06-19 00:10:37,773 INFO 1000 trades, 12221965-12222964, 1940, Task 4
2023-06-19 00:10:38,365 INFO 
cool down triggered with 1980, Task 3, sleeping for 3 seconds...
2023-06-19 00:10:38,493 INFO 
cool down triggered with 2000, Task 1, sleeping for 3 seconds...
2023-06-19 00:10:38,972 INFO 
cool down triggered with 2020, Task 4, sleeping for 3 seconds...
2023-06-19 00:10:40,433 INFO 1000 trades, 12369931-12370930, 1960, Task 2
2023-06-19 00:10:41,365 INFO 1000 trades, 12294948-12295947, 1980, Task 3
2023-06-19 00:10:41,494 INFO 1000 trades, 12444807-12445806, 2000, Task 1
2023-06-19 00:10:41,559 INFO 
cool down triggered with 2040, Task 2, sleeping for 3 seconds...
2023-06-19 00:10:41,973 INFO 1000 trades, 12220965-12221964, 2020, Task 4
2023-06-19 00:10:42,497 INFO 
cool down triggered with 2060, Task 3, sleeping for 3 seconds...
2023-06-19 00:10:42,714 INFO 
cool down triggered with 2080, Task 1, sleeping for 3 seconds...
2023-06-19 00:10:43,107 INFO 
cool down triggered with 2100, Task 4, sleeping for 3 seconds...
2023-06-19 00:10:44,559 INFO 1000 trades, 12368931-12369930, 2040, Task 2
2023-06-19 00:10:45,498 INFO 1000 trades, 12293948-12294947, 2060, Task 3
2023-06-19 00:10:45,715 INFO 1000 trades, 12443807-12444806, 2080, Task 1
2023-06-19 00:10:45,720 WARNING 
cool down triggered with 2120, Task 2, sleeping for 8 seconds...
2023-06-19 00:10:46,108 INFO 1000 trades, 12219965-12220964, 2100, Task 4
2023-06-19 00:10:46,643 WARNING 
cool down triggered with 2140, Task 3, sleeping for 8 seconds...
2023-06-19 00:10:46,873 WARNING 
cool down triggered with 2160, Task 1, sleeping for 8 seconds...
2023-06-19 00:10:47,220 WARNING 
cool down triggered with 2180, Task 4, sleeping for 8 seconds...
2023-06-19 00:10:53,720 INFO 1000 trades, 12367931-12368930, 2120, Task 2
2023-06-19 00:10:54,643 INFO 1000 trades, 12292948-12293947, 2140, Task 3
2023-06-19 00:10:54,873 INFO 1000 trades, 12442807-12443806, 2160, Task 1
2023-06-19 00:10:54,915 WARNING 
cool down triggered with 2200, Task 2, sleeping for 8 seconds...
2023-06-19 00:10:55,220 INFO 1000 trades, 12218965-12219964, 2180, Task 4
2023-06-19 00:10:55,762 WARNING 
cool down triggered with 2220, Task 3, sleeping for 8 seconds...
2023-06-19 00:10:56,017 WARNING 
cool down triggered with 2240, Task 1, sleeping for 8 seconds...
2023-06-19 00:10:56,388 WARNING 
cool down triggered with 2260, Task 4, sleeping for 8 seconds...
2023-06-19 00:11:02,916 INFO 1000 trades, 12366931-12367930, 2200, Task 2
2023-06-19 00:11:03,762 INFO 1000 trades, 12291948-12292947, 2220, Task 3
2023-06-19 00:11:04,018 INFO 1000 trades, 12441807-12442806, 2240, Task 1
2023-06-19 00:11:04,051 INFO 1000 trades, 12365931-12366930, 20, Task 2
2023-06-19 00:11:04,389 INFO 1000 trades, 12217965-12218964, 2260, Task 4
2023-06-19 00:11:04,976 INFO 1000 trades, 12290948-12291947, 40, Task 3
2023-06-19 00:11:05,145 INFO 1000 trades, 12440807-12441806, 60, Task 1
2023-06-19 00:11:05,224 INFO 1000 trades, 12364931-12365930, 80, Task 2
2023-06-19 00:11:05,595 INFO 1000 trades, 12216965-12217964, 100, Task 4
2023-06-19 00:11:06,108 INFO 1000 trades, 12289948-12290947, 120, Task 3
2023-06-19 00:11:06,289 INFO 1000 trades, 12439807-12440806, 140, Task 1
2023-06-19 00:11:06,395 INFO 1000 trades, 12363931-12364930, 160, Task 2
2023-06-19 00:11:06,811 INFO 1000 trades, 12215965-12216964, 180, Task 4
2023-06-19 00:11:07,326 INFO 1000 trades, 12288948-12289947, 200, Task 3
2023-06-19 00:11:07,444 INFO 1000 trades, 12438807-12439806, 220, Task 1
2023-06-19 00:11:07,592 INFO 1000 trades, 12362931-12363930, 240, Task 2
2023-06-19 00:11:07,966 INFO 1000 trades, 12214965-12215964, 260, Task 4
2023-06-19 00:11:08,519 INFO 1000 trades, 12287948-12288947, 280, Task 3
2023-06-19 00:11:08,614 INFO 1000 trades, 12437807-12438806, 300, Task 1
2023-06-19 00:11:08,717 INFO 1000 trades, 12361931-12362930, 320, Task 2
2023-06-19 00:11:09,146 INFO 1000 trades, 12213965-12214964, 340, Task 4
2023-06-19 00:11:09,659 INFO 1000 trades, 12286948-12287947, 360, Task 3
2023-06-19 00:11:09,754 INFO 1000 trades, 12436807-12437806, 380, Task 1
2023-06-19 00:11:09,918 INFO 1000 trades, 12360931-12361930, 400, Task 2
2023-06-19 00:11:10,343 INFO 1000 trades, 12212965-12213964, 420, Task 4
2023-06-19 00:11:10,805 INFO 1000 trades, 12285948-12286947, 440, Task 3
2023-06-19 00:11:10,896 INFO 1000 trades, 12435807-12436806, 460, Task 1
2023-06-19 00:11:11,093 INFO 1000 trades, 12359931-12360930, 480, Task 2
2023-06-19 00:11:11,463 INFO 1000 trades, 12211965-12212964, 500, Task 4
2023-06-19 00:11:11,991 INFO 1000 trades, 12284948-12285947, 520, Task 3
2023-06-19 00:11:12,092 INFO 1000 trades, 12434807-12435806, 540, Task 1
2023-06-19 00:11:12,280 INFO 1000 trades, 12358931-12359930, 560, Task 2
2023-06-19 00:11:12,618 INFO 1000 trades, 12210965-12211964, 580, Task 4
2023-06-19 00:11:13,194 INFO 1000 trades, 12283948-12284947, 600, Task 3
2023-06-19 00:11:13,289 INFO 1000 trades, 12433807-12434806, 620, Task 1
2023-06-19 00:11:13,475 INFO 1000 trades, 12357931-12358930, 640, Task 2
2023-06-19 00:11:13,748 INFO 1000 trades, 12209965-12210964, 660, Task 4
2023-06-19 00:11:14,333 INFO 1000 trades, 12282948-12283947, 680, Task 3
2023-06-19 00:11:14,482 INFO 1000 trades, 12432807-12433806, 700, Task 1
2023-06-19 00:11:14,615 INFO 1000 trades, 12356931-12357930, 720, Task 2
2023-06-19 00:11:14,944 INFO 1000 trades, 12208965-12209964, 740, Task 4
2023-06-19 00:11:15,698 INFO 1000 trades, 12431807-12432806, 780, Task 1
2023-06-19 00:11:15,746 INFO 1000 trades, 12281948-12282947, 760, Task 3
2023-06-19 00:11:16,014 INFO 1000 trades, 12355931-12356930, 800, Task 2
2023-06-19 00:11:16,160 INFO 1000 trades, 12207965-12208964, 820, Task 4
2023-06-19 00:11:16,842 INFO 1000 trades, 12430807-12431806, 840, Task 1
2023-06-19 00:11:17,175 INFO 1000 trades, 12280948-12281947, 860, Task 3
2023-06-19 00:11:17,226 INFO 1000 trades, 12354931-12355930, 880, Task 2
2023-06-19 00:11:17,295 INFO 1000 trades, 12206965-12207964, 900, Task 4
2023-06-19 00:11:18,011 INFO 1000 trades, 12429807-12430806, 920, Task 1
2023-06-19 00:11:18,381 INFO 1000 trades, 12279948-12280947, 940, Task 3
2023-06-19 00:11:18,412 INFO 1000 trades, 12353931-12354930, 960, Task 2
2023-06-19 00:11:18,469 INFO 1000 trades, 12205965-12206964, 980, Task 4
2023-06-19 00:11:19,142 INFO 1000 trades, 12428807-12429806, 1000, Task 1
2023-06-19 00:11:19,519 INFO 1000 trades, 12278948-12279947, 1020, Task 3
2023-06-19 00:11:19,524 INFO 1000 trades, 12352931-12353930, 1040, Task 2
2023-06-19 00:11:19,665 INFO 1000 trades, 12204965-12205964, 1060, Task 4
2023-06-19 00:11:20,324 INFO 1000 trades, 12427807-12428806, 1080, Task 1
2023-06-19 00:11:20,696 INFO 1000 trades, 12277948-12278947, 1100, Task 3
2023-06-19 00:11:20,718 INFO 1000 trades, 12351931-12352930, 1120, Task 2
2023-06-19 00:11:20,845 INFO 1000 trades, 12203965-12204964, 1140, Task 4
2023-06-19 00:11:21,532 INFO 1000 trades, 12426807-12427806, 1160, Task 1
2023-06-19 00:11:21,884 INFO 1000 trades, 12350931-12351930, 1180, Task 2
2023-06-19 00:11:21,897 INFO 1000 trades, 12276948-12277947, 1200, Task 3
2023-06-19 00:11:22,026 INFO 1000 trades, 12202965-12203964, 1220, Task 4
2023-06-19 00:11:22,707 INFO 1000 trades, 12425807-12426806, 1240, Task 1
2023-06-19 00:11:23,090 INFO 1000 trades, 12275948-12276947, 1280, Task 3
2023-06-19 00:11:23,139 INFO 1000 trades, 12201965-12202964, 1300, Task 4
2023-06-19 00:11:23,306 INFO 1000 trades, 12349931-12350930, 1260, Task 2
2023-06-19 00:11:23,887 INFO 1000 trades, 12424807-12425806, 1320, Task 1
2023-06-19 00:11:24,243 INFO 1000 trades, 12274948-12275947, 1340, Task 3
2023-06-19 00:11:24,323 INFO 1000 trades, 12200965-12201964, 1360, Task 4
2023-06-19 00:11:24,451 INFO 1000 trades, 12348931-12349930, 1380, Task 2
2023-06-19 00:11:25,054 INFO 1000 trades, 12423807-12424806, 1400, Task 1
2023-06-19 00:11:25,422 INFO 1000 trades, 12273948-12274947, 1420, Task 3
2023-06-19 00:11:25,512 INFO 1000 trades, 12199965-12200964, 1440, Task 4
2023-06-19 00:11:25,576 INFO 1000 trades, 12347931-12348930, 1460, Task 2
2023-06-19 00:11:26,476 INFO 1000 trades, 12422807-12423806, 1480, Task 1
2023-06-19 00:11:26,605 INFO 1000 trades, 12272948-12273947, 1500, Task 3
2023-06-19 00:11:26,705 INFO 1000 trades, 12198965-12199964, 1520, Task 4
2023-06-19 00:11:26,722 INFO 1000 trades, 12346931-12347930, 1540, Task 2
2023-06-19 00:11:27,627 INFO 1000 trades, 12421807-12422806, 1560, Task 1
2023-06-19 00:11:27,784 INFO 1000 trades, 12271948-12272947, 1580, Task 3
2023-06-19 00:11:27,865 INFO 1000 trades, 12345931-12346930, 1600, Task 2
2023-06-19 00:11:27,900 INFO 1000 trades, 12197965-12198964, 1620, Task 4
2023-06-19 00:11:28,796 INFO 1000 trades, 12420807-12421806, 1640, Task 1
2023-06-19 00:11:28,999 INFO 1000 trades, 12270948-12271947, 1660, Task 3
2023-06-19 00:11:29,003 INFO 1000 trades, 12344931-12345930, 1680, Task 2
2023-06-19 00:11:29,039 INFO 1000 trades, 12196965-12197964, 1700, Task 4
2023-06-19 00:11:29,994 INFO 
cool down triggered with 1720, Task 1, sleeping for 3 seconds...
2023-06-19 00:11:30,167 INFO 
cool down triggered with 1740, Task 4, sleeping for 3 seconds...
2023-06-19 00:11:30,205 INFO 
cool down triggered with 1760, Task 3, sleeping for 3 seconds...
2023-06-19 00:11:30,217 INFO 
cool down triggered with 1780, Task 2, sleeping for 3 seconds...
2023-06-19 00:11:32,995 INFO 1000 trades, 12419807-12420806, 1720, Task 1
2023-06-19 00:11:33,168 INFO 1000 trades, 12195965-12196964, 1740, Task 4
2023-06-19 00:11:33,206 INFO 1000 trades, 12269948-12270947, 1760, Task 3
2023-06-19 00:11:33,218 INFO 1000 trades, 12343931-12344930, 1780, Task 2
2023-06-19 00:11:34,179 INFO 
cool down triggered with 1800, Task 1, sleeping for 3 seconds...
2023-06-19 00:11:34,335 INFO 
cool down triggered with 1820, Task 4, sleeping for 3 seconds...
2023-06-19 00:11:34,349 INFO 
cool down triggered with 1860, Task 3, sleeping for 3 seconds...
2023-06-19 00:11:34,616 INFO 
cool down triggered with 1840, Task 2, sleeping for 3 seconds...
2023-06-19 00:11:37,180 INFO 1000 trades, 12418807-12419806, 1800, Task 1
2023-06-19 00:11:37,336 INFO 1000 trades, 12194965-12195964, 1820, Task 4
2023-06-19 00:11:37,350 INFO 1000 trades, 12268948-12269947, 1860, Task 3
2023-06-19 00:11:37,617 INFO 1000 trades, 12342931-12343930, 1840, Task 2
2023-06-19 00:11:38,350 INFO 
cool down triggered with 1880, Task 1, sleeping for 3 seconds...
2023-06-19 00:11:38,463 INFO 
cool down triggered with 1900, Task 3, sleeping for 3 seconds...
2023-06-19 00:11:38,521 INFO 
cool down triggered with 1920, Task 4, sleeping for 3 seconds...
2023-06-19 00:11:38,822 INFO 
cool down triggered with 1940, Task 2, sleeping for 3 seconds...
2023-06-19 00:11:41,351 INFO 1000 trades, 12417807-12418806, 1880, Task 1
2023-06-19 00:11:41,464 INFO 1000 trades, 12267948-12268947, 1900, Task 3
2023-06-19 00:11:41,522 INFO 1000 trades, 12193965-12194964, 1920, Task 4
2023-06-19 00:11:41,823 INFO 1000 trades, 12341931-12342930, 1940, Task 2
2023-06-19 00:11:42,550 INFO 
cool down triggered with 1960, Task 1, sleeping for 3 seconds...
2023-06-19 00:11:42,577 INFO 
cool down triggered with 1980, Task 3, sleeping for 3 seconds...
2023-06-19 00:11:42,663 INFO 
cool down triggered with 2000, Task 4, sleeping for 3 seconds...
2023-06-19 00:11:42,956 INFO 
cool down triggered with 2020, Task 2, sleeping for 3 seconds...
2023-06-19 00:11:45,551 INFO 1000 trades, 12416807-12417806, 1960, Task 1
2023-06-19 00:11:45,578 INFO 1000 trades, 12266948-12267947, 1980, Task 3
2023-06-19 00:11:45,663 INFO 1000 trades, 12192965-12193964, 2000, Task 4
2023-06-19 00:11:45,957 INFO 1000 trades, 12340931-12341930, 2020, Task 2
2023-06-19 00:11:46,672 INFO 
cool down triggered with 2040, Task 1, sleeping for 3 seconds...
2023-06-19 00:11:46,774 INFO 
cool down triggered with 2060, Task 3, sleeping for 3 seconds...
2023-06-19 00:11:47,141 INFO 
cool down triggered with 2080, Task 2, sleeping for 3 seconds...
2023-06-19 00:11:47,820 INFO 
cool down triggered with 2100, Task 4, sleeping for 3 seconds...
2023-06-19 00:11:49,673 INFO 1000 trades, 12415807-12416806, 2040, Task 1
2023-06-19 00:11:49,775 INFO 1000 trades, 12265948-12266947, 2060, Task 3
2023-06-19 00:11:50,143 INFO 1000 trades, 12339931-12340930, 2080, Task 2
2023-06-19 00:11:50,821 INFO 1000 trades, 12191965-12192964, 2100, Task 4
2023-06-19 00:11:50,881 WARNING 
cool down triggered with 2120, Task 1, sleeping for 8 seconds...
2023-06-19 00:11:50,930 WARNING 
cool down triggered with 2140, Task 3, sleeping for 8 seconds...
2023-06-19 00:11:51,340 WARNING 
cool down triggered with 2160, Task 2, sleeping for 8 seconds...
2023-06-19 00:11:52,012 WARNING 
cool down triggered with 2180, Task 4, sleeping for 8 seconds...
2023-06-19 00:11:58,883 INFO 1000 trades, 12414807-12415806, 2120, Task 1
2023-06-19 00:11:58,932 INFO 1000 trades, 12264948-12265947, 2140, Task 3
2023-06-19 00:11:59,341 INFO 1000 trades, 12338931-12339930, 2160, Task 2
2023-06-19 00:12:00,013 INFO 1000 trades, 12190965-12191964, 2180, Task 4
2023-06-19 00:12:00,023 INFO 1000 trades, 12413807-12414806, 20, Task 1
2023-06-19 00:12:00,127 INFO 1000 trades, 12263948-12264947, 40, Task 3
2023-06-19 00:12:00,483 INFO 1000 trades, 12337931-12338930, 60, Task 2
2023-06-19 00:12:01,151 INFO 1000 trades, 12189965-12190964, 80, Task 4
2023-06-19 00:12:01,213 INFO 1000 trades, 12412807-12413806, 100, Task 1
2023-06-19 00:12:01,293 INFO 1000 trades, 12262948-12263947, 120, Task 3
2023-06-19 00:12:01,614 INFO 1000 trades, 12336931-12337930, 140, Task 2
2023-06-19 00:12:02,358 INFO 1000 trades, 12188965-12189964, 160, Task 4
2023-06-19 00:12:02,380 INFO 1000 trades, 12411807-12412806, 180, Task 1
2023-06-19 00:12:02,462 INFO 1000 trades, 12261948-12262947, 200, Task 3
2023-06-19 00:12:02,778 INFO 1000 trades, 12335931-12336930, 220, Task 2
2023-06-19 00:12:03,529 INFO 1000 trades, 12410807-12411806, 240, Task 1
2023-06-19 00:12:03,557 INFO 1000 trades, 12187965-12188964, 260, Task 4
2023-06-19 00:12:03,675 INFO 1000 trades, 12260948-12261947, 280, Task 3
2023-06-19 00:12:03,980 INFO 1000 trades, 12334931-12335930, 300, Task 2
2023-06-19 00:12:04,708 INFO 1000 trades, 12186965-12187964, 320, Task 4
2023-06-19 00:12:04,722 INFO 1000 trades, 12409807-12410806, 340, Task 1
2023-06-19 00:12:04,830 INFO 1000 trades, 12259948-12260947, 360, Task 3
2023-06-19 00:12:05,499 INFO 1000 trades, 12333931-12334930, 380, Task 2
2023-06-19 00:12:05,894 INFO 1000 trades, 12408807-12409806, 400, Task 1
2023-06-19 00:12:05,905 INFO 1000 trades, 12185965-12186964, 420, Task 4
2023-06-19 00:12:05,951 INFO 1000 trades, 12258948-12259947, 440, Task 3
2023-06-19 00:12:06,655 INFO 1000 trades, 12332931-12333930, 460, Task 2
2023-06-19 00:12:07,025 INFO 1000 trades, 12407807-12408806, 480, Task 1
2023-06-19 00:12:07,032 INFO 1000 trades, 12184965-12185964, 500, Task 4
2023-06-19 00:12:07,160 INFO 1000 trades, 12257948-12258947, 520, Task 3
2023-06-19 00:12:07,866 INFO 1000 trades, 12331931-12332930, 540, Task 2
2023-06-19 00:12:08,160 INFO 1000 trades, 12183965-12184964, 560, Task 4
2023-06-19 00:12:08,212 INFO 1000 trades, 12406807-12407806, 580, Task 1
2023-06-19 00:12:08,283 INFO 1000 trades, 12256948-12257947, 600, Task 3
2023-06-19 00:12:09,061 INFO 1000 trades, 12330931-12331930, 620, Task 2
2023-06-19 00:12:09,326 INFO 1000 trades, 12182965-12183964, 640, Task 4
2023-06-19 00:12:09,422 INFO 1000 trades, 12405807-12406806, 660, Task 1
2023-06-19 00:12:09,492 INFO 1000 trades, 12255948-12256947, 680, Task 3
2023-06-19 00:12:10,184 INFO 1000 trades, 12329931-12330930, 700, Task 2
2023-06-19 00:12:10,516 INFO 1000 trades, 12181965-12182964, 720, Task 4
2023-06-19 00:12:10,573 INFO 1000 trades, 12404807-12405806, 740, Task 1
2023-06-19 00:12:10,636 INFO 983 trades, 12254948-12255930, 760, Task 3
2023-06-19 00:12:11,308 INFO 983 trades, 12328931-12329913, 780, Task 2
2023-06-19 00:12:11,698 INFO 1000 trades, 12403807-12404806, 800, Task 1
2023-06-19 00:12:11,752 INFO 983 trades, 12180965-12181947, 820, Task 4
2023-06-19 00:12:12,865 INFO 876 trades, 12402807-12403682, 840, Task 1
2023-06-19 08:16:39,252 INFO 1 trades, 12545899-12545899, 219, Task-599
2023-06-19 08:16:40,784 INFO 900 trades, 12510969-12511868, 239, Task 3
2023-06-19 08:16:40,786 INFO 4 trades, 12545899-12545902, 299, Task 1
2023-06-19 08:16:40,795 INFO 900 trades, 12528434-12529333, 259, Task 2
2023-06-19 08:16:40,799 INFO 900 trades, 12493504-12494403, 279, Task 4
2023-06-19 08:16:41,904 INFO 9 trades, 12545895-12545903, 319, Task 1
2023-06-19 08:16:41,917 INFO 900 trades, 12492604-12493503, 339, Task 4
2023-06-19 08:16:41,947 INFO 900 trades, 12527534-12528433, 359, Task 2
2023-06-19 08:16:42,090 INFO 900 trades, 12510069-12510968, 379, Task 3
2023-06-19 08:16:43,111 INFO 900 trades, 12526634-12527533, 399, Task 2
2023-06-19 08:16:43,128 INFO 22 trades, 12545886-12545907, 419, Task 1
2023-06-19 08:16:43,275 INFO 900 trades, 12509169-12510068, 439, Task 3
2023-06-19 08:16:44,134 INFO 900 trades, 12491704-12492603, 459, Task 4
2023-06-19 08:16:44,267 INFO 900 trades, 12525734-12526633, 479, Task 2
2023-06-19 08:16:45,275 INFO 900 trades, 12490804-12491703, 499, Task 4
2023-06-19 08:16:45,335 INFO 50 trades, 12545864-12545913, 519, Task 1
2023-06-19 08:16:45,400 INFO 900 trades, 12508269-12509168, 539, Task 3
2023-06-19 08:16:45,410 INFO 900 trades, 12524834-12525733, 559, Task 2
2023-06-19 08:16:46,469 INFO 105 trades, 12545814-12545918, 579, Task 1
2023-06-19 08:16:46,484 INFO 900 trades, 12489904-12490803, 599, Task 4
2023-06-19 08:16:46,538 INFO 900 trades, 12523934-12524833, 619, Task 2
2023-06-19 08:16:46,571 INFO 900 trades, 12507369-12508268, 639, Task 3
2023-06-19 08:16:47,642 INFO 900 trades, 12489004-12489903, 659, Task 4
2023-06-19 08:16:47,679 INFO 217 trades, 12545709-12545925, 679, Task 1
2023-06-19 08:16:47,741 INFO 900 trades, 12523034-12523933, 699, Task 2
2023-06-19 08:16:47,779 INFO 900 trades, 12506469-12507368, 719, Task 3
2023-06-19 08:16:48,782 INFO 900 trades, 12488104-12489003, 739, Task 4
2023-06-19 08:16:48,820 INFO 436 trades, 12545492-12545927, 759, Task 1
2023-06-19 08:16:48,886 INFO 900 trades, 12522134-12523033, 779, Task 2
2023-06-19 08:16:48,948 INFO 900 trades, 12505569-12506468, 799, Task 3
2023-06-19 08:16:49,912 INFO 900 trades, 12487204-12488103, 819, Task 4
2023-06-19 08:16:49,962 INFO 873 trades, 12545056-12545928, 839, Task 1
2023-06-19 08:16:50,052 INFO 900 trades, 12521234-12522133, 859, Task 2
2023-06-19 08:16:50,119 INFO 900 trades, 12504669-12505568, 879, Task 3
2023-06-19 08:16:51,032 INFO 900 trades, 12486304-12487203, 899, Task 4
2023-06-19 08:16:51,153 INFO 900 trades, 12544183-12545082, 919, Task 1
2023-06-19 08:16:51,182 INFO 900 trades, 12520334-12521233, 939, Task 2
2023-06-19 08:16:51,324 INFO 900 trades, 12503769-12504668, 959, Task 3
2023-06-19 08:16:52,202 INFO 900 trades, 12485404-12486303, 979, Task 4
2023-06-19 08:16:52,509 INFO 900 trades, 12502869-12503768, 999, Task 3
2023-06-19 08:16:53,321 INFO 1000 trades, 12519434-12520433, 1019, Task 2
2023-06-19 08:16:53,333 INFO 900 trades, 12543283-12544182, 1039, Task 1
2023-06-19 08:16:53,344 INFO 1000 trades, 12484504-12485503, 1059, Task 4
2023-06-19 08:16:53,636 INFO 1000 trades, 12501969-12502968, 1079, Task 3
2023-06-19 08:16:54,472 INFO 1000 trades, 12542383-12543382, 1099, Task 1
2023-06-19 08:16:54,527 INFO 1000 trades, 12518434-12519433, 1119, Task 2
2023-06-19 08:16:54,790 INFO 1000 trades, 12500969-12501968, 1139, Task 3
2023-06-19 08:16:55,473 INFO 1000 trades, 12483504-12484503, 1159, Task 4
2023-06-19 08:16:55,638 INFO 1000 trades, 12541383-12542382, 1179, Task 1
2023-06-19 08:16:55,732 INFO 1000 trades, 12517434-12518433, 1199, Task 2
2023-06-19 08:16:55,935 INFO 1000 trades, 12499969-12500968, 1219, Task 3
2023-06-19 08:16:56,592 INFO 1000 trades, 12482504-12483503, 1239, Task 4
2023-06-19 08:16:56,839 INFO 1000 trades, 12540383-12541382, 1259, Task 1
2023-06-19 08:16:56,868 INFO 1000 trades, 12516434-12517433, 1279, Task 2
2023-06-19 08:16:57,125 INFO 1000 trades, 12498969-12499968, 1299, Task 3
2023-06-19 08:16:57,721 INFO 1000 trades, 12481504-12482503, 1319, Task 4
2023-06-19 08:16:58,019 INFO 1000 trades, 12539383-12540382, 1339, Task 1
2023-06-19 08:16:58,071 INFO 1000 trades, 12515434-12516433, 1359, Task 2
2023-06-19 08:16:58,304 INFO 1000 trades, 12497969-12498968, 1379, Task 3
2023-06-19 08:16:58,869 INFO 1000 trades, 12480504-12481503, 1399, Task 4
2023-06-19 08:16:59,168 INFO 1000 trades, 12538383-12539382, 1419, Task 1
2023-06-19 08:16:59,231 INFO 1000 trades, 12514434-12515433, 1439, Task 2
2023-06-19 08:16:59,422 INFO 1000 trades, 12496969-12497968, 1459, Task 3
2023-06-19 08:17:00,016 INFO 1000 trades, 12479504-12480503, 1479, Task 4
2023-06-19 08:17:00,332 INFO 1000 trades, 12537383-12538382, 20, Task 1
2023-06-19 08:17:00,549 INFO 1000 trades, 12495969-12496968, 40, Task 3
2023-06-19 08:17:01,404 INFO 1000 trades, 12513434-12514433, 60, Task 2
2023-06-19 08:17:01,517 INFO 1000 trades, 12536383-12537382, 80, Task 1
2023-06-19 08:17:01,711 INFO 1000 trades, 12494969-12495968, 100, Task 3
2023-06-19 08:17:02,588 INFO 1000 trades, 12512434-12513433, 120, Task 2
2023-06-19 08:17:02,661 INFO 1000 trades, 12535383-12536382, 140, Task 1
2023-06-19 08:17:02,853 INFO 465 trades, 12493969-12494433, 160, Task 3
2023-06-19 08:17:03,227 INFO 1000 trades, 12478504-12479503, 180, Task 4
2023-06-19 08:17:03,714 INFO 465 trades, 12511434-12511898, 200, Task 2
2023-06-19 08:17:03,849 INFO 1000 trades, 12534383-12535382, 220, Task 1
2023-06-19 08:17:04,362 INFO 1000 trades, 12477504-12478503, 240, Task 4
2023-06-19 08:17:05,051 INFO 1000 trades, 12533383-12534382, 260, Task 1
2023-06-19 08:17:05,487 INFO 465 trades, 12476504-12476968, 280, Task 4
2023-06-19 08:17:06,246 INFO 1000 trades, 12532383-12533382, 300, Task 1
2023-06-19 08:17:07,427 INFO 1000 trades, 12531383-12532382, 320, Task 1
2023-06-19 08:17:08,636 INFO 1000 trades, 12530383-12531382, 340, Task 1
2023-06-19 08:17:09,816 INFO 949 trades, 12529383-12530331, 360, Task 1
