2023-06-20 08:39:39,086 INFO 1 trades, 96846870-96846870, 219, Task-598
2023-06-20 08:39:40,315 INFO 1 trades, 48423435-48423435, 239, Task-598
2023-06-20 08:39:41,502 INFO 1 trades, 72635153-72635153, 259, Task-598
2023-06-20 08:39:42,652 INFO 1 trades, 84741012-84741012, 279, Task-598
2023-06-20 08:39:43,915 INFO 1 trades, 90793941-90793941, 299, Task-598
2023-06-20 08:39:45,030 INFO 1 trades, 93820406-93820406, 319, Task-598
2023-06-20 08:39:46,154 INFO 1 trades, 95333638-95333638, 339, Task-598
2023-06-20 08:39:47,289 INFO 1 trades, 96090254-96090254, 359, Task-598
2023-06-20 08:39:48,402 INFO 1 trades, 96468562-96468562, 379, Task-598
2023-06-20 08:39:49,529 INFO 1 trades, 96657716-96657716, 399, Task-598
2023-06-20 08:39:50,662 INFO 1 trades, 96752293-96752293, 419, Task-598
2023-06-20 08:39:51,783 INFO 1 trades, 96799582-96799582, 439, Task-598
2023-06-20 08:39:52,940 INFO 1 trades, 96775937-96775937, 459, Task-598
2023-06-20 08:39:54,113 INFO 1 trades, 96764115-96764115, 479, Task-598
2023-06-20 08:39:55,287 INFO 1 trades, 96758204-96758204, 499, Task-598
2023-06-20 08:39:56,396 INFO 1 trades, 96755248-96755248, 519, Task-598
2023-06-20 08:39:57,580 INFO 1 trades, 96753770-96753770, 539, Task-598
2023-06-20 08:39:58,757 INFO 1 trades, 96754509-96754509, 559, Task-598
2023-06-20 08:39:59,933 INFO 1 trades, 96754878-96754878, 579, Task-598
2023-06-20 08:40:01,125 INFO 1 trades, 96754693-96754693, 20, Task-598
2023-06-20 08:40:02,305 INFO 1 trades, 96754601-96754601, 40, Task-598
2023-06-20 08:40:03,434 INFO 1 trades, 96754555-96754555, 60, Task-598
2023-06-20 08:40:04,552 INFO 1 trades, 96754578-96754578, 80, Task-598
2023-06-20 08:40:05,707 INFO 1 trades, 96754589-96754589, 100, Task-598
2023-06-20 08:40:06,824 INFO 1 trades, 96754595-96754595, 120, Task-598
2023-06-20 08:40:08,022 INFO 1 trades, 96754598-96754598, 140, Task-598
2023-06-20 08:40:09,139 INFO 1 trades, 96754596-96754596, 160, Task-598
2023-06-20 08:40:10,315 INFO 1 trades, 96754597-96754597, 180, Task-598
2023-06-20 08:40:11,884 INFO 900 trades, 96823802-96824701, 220, Task 2
2023-06-20 08:40:11,889 INFO 900 trades, 96777666-96778565, 200, Task 4
2023-06-20 08:40:11,890 INFO 224 trades, 96846870-96847093, 240, Task 1
2023-06-20 08:40:11,903 INFO 900 trades, 96800734-96801633, 260, Task 3
2023-06-20 08:40:13,007 INFO 900 trades, 96776766-96777665, 280, Task 4
2023-06-20 08:40:13,055 INFO 900 trades, 96822902-96823801, 300, Task 2
2023-06-20 08:40:13,063 INFO 454 trades, 96846646-96847099, 320, Task 1
2023-06-20 08:40:13,099 INFO 900 trades, 96799834-96800733, 340, Task 3
2023-06-20 08:40:14,192 INFO 900 trades, 96775866-96776765, 360, Task 4
2023-06-20 08:40:14,210 INFO 900 trades, 96846192-96847091, 380, Task 1
2023-06-20 08:40:14,234 INFO 900 trades, 96822002-96822901, 400, Task 2
2023-06-20 08:40:15,301 INFO 900 trades, 96798934-96799833, 420, Task 3
2023-06-20 08:40:15,329 INFO 900 trades, 96845292-96846191, 440, Task 1
2023-06-20 08:40:15,342 INFO 900 trades, 96821102-96822001, 460, Task 2
2023-06-20 08:40:15,381 INFO 900 trades, 96774966-96775865, 480, Task 4
2023-06-20 08:40:16,423 INFO 900 trades, 96798034-96798933, 500, Task 3
2023-06-20 08:40:16,506 INFO 900 trades, 96844392-96845291, 520, Task 1
2023-06-20 08:40:16,514 INFO 900 trades, 96774066-96774965, 540, Task 4
2023-06-20 08:40:16,526 INFO 900 trades, 96820202-96821101, 560, Task 2
2023-06-20 08:40:17,628 INFO 900 trades, 96797134-96798033, 580, Task 3
2023-06-20 08:40:17,645 INFO 900 trades, 96773166-96774065, 600, Task 4
2023-06-20 08:40:17,654 INFO 900 trades, 96819302-96820201, 620, Task 2
2023-06-20 08:40:17,704 INFO 900 trades, 96843492-96844391, 640, Task 1
2023-06-20 08:40:18,774 INFO 900 trades, 96772266-96773165, 660, Task 4
2023-06-20 08:40:18,799 INFO 900 trades, 96818402-96819301, 680, Task 2
2023-06-20 08:40:18,811 INFO 900 trades, 96796234-96797133, 700, Task 3
2023-06-20 08:40:18,960 INFO 900 trades, 96842592-96843491, 720, Task 1
2023-06-20 08:40:19,977 INFO 900 trades, 96817502-96818401, 760, Task 2
2023-06-20 08:40:19,982 INFO 900 trades, 96795334-96796233, 780, Task 3
2023-06-20 08:40:19,985 INFO 900 trades, 96771366-96772265, 740, Task 4
2023-06-20 08:40:20,143 INFO 900 trades, 96841692-96842591, 800, Task 1
2023-06-20 08:40:21,097 INFO 900 trades, 96816602-96817501, 820, Task 2
2023-06-20 08:40:21,121 INFO 900 trades, 96794434-96795333, 840, Task 3
2023-06-20 08:40:21,126 INFO 900 trades, 96770466-96771365, 860, Task 4
2023-06-20 08:40:22,277 INFO 900 trades, 96793534-96794433, 880, Task 3
2023-06-20 08:40:22,282 INFO 900 trades, 96815702-96816601, 920, Task 2
2023-06-20 08:40:22,285 INFO 900 trades, 96840792-96841691, 900, Task 1
2023-06-20 08:40:22,318 INFO 900 trades, 96769566-96770465, 940, Task 4
2023-06-20 08:40:23,447 INFO 1000 trades, 96768666-96769665, 1000, Task 4
2023-06-20 08:40:23,453 INFO 1000 trades, 96814802-96815801, 960, Task 2
2023-06-20 08:40:23,457 INFO 900 trades, 96792634-96793533, 980, Task 3
2023-06-20 08:40:23,477 INFO 900 trades, 96839892-96840791, 1020, Task 1
2023-06-20 08:40:24,628 INFO 1000 trades, 96767666-96768665, 1040, Task 4
2023-06-20 08:40:24,640 INFO 1000 trades, 96838992-96839991, 1060, Task 1
2023-06-20 08:40:24,652 INFO 1000 trades, 96813802-96814801, 1100, Task 2
2023-06-20 08:40:24,656 INFO 1000 trades, 96791734-96792733, 1080, Task 3
2023-06-20 08:40:25,772 INFO 1000 trades, 96837992-96838991, 1120, Task 1
2023-06-20 08:40:25,796 INFO 1000 trades, 96812802-96813801, 1140, Task 2
2023-06-20 08:40:25,803 INFO 1000 trades, 96766666-96767665, 1160, Task 4
2023-06-20 08:40:25,815 INFO 1000 trades, 96790734-96791733, 1180, Task 3
2023-06-20 08:40:26,922 INFO 1000 trades, 96836992-96837991, 1200, Task 1
2023-06-20 08:40:26,941 INFO 1000 trades, 96811802-96812801, 1220, Task 2
2023-06-20 08:40:26,978 INFO 1000 trades, 96765666-96766665, 1240, Task 4
2023-06-20 08:40:27,019 INFO 1000 trades, 96789734-96790733, 1260, Task 3
2023-06-20 08:40:28,067 INFO 1000 trades, 96835992-96836991, 1280, Task 1
2023-06-20 08:40:28,131 INFO 1000 trades, 96810802-96811801, 1300, Task 2
2023-06-20 08:40:28,184 INFO 1000 trades, 96764666-96765665, 1320, Task 4
2023-06-20 08:40:28,222 INFO 1000 trades, 96788734-96789733, 1340, Task 3
2023-06-20 08:40:29,208 INFO 1000 trades, 96834992-96835991, 1360, Task 1
2023-06-20 08:40:29,304 INFO 1000 trades, 96809802-96810801, 1380, Task 2
2023-06-20 08:40:29,341 INFO 1000 trades, 96787734-96788733, 1400, Task 3
2023-06-20 08:40:29,367 INFO 1000 trades, 96763666-96764665, 1420, Task 4
2023-06-20 08:40:30,389 INFO 1000 trades, 96833992-96834991, 1440, Task 1
2023-06-20 08:40:30,431 INFO 1000 trades, 96808802-96809801, 1460, Task 2
2023-06-20 08:40:30,480 INFO 1000 trades, 96786734-96787733, 1480, Task 3
2023-06-20 08:40:30,571 INFO 1000 trades, 96762666-96763665, 1500, Task 4
2023-06-20 08:40:31,596 INFO 1000 trades, 96807802-96808801, 1540, Task 2
2023-06-20 08:40:31,600 INFO 1000 trades, 96832992-96833991, 1520, Task 1
2023-06-20 08:40:31,703 INFO 1000 trades, 96785734-96786733, 1560, Task 3
2023-06-20 08:40:31,709 INFO 1000 trades, 96761666-96762665, 1580, Task 4
2023-06-20 08:40:32,733 INFO 1000 trades, 96806802-96807801, 1600, Task 2
2023-06-20 08:40:32,737 INFO 1000 trades, 96831992-96832991, 1620, Task 1
2023-06-20 08:40:32,870 INFO 1000 trades, 96760666-96761665, 1640, Task 4
2023-06-20 08:40:32,911 INFO 1000 trades, 96784734-96785733, 1660, Task 3
2023-06-20 08:40:33,916 INFO 1000 trades, 96805802-96806801, 1680, Task 2
2023-06-20 08:40:33,941 INFO 1000 trades, 96830992-96831991, 1700, Task 1
2023-06-20 08:40:34,076 INFO 1000 trades, 96759666-96760665, 1740, Task 4
2023-06-20 08:40:34,076 INFO 
cool down triggered with 1740, Task 4, sleeping for 3 seconds...
2023-06-20 08:40:34,080 INFO 1000 trades, 96783734-96784733, 1720, Task 3
2023-06-20 08:40:34,080 INFO 
cool down triggered with 1720, Task 3, sleeping for 3 seconds...
2023-06-20 08:40:35,042 INFO 1000 trades, 96804802-96805801, 1760, Task 2
2023-06-20 08:40:35,042 INFO 
cool down triggered with 1760, Task 2, sleeping for 3 seconds...
2023-06-20 08:40:35,113 INFO 1000 trades, 96829992-96830991, 1780, Task 1
2023-06-20 08:40:35,114 INFO 
cool down triggered with 1780, Task 1, sleeping for 3 seconds...
2023-06-20 08:40:38,211 INFO 1000 trades, 96758666-96759665, 1800, Task 4
2023-06-20 08:40:38,211 INFO 
cool down triggered with 1800, Task 4, sleeping for 3 seconds...
2023-06-20 08:40:38,260 INFO 1000 trades, 96782734-96783733, 1820, Task 3
2023-06-20 08:40:38,260 INFO 
cool down triggered with 1820, Task 3, sleeping for 3 seconds...
2023-06-20 08:40:39,242 INFO 1000 trades, 96803802-96804801, 1840, Task 2
2023-06-20 08:40:39,243 INFO 
cool down triggered with 1840, Task 2, sleeping for 3 seconds...
2023-06-20 08:40:39,274 INFO 1000 trades, 96828992-96829991, 1860, Task 1
2023-06-20 08:40:39,274 INFO 
cool down triggered with 1860, Task 1, sleeping for 3 seconds...
2023-06-20 08:40:42,476 INFO 1000 trades, 96757666-96758665, 1880, Task 4
2023-06-20 08:40:42,476 INFO 
cool down triggered with 1880, Task 4, sleeping for 3 seconds...
2023-06-20 08:40:42,483 INFO 1000 trades, 96781734-96782733, 1900, Task 3
2023-06-20 08:40:42,483 INFO 
cool down triggered with 1900, Task 3, sleeping for 3 seconds...
2023-06-20 08:40:43,428 INFO 1000 trades, 96802802-96803801, 1920, Task 2
2023-06-20 08:40:43,428 INFO 
cool down triggered with 1920, Task 2, sleeping for 3 seconds...
2023-06-20 08:40:43,472 INFO 1000 trades, 96827992-96828991, 1940, Task 1
2023-06-20 08:40:43,472 INFO 
cool down triggered with 1940, Task 1, sleeping for 3 seconds...
2023-06-20 08:40:46,648 INFO 1000 trades, 96756666-96757665, 1960, Task 4
2023-06-20 08:40:46,649 INFO 
cool down triggered with 1960, Task 4, sleeping for 3 seconds...
2023-06-20 08:40:46,671 INFO 1000 trades, 96780734-96781733, 1980, Task 3
2023-06-20 08:40:46,671 INFO 
cool down triggered with 1980, Task 3, sleeping for 3 seconds...
2023-06-20 08:40:47,588 INFO 1000 trades, 96801802-96802801, 2000, Task 2
2023-06-20 08:40:47,589 INFO 
cool down triggered with 2000, Task 2, sleeping for 3 seconds...
2023-06-20 08:40:47,598 INFO 1000 trades, 96826992-96827991, 2020, Task 1
2023-06-20 08:40:47,598 INFO 
cool down triggered with 2020, Task 1, sleeping for 3 seconds...
2023-06-20 08:40:50,795 INFO 1000 trades, 96779734-96780733, 2040, Task 3
2023-06-20 08:40:50,795 INFO 
cool down triggered with 2040, Task 3, sleeping for 3 seconds...
2023-06-20 08:40:50,815 INFO 1000 trades, 96755666-96756665, 2060, Task 4
2023-06-20 08:40:50,815 INFO 
cool down triggered with 2060, Task 4, sleeping for 3 seconds...
2023-06-20 08:40:51,725 INFO 1000 trades, 96825992-96826991, 2080, Task 1
2023-06-20 08:40:51,725 INFO 
cool down triggered with 2080, Task 1, sleeping for 3 seconds...
2023-06-20 08:40:51,775 INFO 68 trades, 96800802-96800869, 2100, Task 2
2023-06-20 08:40:51,775 INFO 
cool down triggered with 2100, Task 2, sleeping for 3 seconds...
2023-06-20 08:40:54,987 INFO 68 trades, 96754666-96754733, 2140, Task 4
2023-06-20 08:40:54,987 WARNING 
cool down triggered with 2140, Task 4, sleeping for 8 seconds...
2023-06-20 08:40:54,991 INFO 1000 trades, 96778734-96779733, 2120, Task 3
2023-06-20 08:40:54,991 WARNING 
cool down triggered with 2120, Task 3, sleeping for 8 seconds...
2023-06-20 08:40:55,912 INFO 1000 trades, 96824992-96825991, 2160, Task 1
2023-06-20 08:40:55,912 WARNING 
cool down triggered with 2160, Task 1, sleeping for 8 seconds...
2023-06-20 08:41:04,153 INFO 68 trades, 96777734-96777801, 20, Task 3
2023-06-20 08:41:05,082 INFO 190 trades, 96823992-96824181, 40, Task 1
2023-06-20 09:06:24,208 INFO 1 trades, 96855195-96855195, 219, Task-598
2023-06-20 09:06:25,752 INFO 7 trades, 96855195-96855201, 239, Task 1
2023-06-20 09:06:25,775 INFO 900 trades, 96851147-96852046, 259, Task 3
2023-06-20 09:06:25,782 INFO 900 trades, 96849123-96850022, 279, Task 4
2023-06-20 09:06:25,797 INFO 900 trades, 96853171-96854070, 299, Task 2
2023-06-20 09:06:26,918 INFO 900 trades, 96850247-96851146, 319, Task 3
2023-06-20 09:06:26,932 INFO 900 trades, 96848223-96849122, 339, Task 4
2023-06-20 09:06:27,890 INFO 17 trades, 96855188-96855204, 359, Task 1
2023-06-20 09:06:27,947 INFO 900 trades, 96852271-96853170, 379, Task 2
2023-06-20 09:06:28,061 INFO 224 trades, 96847323-96847546, 399, Task 4
2023-06-20 09:06:28,107 INFO 224 trades, 96849347-96849570, 419, Task 3
2023-06-20 09:06:29,049 INFO 224 trades, 96851371-96851594, 439, Task 2
2023-06-20 09:06:29,083 INFO 34 trades, 96855171-96855204, 459, Task 1
2023-06-20 09:06:30,218 INFO 68 trades, 96855137-96855204, 479, Task 1
2023-06-20 09:06:31,354 INFO 137 trades, 96855069-96855205, 499, Task 1
2023-06-20 09:06:32,526 INFO 278 trades, 96854932-96855209, 519, Task 1
2023-06-20 09:06:33,730 INFO 560 trades, 96854654-96855213, 539, Task 1
2023-06-20 09:06:34,846 INFO 900 trades, 96854094-96854993, 559, Task 1
2023-06-20 09:06:36,029 INFO 23 trades, 96853194-96853216, 579, Task 1
2023-06-20 09:10:54,091 INFO 1 trades, 96857689-96857689, 219, Task-598
2023-06-20 09:10:55,607 INFO 619 trades, 96856451-96857069, 239, Task 3
2023-06-20 09:10:55,621 INFO 619 trades, 96855832-96856450, 259, Task 4
2023-06-20 09:10:55,651 INFO 619 trades, 96857070-96857688, 279, Task 2
2023-06-20 09:10:55,657 INFO 8 trades, 96857689-96857696, 299, Task 1
2023-06-20 09:10:56,853 INFO 20 trades, 96857681-96857700, 319, Task 1
2023-06-20 09:10:58,041 INFO 48 trades, 96857661-96857708, 339, Task 1
2023-06-20 09:10:59,151 INFO 100 trades, 96857613-96857712, 359, Task 1
2023-06-20 09:11:00,302 INFO 204 trades, 96857513-96857716, 20, Task 1
2023-06-20 09:11:01,474 INFO 239 trades, 96857309-96857547, 40, Task 1
2023-06-20 09:13:35,424 INFO 1 trades, 96858360-96858360, 219, Task-598
2023-06-20 09:13:36,940 INFO 161 trades, 96858199-96858359, 239, Task 2
2023-06-20 09:13:36,949 INFO 20 trades, 96858360-96858379, 259, Task 1
2023-06-20 09:13:36,956 INFO 161 trades, 96858038-96858198, 279, Task 3
2023-06-20 09:13:36,983 INFO 161 trades, 96857877-96858037, 299, Task 4
2023-06-20 09:13:38,060 INFO 43 trades, 96858340-96858382, 319, Task 1
2023-06-20 09:13:39,261 INFO 90 trades, 96858297-96858386, 339, Task 1
2023-06-20 09:13:40,431 INFO 8 trades, 96858207-96858214, 359, Task 1
2023-06-20 09:19:42,290 INFO 1 trades, 96860197-96860197, 219, Task-598
2023-06-20 09:19:43,887 INFO 452 trades, 96859293-96859744, 239, Task 3
2023-06-20 09:19:43,918 INFO 12 trades, 96860197-96860208, 259, Task 1
2023-06-20 09:19:44,894 INFO 452 trades, 96859745-96860196, 279, Task 2
2023-06-20 09:19:45,109 INFO 32 trades, 96860185-96860216, 299, Task 1
2023-06-20 09:19:45,860 INFO 452 trades, 96858841-96859292, 319, Task 4
2023-06-20 09:19:46,323 INFO 76 trades, 96860153-96860228, 339, Task 1
2023-06-20 09:21:03,082 INFO 1 trades, 96860666-96860666, 20, Task-599
2023-06-20 09:21:05,068 INFO 570 trades, 96858956-96859525, 40, Task 4
2023-06-20 09:21:05,122 INFO 570 trades, 96859526-96860095, 60, Task 3
2023-06-20 09:21:05,122 INFO 5 trades, 96860666-96860670, 80, Task 1
2023-06-20 09:21:05,145 INFO 570 trades, 96860096-96860665, 100, Task 2
2023-06-20 09:21:06,301 INFO 23 trades, 96860661-96860683, 120, Task 1
2023-06-20 09:21:07,483 INFO 57 trades, 96860638-96860694, 140, Task 1
2023-06-20 09:21:08,659 INFO 125 trades, 96860581-96860705, 160, Task 1
2023-06-20 09:21:09,829 INFO 253 trades, 96860456-96860708, 180, Task 1
2023-06-20 09:21:10,931 INFO 107 trades, 96860203-96860309, 200, Task 1
