2023-06-18 16:50:14,414 INFO 1 trades, 96129933-96129933, 185, Task-1726
2023-06-18 16:50:15,569 INFO 1 trades, 48064966-48064966, 205, Task-1726
2023-06-18 16:50:16,711 INFO 1 trades, 72097450-72097450, 225, Task-1726
2023-06-18 16:50:17,879 INFO 1 trades, 84113692-84113692, 245, Task-1726
2023-06-18 16:50:19,101 INFO 1 trades, 90121813-90121813, 265, Task-1726
2023-06-18 16:50:20,260 INFO 1 trades, 93125873-93125873, 285, Task-1726
2023-06-18 16:50:21,431 INFO 1 trades, 94627903-94627903, 305, Task-1726
2023-06-18 16:50:22,606 INFO 1 trades, 95378918-95378918, 325, Task-1726
2023-06-18 16:50:23,750 INFO 1 trades, 95754426-95754426, 345, Task-1726
2023-06-18 16:50:24,866 INFO 1 trades, 95942180-95942180, 365, Task-1726
2023-06-18 16:50:26,019 INFO 1 trades, 95848303-95848303, 385, Task-1726
2023-06-18 16:50:27,182 INFO 1 trades, 95895241-95895241, 405, Task-1726
2023-06-18 16:50:28,312 INFO 1 trades, 95871772-95871772, 425, Task-1726
2023-06-18 16:50:29,534 INFO 1 trades, 95883506-95883506, 445, Task-1726
2023-06-18 16:50:30,693 INFO 1 trades, 95889373-95889373, 465, Task-1726
2023-06-18 16:50:31,916 INFO 1 trades, 95886439-95886439, 485, Task-1726
2023-06-18 16:50:33,099 INFO 1 trades, 95887906-95887906, 505, Task-1726
2023-06-18 16:50:34,214 INFO 1 trades, 95887172-95887172, 525, Task-1726
2023-06-18 16:50:35,402 INFO 1 trades, 95886805-95886805, 545, Task-1726
2023-06-18 16:50:36,534 INFO 1 trades, 95886622-95886622, 565, Task-1726
2023-06-18 16:50:37,665 INFO 1 trades, 95886530-95886530, 585, Task-1726
2023-06-18 16:50:38,791 INFO 1 trades, 95886484-95886484, 605, Task-1726
2023-06-18 16:50:39,969 INFO 1 trades, 95886461-95886461, 625, Task-1726
2023-06-18 16:50:41,096 INFO 1 trades, 95886472-95886472, 645, Task-1726
2023-06-18 16:50:42,282 INFO 1 trades, 95886466-95886466, 665, Task-1726
2023-06-18 16:50:43,487 INFO 1 trades, 95886463-95886463, 685, Task-1726
2023-06-18 16:50:44,591 INFO 1 trades, 95886464-95886464, 705, Task-1726
2023-06-18 16:50:45,720 INFO 1 trades, 95886465-95886465, 725, Task-1726
2023-06-18 16:50:47,437 INFO 87 trades, 96129933-96130019, 745, Task 1
2023-06-18 16:50:47,478 INFO 900 trades, 96069066-96069965, 765, Task 2
2023-06-18 16:50:47,485 INFO 900 trades, 95947332-95948231, 785, Task 4
2023-06-18 16:50:47,489 INFO 900 trades, 96008199-96009098, 805, Task 3
2023-06-18 16:50:48,554 INFO 175 trades, 96129846-96130020, 825, Task 1
2023-06-18 16:50:48,587 INFO 900 trades, 96068166-96069065, 845, Task 2
2023-06-18 16:50:48,612 INFO 900 trades, 96007299-96008198, 865, Task 3
2023-06-18 16:50:48,705 INFO 900 trades, 95946432-95947331, 885, Task 4
2023-06-18 16:50:49,666 INFO 350 trades, 96129671-96130020, 905, Task 1
2023-06-18 16:50:49,732 INFO 900 trades, 96067266-96068165, 925, Task 2
2023-06-18 16:50:49,804 INFO 900 trades, 96006399-96007298, 945, Task 3
2023-06-18 16:50:49,840 INFO 900 trades, 95945532-95946431, 965, Task 4
2023-06-18 16:50:50,881 INFO 703 trades, 96129321-96130023, 985, Task 1
2023-06-18 16:50:50,927 INFO 900 trades, 96066366-96067265, 1005, Task 2
2023-06-18 16:50:51,008 INFO 900 trades, 96005499-96006398, 1025, Task 3
2023-06-18 16:50:51,057 INFO 900 trades, 95944632-95945531, 1045, Task 4
2023-06-18 16:50:52,005 INFO 900 trades, 96128618-96129517, 1065, Task 1
2023-06-18 16:50:52,128 INFO 900 trades, 96065466-96066365, 1085, Task 2
2023-06-18 16:50:52,139 INFO 900 trades, 96004599-96005498, 1105, Task 3
2023-06-18 16:50:52,200 INFO 900 trades, 95943732-95944631, 1125, Task 4
2023-06-18 16:50:53,300 INFO 900 trades, 96064566-96065465, 1185, Task 2
2023-06-18 16:50:53,411 INFO 900 trades, 96127718-96128617, 1145, Task 1
2023-06-18 16:50:53,575 INFO 900 trades, 96003699-96004598, 1165, Task 3
2023-06-18 16:50:53,653 INFO 900 trades, 95942832-95943731, 1205, Task 4
2023-06-18 16:50:54,436 INFO 900 trades, 96063666-96064565, 1225, Task 2
2023-06-18 16:50:54,908 INFO 900 trades, 96126818-96127717, 1245, Task 1
2023-06-18 16:50:54,955 INFO 900 trades, 96002799-96003698, 1265, Task 3
2023-06-18 16:50:55,051 INFO 900 trades, 95941932-95942831, 1285, Task 4
2023-06-18 16:50:55,850 INFO 900 trades, 96062766-96063665, 1305, Task 2
2023-06-18 17:02:01,539 INFO 1 trades, 96132277-96132277, 20, Task-696
2023-06-18 17:02:02,737 INFO 1 trades, 48066138-48066138, 40, Task-696
2023-06-18 17:02:03,869 INFO 1 trades, 72099208-72099208, 60, Task-696
2023-06-18 17:02:05,008 INFO 1 trades, 84115743-84115743, 80, Task-696
2023-06-18 17:02:06,182 INFO 1 trades, 90124010-90124010, 100, Task-696
2023-06-18 17:02:07,306 INFO 1 trades, 93128144-93128144, 120, Task-696
2023-06-18 17:02:08,477 INFO 1 trades, 94630211-94630211, 140, Task-696
2023-06-18 17:02:09,697 INFO 1 trades, 95381244-95381244, 160, Task-696
2023-06-18 17:02:10,897 INFO 1 trades, 95756761-95756761, 180, Task-696
2023-06-18 17:02:12,014 INFO 1 trades, 95944519-95944519, 200, Task-696
2023-06-18 17:02:13,156 INFO 1 trades, 95850640-95850640, 220, Task-696
2023-06-18 17:02:14,340 INFO 1 trades, 95897579-95897579, 240, Task-696
2023-06-18 17:02:15,458 INFO 1 trades, 95874109-95874109, 260, Task-696
2023-06-18 17:02:16,598 INFO 1 trades, 95885844-95885844, 280, Task-696
2023-06-18 17:02:17,772 INFO 1 trades, 95891711-95891711, 300, Task-696
2023-06-18 17:02:18,914 INFO 1 trades, 95888777-95888777, 320, Task-696
2023-06-18 17:02:20,032 INFO 1 trades, 95887310-95887310, 340, Task-696
2023-06-18 17:02:21,143 INFO 1 trades, 95886577-95886577, 360, Task-696
2023-06-18 17:02:22,301 INFO 1 trades, 95886210-95886210, 380, Task-696
2023-06-18 17:02:23,426 INFO 1 trades, 95886393-95886393, 400, Task-696
2023-06-18 17:02:24,625 INFO 1 trades, 95886485-95886485, 420, Task-696
2023-06-18 17:02:25,736 INFO 1 trades, 95886439-95886439, 440, Task-696
2023-06-18 17:02:26,861 INFO 1 trades, 95886462-95886462, 460, Task-696
2023-06-18 17:02:28,041 INFO 1 trades, 95886473-95886473, 480, Task-696
2023-06-18 17:02:29,179 INFO 1 trades, 95886467-95886467, 500, Task-696
2023-06-18 17:02:30,286 INFO 1 trades, 95886464-95886464, 520, Task-696
2023-06-18 17:02:31,452 INFO 1 trades, 95886465-95886465, 540, Task-696
2023-06-18 17:02:32,973 INFO 900 trades, 96070824-96071723, 560, Task 2
2023-06-18 17:02:33,041 INFO 900 trades, 96009371-96010270, 580, Task 3
2023-06-18 17:02:33,058 INFO 900 trades, 95947918-95948817, 600, Task 4
2023-06-18 17:02:33,059 INFO 143 trades, 96132277-96132419, 620, Task 1
2023-06-18 17:02:34,138 INFO 900 trades, 96069924-96070823, 640, Task 2
2023-06-18 17:02:34,165 INFO 900 trades, 96008471-96009370, 660, Task 3
2023-06-18 17:02:34,215 INFO 900 trades, 95947018-95947917, 680, Task 4
2023-06-18 17:02:34,250 INFO 291 trades, 96132134-96132424, 700, Task 1
2023-06-18 17:02:35,245 INFO 900 trades, 96069024-96069923, 720, Task 2
2023-06-18 17:02:35,301 INFO 900 trades, 96007571-96008470, 740, Task 3
2023-06-18 17:02:35,388 INFO 586 trades, 96131843-96132428, 760, Task 1
2023-06-18 17:02:35,394 INFO 900 trades, 95946118-95947017, 780, Task 4
2023-06-18 17:02:36,425 INFO 900 trades, 96006671-96007570, 800, Task 3
2023-06-18 17:02:36,447 INFO 900 trades, 96068124-96069023, 820, Task 2
2023-06-18 17:02:36,550 INFO 900 trades, 95945218-95946117, 840, Task 4
2023-06-18 17:02:36,585 INFO 900 trades, 96131257-96132156, 860, Task 1
2023-06-18 17:02:37,610 INFO 900 trades, 96005771-96006670, 880, Task 3
2023-06-18 17:02:37,645 INFO 900 trades, 96067224-96068123, 900, Task 2
2023-06-18 17:02:37,710 INFO 900 trades, 95944318-95945217, 920, Task 4
2023-06-18 17:02:37,773 INFO 900 trades, 96130357-96131256, 940, Task 1
2023-06-18 17:02:38,805 INFO 900 trades, 96004871-96005770, 960, Task 3
2023-06-18 17:02:38,915 INFO 900 trades, 95943418-95944317, 980, Task 4
2023-06-18 17:02:38,925 INFO 900 trades, 96129457-96130356, 1000, Task 1
2023-06-18 17:02:39,426 INFO 900 trades, 96066324-96067223, 1020, Task 2
2023-06-18 17:02:39,944 INFO 900 trades, 96003971-96004870, 1040, Task 3
2023-06-18 17:02:40,038 INFO 900 trades, 96128557-96129456, 1060, Task 1
2023-06-18 17:02:40,094 INFO 900 trades, 95942518-95943417, 1080, Task 4
2023-06-18 17:02:40,543 INFO 900 trades, 96065424-96066323, 1100, Task 2
2023-06-18 17:02:41,088 INFO 900 trades, 96003071-96003970, 1120, Task 3
2023-06-18 17:02:41,271 INFO 900 trades, 95941618-95942517, 1140, Task 4
2023-06-18 17:02:41,711 INFO 900 trades, 96064524-96065423, 1160, Task 2
2023-06-18 17:02:42,150 INFO 900 trades, 96127657-96128556, 1180, Task 1
2023-06-18 17:02:42,302 INFO 900 trades, 96002171-96003070, 1200, Task 3
2023-06-18 17:02:42,410 INFO 900 trades, 95940718-95941617, 1220, Task 4
2023-06-18 17:02:42,826 INFO 900 trades, 96063624-96064523, 1240, Task 2
2023-06-18 17:02:43,258 INFO 900 trades, 96126757-96127656, 1260, Task 1
2023-06-18 17:02:43,429 INFO 900 trades, 96001271-96002170, 1280, Task 3
2023-06-18 17:02:43,578 INFO 900 trades, 95939818-95940717, 1300, Task 4
2023-06-18 17:02:43,990 INFO 900 trades, 96062724-96063623, 1320, Task 2
2023-06-18 17:02:44,445 INFO 900 trades, 96125857-96126756, 1340, Task 1
2023-06-18 17:02:44,569 INFO 1000 trades, 96000371-96001370, 1360, Task 3
2023-06-18 17:02:44,746 INFO 1000 trades, 95938918-95939917, 1380, Task 4
2023-06-18 17:02:45,197 INFO 1000 trades, 96061824-96062823, 1400, Task 2
2023-06-18 17:02:45,638 INFO 1000 trades, 96124957-96125956, 1420, Task 1
2023-06-18 17:02:45,692 INFO 1000 trades, 95999371-96000370, 1440, Task 3
2023-06-18 17:02:45,882 INFO 1000 trades, 95937918-95938917, 1460, Task 4
2023-06-18 17:02:46,346 INFO 1000 trades, 96060824-96061823, 1480, Task 2
2023-06-18 17:02:46,824 INFO 1000 trades, 96123957-96124956, 1500, Task 1
2023-06-18 17:02:46,867 INFO 1000 trades, 95998371-95999370, 1520, Task 3
2023-06-18 17:02:47,035 INFO 1000 trades, 95936918-95937917, 1540, Task 4
2023-06-18 17:02:47,497 INFO 1000 trades, 96059824-96060823, 1560, Task 2
2023-06-18 17:02:47,939 INFO 1000 trades, 96122957-96123956, 1580, Task 1
2023-06-18 17:02:48,062 INFO 1000 trades, 95997371-95998370, 1600, Task 3
2023-06-18 17:02:48,186 INFO 1000 trades, 95935918-95936917, 1620, Task 4
2023-06-18 17:02:48,721 INFO 1000 trades, 96058824-96059823, 1640, Task 2
2023-06-18 17:02:49,122 INFO 1000 trades, 96121957-96122956, 1660, Task 1
2023-06-18 17:02:49,274 INFO 1000 trades, 95996371-95997370, 1680, Task 3
2023-06-18 17:02:49,379 INFO 1000 trades, 95934918-95935917, 1700, Task 4
2023-06-18 17:02:49,902 INFO 
cool down triggered with 1720, Task 2, sleeping for 3 seconds...
2023-06-18 17:02:50,281 INFO 
cool down triggered with 1740, Task 1, sleeping for 3 seconds...
2023-06-18 17:02:50,474 INFO 
cool down triggered with 1760, Task 3, sleeping for 3 seconds...
2023-06-18 17:02:50,491 INFO 
cool down triggered with 1780, Task 4, sleeping for 3 seconds...
2023-06-18 17:02:52,903 INFO 1000 trades, 96057824-96058823, 1720, Task 2
2023-06-18 17:02:53,282 INFO 1000 trades, 96120957-96121956, 1740, Task 1
2023-06-18 17:02:53,475 INFO 1000 trades, 95995371-95996370, 1760, Task 3
2023-06-18 17:02:53,492 INFO 1000 trades, 95933918-95934917, 1780, Task 4
2023-06-18 17:02:54,023 INFO 
cool down triggered with 1800, Task 2, sleeping for 3 seconds...
2023-06-18 17:02:54,499 INFO 
cool down triggered with 1820, Task 1, sleeping for 3 seconds...
2023-06-18 17:02:54,696 INFO 
cool down triggered with 1860, Task 4, sleeping for 3 seconds...
2023-06-18 17:02:54,699 INFO 
cool down triggered with 1840, Task 3, sleeping for 3 seconds...
2023-06-18 17:02:57,024 INFO 1000 trades, 96056824-96057823, 1800, Task 2
2023-06-18 17:02:57,500 INFO 1000 trades, 96119957-96120956, 1820, Task 1
2023-06-18 17:02:57,698 INFO 1000 trades, 95932918-95933917, 1860, Task 4
2023-06-18 17:02:57,700 INFO 1000 trades, 95994371-95995370, 1840, Task 3
2023-06-18 17:02:58,151 INFO 
cool down triggered with 1880, Task 2, sleeping for 3 seconds...
2023-06-18 17:02:58,699 INFO 
cool down triggered with 1900, Task 1, sleeping for 3 seconds...
2023-06-18 17:02:58,835 INFO 
cool down triggered with 1920, Task 4, sleeping for 3 seconds...
2023-06-18 17:02:58,892 INFO 
cool down triggered with 1940, Task 3, sleeping for 3 seconds...
2023-06-18 17:03:01,152 INFO 1000 trades, 96055824-96056823, 1880, Task 2
2023-06-18 17:03:01,700 INFO 1000 trades, 96118957-96119956, 1900, Task 1
2023-06-18 17:03:01,836 INFO 1000 trades, 95931918-95932917, 1920, Task 4
2023-06-18 17:03:01,894 INFO 1000 trades, 95993371-95994370, 1940, Task 3
2023-06-18 17:03:02,318 INFO 1000 trades, 96054824-96055823, 20, Task 2
2023-06-18 17:03:02,885 INFO 1000 trades, 96117957-96118956, 40, Task 1
2023-06-18 17:03:02,962 INFO 1000 trades, 95930918-95931917, 60, Task 4
2023-06-18 17:03:03,062 INFO 1000 trades, 95992371-95993370, 80, Task 3
2023-06-18 17:03:03,501 INFO 1000 trades, 96053824-96054823, 100, Task 2
2023-06-18 17:03:04,079 INFO 1000 trades, 96116957-96117956, 120, Task 1
2023-06-18 17:03:04,092 INFO 1000 trades, 95929918-95930917, 140, Task 4
2023-06-18 17:03:04,189 INFO 1000 trades, 95991371-95992370, 160, Task 3
2023-06-18 17:03:04,698 INFO 1000 trades, 96052824-96053823, 180, Task 2
2023-06-18 17:03:05,205 INFO 1000 trades, 95928918-95929917, 200, Task 4
2023-06-18 17:03:05,263 INFO 1000 trades, 96115957-96116956, 220, Task 1
2023-06-18 17:03:05,330 INFO 1000 trades, 95990371-95991370, 240, Task 3
2023-06-18 17:03:05,829 INFO 1000 trades, 96051824-96052823, 260, Task 2
2023-06-18 17:03:06,343 INFO 1000 trades, 95927918-95928917, 280, Task 4
2023-06-18 17:03:06,398 INFO 1000 trades, 96114957-96115956, 300, Task 1
2023-06-18 17:03:06,533 INFO 1000 trades, 95989371-95990370, 320, Task 3
2023-06-18 17:03:06,965 INFO 1000 trades, 96050824-96051823, 340, Task 2
2023-06-18 17:03:07,507 INFO 1000 trades, 96113957-96114956, 360, Task 1
2023-06-18 17:03:07,550 INFO 1000 trades, 95926918-95927917, 380, Task 4
2023-06-18 17:03:07,641 INFO 1000 trades, 95988371-95989370, 400, Task 3
2023-06-18 17:03:08,137 INFO 1000 trades, 96049824-96050823, 420, Task 2
2023-06-18 17:03:08,651 INFO 1000 trades, 96112957-96113956, 440, Task 1
2023-06-18 17:03:08,745 INFO 1000 trades, 95925918-95926917, 460, Task 4
2023-06-18 17:03:08,779 INFO 1000 trades, 95987371-95988370, 480, Task 3
2023-06-18 17:03:09,319 INFO 1000 trades, 96048824-96049823, 500, Task 2
2023-06-18 17:03:10,120 INFO 1000 trades, 96111957-96112956, 520, Task 1
2023-06-18 17:03:10,195 INFO 1000 trades, 95986371-95987370, 540, Task 3
2023-06-18 17:03:10,233 INFO 1000 trades, 95924918-95925917, 560, Task 4
2023-06-18 17:03:10,731 INFO 1000 trades, 96047824-96048823, 580, Task 2
2023-06-18 17:03:11,336 INFO 1000 trades, 96110957-96111956, 600, Task 1
2023-06-18 17:03:11,408 INFO 1000 trades, 95985371-95986370, 620, Task 3
2023-06-18 17:03:11,439 INFO 1000 trades, 95923918-95924917, 640, Task 4
2023-06-18 17:03:11,963 INFO 1000 trades, 96046824-96047823, 660, Task 2
2023-06-18 17:03:12,572 INFO 1000 trades, 96109957-96110956, 680, Task 1
2023-06-18 17:03:12,680 INFO 1000 trades, 95984371-95985370, 720, Task 3
2023-06-18 17:03:12,684 INFO 1000 trades, 95922918-95923917, 700, Task 4
2023-06-18 17:03:13,187 INFO 1000 trades, 96045824-96046823, 740, Task 2
2023-06-18 17:03:13,961 INFO 1000 trades, 96108957-96109956, 760, Task 1
2023-06-18 17:03:14,093 INFO 1000 trades, 95983371-95984370, 780, Task 3
2023-06-18 17:03:14,155 INFO 1000 trades, 95921918-95922917, 800, Task 4
2023-06-18 17:03:14,614 INFO 1000 trades, 96044824-96045823, 820, Task 2
2023-06-18 17:03:15,188 INFO 1000 trades, 96107957-96108956, 840, Task 1
2023-06-18 17:03:15,301 INFO 1000 trades, 95982371-95983370, 860, Task 3
2023-06-18 17:03:15,372 INFO 1000 trades, 95920918-95921917, 880, Task 4
2023-06-18 17:03:15,816 INFO 1000 trades, 96043824-96044823, 900, Task 2
2023-06-18 17:03:16,694 INFO 1000 trades, 96106957-96107956, 920, Task 1
2023-06-18 17:03:16,786 INFO 1000 trades, 95981371-95982370, 940, Task 3
2023-06-18 17:03:16,791 INFO 1000 trades, 95919918-95920917, 960, Task 4
2023-06-18 17:03:17,227 INFO 1000 trades, 96042824-96043823, 980, Task 2
2023-06-18 17:03:18,184 INFO 1000 trades, 96105957-96106956, 1000, Task 1
2023-06-18 17:03:18,216 INFO 1000 trades, 95980371-95981370, 1020, Task 3
2023-06-18 17:03:18,297 INFO 1000 trades, 95918918-95919917, 1040, Task 4
2023-06-18 17:03:18,734 INFO 1000 trades, 96041824-96042823, 1060, Task 2
2023-06-18 17:03:19,315 INFO 1000 trades, 96104957-96105956, 1080, Task 1
2023-06-18 17:03:19,378 INFO 1000 trades, 95979371-95980370, 1100, Task 3
2023-06-18 17:03:19,432 INFO 1000 trades, 95917918-95918917, 1120, Task 4
2023-06-18 17:03:19,921 INFO 1000 trades, 96040824-96041823, 1140, Task 2
2023-06-18 17:03:20,483 INFO 1000 trades, 96103957-96104956, 1160, Task 1
2023-06-18 17:03:20,574 INFO 1000 trades, 95978371-95979370, 1180, Task 3
2023-06-18 17:03:20,610 INFO 1000 trades, 95916918-95917917, 1200, Task 4
2023-06-18 17:03:21,067 INFO 1000 trades, 96039824-96040823, 1220, Task 2
2023-06-18 17:03:21,618 INFO 1000 trades, 96102957-96103956, 1240, Task 1
2023-06-18 17:03:21,705 INFO 1000 trades, 95977371-95978370, 1260, Task 3
2023-06-18 17:03:21,823 INFO 1000 trades, 95915918-95916917, 1280, Task 4
2023-06-18 17:03:22,263 INFO 1000 trades, 96038824-96039823, 1300, Task 2
2023-06-18 17:03:22,747 INFO 1000 trades, 96101957-96102956, 1320, Task 1
2023-06-18 17:03:22,912 INFO 1000 trades, 95976371-95977370, 1340, Task 3
2023-06-18 17:03:23,040 INFO 1000 trades, 95914918-95915917, 1360, Task 4
2023-06-18 17:03:23,460 INFO 1000 trades, 96037824-96038823, 1380, Task 2
2023-06-18 17:03:23,946 INFO 1000 trades, 96100957-96101956, 1400, Task 1
2023-06-18 17:03:24,088 INFO 1000 trades, 95975371-95976370, 1420, Task 3
2023-06-18 17:03:24,204 INFO 1000 trades, 95913918-95914917, 1440, Task 4
2023-06-18 17:03:24,592 INFO 1000 trades, 96036824-96037823, 1460, Task 2
2023-06-18 17:03:25,084 INFO 1000 trades, 96099957-96100956, 1480, Task 1
2023-06-18 17:03:25,223 INFO 1000 trades, 95974371-95975370, 1500, Task 3
2023-06-18 17:03:25,360 INFO 1000 trades, 95912918-95913917, 1520, Task 4
2023-06-18 17:03:25,748 INFO 1000 trades, 96035824-96036823, 1540, Task 2
2023-06-18 17:03:26,272 INFO 1000 trades, 96098957-96099956, 1560, Task 1
2023-06-18 17:03:26,331 INFO 1000 trades, 95973371-95974370, 1580, Task 3
2023-06-18 17:03:26,485 INFO 1000 trades, 95911918-95912917, 1600, Task 4
2023-06-18 17:03:26,881 INFO 1000 trades, 96034824-96035823, 1620, Task 2
2023-06-18 17:03:27,468 INFO 1000 trades, 96097957-96098956, 1640, Task 1
2023-06-18 17:03:27,525 INFO 1000 trades, 95972371-95973370, 1660, Task 3
2023-06-18 17:03:27,682 INFO 1000 trades, 95910918-95911917, 1680, Task 4
2023-06-18 17:03:28,066 INFO 1000 trades, 96033824-96034823, 1700, Task 2
2023-06-18 17:03:28,656 INFO 
cool down triggered with 1740, Task 3, sleeping for 3 seconds...
2023-06-18 17:03:28,677 INFO 
cool down triggered with 1720, Task 1, sleeping for 3 seconds...
2023-06-18 17:03:28,791 INFO 
cool down triggered with 1760, Task 4, sleeping for 3 seconds...
2023-06-18 17:03:29,215 INFO 
cool down triggered with 1780, Task 2, sleeping for 3 seconds...
2023-06-18 17:03:31,656 INFO 1000 trades, 95971371-95972370, 1740, Task 3
2023-06-18 17:03:31,678 INFO 1000 trades, 96096957-96097956, 1720, Task 1
2023-06-18 17:03:31,792 INFO 1000 trades, 95909918-95910917, 1760, Task 4
2023-06-18 17:03:32,216 INFO 1000 trades, 96032824-96033823, 1780, Task 2
2023-06-18 17:03:32,788 INFO 
cool down triggered with 1800, Task 1, sleeping for 3 seconds...
2023-06-18 17:03:32,853 INFO 
cool down triggered with 1820, Task 3, sleeping for 3 seconds...
2023-06-18 17:03:32,975 INFO 
cool down triggered with 1840, Task 4, sleeping for 3 seconds...
2023-06-18 17:03:33,345 INFO 
cool down triggered with 1860, Task 2, sleeping for 3 seconds...
2023-06-18 17:03:35,790 INFO 1000 trades, 96095957-96096956, 1800, Task 1
2023-06-18 17:03:35,854 INFO 1000 trades, 95970371-95971370, 1820, Task 3
2023-06-18 17:03:35,976 INFO 1000 trades, 95908918-95909917, 1840, Task 4
2023-06-18 17:03:36,346 INFO 1000 trades, 96031824-96032823, 1860, Task 2
2023-06-18 17:03:36,950 INFO 
cool down triggered with 1880, Task 1, sleeping for 3 seconds...
2023-06-18 17:03:36,980 INFO 
cool down triggered with 1900, Task 3, sleeping for 3 seconds...
2023-06-18 17:03:37,135 INFO 
cool down triggered with 1920, Task 4, sleeping for 3 seconds...
2023-06-18 17:03:37,478 INFO 
cool down triggered with 1940, Task 2, sleeping for 3 seconds...
2023-06-18 17:03:39,951 INFO 1000 trades, 96094957-96095956, 1880, Task 1
2023-06-18 17:03:39,981 INFO 1000 trades, 95969371-95970370, 1900, Task 3
2023-06-18 17:03:40,137 INFO 1000 trades, 95907918-95908917, 1920, Task 4
2023-06-18 17:03:40,480 INFO 1000 trades, 96030824-96031823, 1940, Task 2
2023-06-18 17:03:41,127 INFO 
cool down triggered with 1960, Task 1, sleeping for 3 seconds...
2023-06-18 17:03:41,166 INFO 
cool down triggered with 1980, Task 3, sleeping for 3 seconds...
2023-06-18 17:03:41,286 INFO 
cool down triggered with 2000, Task 4, sleeping for 3 seconds...
2023-06-18 17:03:41,663 INFO 
cool down triggered with 2020, Task 2, sleeping for 3 seconds...
2023-06-18 17:03:44,128 INFO 1000 trades, 96093957-96094956, 1960, Task 1
2023-06-18 17:03:44,167 INFO 1000 trades, 95968371-95969370, 1980, Task 3
2023-06-18 17:03:44,287 INFO 1000 trades, 95906918-95907917, 2000, Task 4
2023-06-18 17:03:44,664 INFO 1000 trades, 96029824-96030823, 2020, Task 2
2023-06-18 17:03:45,311 INFO 
cool down triggered with 2040, Task 1, sleeping for 3 seconds...
2023-06-18 17:03:45,350 INFO 
cool down triggered with 2060, Task 3, sleeping for 3 seconds...
2023-06-18 17:03:45,493 INFO 
cool down triggered with 2080, Task 4, sleeping for 3 seconds...
2023-06-18 17:03:46,814 INFO 
cool down triggered with 2100, Task 2, sleeping for 3 seconds...
2023-06-18 17:03:48,313 INFO 1000 trades, 96092957-96093956, 2040, Task 1
2023-06-18 17:03:48,351 INFO 1000 trades, 95967371-95968370, 2060, Task 3
2023-06-18 17:03:48,495 INFO 1000 trades, 95905918-95906917, 2080, Task 4
2023-06-18 17:03:49,449 WARNING 
cool down triggered with 2120, Task 1, sleeping for 8 seconds...
2023-06-18 17:03:49,486 WARNING 
cool down triggered with 2140, Task 3, sleeping for 8 seconds...
2023-06-18 17:03:49,647 WARNING 
cool down triggered with 2160, Task 4, sleeping for 8 seconds...
2023-06-18 17:03:49,815 INFO 1000 trades, 96028824-96029823, 2100, Task 2
2023-06-18 17:03:50,993 WARNING 
cool down triggered with 2180, Task 2, sleeping for 8 seconds...
2023-06-18 17:03:57,450 INFO 1000 trades, 96091957-96092956, 2120, Task 1
2023-06-18 17:03:57,487 INFO 1000 trades, 95966371-95967370, 2140, Task 3
2023-06-18 17:03:57,648 INFO 1000 trades, 95904918-95905917, 2160, Task 4
2023-06-18 17:03:58,600 WARNING 
cool down triggered with 2200, Task 1, sleeping for 8 seconds...
2023-06-18 17:03:58,782 WARNING 
cool down triggered with 2220, Task 4, sleeping for 8 seconds...
2023-06-18 17:03:58,994 INFO 1000 trades, 96027824-96028823, 2180, Task 2
2023-06-18 17:03:59,666 WARNING 
cool down triggered with 2240, Task 3, sleeping for 8 seconds...
2023-06-18 17:04:00,188 INFO 1000 trades, 96026824-96027823, 20, Task 2
2023-06-18 17:04:01,321 INFO 1000 trades, 96025824-96026823, 40, Task 2
2023-06-18 17:04:02,485 INFO 1000 trades, 96024824-96025823, 60, Task 2
2023-06-18 17:04:03,642 INFO 1000 trades, 96023824-96024823, 80, Task 2
2023-06-18 17:04:04,891 INFO 1000 trades, 96022824-96023823, 100, Task 2
2023-06-18 17:04:06,314 INFO 1000 trades, 96021824-96022823, 120, Task 2
2023-06-18 17:04:06,601 INFO 1000 trades, 96090957-96091956, 2200, Task 1
2023-06-18 17:04:06,783 INFO 1000 trades, 95903918-95904917, 2220, Task 4
2023-06-18 17:04:07,667 INFO 1000 trades, 95965371-95966370, 2240, Task 3
2023-06-18 17:04:07,732 INFO 1000 trades, 96020824-96021823, 140, Task 2
2023-06-18 17:04:08,046 INFO 1000 trades, 96089957-96090956, 160, Task 1
2023-06-18 17:04:08,185 INFO 1000 trades, 95902918-95903917, 180, Task 4
2023-06-18 17:04:09,088 INFO 1000 trades, 95964371-95965370, 200, Task 3
2023-06-18 17:04:09,235 INFO 1000 trades, 96019824-96020823, 220, Task 2
2023-06-18 17:04:09,523 INFO 1000 trades, 96088957-96089956, 240, Task 1
2023-06-18 17:04:09,708 INFO 1000 trades, 95901918-95902917, 260, Task 4
2023-06-18 17:04:10,468 INFO 1000 trades, 96018824-96019823, 300, Task 2
2023-06-18 17:04:10,517 INFO 1000 trades, 95963371-95964370, 280, Task 3
2023-06-18 17:04:10,981 INFO 1000 trades, 96087957-96088956, 320, Task 1
2023-06-18 17:04:11,195 INFO 1000 trades, 95900918-95901917, 340, Task 4
2023-06-18 17:04:11,868 INFO 1000 trades, 96017824-96018823, 360, Task 2
2023-06-18 17:04:11,932 INFO 1000 trades, 95962371-95963370, 380, Task 3
2023-06-18 17:04:12,363 INFO 1000 trades, 96086957-96087956, 400, Task 1
2023-06-18 17:04:12,583 INFO 1000 trades, 95899918-95900917, 420, Task 4
2023-06-18 17:04:13,010 INFO 1000 trades, 96016824-96017823, 440, Task 2
2023-06-18 17:04:13,410 INFO 1000 trades, 95961371-95962370, 460, Task 3
2023-06-18 17:04:13,743 INFO 1000 trades, 96085957-96086956, 480, Task 1
2023-06-18 17:04:14,007 INFO 1000 trades, 95898918-95899917, 500, Task 4
2023-06-18 17:04:14,432 INFO 1000 trades, 96015824-96016823, 520, Task 2
2023-06-18 17:04:14,942 INFO 1000 trades, 95960371-95961370, 540, Task 3
2023-06-18 17:04:15,209 INFO 1000 trades, 96084957-96085956, 560, Task 1
2023-06-18 17:04:15,413 INFO 1000 trades, 95897918-95898917, 580, Task 4
2023-06-18 17:04:15,854 INFO 1000 trades, 96014824-96015823, 600, Task 2
2023-06-18 17:04:16,415 INFO 1000 trades, 95959371-95960370, 620, Task 3
2023-06-18 17:04:16,703 INFO 1000 trades, 96083957-96084956, 640, Task 1
2023-06-18 17:04:16,875 INFO 1000 trades, 95896918-95897917, 660, Task 4
2023-06-18 17:04:17,040 INFO 1000 trades, 96013824-96014823, 680, Task 2
2023-06-18 17:04:17,824 INFO 1000 trades, 95958371-95959370, 700, Task 3
2023-06-18 17:04:18,116 INFO 1000 trades, 96082957-96083956, 720, Task 1
2023-06-18 17:04:18,185 INFO 1000 trades, 96012824-96013823, 760, Task 2
2023-06-18 17:04:18,333 INFO 1000 trades, 95895918-95896917, 740, Task 4
2023-06-18 17:04:19,210 INFO 1000 trades, 95957371-95958370, 780, Task 3
2023-06-18 17:04:19,574 INFO 1000 trades, 96011824-96012823, 800, Task 2
2023-06-18 17:04:19,597 INFO 1000 trades, 96081957-96082956, 820, Task 1
2023-06-18 17:04:19,793 INFO 1000 trades, 95894918-95895917, 840, Task 4
2023-06-18 17:04:20,631 INFO 1000 trades, 95956371-95957370, 860, Task 3
2023-06-18 17:04:20,980 INFO 1000 trades, 95893918-95894917, 920, Task 4
2023-06-18 17:04:21,028 INFO 1000 trades, 96080957-96081956, 880, Task 1
2023-06-18 17:04:21,056 INFO 1000 trades, 96010824-96011823, 900, Task 2
2023-06-18 17:04:22,083 INFO 1000 trades, 95955371-95956370, 940, Task 3
2023-06-18 17:04:22,135 INFO 1000 trades, 95892918-95893917, 960, Task 4
2023-06-18 17:04:22,250 INFO 453 trades, 96009824-96010276, 1000, Task 2
2023-06-18 17:04:22,455 INFO 1000 trades, 96079957-96080956, 980, Task 1
2023-06-18 17:04:23,331 INFO 1000 trades, 95891918-95892917, 1040, Task 4
2023-06-18 17:04:23,532 INFO 1000 trades, 95954371-95955370, 1020, Task 3
2023-06-18 17:04:23,955 INFO 1000 trades, 96078957-96079956, 1060, Task 1
2023-06-18 17:04:24,811 INFO 1000 trades, 95890918-95891917, 1080, Task 4
2023-06-18 17:04:24,949 INFO 1000 trades, 95953371-95954370, 1100, Task 3
2023-06-18 17:04:25,395 INFO 1000 trades, 96077957-96078956, 1120, Task 1
2023-06-18 17:04:26,266 INFO 1000 trades, 95889918-95890917, 1140, Task 4
2023-06-18 17:04:26,363 INFO 1000 trades, 95952371-95953370, 1160, Task 3
2023-06-18 17:04:26,868 INFO 1000 trades, 96076957-96077956, 1180, Task 1
2023-06-18 17:04:27,672 INFO 1000 trades, 95888918-95889917, 1200, Task 4
2023-06-18 17:04:27,863 INFO 1000 trades, 95951371-95952370, 1220, Task 3
2023-06-18 17:04:28,328 INFO 1000 trades, 96075957-96076956, 1240, Task 1
2023-06-18 17:04:29,167 INFO 1000 trades, 95887918-95888917, 1260, Task 4
2023-06-18 17:04:29,336 INFO 1000 trades, 95950371-95951370, 1280, Task 3
2023-06-18 17:04:29,736 INFO 1000 trades, 96074957-96075956, 1300, Task 1
2023-06-18 17:04:30,277 INFO 453 trades, 95886918-95887370, 1320, Task 4
2023-06-18 17:04:30,754 INFO 1000 trades, 95949371-95950370, 1340, Task 3
2023-06-18 17:04:31,228 INFO 1000 trades, 96073957-96074956, 1360, Task 1
2023-06-18 17:04:31,914 INFO 453 trades, 95948371-95948823, 1380, Task 3
2023-06-18 17:04:32,630 INFO 1000 trades, 96072957-96073956, 1400, Task 1
2023-06-18 17:04:34,101 INFO 1000 trades, 96071957-96072956, 1420, Task 1
2023-06-18 17:04:35,252 INFO 133 trades, 96070957-96071089, 1440, Task 1
2023-06-18 17:17:31,299 INFO 1 trades, 96135627-96135627, 245, Task-715
2023-06-18 17:17:32,827 INFO 799 trades, 96134828-96135626, 265, Task 2
2023-06-18 17:17:32,875 INFO 6 trades, 96135627-96135632, 305, Task 1
2023-06-18 17:17:32,882 INFO 799 trades, 96133230-96134028, 285, Task 4
2023-06-18 17:17:32,894 INFO 799 trades, 96134029-96134827, 325, Task 3
2023-06-18 17:17:34,075 INFO 34 trades, 96135621-96135654, 345, Task 1
2023-06-18 17:17:35,242 INFO 71 trades, 96135587-96135657, 365, Task 1
2023-06-18 17:17:36,361 INFO 153 trades, 96135516-96135668, 385, Task 1
2023-06-18 17:17:37,523 INFO 311 trades, 96135363-96135673, 405, Task 1
2023-06-18 17:17:38,671 INFO 224 trades, 96135052-96135275, 425, Task 1
2023-06-18 19:04:11,991 INFO 1 trades, 96158474-96158474, 105, Task-839
2023-06-18 19:04:13,511 INFO 900 trades, 96152774-96153673, 125, Task 2
2023-06-18 19:04:13,521 INFO 900 trades, 96147074-96147973, 145, Task 3
2023-06-18 19:04:13,579 INFO 9 trades, 96158474-96158482, 165, Task 1
2023-06-18 19:04:13,605 INFO 900 trades, 96141374-96142273, 185, Task 4
2023-06-18 19:04:14,657 INFO 900 trades, 96146174-96147073, 205, Task 3
2023-06-18 19:04:14,704 INFO 900 trades, 96151874-96152773, 225, Task 2
2023-06-18 19:04:14,706 INFO 19 trades, 96158465-96158483, 245, Task 1
2023-06-18 19:04:14,767 INFO 900 trades, 96140474-96141373, 265, Task 4
2023-06-18 19:04:15,860 INFO 900 trades, 96145274-96146173, 285, Task 3
2023-06-18 19:04:15,894 INFO 900 trades, 96150974-96151873, 305, Task 2
2023-06-18 19:04:15,907 INFO 42 trades, 96158446-96158487, 325, Task 1
2023-06-18 19:04:16,023 INFO 900 trades, 96139574-96140473, 345, Task 4
2023-06-18 19:04:17,009 INFO 900 trades, 96144374-96145273, 365, Task 3
2023-06-18 19:04:17,078 INFO 88 trades, 96158404-96158491, 385, Task 1
2023-06-18 19:04:17,091 INFO 900 trades, 96150074-96150973, 405, Task 2
2023-06-18 19:04:17,153 INFO 900 trades, 96138674-96139573, 425, Task 4
2023-06-18 19:04:18,206 INFO 900 trades, 96143474-96144373, 445, Task 3
2023-06-18 19:04:18,264 INFO 177 trades, 96158316-96158492, 465, Task 1
2023-06-18 19:04:18,278 INFO 900 trades, 96149174-96150073, 485, Task 2
2023-06-18 19:04:18,348 INFO 900 trades, 96137774-96138673, 505, Task 4
2023-06-18 19:04:19,342 INFO 900 trades, 96142574-96143473, 525, Task 3
2023-06-18 19:04:19,385 INFO 900 trades, 96148274-96149173, 545, Task 2
2023-06-18 19:04:19,402 INFO 355 trades, 96158139-96158493, 565, Task 1
2023-06-18 19:04:19,457 INFO 900 trades, 96136874-96137773, 585, Task 4
2023-06-18 19:04:20,572 INFO 300 trades, 96141674-96141973, 605, Task 3
2023-06-18 19:04:20,603 INFO 712 trades, 96157784-96158495, 625, Task 1
2023-06-18 19:04:20,615 INFO 300 trades, 96147374-96147673, 645, Task 2
2023-06-18 19:04:20,677 INFO 300 trades, 96135974-96136273, 665, Task 4
2023-06-18 19:04:21,722 INFO 900 trades, 96157072-96157971, 685, Task 1
2023-06-18 19:04:22,965 INFO 900 trades, 96156172-96157071, 705, Task 1
2023-06-18 19:04:24,139 INFO 900 trades, 96155272-96156171, 725, Task 1
2023-06-18 19:04:25,329 INFO 1000 trades, 96154372-96155371, 745, Task 1
2023-06-18 19:04:26,519 INFO 598 trades, 96153372-96153969, 765, Task 1
2023-06-18 19:24:00,967 INFO 1 trades, 96162511-96162511, 20, Task-734
2023-06-18 19:24:02,480 INFO 11 trades, 96162511-96162521, 40, Task 1
2023-06-18 19:24:02,534 INFO 900 trades, 96161507-96162406, 60, Task 2
2023-06-18 19:24:02,572 INFO 900 trades, 96160503-96161402, 80, Task 3
2023-06-18 19:24:02,622 INFO 900 trades, 96159499-96160398, 100, Task 4
2023-06-18 19:24:03,651 INFO 24 trades, 96162500-96162523, 120, Task 1
2023-06-18 19:24:03,702 INFO 104 trades, 96159603-96159706, 140, Task 3
2023-06-18 19:24:03,723 INFO 104 trades, 96160607-96160710, 160, Task 2
2023-06-18 19:24:03,794 INFO 104 trades, 96158599-96158702, 180, Task 4
2023-06-18 19:24:04,835 INFO 51 trades, 96162476-96162526, 200, Task 1
2023-06-18 19:24:05,974 INFO 108 trades, 96162425-96162532, 220, Task 1
2023-06-18 19:24:07,157 INFO 223 trades, 96162317-96162539, 240, Task 1
2023-06-18 19:24:08,307 INFO 461 trades, 96162094-96162554, 260, Task 1
2023-06-18 19:24:09,443 INFO 126 trades, 96161633-96161758, 280, Task 1
2023-06-19 00:13:11,825 INFO 1 trades, 96249309-96249309, 65, Task-1794
2023-06-19 00:13:12,953 INFO 1 trades, 48124654-48124654, 85, Task-1794
2023-06-19 00:13:14,146 INFO 1 trades, 72186982-72186982, 105, Task-1794
2023-06-19 00:13:15,269 INFO 1 trades, 84218146-84218146, 125, Task-1794
2023-06-19 00:13:16,429 INFO 1 trades, 90233728-90233728, 145, Task-1794
2023-06-19 00:13:17,614 INFO 1 trades, 93241519-93241519, 165, Task-1794
2023-06-19 00:13:18,810 INFO 1 trades, 94745414-94745414, 185, Task-1794
2023-06-19 00:13:19,997 INFO 1 trades, 95497362-95497362, 205, Task-1794
2023-06-19 00:13:21,134 INFO 1 trades, 95873336-95873336, 225, Task-1794
2023-06-19 00:13:22,278 INFO 1 trades, 96061323-96061323, 245, Task-1794
2023-06-19 00:13:23,442 INFO 1 trades, 95967329-95967329, 265, Task-1794
2023-06-19 00:13:24,622 INFO 1 trades, 95920332-95920332, 285, Task-1794
2023-06-19 00:13:25,755 INFO 1 trades, 95896834-95896834, 305, Task-1794
2023-06-19 00:13:26,922 INFO 1 trades, 95885085-95885085, 325, Task-1794
2023-06-19 00:13:28,098 INFO 1 trades, 95890959-95890959, 345, Task-1794
2023-06-19 00:13:29,297 INFO 1 trades, 95888022-95888022, 365, Task-1794
2023-06-19 00:13:30,424 INFO 1 trades, 95886553-95886553, 385, Task-1794
2023-06-19 00:13:31,549 INFO 1 trades, 95885819-95885819, 405, Task-1794
2023-06-19 00:13:32,751 INFO 1 trades, 95886186-95886186, 425, Task-1794
2023-06-19 00:13:33,903 INFO 1 trades, 95886369-95886369, 445, Task-1794
2023-06-19 00:13:35,085 INFO 1 trades, 95886461-95886461, 465, Task-1794
2023-06-19 00:13:36,255 INFO 1 trades, 95886507-95886507, 485, Task-1794
2023-06-19 00:13:37,458 INFO 1 trades, 95886484-95886484, 505, Task-1794
2023-06-19 00:13:38,589 INFO 1 trades, 95886472-95886472, 525, Task-1794
2023-06-19 00:13:39,761 INFO 1 trades, 95886466-95886466, 545, Task-1794
2023-06-19 00:13:40,879 INFO 1 trades, 95886463-95886463, 565, Task-1794
2023-06-19 00:13:42,044 INFO 1 trades, 95886464-95886464, 585, Task-1794
2023-06-19 00:13:43,218 INFO 1 trades, 95886465-95886465, 605, Task-1794
2023-06-19 00:13:45,183 INFO 900 trades, 96158598-96159497, 625, Task 2
2023-06-19 00:13:45,192 INFO 900 trades, 95977176-95978075, 645, Task 4
2023-06-19 00:13:45,210 INFO 180 trades, 96249309-96249488, 665, Task 1
2023-06-19 00:13:45,245 INFO 900 trades, 96067887-96068786, 685, Task 3
2023-06-19 00:13:46,340 INFO 900 trades, 95976276-95977175, 705, Task 4
2023-06-19 00:13:46,376 INFO 900 trades, 96157698-96158597, 725, Task 2
2023-06-19 00:13:46,425 INFO 368 trades, 96249129-96249496, 745, Task 1
2023-06-19 00:13:46,446 INFO 900 trades, 96066987-96067886, 765, Task 3
2023-06-19 00:13:47,488 INFO 900 trades, 95975376-95976275, 785, Task 4
2023-06-19 00:13:47,572 INFO 900 trades, 96156798-96157697, 805, Task 2
2023-06-19 00:13:47,629 INFO 740 trades, 96248761-96249500, 825, Task 1
2023-06-19 00:13:47,646 INFO 900 trades, 96066087-96066986, 845, Task 3
2023-06-19 00:13:48,669 INFO 900 trades, 95974476-95975375, 865, Task 4
2023-06-19 00:13:48,683 INFO 900 trades, 96155898-96156797, 885, Task 2
2023-06-19 00:13:48,774 INFO 900 trades, 96248021-96248920, 905, Task 1
2023-06-19 00:13:48,777 INFO 900 trades, 96065187-96066086, 925, Task 3
2023-06-19 00:13:49,807 INFO 900 trades, 95973576-95974475, 945, Task 4
2023-06-19 00:13:49,875 INFO 900 trades, 96154998-96155897, 965, Task 2
2023-06-19 00:13:49,927 INFO 900 trades, 96247121-96248020, 985, Task 1
2023-06-19 00:13:49,957 INFO 900 trades, 96064287-96065186, 1005, Task 3
2023-06-19 00:13:50,937 INFO 900 trades, 95972676-95973575, 1025, Task 4
2023-06-19 00:13:51,000 INFO 900 trades, 96154098-96154997, 1045, Task 2
2023-06-19 00:13:51,065 INFO 900 trades, 96246221-96247120, 1065, Task 1
2023-06-19 00:13:51,156 INFO 900 trades, 96063387-96064286, 1085, Task 3
2023-06-19 00:13:52,087 INFO 900 trades, 95971776-95972675, 1105, Task 4
2023-06-19 00:13:52,178 INFO 900 trades, 96153198-96154097, 1125, Task 2
2023-06-19 00:13:52,259 INFO 900 trades, 96245321-96246220, 1145, Task 1
2023-06-19 00:13:52,364 INFO 900 trades, 96062487-96063386, 1165, Task 3
2023-06-19 00:13:53,198 INFO 900 trades, 95970876-95971775, 1185, Task 4
2023-06-19 00:13:53,394 INFO 900 trades, 96152298-96153197, 1205, Task 2
2023-06-19 00:13:53,494 INFO 900 trades, 96244421-96245320, 1225, Task 1
2023-06-19 00:13:53,552 INFO 900 trades, 96061587-96062486, 1245, Task 3
2023-06-19 00:13:54,331 INFO 900 trades, 95969976-95970875, 1265, Task 4
2023-06-19 00:13:54,590 INFO 900 trades, 96151398-96152297, 1285, Task 2
2023-06-19 00:13:54,618 INFO 900 trades, 96243521-96244420, 1305, Task 1
2023-06-19 00:13:54,679 INFO 900 trades, 96060687-96061586, 1325, Task 3
2023-06-19 00:13:55,443 INFO 900 trades, 95969076-95969975, 1345, Task 4
2023-06-19 00:13:55,718 INFO 900 trades, 96150498-96151397, 1365, Task 2
2023-06-19 00:13:55,779 INFO 900 trades, 96242621-96243520, 1385, Task 1
2023-06-19 00:13:55,881 INFO 900 trades, 96059787-96060686, 1405, Task 3
2023-06-19 00:13:56,572 INFO 1000 trades, 95968176-95969175, 1425, Task 4
2023-06-19 00:13:56,840 INFO 1000 trades, 96149598-96150597, 1445, Task 2
2023-06-19 00:13:56,914 INFO 1000 trades, 96241721-96242720, 1465, Task 1
2023-06-19 00:13:57,069 INFO 1000 trades, 96058887-96059886, 1485, Task 3
2023-06-19 00:13:57,763 INFO 1000 trades, 95967176-95968175, 1505, Task 4
2023-06-19 00:13:57,952 INFO 1000 trades, 96148598-96149597, 1525, Task 2
2023-06-19 00:13:58,053 INFO 1000 trades, 96240721-96241720, 1545, Task 1
2023-06-19 00:13:58,273 INFO 1000 trades, 96057887-96058886, 1565, Task 3
2023-06-19 00:13:58,962 INFO 1000 trades, 95966176-95967175, 1585, Task 4
2023-06-19 00:13:59,073 INFO 1000 trades, 96147598-96148597, 1605, Task 2
2023-06-19 00:13:59,246 INFO 1000 trades, 96239721-96240720, 1625, Task 1
2023-06-19 00:13:59,393 INFO 1000 trades, 96056887-96057886, 1645, Task 3
2023-06-19 00:14:00,071 INFO 1000 trades, 95965176-95966175, 20, Task 4
2023-06-19 00:14:00,215 INFO 1000 trades, 96146598-96147597, 40, Task 2
2023-06-19 00:14:00,375 INFO 1000 trades, 96238721-96239720, 60, Task 1
2023-06-19 00:14:00,574 INFO 1000 trades, 96055887-96056886, 80, Task 3
2023-06-19 00:14:01,255 INFO 1000 trades, 95964176-95965175, 100, Task 4
2023-06-19 00:14:01,366 INFO 1000 trades, 96145598-96146597, 120, Task 2
2023-06-19 00:14:01,534 INFO 1000 trades, 96237721-96238720, 140, Task 1
2023-06-19 00:14:01,715 INFO 1000 trades, 96054887-96055886, 160, Task 3
2023-06-19 00:14:02,371 INFO 1000 trades, 95963176-95964175, 180, Task 4
2023-06-19 00:14:02,498 INFO 1000 trades, 96144598-96145597, 200, Task 2
2023-06-19 00:14:02,710 INFO 1000 trades, 96236721-96237720, 220, Task 1
2023-06-19 00:14:02,885 INFO 1000 trades, 96053887-96054886, 240, Task 3
2023-06-19 00:14:03,503 INFO 1000 trades, 95962176-95963175, 260, Task 4
2023-06-19 00:14:03,684 INFO 1000 trades, 96143598-96144597, 280, Task 2
2023-06-19 00:14:03,837 INFO 1000 trades, 96235721-96236720, 300, Task 1
2023-06-19 00:14:04,082 INFO 1000 trades, 96052887-96053886, 320, Task 3
2023-06-19 00:14:04,711 INFO 1000 trades, 95961176-95962175, 340, Task 4
2023-06-19 00:14:04,853 INFO 1000 trades, 96142598-96143597, 360, Task 2
2023-06-19 00:14:04,977 INFO 1000 trades, 96234721-96235720, 380, Task 1
2023-06-19 00:14:05,222 INFO 1000 trades, 96051887-96052886, 400, Task 3
2023-06-19 00:14:05,885 INFO 1000 trades, 95960176-95961175, 420, Task 4
2023-06-19 00:14:06,059 INFO 1000 trades, 96141598-96142597, 440, Task 2
2023-06-19 00:14:06,176 INFO 1000 trades, 96233721-96234720, 460, Task 1
2023-06-19 00:14:06,402 INFO 1000 trades, 96050887-96051886, 480, Task 3
2023-06-19 00:14:07,016 INFO 1000 trades, 95959176-95960175, 500, Task 4
2023-06-19 00:14:07,243 INFO 1000 trades, 96140598-96141597, 520, Task 2
2023-06-19 00:14:07,296 INFO 1000 trades, 96232721-96233720, 540, Task 1
2023-06-19 00:14:07,547 INFO 1000 trades, 96049887-96050886, 560, Task 3
2023-06-19 00:14:08,143 INFO 1000 trades, 95958176-95959175, 580, Task 4
2023-06-19 00:14:08,469 INFO 1000 trades, 96139598-96140597, 600, Task 2
2023-06-19 00:14:08,493 INFO 1000 trades, 96231721-96232720, 620, Task 1
2023-06-19 00:14:08,673 INFO 1000 trades, 96048887-96049886, 640, Task 3
2023-06-19 00:14:09,257 INFO 1000 trades, 95957176-95958175, 660, Task 4
2023-06-19 00:14:09,615 INFO 1000 trades, 96138598-96139597, 680, Task 2
2023-06-19 00:14:09,696 INFO 1000 trades, 96230721-96231720, 700, Task 1
2023-06-19 00:14:09,802 INFO 1000 trades, 96047887-96048886, 720, Task 3
2023-06-19 00:14:10,462 INFO 1000 trades, 95956176-95957175, 740, Task 4
2023-06-19 00:14:10,749 INFO 1000 trades, 96137598-96138597, 760, Task 2
2023-06-19 00:14:10,847 INFO 1000 trades, 96229721-96230720, 780, Task 1
2023-06-19 00:14:10,927 INFO 1000 trades, 96046887-96047886, 800, Task 3
2023-06-19 00:14:11,601 INFO 1000 trades, 95955176-95956175, 820, Task 4
2023-06-19 00:14:11,940 INFO 1000 trades, 96136598-96137597, 840, Task 2
2023-06-19 00:14:11,997 INFO 1000 trades, 96228721-96229720, 860, Task 1
2023-06-19 00:14:12,066 INFO 1000 trades, 96045887-96046886, 880, Task 3
2023-06-19 00:14:12,791 INFO 1000 trades, 95954176-95955175, 900, Task 4
2023-06-19 00:14:13,073 INFO 1000 trades, 96135598-96136597, 920, Task 2
2023-06-19 00:14:13,137 INFO 1000 trades, 96227721-96228720, 940, Task 1
2023-06-19 00:14:13,200 INFO 1000 trades, 96044887-96045886, 960, Task 3
2023-06-19 00:14:13,954 INFO 1000 trades, 95953176-95954175, 980, Task 4
2023-06-19 00:14:14,242 INFO 1000 trades, 96134598-96135597, 1000, Task 2
2023-06-19 00:14:14,316 INFO 1000 trades, 96226721-96227720, 1020, Task 1
2023-06-19 00:14:14,370 INFO 1000 trades, 96043887-96044886, 1040, Task 3
2023-06-19 00:14:15,162 INFO 1000 trades, 95952176-95953175, 1060, Task 4
2023-06-19 00:14:15,434 INFO 1000 trades, 96133598-96134597, 1080, Task 2
2023-06-19 00:14:15,516 INFO 1000 trades, 96042887-96043886, 1120, Task 3
2023-06-19 00:14:15,518 INFO 1000 trades, 96225721-96226720, 1100, Task 1
2023-06-19 00:14:16,302 INFO 1000 trades, 95951176-95952175, 1140, Task 4
2023-06-19 00:14:16,647 INFO 1000 trades, 96132598-96133597, 1160, Task 2
2023-06-19 00:14:16,654 INFO 1000 trades, 96224721-96225720, 1180, Task 1
2023-06-19 00:14:16,666 INFO 1000 trades, 96041887-96042886, 1200, Task 3
2023-06-19 00:14:17,416 INFO 1000 trades, 95950176-95951175, 1220, Task 4
2023-06-19 00:14:17,835 INFO 1000 trades, 96040887-96041886, 1240, Task 3
2023-06-19 00:14:17,844 INFO 1000 trades, 96131598-96132597, 1260, Task 2
2023-06-19 00:14:17,874 INFO 1000 trades, 96223721-96224720, 1280, Task 1
2023-06-19 00:14:18,558 INFO 1000 trades, 95949176-95950175, 1300, Task 4
2023-06-19 00:14:19,003 INFO 1000 trades, 96039887-96040886, 1320, Task 3
2023-06-19 00:14:19,019 INFO 1000 trades, 96222721-96223720, 1340, Task 1
2023-06-19 00:14:19,047 INFO 1000 trades, 96130598-96131597, 1360, Task 2
2023-06-19 00:14:19,700 INFO 1000 trades, 95948176-95949175, 1380, Task 4
2023-06-19 00:14:20,154 INFO 1000 trades, 96038887-96039886, 1400, Task 3
2023-06-19 00:14:20,198 INFO 1000 trades, 96221721-96222720, 1420, Task 1
2023-06-19 00:14:20,254 INFO 1000 trades, 96129598-96130597, 1440, Task 2
2023-06-19 00:14:20,890 INFO 1000 trades, 95947176-95948175, 1460, Task 4
2023-06-19 00:14:21,350 INFO 1000 trades, 96037887-96038886, 1480, Task 3
2023-06-19 00:14:21,404 INFO 1000 trades, 96220721-96221720, 1500, Task 1
2023-06-19 00:14:21,455 INFO 1000 trades, 96128598-96129597, 1520, Task 2
2023-06-19 00:14:22,082 INFO 1000 trades, 95946176-95947175, 1540, Task 4
2023-06-19 00:14:22,541 INFO 1000 trades, 96036887-96037886, 1560, Task 3
2023-06-19 00:14:22,549 INFO 1000 trades, 96219721-96220720, 1580, Task 1
2023-06-19 00:14:22,569 INFO 1000 trades, 96127598-96128597, 1600, Task 2
2023-06-19 00:14:23,209 INFO 1000 trades, 95945176-95946175, 1620, Task 4
2023-06-19 00:14:23,678 INFO 1000 trades, 96035887-96036886, 1640, Task 3
2023-06-19 00:14:23,750 INFO 1000 trades, 96218721-96219720, 1660, Task 1
2023-06-19 00:14:23,774 INFO 1000 trades, 96126598-96127597, 1680, Task 2
2023-06-19 00:14:24,347 INFO 1000 trades, 95944176-95945175, 1700, Task 4
2023-06-19 00:14:24,879 INFO 
cool down triggered with 1720, Task 3, sleeping for 3 seconds...
2023-06-19 00:14:24,890 INFO 
cool down triggered with 1740, Task 2, sleeping for 3 seconds...
2023-06-19 00:14:24,953 INFO 
cool down triggered with 1760, Task 1, sleeping for 3 seconds...
2023-06-19 00:14:25,536 INFO 
cool down triggered with 1780, Task 4, sleeping for 3 seconds...
2023-06-19 00:14:27,880 INFO 1000 trades, 96034887-96035886, 1720, Task 3
2023-06-19 00:14:27,891 INFO 1000 trades, 96125598-96126597, 1740, Task 2
2023-06-19 00:14:27,955 INFO 1000 trades, 96217721-96218720, 1760, Task 1
2023-06-19 00:14:28,537 INFO 1000 trades, 95943176-95944175, 1780, Task 4
2023-06-19 00:14:29,059 INFO 
cool down triggered with 1800, Task 2, sleeping for 3 seconds...
2023-06-19 00:14:29,082 INFO 
cool down triggered with 1820, Task 3, sleeping for 3 seconds...
2023-06-19 00:14:29,176 INFO 
cool down triggered with 1840, Task 1, sleeping for 3 seconds...
2023-06-19 00:14:29,692 INFO 
cool down triggered with 1860, Task 4, sleeping for 3 seconds...
2023-06-19 00:14:32,061 INFO 1000 trades, 96124598-96125597, 1800, Task 2
2023-06-19 00:14:32,084 INFO 1000 trades, 96033887-96034886, 1820, Task 3
2023-06-19 00:14:32,177 INFO 1000 trades, 96216721-96217720, 1840, Task 1
2023-06-19 00:14:32,693 INFO 1000 trades, 95942176-95943175, 1860, Task 4
2023-06-19 00:14:33,205 INFO 
cool down triggered with 1880, Task 2, sleeping for 3 seconds...
2023-06-19 00:14:33,265 INFO 
cool down triggered with 1900, Task 3, sleeping for 3 seconds...
2023-06-19 00:14:33,311 INFO 
cool down triggered with 1920, Task 1, sleeping for 3 seconds...
2023-06-19 00:14:34,846 INFO 
cool down triggered with 1940, Task 4, sleeping for 3 seconds...
2023-06-19 00:14:36,207 INFO 1000 trades, 96123598-96124597, 1880, Task 2
2023-06-19 00:14:36,266 INFO 1000 trades, 96032887-96033886, 1900, Task 3
2023-06-19 00:14:36,312 INFO 1000 trades, 96215721-96216720, 1920, Task 1
2023-06-19 00:14:37,347 INFO 
cool down triggered with 1960, Task 2, sleeping for 3 seconds...
2023-06-19 00:14:37,405 INFO 
cool down triggered with 1980, Task 3, sleeping for 3 seconds...
2023-06-19 00:14:37,446 INFO 
cool down triggered with 2000, Task 1, sleeping for 3 seconds...
2023-06-19 00:14:37,847 INFO 1000 trades, 95941176-95942175, 1940, Task 4
2023-06-19 00:14:39,062 INFO 
cool down triggered with 2020, Task 4, sleeping for 3 seconds...
2023-06-19 00:14:40,348 INFO 1000 trades, 96122598-96123597, 1960, Task 2
2023-06-19 00:14:40,406 INFO 1000 trades, 96031887-96032886, 1980, Task 3
2023-06-19 00:14:40,448 INFO 1000 trades, 96214721-96215720, 2000, Task 1
2023-06-19 00:14:41,514 INFO 
cool down triggered with 2040, Task 2, sleeping for 3 seconds...
2023-06-19 00:14:41,568 INFO 
cool down triggered with 2060, Task 3, sleeping for 3 seconds...
2023-06-19 00:14:41,598 INFO 
cool down triggered with 2080, Task 1, sleeping for 3 seconds...
2023-06-19 00:14:42,063 INFO 1000 trades, 95940176-95941175, 2020, Task 4
2023-06-19 00:14:43,242 INFO 
cool down triggered with 2100, Task 4, sleeping for 3 seconds...
2023-06-19 00:14:44,516 INFO 1000 trades, 96121598-96122597, 2040, Task 2
2023-06-19 00:14:44,569 INFO 1000 trades, 96030887-96031886, 2060, Task 3
2023-06-19 00:14:44,598 INFO 1000 trades, 96213721-96214720, 2080, Task 1
2023-06-19 00:14:45,653 WARNING 
cool down triggered with 2120, Task 2, sleeping for 8 seconds...
2023-06-19 00:14:45,757 WARNING 
cool down triggered with 2140, Task 1, sleeping for 8 seconds...
2023-06-19 00:14:45,761 WARNING 
cool down triggered with 2160, Task 3, sleeping for 8 seconds...
2023-06-19 00:14:46,244 INFO 1000 trades, 95939176-95940175, 2100, Task 4
2023-06-19 00:14:47,440 WARNING 
cool down triggered with 2180, Task 4, sleeping for 8 seconds...
2023-06-19 00:14:53,654 INFO 1000 trades, 96120598-96121597, 2120, Task 2
2023-06-19 00:14:53,759 INFO 1000 trades, 96212721-96213720, 2140, Task 1
2023-06-19 00:14:53,761 INFO 1000 trades, 96029887-96030886, 2160, Task 3
2023-06-19 00:14:54,911 WARNING 
cool down triggered with 2200, Task 2, sleeping for 8 seconds...
2023-06-19 00:14:54,996 WARNING 
cool down triggered with 2220, Task 3, sleeping for 8 seconds...
2023-06-19 00:14:55,015 WARNING 
cool down triggered with 2240, Task 1, sleeping for 8 seconds...
2023-06-19 00:14:55,442 INFO 1000 trades, 95938176-95939175, 2180, Task 4
2023-06-19 00:14:56,635 WARNING 
cool down triggered with 2260, Task 4, sleeping for 8 seconds...
2023-06-19 00:15:02,913 INFO 1000 trades, 96119598-96120597, 2200, Task 2
2023-06-19 00:15:02,997 INFO 1000 trades, 96028887-96029886, 2220, Task 3
2023-06-19 00:15:03,016 INFO 1000 trades, 96211721-96212720, 2240, Task 1
2023-06-19 00:15:04,087 INFO 1000 trades, 96118598-96119597, 20, Task 2
2023-06-19 00:15:04,148 INFO 1000 trades, 96210721-96211720, 40, Task 1
2023-06-19 00:15:04,180 INFO 1000 trades, 96027887-96028886, 60, Task 3
2023-06-19 00:15:04,636 INFO 1000 trades, 95937176-95938175, 2260, Task 4
2023-06-19 00:15:05,214 INFO 1000 trades, 96117598-96118597, 80, Task 2
2023-06-19 00:15:05,393 INFO 1000 trades, 96209721-96210720, 100, Task 1
2023-06-19 00:15:05,397 INFO 1000 trades, 96026887-96027886, 120, Task 3
2023-06-19 00:15:05,910 INFO 1000 trades, 95936176-95937175, 140, Task 4
2023-06-19 00:15:06,432 INFO 1000 trades, 96116598-96117597, 160, Task 2
2023-06-19 00:15:06,578 INFO 1000 trades, 96208721-96209720, 180, Task 1
2023-06-19 00:15:06,619 INFO 1000 trades, 96025887-96026886, 200, Task 3
2023-06-19 00:15:07,112 INFO 1000 trades, 95935176-95936175, 220, Task 4
2023-06-19 00:15:07,558 INFO 1000 trades, 96115598-96116597, 240, Task 2
2023-06-19 00:15:07,757 INFO 1000 trades, 96207721-96208720, 260, Task 1
2023-06-19 00:15:07,801 INFO 1000 trades, 96024887-96025886, 280, Task 3
2023-06-19 00:15:08,280 INFO 1000 trades, 95934176-95935175, 300, Task 4
2023-06-19 00:15:08,744 INFO 1000 trades, 96114598-96115597, 320, Task 2
2023-06-19 00:15:08,924 INFO 1000 trades, 96206721-96207720, 340, Task 1
2023-06-19 00:15:09,003 INFO 1000 trades, 96023887-96024886, 360, Task 3
2023-06-19 00:15:09,476 INFO 1000 trades, 95933176-95934175, 380, Task 4
2023-06-19 00:15:09,931 INFO 1000 trades, 96113598-96114597, 400, Task 2
2023-06-19 00:15:10,036 INFO 1000 trades, 96205721-96206720, 420, Task 1
2023-06-19 00:15:10,203 INFO 1000 trades, 96022887-96023886, 440, Task 3
2023-06-19 00:15:10,685 INFO 1000 trades, 95932176-95933175, 460, Task 4
2023-06-19 00:15:11,106 INFO 1000 trades, 96112598-96113597, 480, Task 2
2023-06-19 00:15:11,179 INFO 1000 trades, 96204721-96205720, 500, Task 1
2023-06-19 00:15:11,379 INFO 1000 trades, 96021887-96022886, 520, Task 3
2023-06-19 00:15:11,827 INFO 1000 trades, 95931176-95932175, 540, Task 4
2023-06-19 00:15:12,317 INFO 1000 trades, 96111598-96112597, 560, Task 2
2023-06-19 00:15:12,347 INFO 1000 trades, 96203721-96204720, 580, Task 1
2023-06-19 00:15:12,528 INFO 1000 trades, 96020887-96021886, 600, Task 3
2023-06-19 00:15:12,942 INFO 1000 trades, 95930176-95931175, 620, Task 4
2023-06-19 00:15:13,461 INFO 1000 trades, 96202721-96203720, 640, Task 1
2023-06-19 00:15:13,511 INFO 1000 trades, 96110598-96111597, 660, Task 2
2023-06-19 00:15:13,708 INFO 1000 trades, 96019887-96020886, 680, Task 3
2023-06-19 00:15:14,117 INFO 1000 trades, 95929176-95930175, 700, Task 4
2023-06-19 00:15:14,657 INFO 1000 trades, 96201721-96202720, 720, Task 1
2023-06-19 00:15:14,708 INFO 1000 trades, 96109598-96110597, 740, Task 2
2023-06-19 00:15:14,828 INFO 1000 trades, 96018887-96019886, 760, Task 3
2023-06-19 00:15:15,246 INFO 1000 trades, 95928176-95929175, 780, Task 4
2023-06-19 00:15:15,805 INFO 1000 trades, 96200721-96201720, 800, Task 1
2023-06-19 00:15:15,823 INFO 1000 trades, 96108598-96109597, 820, Task 2
2023-06-19 00:15:15,982 INFO 1000 trades, 96017887-96018886, 840, Task 3
2023-06-19 00:15:16,375 INFO 1000 trades, 95927176-95928175, 860, Task 4
2023-06-19 00:15:17,003 INFO 1000 trades, 96199721-96200720, 880, Task 1
2023-06-19 00:15:17,011 INFO 1000 trades, 96107598-96108597, 900, Task 2
2023-06-19 00:15:17,187 INFO 1000 trades, 96016887-96017886, 920, Task 3
2023-06-19 00:15:17,513 INFO 1000 trades, 95926176-95927175, 940, Task 4
2023-06-19 00:15:18,142 INFO 1000 trades, 96198721-96199720, 960, Task 1
2023-06-19 00:15:18,223 INFO 1000 trades, 96106598-96107597, 980, Task 2
2023-06-19 00:15:18,329 INFO 1000 trades, 96015887-96016886, 1000, Task 3
2023-06-19 00:15:18,725 INFO 1000 trades, 95925176-95926175, 1020, Task 4
2023-06-19 00:15:19,323 INFO 1000 trades, 96197721-96198720, 1040, Task 1
2023-06-19 00:15:19,365 INFO 1000 trades, 96105598-96106597, 1060, Task 2
2023-06-19 00:15:19,452 INFO 1000 trades, 96014887-96015886, 1080, Task 3
2023-06-19 00:15:19,919 INFO 1000 trades, 95924176-95925175, 1100, Task 4
2023-06-19 00:15:20,518 INFO 1000 trades, 96196721-96197720, 1120, Task 1
2023-06-19 00:15:20,551 INFO 1000 trades, 96104598-96105597, 1140, Task 2
2023-06-19 00:15:20,649 INFO 1000 trades, 96013887-96014886, 1160, Task 3
2023-06-19 00:15:21,096 INFO 1000 trades, 95923176-95924175, 1180, Task 4
2023-06-19 00:15:21,672 INFO 1000 trades, 96103598-96104597, 1200, Task 2
2023-06-19 00:15:21,728 INFO 1000 trades, 96195721-96196720, 1220, Task 1
2023-06-19 00:15:21,817 INFO 1000 trades, 96012887-96013886, 1240, Task 3
2023-06-19 00:15:22,240 INFO 1000 trades, 95922176-95923175, 1260, Task 4
2023-06-19 00:15:22,860 INFO 1000 trades, 96102598-96103597, 1280, Task 2
2023-06-19 00:15:22,868 INFO 1000 trades, 96194721-96195720, 1300, Task 1
2023-06-19 00:15:23,036 INFO 1000 trades, 96011887-96012886, 1320, Task 3
2023-06-19 00:15:23,445 INFO 1000 trades, 95921176-95922175, 1340, Task 4
2023-06-19 00:15:23,990 INFO 1000 trades, 96101598-96102597, 1360, Task 2
2023-06-19 00:15:24,009 INFO 1000 trades, 96193721-96194720, 1380, Task 1
2023-06-19 00:15:24,236 INFO 1000 trades, 96010887-96011886, 1400, Task 3
2023-06-19 00:15:24,654 INFO 1000 trades, 95920176-95921175, 1420, Task 4
2023-06-19 00:15:25,156 INFO 1000 trades, 96100598-96101597, 1440, Task 2
2023-06-19 00:15:25,209 INFO 1000 trades, 96192721-96193720, 1460, Task 1
2023-06-19 00:15:25,389 INFO 1000 trades, 96009887-96010886, 1480, Task 3
2023-06-19 00:15:25,768 INFO 1000 trades, 95919176-95920175, 1500, Task 4
2023-06-19 00:15:26,348 INFO 1000 trades, 96191721-96192720, 1520, Task 1
2023-06-19 00:15:26,353 INFO 1000 trades, 96099598-96100597, 1540, Task 2
2023-06-19 00:15:26,571 INFO 1000 trades, 96008887-96009886, 1560, Task 3
2023-06-19 00:15:27,474 INFO 1000 trades, 96098598-96099597, 1580, Task 2
2023-06-19 00:15:27,520 INFO 1000 trades, 96190721-96191720, 1600, Task 1
2023-06-19 00:15:27,712 INFO 1000 trades, 96007887-96008886, 1620, Task 3
2023-06-19 00:15:27,885 INFO 1000 trades, 95918176-95919175, 1640, Task 4
2023-06-19 00:15:28,625 INFO 1000 trades, 96097598-96098597, 1660, Task 2
2023-06-19 00:15:28,728 INFO 1000 trades, 96189721-96190720, 1680, Task 1
2023-06-19 00:15:28,897 INFO 1000 trades, 96006887-96007886, 1700, Task 3
2023-06-19 00:15:29,081 INFO 
cool down triggered with 1720, Task 4, sleeping for 3 seconds...
2023-06-19 00:15:29,768 INFO 
cool down triggered with 1740, Task 2, sleeping for 3 seconds...
2023-06-19 00:15:29,840 INFO 
cool down triggered with 1760, Task 1, sleeping for 3 seconds...
2023-06-19 00:15:30,048 INFO 
cool down triggered with 1780, Task 3, sleeping for 3 seconds...
2023-06-19 00:15:32,083 INFO 1000 trades, 95917176-95918175, 1720, Task 4
2023-06-19 00:15:32,769 INFO 1000 trades, 96096598-96097597, 1740, Task 2
2023-06-19 00:15:32,841 INFO 1000 trades, 96188721-96189720, 1760, Task 1
2023-06-19 00:15:33,049 INFO 1000 trades, 96005887-96006886, 1780, Task 3
2023-06-19 00:15:33,211 INFO 
cool down triggered with 1800, Task 4, sleeping for 3 seconds...
2023-06-19 00:15:33,963 INFO 
cool down triggered with 1820, Task 1, sleeping for 3 seconds...
2023-06-19 00:15:33,976 INFO 
cool down triggered with 1840, Task 2, sleeping for 3 seconds...
2023-06-19 00:15:34,192 INFO 
cool down triggered with 1860, Task 3, sleeping for 3 seconds...
2023-06-19 00:15:36,212 INFO 1000 trades, 95916176-95917175, 1800, Task 4
2023-06-19 00:15:36,964 INFO 1000 trades, 96187721-96188720, 1820, Task 1
2023-06-19 00:15:36,977 INFO 1000 trades, 96095598-96096597, 1840, Task 2
2023-06-19 00:15:37,193 INFO 1000 trades, 96004887-96005886, 1860, Task 3
2023-06-19 00:15:37,324 INFO 
cool down triggered with 1880, Task 4, sleeping for 3 seconds...
2023-06-19 00:15:38,086 INFO 
cool down triggered with 1900, Task 1, sleeping for 3 seconds...
2023-06-19 00:15:38,130 INFO 
cool down triggered with 1920, Task 2, sleeping for 3 seconds...
2023-06-19 00:15:38,317 INFO 
cool down triggered with 1940, Task 3, sleeping for 3 seconds...
2023-06-19 00:15:40,325 INFO 1000 trades, 95915176-95916175, 1880, Task 4
2023-06-19 00:15:41,087 INFO 1000 trades, 96186721-96187720, 1900, Task 1
2023-06-19 00:15:41,131 INFO 1000 trades, 96094598-96095597, 1920, Task 2
2023-06-19 00:15:41,318 INFO 1000 trades, 96003887-96004886, 1940, Task 3
2023-06-19 00:15:41,446 INFO 
cool down triggered with 1960, Task 4, sleeping for 3 seconds...
2023-06-19 00:15:42,294 INFO 
cool down triggered with 1980, Task 1, sleeping for 3 seconds...
2023-06-19 00:15:42,316 INFO 
cool down triggered with 2000, Task 2, sleeping for 3 seconds...
2023-06-19 00:15:42,444 INFO 
cool down triggered with 2020, Task 3, sleeping for 3 seconds...
2023-06-19 00:15:44,447 INFO 1000 trades, 95914176-95915175, 1960, Task 4
2023-06-19 00:15:45,295 INFO 1000 trades, 96185721-96186720, 1980, Task 1
2023-06-19 00:15:45,318 INFO 1000 trades, 96093598-96094597, 2000, Task 2
2023-06-19 00:15:45,445 INFO 1000 trades, 96002887-96003886, 2020, Task 3
2023-06-19 00:15:45,645 INFO 
cool down triggered with 2040, Task 4, sleeping for 3 seconds...
2023-06-19 00:15:46,468 INFO 
cool down triggered with 2060, Task 1, sleeping for 3 seconds...
2023-06-19 00:15:46,517 INFO 
cool down triggered with 2080, Task 2, sleeping for 3 seconds...
2023-06-19 00:15:46,647 INFO 
cool down triggered with 2100, Task 3, sleeping for 3 seconds...
2023-06-19 00:15:48,647 INFO 1000 trades, 95913176-95914175, 2040, Task 4
2023-06-19 00:15:49,469 INFO 1000 trades, 96184721-96185720, 2060, Task 1
2023-06-19 00:15:49,518 INFO 1000 trades, 96092598-96093597, 2080, Task 2
2023-06-19 00:15:49,648 INFO 1000 trades, 96001887-96002886, 2100, Task 3
2023-06-19 00:15:49,858 WARNING 
cool down triggered with 2120, Task 4, sleeping for 8 seconds...
2023-06-19 00:15:50,613 WARNING 
cool down triggered with 2140, Task 1, sleeping for 8 seconds...
2023-06-19 00:15:50,712 WARNING 
cool down triggered with 2160, Task 2, sleeping for 8 seconds...
2023-06-19 00:15:50,808 WARNING 
cool down triggered with 2180, Task 3, sleeping for 8 seconds...
2023-06-19 00:15:57,859 INFO 1000 trades, 95912176-95913175, 2120, Task 4
2023-06-19 00:15:58,614 INFO 1000 trades, 96183721-96184720, 2140, Task 1
2023-06-19 00:15:58,713 INFO 1000 trades, 96091598-96092597, 2160, Task 2
2023-06-19 00:15:58,809 INFO 1000 trades, 96000887-96001886, 2180, Task 3
2023-06-19 00:15:59,073 WARNING 
cool down triggered with 2200, Task 4, sleeping for 8 seconds...
2023-06-19 00:15:59,815 WARNING 
cool down triggered with 2220, Task 1, sleeping for 8 seconds...
2023-06-19 00:15:59,828 WARNING 
cool down triggered with 2240, Task 2, sleeping for 8 seconds...
2023-06-19 00:15:59,962 WARNING 
cool down triggered with 2260, Task 3, sleeping for 8 seconds...
2023-06-19 00:16:07,075 INFO 1000 trades, 95911176-95912175, 2200, Task 4
2023-06-19 00:16:07,816 INFO 1000 trades, 96182721-96183720, 2220, Task 1
2023-06-19 00:16:07,830 INFO 1000 trades, 96090598-96091597, 2240, Task 2
2023-06-19 00:16:07,963 INFO 1000 trades, 95999887-96000886, 2260, Task 3
2023-06-19 00:16:08,244 INFO 1000 trades, 95910176-95911175, 20, Task 4
2023-06-19 00:16:09,025 INFO 1000 trades, 96181721-96182720, 40, Task 1
2023-06-19 00:16:09,029 INFO 1000 trades, 96089598-96090597, 60, Task 2
2023-06-19 00:16:09,109 INFO 1000 trades, 95998887-95999886, 80, Task 3
2023-06-19 00:16:09,466 INFO 1000 trades, 95909176-95910175, 100, Task 4
2023-06-19 00:16:10,160 INFO 1000 trades, 96088598-96089597, 120, Task 2
2023-06-19 00:16:10,211 INFO 1000 trades, 96180721-96181720, 140, Task 1
2023-06-19 00:16:10,266 INFO 1000 trades, 95997887-95998886, 160, Task 3
2023-06-19 00:16:10,686 INFO 1000 trades, 95908176-95909175, 180, Task 4
2023-06-19 00:16:11,326 INFO 1000 trades, 96087598-96088597, 200, Task 2
2023-06-19 00:16:11,362 INFO 1000 trades, 96179721-96180720, 220, Task 1
2023-06-19 00:16:11,412 INFO 1000 trades, 95996887-95997886, 240, Task 3
2023-06-19 00:16:11,900 INFO 1000 trades, 95907176-95908175, 260, Task 4
2023-06-19 00:16:12,524 INFO 1000 trades, 96086598-96087597, 280, Task 2
2023-06-19 00:16:12,533 INFO 1000 trades, 96178721-96179720, 300, Task 1
2023-06-19 00:16:12,587 INFO 1000 trades, 95995887-95996886, 320, Task 3
2023-06-19 00:16:13,050 INFO 1000 trades, 95906176-95907175, 340, Task 4
2023-06-19 00:16:13,643 INFO 1000 trades, 96177721-96178720, 360, Task 1
2023-06-19 00:16:13,657 INFO 1000 trades, 96085598-96086597, 380, Task 2
2023-06-19 00:16:13,716 INFO 1000 trades, 95994887-95995886, 400, Task 3
2023-06-19 00:16:14,242 INFO 1000 trades, 95905176-95906175, 420, Task 4
2023-06-19 00:16:14,772 INFO 1000 trades, 96084598-96085597, 440, Task 2
2023-06-19 00:16:14,815 INFO 1000 trades, 96176721-96177720, 460, Task 1
2023-06-19 00:16:14,907 INFO 1000 trades, 95993887-95994886, 480, Task 3
2023-06-19 00:16:15,354 INFO 1000 trades, 95904176-95905175, 500, Task 4
2023-06-19 00:16:15,964 INFO 1000 trades, 96175721-96176720, 520, Task 1
2023-06-19 00:16:15,995 INFO 1000 trades, 96083598-96084597, 540, Task 2
2023-06-19 00:16:16,056 INFO 1000 trades, 95992887-95993886, 560, Task 3
2023-06-19 00:16:16,555 INFO 1000 trades, 95903176-95904175, 580, Task 4
2023-06-19 00:16:17,181 INFO 1000 trades, 95991887-95992886, 620, Task 3
2023-06-19 00:16:17,185 INFO 1000 trades, 96174721-96175720, 600, Task 1
2023-06-19 00:16:17,196 INFO 1000 trades, 96082598-96083597, 640, Task 2
2023-06-19 00:16:17,756 INFO 1000 trades, 95902176-95903175, 660, Task 4
2023-06-19 00:16:18,321 INFO 1000 trades, 96081598-96082597, 700, Task 2
2023-06-19 00:16:18,324 INFO 1000 trades, 95990887-95991886, 680, Task 3
2023-06-19 00:16:18,371 INFO 1000 trades, 96173721-96174720, 720, Task 1
2023-06-19 00:16:18,901 INFO 1000 trades, 95901176-95902175, 740, Task 4
2023-06-19 00:16:19,453 INFO 1000 trades, 96080598-96081597, 760, Task 2
2023-06-19 00:16:19,477 INFO 1000 trades, 95989887-95990886, 780, Task 3
2023-06-19 00:16:19,562 INFO 1000 trades, 96172721-96173720, 800, Task 1
2023-06-19 00:16:20,028 INFO 1000 trades, 95900176-95901175, 820, Task 4
2023-06-19 00:16:20,597 INFO 1000 trades, 95988887-95989886, 840, Task 3
2023-06-19 00:16:20,631 INFO 1000 trades, 96079598-96080597, 860, Task 2
2023-06-19 00:16:20,742 INFO 1000 trades, 96171721-96172720, 880, Task 1
2023-06-19 00:16:21,227 INFO 1000 trades, 95899176-95900175, 900, Task 4
2023-06-19 00:16:21,778 INFO 1000 trades, 95987887-95988886, 920, Task 3
2023-06-19 00:16:21,795 INFO 1000 trades, 96078598-96079597, 940, Task 2
2023-06-19 00:16:21,880 INFO 1000 trades, 96170721-96171720, 960, Task 1
2023-06-19 00:16:22,400 INFO 1000 trades, 95898176-95899175, 980, Task 4
2023-06-19 00:16:22,916 INFO 1000 trades, 95986887-95987886, 1000, Task 3
2023-06-19 00:16:22,934 INFO 1000 trades, 96077598-96078597, 1020, Task 2
2023-06-19 00:16:23,016 INFO 1000 trades, 96169721-96170720, 1040, Task 1
2023-06-19 00:16:23,540 INFO 1000 trades, 95897176-95898175, 1060, Task 4
2023-06-19 00:16:24,063 INFO 1000 trades, 95985887-95986886, 1080, Task 3
2023-06-19 00:16:24,074 INFO 1000 trades, 96076598-96077597, 1100, Task 2
2023-06-19 00:16:24,209 INFO 1000 trades, 96168721-96169720, 1120, Task 1
2023-06-19 00:16:24,704 INFO 1000 trades, 95896176-95897175, 1140, Task 4
2023-06-19 00:16:25,249 INFO 1000 trades, 95984887-95985886, 1160, Task 3
2023-06-19 00:16:25,271 INFO 1000 trades, 96075598-96076597, 1180, Task 2
2023-06-19 00:16:25,395 INFO 1000 trades, 96167721-96168720, 1200, Task 1
2023-06-19 00:16:25,849 INFO 1000 trades, 95895176-95896175, 1220, Task 4
2023-06-19 00:16:26,452 INFO 1000 trades, 96074598-96075597, 1240, Task 2
2023-06-19 00:16:26,461 INFO 1000 trades, 95983887-95984886, 1260, Task 3
2023-06-19 00:16:26,566 INFO 1000 trades, 96166721-96167720, 1280, Task 1
2023-06-19 00:16:27,013 INFO 1000 trades, 95894176-95895175, 1300, Task 4
2023-06-19 00:16:27,637 INFO 1000 trades, 95982887-95983886, 1320, Task 3
2023-06-19 00:16:27,666 INFO 1000 trades, 96073598-96074597, 1340, Task 2
2023-06-19 00:16:27,727 INFO 1000 trades, 96165721-96166720, 1360, Task 1
2023-06-19 00:16:28,212 INFO 1000 trades, 95893176-95894175, 1380, Task 4
2023-06-19 00:16:28,754 INFO 1000 trades, 95981887-95982886, 1400, Task 3
2023-06-19 00:16:28,818 INFO 1000 trades, 96072598-96073597, 1420, Task 2
2023-06-19 00:16:28,840 INFO 1000 trades, 96164721-96165720, 1440, Task 1
2023-06-19 00:16:29,409 INFO 1000 trades, 95892176-95893175, 1460, Task 4
2023-06-19 00:16:29,944 INFO 1000 trades, 96071598-96072597, 1500, Task 2
2023-06-19 00:16:29,949 INFO 1000 trades, 95980887-95981886, 1480, Task 3
2023-06-19 00:16:30,043 INFO 1000 trades, 96163721-96164720, 1520, Task 1
2023-06-19 00:16:30,610 INFO 1000 trades, 95891176-95892175, 1540, Task 4
2023-06-19 00:16:31,062 INFO 1000 trades, 96070598-96071597, 1560, Task 2
2023-06-19 00:16:31,152 INFO 1000 trades, 95979887-95980886, 1580, Task 3
2023-06-19 00:16:31,231 INFO 1000 trades, 96162721-96163720, 1600, Task 1
2023-06-19 00:16:31,725 INFO 1000 trades, 95890176-95891175, 1620, Task 4
2023-06-19 00:16:32,259 INFO 1000 trades, 96069598-96070597, 1640, Task 2
2023-06-19 00:16:32,365 INFO 1000 trades, 95978887-95979886, 1660, Task 3
2023-06-19 00:16:32,906 INFO 1000 trades, 95889176-95890175, 1680, Task 4
2023-06-19 00:16:33,428 INFO 1000 trades, 96161721-96162720, 1700, Task 1
2023-06-19 00:16:33,464 INFO 
cool down triggered with 1720, Task 2, sleeping for 3 seconds...
2023-06-19 00:16:34,088 INFO 
cool down triggered with 1740, Task 4, sleeping for 3 seconds...
2023-06-19 00:16:34,548 INFO 
cool down triggered with 1760, Task 3, sleeping for 3 seconds...
2023-06-19 00:16:34,614 INFO 
cool down triggered with 1780, Task 1, sleeping for 3 seconds...
2023-06-19 00:16:36,466 INFO 711 trades, 96068598-96069308, 1720, Task 2
2023-06-19 00:16:37,089 INFO 1000 trades, 95888176-95889175, 1740, Task 4
2023-06-19 00:16:37,549 INFO 711 trades, 95977887-95978597, 1760, Task 3
2023-06-19 00:16:37,615 INFO 1000 trades, 96160721-96161720, 1780, Task 1
2023-06-19 00:16:38,256 INFO 
cool down triggered with 1800, Task 4, sleeping for 3 seconds...
2023-06-19 00:16:38,786 INFO 
cool down triggered with 1820, Task 1, sleeping for 3 seconds...
2023-06-19 00:16:41,256 INFO 711 trades, 95887176-95887886, 1800, Task 4
2023-06-19 00:16:41,788 INFO 1000 trades, 96159721-96160720, 1820, Task 1
2023-06-19 00:16:42,902 INFO 
cool down triggered with 1840, Task 1, sleeping for 3 seconds...
2023-06-19 00:16:45,903 INFO 123 trades, 96158721-96158843, 1840, Task 1
2023-06-19 08:17:42,042 INFO 1 trades, 96361832-96361832, 685, Task-806
2023-06-19 08:17:43,211 INFO 1 trades, 48180916-48180916, 705, Task-806
2023-06-19 08:17:44,406 INFO 1 trades, 72271374-72271374, 725, Task-806
2023-06-19 08:17:45,559 INFO 1 trades, 84316603-84316603, 745, Task-806
2023-06-19 08:17:46,690 INFO 1 trades, 90339218-90339218, 765, Task-806
2023-06-19 08:17:47,815 INFO 1 trades, 93350525-93350525, 785, Task-806
2023-06-19 08:17:48,954 INFO 1 trades, 94856179-94856179, 805, Task-806
2023-06-19 08:17:50,134 INFO 1 trades, 95609006-95609006, 825, Task-806
2023-06-19 08:17:51,291 INFO 1 trades, 95985419-95985419, 845, Task-806
2023-06-19 08:17:52,447 INFO 1 trades, 96173626-96173626, 865, Task-806
2023-06-19 08:17:53,576 INFO 1 trades, 96267729-96267729, 885, Task-806
2023-06-19 08:17:54,699 INFO 1 trades, 96314781-96314781, 905, Task-806
2023-06-19 08:17:55,914 INFO 1 trades, 96291255-96291255, 925, Task-806
2023-06-19 08:17:57,106 INFO 1 trades, 96279492-96279492, 945, Task-806
2023-06-19 08:17:58,276 INFO 1 trades, 96285373-96285373, 965, Task-806
2023-06-19 08:17:59,500 INFO 1 trades, 96288314-96288314, 985, Task-806
2023-06-19 08:18:00,725 INFO 1 trades, 96289784-96289784, 20, Task-806
2023-06-19 08:18:01,856 INFO 1 trades, 96290519-96290519, 40, Task-806
2023-06-19 08:18:03,030 INFO 1 trades, 96290887-96290887, 60, Task-806
2023-06-19 08:18:04,239 INFO 1 trades, 96290703-96290703, 80, Task-806
2023-06-19 08:18:05,419 INFO 1 trades, 96290611-96290611, 100, Task-806
2023-06-19 08:18:06,520 INFO 1 trades, 96290565-96290565, 120, Task-806
2023-06-19 08:18:07,652 INFO 1 trades, 96290588-96290588, 140, Task-806
2023-06-19 08:18:08,768 INFO 1 trades, 96290599-96290599, 160, Task-806
2023-06-19 08:18:09,885 INFO 1 trades, 96290605-96290605, 180, Task-806
2023-06-19 08:18:11,058 INFO 1 trades, 96290608-96290608, 200, Task-806
2023-06-19 08:18:12,231 INFO 1 trades, 96290609-96290609, 220, Task-806
2023-06-19 08:18:13,355 INFO 1 trades, 96290610-96290610, 240, Task-806
2023-06-19 08:18:15,310 INFO 88 trades, 96361832-96361919, 260, Task 1
2023-06-19 08:18:15,345 INFO 900 trades, 96326222-96327121, 280, Task 3
2023-06-19 08:18:15,389 INFO 900 trades, 96308417-96309316, 300, Task 4
2023-06-19 08:18:15,393 INFO 900 trades, 96344027-96344926, 320, Task 2
2023-06-19 08:18:16,436 INFO 179 trades, 96361744-96361922, 340, Task 1
2023-06-19 08:18:16,492 INFO 900 trades, 96325322-96326221, 360, Task 3
2023-06-19 08:18:16,532 INFO 900 trades, 96343127-96344026, 380, Task 2
2023-06-19 08:18:16,593 INFO 900 trades, 96307517-96308416, 400, Task 4
2023-06-19 08:18:17,641 INFO 360 trades, 96361565-96361924, 420, Task 1
2023-06-19 08:18:17,695 INFO 900 trades, 96324422-96325321, 440, Task 3
2023-06-19 08:18:17,701 INFO 900 trades, 96342227-96343126, 460, Task 2
2023-06-19 08:18:17,802 INFO 900 trades, 96306617-96307516, 480, Task 4
2023-06-19 08:18:18,782 INFO 723 trades, 96361205-96361927, 500, Task 1
2023-06-19 08:18:18,833 INFO 900 trades, 96341327-96342226, 540, Task 2
2023-06-19 08:18:18,840 INFO 900 trades, 96323522-96324421, 520, Task 3
2023-06-19 08:18:19,015 INFO 900 trades, 96305717-96306616, 560, Task 4
2023-06-19 08:18:19,917 INFO 900 trades, 96360482-96361381, 580, Task 1
2023-06-19 08:18:19,961 INFO 900 trades, 96340427-96341326, 600, Task 2
2023-06-19 08:18:19,975 INFO 900 trades, 96322622-96323521, 620, Task 3
2023-06-19 08:18:20,209 INFO 900 trades, 96304817-96305716, 640, Task 4
2023-06-19 08:18:21,133 INFO 900 trades, 96359582-96360481, 660, Task 1
2023-06-19 08:18:21,138 INFO 900 trades, 96321722-96322621, 680, Task 3
2023-06-19 08:18:21,153 INFO 900 trades, 96339527-96340426, 700, Task 2
2023-06-19 08:18:21,391 INFO 900 trades, 96303917-96304816, 720, Task 4
2023-06-19 08:18:22,273 INFO 900 trades, 96358682-96359581, 740, Task 1
2023-06-19 08:18:22,290 INFO 900 trades, 96338627-96339526, 760, Task 2
2023-06-19 08:18:22,361 INFO 900 trades, 96320822-96321721, 780, Task 3
2023-06-19 08:18:22,559 INFO 900 trades, 96303017-96303916, 800, Task 4
2023-06-19 08:18:23,397 INFO 900 trades, 96357782-96358681, 820, Task 1
2023-06-19 08:18:23,470 INFO 900 trades, 96337727-96338626, 840, Task 2
2023-06-19 08:18:23,563 INFO 900 trades, 96319922-96320821, 860, Task 3
2023-06-19 08:18:23,705 INFO 900 trades, 96302117-96303016, 880, Task 4
2023-06-19 08:18:24,591 INFO 900 trades, 96356882-96357781, 900, Task 1
2023-06-19 08:18:24,618 INFO 900 trades, 96336827-96337726, 920, Task 2
2023-06-19 08:18:24,702 INFO 900 trades, 96319022-96319921, 940, Task 3
2023-06-19 08:18:24,819 INFO 900 trades, 96301217-96302116, 960, Task 4
2023-06-19 08:18:25,752 INFO 900 trades, 96335927-96336826, 980, Task 2
2023-06-19 08:18:25,769 INFO 900 trades, 96355982-96356881, 1000, Task 1
2023-06-19 08:18:25,907 INFO 900 trades, 96318122-96319021, 1020, Task 3
2023-06-19 08:18:25,988 INFO 900 trades, 96300317-96301216, 1040, Task 4
2023-06-19 08:18:26,897 INFO 1000 trades, 96355082-96356081, 1060, Task 1
2023-06-19 08:18:26,965 INFO 1000 trades, 96335027-96336026, 1080, Task 2
2023-06-19 08:18:27,078 INFO 1000 trades, 96317222-96318221, 1100, Task 3
2023-06-19 08:18:27,116 INFO 1000 trades, 96299417-96300416, 1120, Task 4
2023-06-19 08:18:28,092 INFO 1000 trades, 96334027-96335026, 1140, Task 2
2023-06-19 08:18:28,097 INFO 1000 trades, 96354082-96355081, 1160, Task 1
2023-06-19 08:18:28,258 INFO 1000 trades, 96316222-96317221, 1180, Task 3
2023-06-19 08:18:28,311 INFO 1000 trades, 96298417-96299416, 1200, Task 4
2023-06-19 08:18:29,229 INFO 1000 trades, 96353082-96354081, 1220, Task 1
2023-06-19 08:18:29,271 INFO 1000 trades, 96333027-96334026, 1240, Task 2
2023-06-19 08:18:29,443 INFO 1000 trades, 96315222-96316221, 1260, Task 3
2023-06-19 08:18:29,552 INFO 1000 trades, 96297417-96298416, 1280, Task 4
2023-06-19 08:18:30,357 INFO 1000 trades, 96352082-96353081, 1300, Task 1
2023-06-19 08:18:30,472 INFO 1000 trades, 96332027-96333026, 1320, Task 2
2023-06-19 08:18:30,626 INFO 1000 trades, 96314222-96315221, 1340, Task 3
2023-06-19 08:18:30,679 INFO 1000 trades, 96296417-96297416, 1360, Task 4
2023-06-19 08:18:31,563 INFO 1000 trades, 96351082-96352081, 1380, Task 1
2023-06-19 08:18:31,649 INFO 1000 trades, 96331027-96332026, 1400, Task 2
2023-06-19 08:18:31,790 INFO 1000 trades, 96313222-96314221, 1420, Task 3
2023-06-19 08:18:31,844 INFO 1000 trades, 96295417-96296416, 1440, Task 4
2023-06-19 08:18:32,768 INFO 1000 trades, 96350082-96351081, 1460, Task 1
2023-06-19 08:18:32,772 INFO 1000 trades, 96330027-96331026, 1480, Task 2
2023-06-19 08:18:32,985 INFO 1000 trades, 96312222-96313221, 1500, Task 3
2023-06-19 08:18:32,988 INFO 1000 trades, 96294417-96295416, 1520, Task 4
2023-06-19 08:18:33,912 INFO 1000 trades, 96349082-96350081, 1540, Task 1
2023-06-19 08:18:33,971 INFO 1000 trades, 96329027-96330026, 1560, Task 2
2023-06-19 08:18:34,116 INFO 1000 trades, 96293417-96294416, 1580, Task 4
2023-06-19 08:18:34,195 INFO 1000 trades, 96311222-96312221, 1600, Task 3
2023-06-19 08:18:35,093 INFO 1000 trades, 96348082-96349081, 1620, Task 1
2023-06-19 08:18:35,161 INFO 1000 trades, 96328027-96329026, 1640, Task 2
2023-06-19 08:18:35,382 INFO 1000 trades, 96310222-96311221, 1660, Task 3
2023-06-19 08:18:36,250 INFO 1000 trades, 96347082-96348081, 1680, Task 1
2023-06-19 08:18:36,292 INFO 1000 trades, 96292417-96293416, 1700, Task 4
2023-06-19 08:18:36,299 INFO 
cool down triggered with 1720, Task 2, sleeping for 3 seconds...
2023-06-19 08:18:36,519 INFO 
cool down triggered with 1740, Task 3, sleeping for 3 seconds...
2023-06-19 08:18:37,427 INFO 
cool down triggered with 1760, Task 4, sleeping for 3 seconds...
2023-06-19 08:18:37,452 INFO 
cool down triggered with 1780, Task 1, sleeping for 3 seconds...
2023-06-19 08:18:39,300 INFO 805 trades, 96327027-96327831, 1720, Task 2
2023-06-19 08:18:39,521 INFO 805 trades, 96309222-96310026, 1740, Task 3
2023-06-19 08:18:40,428 INFO 805 trades, 96291417-96292221, 1760, Task 4
2023-06-19 08:18:40,454 INFO 1000 trades, 96346082-96347081, 1780, Task 1
2023-06-19 08:18:41,641 INFO 
cool down triggered with 1800, Task 1, sleeping for 3 seconds...
2023-06-19 08:18:44,643 INFO 1000 trades, 96345082-96346081, 1800, Task 1
2023-06-19 08:18:45,815 INFO 
cool down triggered with 1820, Task 1, sleeping for 3 seconds...
2023-06-19 08:18:48,816 INFO 55 trades, 96344082-96344136, 1820, Task 1
