2023-06-18 16:24:05,303 INFO 1 trades, 352608932-352608932, 20, Task-599
2023-06-18 16:24:06,491 INFO 1 trades, 176304466-176304466, 40, Task-599
2023-06-18 16:24:07,690 INFO 1 trades, 264456699-264456699, 60, Task-599
2023-06-18 16:24:08,827 INFO 1 trades, 308532816-308532816, 80, Task-599
2023-06-18 16:24:09,949 INFO 1 trades, 330570874-330570874, 100, Task-599
2023-06-18 16:24:11,146 INFO 1 trades, 341589903-341589903, 120, Task-599
2023-06-18 16:24:12,285 INFO 1 trades, 347099418-347099418, 140, Task-599
2023-06-18 16:24:13,405 INFO 1 trades, 349854175-349854175, 160, Task-599
2023-06-18 16:24:14,574 INFO 1 trades, 351231554-351231554, 180, Task-599
2023-06-18 16:24:15,764 INFO 1 trades, 351920243-351920243, 200, Task-599
2023-06-18 16:24:16,893 INFO 1 trades, 352264588-352264588, 220, Task-599
2023-06-18 16:24:18,094 INFO 1 trades, 352436760-352436760, 240, Task-599
2023-06-18 16:24:19,260 INFO 1 trades, 352522846-352522846, 260, Task-599
2023-06-18 16:24:20,433 INFO 1 trades, 352479803-352479803, 280, Task-599
2023-06-18 16:24:21,595 INFO 1 trades, 352501324-352501324, 300, Task-599
2023-06-18 16:24:22,758 INFO 1 trades, 352512085-352512085, 320, Task-599
2023-06-18 16:24:23,860 INFO 1 trades, 352506704-352506704, 340, Task-599
2023-06-18 16:24:24,990 INFO 1 trades, 352509394-352509394, 360, Task-599
2023-06-18 16:24:26,178 INFO 1 trades, 352508049-352508049, 380, Task-599
2023-06-18 16:24:27,305 INFO 1 trades, 352508721-352508721, 400, Task-599
2023-06-18 16:24:28,490 INFO 1 trades, 352508385-352508385, 420, Task-599
2023-06-18 16:24:29,592 INFO 1 trades, 352508553-352508553, 440, Task-599
2023-06-18 16:24:30,779 INFO 1 trades, 352508469-352508469, 460, Task-599
2023-06-18 16:24:31,883 INFO 1 trades, 352508427-352508427, 480, Task-599
2023-06-18 16:24:33,003 INFO 1 trades, 352508448-352508448, 500, Task-599
2023-06-18 16:24:34,132 INFO 1 trades, 352508437-352508437, 520, Task-599
2023-06-18 16:24:35,331 INFO 1 trades, 352508442-352508442, 540, Task-599
2023-06-18 16:24:36,487 INFO 1 trades, 352508439-352508439, 560, Task-599
2023-06-18 16:24:37,657 INFO 1 trades, 352508438-352508438, 580, Task-599
2023-06-18 16:24:39,249 INFO 120 trades, 352608932-352609051, 640, Task 1
2023-06-18 16:24:39,460 INFO 900 trades, 352583809-352584708, 600, Task 2
2023-06-18 16:24:39,535 INFO 900 trades, 352558686-352559585, 620, Task 3
2023-06-18 16:24:39,562 INFO 900 trades, 352533563-352534462, 660, Task 4
2023-06-18 16:24:40,387 INFO 242 trades, 352608812-352609053, 680, Task 1
2023-06-18 16:24:40,887 INFO 900 trades, 352582909-352583808, 700, Task 2
2023-06-18 16:24:40,957 INFO 900 trades, 352532663-352533562, 720, Task 4
2023-06-18 16:24:41,037 INFO 900 trades, 352557786-352558685, 740, Task 3
2023-06-18 16:24:41,508 INFO 486 trades, 352608570-352609055, 760, Task 1
2023-06-18 16:24:42,401 INFO 900 trades, 352582009-352582908, 780, Task 2
2023-06-18 16:24:42,467 INFO 900 trades, 352531763-352532662, 800, Task 4
2023-06-18 16:24:42,531 INFO 900 trades, 352556886-352557785, 820, Task 3
2023-06-18 16:24:42,944 INFO 900 trades, 352608084-352608983, 840, Task 1
2023-06-18 16:24:43,899 INFO 900 trades, 352581109-352582008, 860, Task 2
2023-06-18 16:24:43,903 INFO 900 trades, 352530863-352531762, 880, Task 4
2023-06-18 16:24:44,005 INFO 900 trades, 352555986-352556885, 900, Task 3
2023-06-18 16:24:44,369 INFO 900 trades, 352607184-352608083, 920, Task 1
2023-06-18 16:24:45,295 INFO 900 trades, 352580209-352581108, 940, Task 2
2023-06-18 16:24:45,389 INFO 900 trades, 352529963-352530862, 960, Task 4
2023-06-18 16:24:45,406 INFO 900 trades, 352555086-352555985, 980, Task 3
2023-06-18 16:24:45,849 INFO 900 trades, 352606284-352607183, 1000, Task 1
2023-06-18 16:24:46,790 INFO 900 trades, 352529063-352529962, 1040, Task 4
2023-06-18 16:24:46,803 INFO 900 trades, 352579309-352580208, 1020, Task 2
2023-06-18 16:24:46,894 INFO 900 trades, 352554186-352555085, 1060, Task 3
2023-06-18 16:24:47,309 INFO 900 trades, 352605384-352606283, 1080, Task 1
2023-06-18 16:24:48,199 INFO 900 trades, 352528163-352529062, 1100, Task 4
2023-06-18 16:24:48,213 INFO 900 trades, 352578409-352579308, 1120, Task 2
2023-06-18 16:24:48,352 INFO 900 trades, 352553286-352554185, 1140, Task 3
2023-06-18 16:24:48,689 INFO 900 trades, 352604484-352605383, 1160, Task 1
2023-06-18 16:24:49,601 INFO 900 trades, 352527263-352528162, 1180, Task 4
2023-06-18 16:24:49,687 INFO 900 trades, 352577509-352578408, 1200, Task 2
2023-06-18 16:24:49,809 INFO 900 trades, 352552386-352553285, 1220, Task 3
2023-06-18 16:24:50,180 INFO 900 trades, 352603584-352604483, 1240, Task 1
2023-06-18 16:24:51,026 INFO 900 trades, 352526363-352527262, 1260, Task 4
2023-06-18 16:24:51,108 INFO 900 trades, 352576609-352577508, 1280, Task 2
2023-06-18 16:24:51,214 INFO 900 trades, 352551486-352552385, 1300, Task 3
2023-06-18 16:24:51,656 INFO 900 trades, 352602684-352603583, 1320, Task 1
2023-06-18 16:24:52,424 INFO 900 trades, 352525463-352526362, 1340, Task 4
2023-06-18 16:24:52,523 INFO 900 trades, 352575709-352576608, 1360, Task 2
2023-06-18 16:24:52,643 INFO 900 trades, 352550586-352551485, 1380, Task 3
2023-06-18 16:24:53,158 INFO 1000 trades, 352601784-352602783, 1400, Task 1
2023-06-18 16:24:53,813 INFO 1000 trades, 352524563-352525562, 1420, Task 4
2023-06-18 16:24:54,012 INFO 1000 trades, 352574809-352575808, 1440, Task 2
2023-06-18 16:24:54,122 INFO 1000 trades, 352549686-352550685, 1460, Task 3
2023-06-18 16:24:54,646 INFO 1000 trades, 352600784-352601783, 1480, Task 1
2023-06-18 16:24:55,216 INFO 1000 trades, 352523563-352524562, 1500, Task 4
2023-06-18 16:24:55,447 INFO 1000 trades, 352573809-352574808, 1520, Task 2
2023-06-18 16:24:55,545 INFO 1000 trades, 352548686-352549685, 1540, Task 3
2023-06-18 16:24:56,068 INFO 1000 trades, 352599784-352600783, 1560, Task 1
2023-06-18 16:24:56,723 INFO 1000 trades, 352522563-352523562, 1580, Task 4
2023-06-18 16:24:56,931 INFO 1000 trades, 352572809-352573808, 1600, Task 2
2023-06-18 16:24:57,045 INFO 1000 trades, 352547686-352548685, 1620, Task 3
2023-06-18 16:24:57,575 INFO 1000 trades, 352598784-352599783, 1640, Task 1
2023-06-18 16:24:58,212 INFO 1000 trades, 352521563-352522562, 1660, Task 4
2023-06-18 16:24:58,317 INFO 1000 trades, 352571809-352572808, 1680, Task 2
2023-06-18 16:24:58,485 INFO 1000 trades, 352546686-352547685, 1700, Task 3
2023-06-18 16:24:58,999 INFO 
cool down triggered with 1720, Task 1, sleeping for 3 seconds...
2023-06-18 16:24:59,724 INFO 
cool down triggered with 1740, Task 2, sleeping for 3 seconds...
2023-06-18 16:24:59,957 INFO 
cool down triggered with 1760, Task 3, sleeping for 3 seconds...
2023-06-18 16:25:00,619 INFO 1000 trades, 352520563-352521562, 20, Task 4
2023-06-18 16:25:01,999 INFO 1000 trades, 352597784-352598783, 1720, Task 1
2023-06-18 16:25:02,105 INFO 1000 trades, 352519563-352520562, 40, Task 4
2023-06-18 16:25:02,725 INFO 1000 trades, 352570809-352571808, 1740, Task 2
2023-06-18 16:25:02,959 INFO 1000 trades, 352545686-352546685, 1760, Task 3
2023-06-18 16:25:03,429 INFO 1000 trades, 352596784-352597783, 60, Task 1
2023-06-18 16:25:03,604 INFO 1000 trades, 352518563-352519562, 80, Task 4
2023-06-18 16:25:04,112 INFO 1000 trades, 352569809-352570808, 100, Task 2
2023-06-18 16:25:04,458 INFO 1000 trades, 352544686-352545685, 120, Task 3
2023-06-18 16:25:04,895 INFO 1000 trades, 352595784-352596783, 140, Task 1
2023-06-18 16:25:05,059 INFO 1000 trades, 352517563-352518562, 160, Task 4
2023-06-18 16:25:05,526 INFO 1000 trades, 352568809-352569808, 180, Task 2
2023-06-18 16:25:05,946 INFO 1000 trades, 352543686-352544685, 200, Task 3
2023-06-18 16:25:06,385 INFO 1000 trades, 352594784-352595783, 220, Task 1
2023-06-18 16:25:06,564 INFO 1000 trades, 352516563-352517562, 240, Task 4
2023-06-18 16:25:06,982 INFO 1000 trades, 352567809-352568808, 260, Task 2
2023-06-18 16:25:07,434 INFO 1000 trades, 352542686-352543685, 280, Task 3
2023-06-18 16:25:07,588 INFO 1000 trades, 352593784-352594783, 300, Task 1
2023-06-18 16:25:07,819 INFO 1000 trades, 352515563-352516562, 320, Task 4
2023-06-18 16:25:08,211 INFO 1000 trades, 352566809-352567808, 340, Task 2
2023-06-18 16:25:08,628 INFO 1000 trades, 352541686-352542685, 360, Task 3
2023-06-18 16:25:08,703 INFO 1000 trades, 352592784-352593783, 380, Task 1
2023-06-18 16:25:08,966 INFO 1000 trades, 352514563-352515562, 400, Task 4
2023-06-18 16:25:09,414 INFO 1000 trades, 352565809-352566808, 420, Task 2
2023-06-18 16:25:09,900 INFO 1000 trades, 352540686-352541685, 440, Task 3
2023-06-18 16:25:09,917 INFO 1000 trades, 352591784-352592783, 460, Task 1
2023-06-18 16:25:10,238 INFO 1000 trades, 352513563-352514562, 480, Task 4
2023-06-18 16:25:10,714 INFO 1000 trades, 352564809-352565808, 500, Task 2
2023-06-18 16:25:11,317 INFO 1000 trades, 352539686-352540685, 520, Task 3
2023-06-18 16:25:11,376 INFO 1000 trades, 352590784-352591783, 540, Task 1
2023-06-18 16:25:11,713 INFO 1000 trades, 352512563-352513562, 560, Task 4
2023-06-18 16:25:12,217 INFO 1000 trades, 352563809-352564808, 580, Task 2
2023-06-18 16:25:12,730 INFO 1000 trades, 352538686-352539685, 600, Task 3
2023-06-18 16:25:12,882 INFO 1000 trades, 352589784-352590783, 620, Task 1
2023-06-18 16:25:13,194 INFO 1000 trades, 352511563-352512562, 640, Task 4
2023-06-18 16:25:13,707 INFO 1000 trades, 352562809-352563808, 660, Task 2
2023-06-18 16:25:14,152 INFO 1000 trades, 352537686-352538685, 680, Task 3
2023-06-18 16:25:14,274 INFO 1000 trades, 352588784-352589783, 700, Task 1
2023-06-18 16:25:14,670 INFO 1000 trades, 352510563-352511562, 720, Task 4
2023-06-18 16:25:15,126 INFO 1000 trades, 352561809-352562808, 740, Task 2
2023-06-18 16:25:15,645 INFO 1000 trades, 352536686-352537685, 760, Task 3
2023-06-18 16:25:15,799 INFO 1000 trades, 352587784-352588783, 780, Task 1
2023-06-18 16:25:16,180 INFO 1000 trades, 352509563-352510562, 800, Task 4
2023-06-18 16:25:16,604 INFO 1000 trades, 352560809-352561808, 820, Task 2
2023-06-18 16:25:17,112 INFO 1000 trades, 352535686-352536685, 840, Task 3
2023-06-18 16:25:17,327 INFO 1000 trades, 352586784-352587783, 860, Task 1
2023-06-18 16:25:17,347 INFO 123 trades, 352508563-352508685, 880, Task 4
2023-06-18 16:25:18,038 INFO 1000 trades, 352559809-352560808, 900, Task 2
2023-06-18 16:25:18,515 INFO 1000 trades, 352534686-352535685, 920, Task 3
2023-06-18 16:25:18,834 INFO 1000 trades, 352585784-352586783, 940, Task 1
2023-06-18 16:25:19,242 INFO 123 trades, 352558809-352558931, 960, Task 2
2023-06-18 16:25:19,701 INFO 123 trades, 352533686-352533808, 980, Task 3
2023-06-18 16:25:20,234 INFO 975 trades, 352584784-352585758, 1000, Task 1
2023-06-18 16:35:27,723 INFO 1 trades, 352610804-352610804, 219, Task-599
2023-06-18 16:35:28,937 INFO 1 trades, 176305402-176305402, 239, Task-599
2023-06-18 16:35:30,049 INFO 1 trades, 264458103-264458103, 259, Task-599
2023-06-18 16:35:31,242 INFO 1 trades, 308534454-308534454, 279, Task-599
2023-06-18 16:35:32,464 INFO 1 trades, 330572629-330572629, 299, Task-599
2023-06-18 16:35:33,578 INFO 1 trades, 341591717-341591717, 319, Task-599
2023-06-18 16:35:34,732 INFO 1 trades, 347101261-347101261, 339, Task-599
2023-06-18 16:35:35,915 INFO 1 trades, 349856033-349856033, 359, Task-599
2023-06-18 16:35:37,024 INFO 1 trades, 351233419-351233419, 379, Task-599
2023-06-18 16:35:38,127 INFO 1 trades, 351922112-351922112, 399, Task-599
2023-06-18 16:35:39,227 INFO 1 trades, 352266458-352266458, 419, Task-599
2023-06-18 16:35:40,402 INFO 1 trades, 352438631-352438631, 439, Task-599
2023-06-18 16:35:41,528 INFO 1 trades, 352524718-352524718, 459, Task-599
2023-06-18 16:35:42,708 INFO 1 trades, 352481674-352481674, 479, Task-599
2023-06-18 16:35:43,826 INFO 1 trades, 352503196-352503196, 499, Task-599
2023-06-18 16:35:44,996 INFO 1 trades, 352513957-352513957, 519, Task-599
2023-06-18 16:35:46,136 INFO 1 trades, 352508576-352508576, 539, Task-599
2023-06-18 16:35:47,313 INFO 1 trades, 352505886-352505886, 559, Task-599
2023-06-18 16:35:48,494 INFO 1 trades, 352507231-352507231, 579, Task-599
2023-06-18 16:35:49,671 INFO 1 trades, 352507903-352507903, 599, Task-599
2023-06-18 16:35:50,819 INFO 1 trades, 352508239-352508239, 619, Task-599
2023-06-18 16:35:52,008 INFO 1 trades, 352508407-352508407, 639, Task-599
2023-06-18 16:35:53,175 INFO 1 trades, 352508491-352508491, 659, Task-599
2023-06-18 16:35:54,351 INFO 1 trades, 352508449-352508449, 679, Task-599
2023-06-18 16:35:55,535 INFO 1 trades, 352508428-352508428, 699, Task-599
2023-06-18 16:35:56,721 INFO 1 trades, 352508438-352508438, 719, Task-599
2023-06-18 16:35:57,907 INFO 1 trades, 352508433-352508433, 739, Task-599
2023-06-18 16:35:59,122 INFO 1 trades, 352508435-352508435, 759, Task-599
2023-06-18 16:36:00,242 INFO 1 trades, 352508436-352508436, 20, Task-599
2023-06-18 16:36:01,433 INFO 1 trades, 352508437-352508437, 40, Task-599
2023-06-18 16:36:03,384 INFO 900 trades, 352534031-352534930, 60, Task 4
2023-06-18 16:36:03,429 INFO 900 trades, 352559622-352560521, 80, Task 3
2023-06-18 16:36:03,433 INFO 93 trades, 352610804-352610896, 100, Task 1
2023-06-18 16:36:03,451 INFO 900 trades, 352585213-352586112, 120, Task 2
2023-06-18 16:36:04,533 INFO 900 trades, 352533131-352534030, 140, Task 4
2023-06-18 16:36:04,566 INFO 190 trades, 352610711-352610900, 180, Task 1
2023-06-18 16:36:04,654 INFO 900 trades, 352584313-352585212, 200, Task 2
2023-06-18 16:36:04,821 INFO 900 trades, 352558722-352559621, 160, Task 3
2023-06-18 16:36:05,662 INFO 900 trades, 352532231-352533130, 220, Task 4
2023-06-18 16:36:05,736 INFO 383 trades, 352610521-352610903, 240, Task 1
2023-06-18 16:36:06,103 INFO 900 trades, 352583413-352584312, 260, Task 2
2023-06-18 16:36:06,232 INFO 900 trades, 352557822-352558721, 280, Task 3
2023-06-18 16:36:06,855 INFO 767 trades, 352610138-352610904, 300, Task 1
2023-06-18 16:36:07,166 INFO 900 trades, 352531331-352532230, 320, Task 4
2023-06-18 16:36:07,423 INFO 900 trades, 352556922-352557821, 360, Task 3
2023-06-18 16:36:07,504 INFO 900 trades, 352582513-352583412, 340, Task 2
2023-06-18 16:36:08,036 INFO 900 trades, 352609371-352610270, 380, Task 1
2023-06-18 16:36:08,283 INFO 900 trades, 352530431-352531330, 400, Task 4
2023-06-18 16:36:08,812 INFO 900 trades, 352556022-352556921, 420, Task 3
2023-06-18 16:36:08,975 INFO 900 trades, 352581613-352582512, 440, Task 2
2023-06-18 16:36:09,420 INFO 900 trades, 352529531-352530430, 480, Task 4
2023-06-18 16:36:09,452 INFO 900 trades, 352608471-352609370, 460, Task 1
2023-06-18 16:36:10,223 INFO 900 trades, 352555122-352556021, 500, Task 3
2023-06-18 16:36:10,446 INFO 900 trades, 352580713-352581612, 520, Task 2
2023-06-18 16:36:10,874 INFO 900 trades, 352528631-352529530, 540, Task 4
2023-06-18 16:36:10,954 INFO 900 trades, 352607571-352608470, 560, Task 1
2023-06-18 16:36:11,433 INFO 900 trades, 352554222-352555121, 580, Task 3
2023-06-18 16:36:11,921 INFO 900 trades, 352579813-352580712, 600, Task 2
2023-06-18 16:36:12,269 INFO 900 trades, 352527731-352528630, 620, Task 4
2023-06-18 16:36:12,359 INFO 900 trades, 352606671-352607570, 640, Task 1
2023-06-18 16:36:12,855 INFO 900 trades, 352553322-352554221, 660, Task 3
2023-06-18 16:36:13,306 INFO 900 trades, 352578913-352579812, 680, Task 2
2023-06-18 16:36:13,454 INFO 900 trades, 352526831-352527730, 700, Task 4
2023-06-18 16:36:13,544 INFO 900 trades, 352605771-352606670, 720, Task 1
2023-06-18 16:36:14,294 INFO 900 trades, 352552422-352553321, 740, Task 3
2023-06-18 16:36:14,486 INFO 900 trades, 352578013-352578912, 760, Task 2
2023-06-18 16:36:14,922 INFO 900 trades, 352525931-352526830, 780, Task 4
2023-06-18 16:36:14,969 INFO 900 trades, 352604871-352605770, 800, Task 1
2023-06-18 16:36:15,595 INFO 900 trades, 352577113-352578012, 840, Task 2
2023-06-18 16:36:15,777 INFO 900 trades, 352551522-352552421, 820, Task 3
2023-06-18 16:36:16,407 INFO 1000 trades, 352525031-352526030, 860, Task 4
2023-06-18 16:36:16,472 INFO 1000 trades, 352603971-352604970, 880, Task 1
2023-06-18 16:36:17,008 INFO 1000 trades, 352576213-352577212, 900, Task 2
2023-06-18 16:36:17,271 INFO 1000 trades, 352550622-352551621, 920, Task 3
2023-06-18 16:36:17,890 INFO 1000 trades, 352524031-352525030, 940, Task 4
2023-06-18 16:36:17,962 INFO 1000 trades, 352602971-352603970, 960, Task 1
2023-06-18 16:36:18,425 INFO 1000 trades, 352575213-352576212, 980, Task 2
2023-06-18 16:36:18,708 INFO 1000 trades, 352549622-352550621, 1000, Task 3
2023-06-18 16:36:19,368 INFO 1000 trades, 352601971-352602970, 1040, Task 1
2023-06-18 16:36:19,376 INFO 1000 trades, 352523031-352524030, 1020, Task 4
2023-06-18 16:36:19,891 INFO 1000 trades, 352574213-352575212, 1060, Task 2
2023-06-18 16:36:20,140 INFO 1000 trades, 352548622-352549621, 1080, Task 3
2023-06-18 16:36:20,772 INFO 1000 trades, 352522031-352523030, 1100, Task 4
2023-06-18 16:36:20,866 INFO 1000 trades, 352600971-352601970, 1120, Task 1
2023-06-18 16:36:21,346 INFO 1000 trades, 352573213-352574212, 1140, Task 2
2023-06-18 16:36:21,653 INFO 1000 trades, 352547622-352548621, 1160, Task 3
2023-06-18 16:36:22,160 INFO 1000 trades, 352521031-352522030, 1180, Task 4
2023-06-18 16:36:22,345 INFO 1000 trades, 352599971-352600970, 1200, Task 1
2023-06-18 16:36:22,816 INFO 1000 trades, 352572213-352573212, 1220, Task 2
2023-06-18 16:36:23,125 INFO 1000 trades, 352546622-352547621, 1240, Task 3
2023-06-18 16:36:23,545 INFO 1000 trades, 352520031-352521030, 1260, Task 4
2023-06-18 16:36:23,804 INFO 1000 trades, 352598971-352599970, 1280, Task 1
2023-06-18 16:36:24,234 INFO 1000 trades, 352571213-352572212, 1300, Task 2
2023-06-18 16:36:24,640 INFO 1000 trades, 352545622-352546621, 1320, Task 3
2023-06-18 16:36:25,014 INFO 1000 trades, 352519031-352520030, 1340, Task 4
2023-06-18 16:36:25,208 INFO 1000 trades, 352597971-352598970, 1360, Task 1
2023-06-18 16:36:25,703 INFO 1000 trades, 352570213-352571212, 1380, Task 2
2023-06-18 16:36:26,127 INFO 1000 trades, 352544622-352545621, 1400, Task 3
2023-06-18 16:36:26,512 INFO 1000 trades, 352518031-352519030, 1420, Task 4
2023-06-18 16:36:26,641 INFO 1000 trades, 352596971-352597970, 1440, Task 1
2023-06-18 16:36:27,156 INFO 1000 trades, 352569213-352570212, 1460, Task 2
2023-06-18 16:36:27,624 INFO 1000 trades, 352543622-352544621, 1480, Task 3
2023-06-18 16:36:28,006 INFO 1000 trades, 352517031-352518030, 1500, Task 4
2023-06-18 16:36:28,154 INFO 1000 trades, 352595971-352596970, 1520, Task 1
2023-06-18 16:36:28,632 INFO 1000 trades, 352568213-352569212, 1540, Task 2
2023-06-18 16:36:29,030 INFO 1000 trades, 352542622-352543621, 1560, Task 3
2023-06-18 16:36:29,389 INFO 1000 trades, 352516031-352517030, 1580, Task 4
2023-06-18 16:36:29,677 INFO 1000 trades, 352594971-352595970, 1600, Task 1
2023-06-18 16:36:30,052 INFO 1000 trades, 352567213-352568212, 1620, Task 2
2023-06-18 16:36:30,500 INFO 1000 trades, 352541622-352542621, 1640, Task 3
2023-06-18 16:36:30,814 INFO 1000 trades, 352515031-352516030, 1660, Task 4
2023-06-18 16:36:31,111 INFO 1000 trades, 352593971-352594970, 1680, Task 1
2023-06-18 16:36:31,508 INFO 1000 trades, 352566213-352567212, 1700, Task 2
2023-06-18 16:36:31,912 INFO 
cool down triggered with 1720, Task 3, sleeping for 3 seconds...
2023-06-18 16:36:32,231 INFO 
cool down triggered with 1740, Task 4, sleeping for 3 seconds...
2023-06-18 16:36:32,547 INFO 
cool down triggered with 1760, Task 1, sleeping for 3 seconds...
2023-06-18 16:36:33,005 INFO 
cool down triggered with 1780, Task 2, sleeping for 3 seconds...
2023-06-18 16:36:34,913 INFO 1000 trades, 352540622-352541621, 1720, Task 3
2023-06-18 16:36:35,232 INFO 1000 trades, 352514031-352515030, 1740, Task 4
2023-06-18 16:36:35,549 INFO 1000 trades, 352592971-352593970, 1760, Task 1
2023-06-18 16:36:36,006 INFO 1000 trades, 352565213-352566212, 1780, Task 2
2023-06-18 16:36:36,313 INFO 
cool down triggered with 1800, Task 3, sleeping for 3 seconds...
2023-06-18 16:36:36,709 INFO 
cool down triggered with 1820, Task 4, sleeping for 3 seconds...
2023-06-18 16:36:37,063 INFO 
cool down triggered with 1840, Task 1, sleeping for 3 seconds...
2023-06-18 16:36:37,477 INFO 
cool down triggered with 1860, Task 2, sleeping for 3 seconds...
2023-06-18 16:36:39,314 INFO 1000 trades, 352539622-352540621, 1800, Task 3
2023-06-18 16:36:39,710 INFO 1000 trades, 352513031-352514030, 1820, Task 4
2023-06-18 16:36:40,064 INFO 1000 trades, 352591971-352592970, 1840, Task 1
2023-06-18 16:36:40,479 INFO 1000 trades, 352564213-352565212, 1860, Task 2
2023-06-18 16:36:40,719 INFO 
cool down triggered with 1880, Task 3, sleeping for 3 seconds...
2023-06-18 16:36:41,184 INFO 
cool down triggered with 1900, Task 4, sleeping for 3 seconds...
2023-06-18 16:36:41,554 INFO 
cool down triggered with 1920, Task 1, sleeping for 3 seconds...
2023-06-18 16:36:41,899 INFO 
cool down triggered with 1940, Task 2, sleeping for 3 seconds...
2023-06-18 16:36:43,721 INFO 1000 trades, 352538622-352539621, 1880, Task 3
2023-06-18 16:36:44,185 INFO 1000 trades, 352512031-352513030, 1900, Task 4
2023-06-18 16:36:44,555 INFO 1000 trades, 352590971-352591970, 1920, Task 1
2023-06-18 16:36:44,901 INFO 1000 trades, 352563213-352564212, 1940, Task 2
2023-06-18 16:36:45,131 INFO 
cool down triggered with 1960, Task 3, sleeping for 3 seconds...
2023-06-18 16:36:45,394 INFO 
cool down triggered with 1980, Task 4, sleeping for 3 seconds...
2023-06-18 16:36:45,667 INFO 
cool down triggered with 2000, Task 1, sleeping for 3 seconds...
2023-06-18 16:36:46,024 INFO 
cool down triggered with 2020, Task 2, sleeping for 3 seconds...
2023-06-18 16:36:48,132 INFO 1000 trades, 352537622-352538621, 1960, Task 3
2023-06-18 16:36:48,396 INFO 1000 trades, 352511031-352512030, 1980, Task 4
2023-06-18 16:36:48,669 INFO 1000 trades, 352589971-352590970, 2000, Task 1
2023-06-18 16:36:49,025 INFO 1000 trades, 352562213-352563212, 2020, Task 2
2023-06-18 16:36:49,631 INFO 
cool down triggered with 2040, Task 3, sleeping for 3 seconds...
2023-06-18 16:36:49,780 INFO 
cool down triggered with 2060, Task 4, sleeping for 3 seconds...
2023-06-18 16:36:50,165 INFO 
cool down triggered with 2080, Task 1, sleeping for 3 seconds...
2023-06-18 16:36:50,437 INFO 
cool down triggered with 2100, Task 2, sleeping for 3 seconds...
2023-06-18 16:36:52,633 INFO 1000 trades, 352536622-352537621, 2040, Task 3
2023-06-18 16:36:52,781 INFO 1000 trades, 352510031-352511030, 2060, Task 4
2023-06-18 16:36:53,166 INFO 1000 trades, 352588971-352589970, 2080, Task 1
2023-06-18 16:36:53,439 INFO 1000 trades, 352561213-352562212, 2100, Task 2
2023-06-18 16:36:53,907 WARNING 
cool down triggered with 2140, Task 4, sleeping for 8 seconds...
2023-06-18 16:36:54,140 WARNING 
cool down triggered with 2120, Task 3, sleeping for 8 seconds...
2023-06-18 16:36:54,577 WARNING 
cool down triggered with 2160, Task 1, sleeping for 8 seconds...
2023-06-18 16:36:54,633 WARNING 
cool down triggered with 2180, Task 2, sleeping for 8 seconds...
2023-06-18 16:37:01,909 INFO 591 trades, 352509031-352509621, 2140, Task 4
2023-06-18 16:37:02,141 INFO 1000 trades, 352535622-352536621, 2120, Task 3
2023-06-18 16:37:02,578 INFO 1000 trades, 352587971-352588970, 2160, Task 1
2023-06-18 16:37:02,634 INFO 591 trades, 352560213-352560803, 2180, Task 2
2023-06-18 16:37:03,374 INFO 591 trades, 352534622-352535212, 20, Task 3
2023-06-18 16:37:03,813 INFO 1000 trades, 352586971-352587970, 40, Task 1
2023-06-18 16:37:05,011 INFO 758 trades, 352585971-352586728, 60, Task 1
2023-06-18 16:43:39,218 INFO 1 trades, 352612366-352612366, 219, Task-599
2023-06-18 16:43:40,396 INFO 1 trades, 176306183-176306183, 239, Task-599
2023-06-18 16:43:41,582 INFO 1 trades, 264459275-264459275, 259, Task-599
2023-06-18 16:43:42,846 INFO 1 trades, 308535821-308535821, 279, Task-599
2023-06-18 16:43:44,061 INFO 1 trades, 330574094-330574094, 299, Task-599
2023-06-18 16:43:45,214 INFO 1 trades, 341593230-341593230, 319, Task-599
2023-06-18 16:43:46,414 INFO 1 trades, 347102798-347102798, 339, Task-599
2023-06-18 16:43:47,638 INFO 1 trades, 349857582-349857582, 359, Task-599
2023-06-18 16:43:48,754 INFO 1 trades, 351234974-351234974, 379, Task-599
2023-06-18 16:43:49,920 INFO 1 trades, 351923670-351923670, 399, Task-599
2023-06-18 16:43:51,107 INFO 1 trades, 352268018-352268018, 419, Task-599
2023-06-18 16:43:52,237 INFO 1 trades, 352440192-352440192, 439, Task-599
2023-06-18 16:43:53,434 INFO 1 trades, 352526279-352526279, 459, Task-599
2023-06-18 16:43:54,620 INFO 1 trades, 352483235-352483235, 479, Task-599
2023-06-18 16:43:55,759 INFO 1 trades, 352504757-352504757, 499, Task-599
2023-06-18 16:43:56,872 INFO 1 trades, 352515518-352515518, 519, Task-599
2023-06-18 16:43:57,992 INFO 1 trades, 352510137-352510137, 539, Task-599
2023-06-18 16:43:59,116 INFO 1 trades, 352507447-352507447, 559, Task-599
2023-06-18 16:44:00,260 INFO 1 trades, 352508792-352508792, 20, Task-599
2023-06-18 16:44:01,377 INFO 1 trades, 352508119-352508119, 40, Task-599
2023-06-18 16:44:02,534 INFO 1 trades, 352508455-352508455, 60, Task-599
2023-06-18 16:44:03,641 INFO 1 trades, 352508287-352508287, 80, Task-599
2023-06-18 16:44:04,824 INFO 1 trades, 352508371-352508371, 100, Task-599
2023-06-18 16:44:05,931 INFO 1 trades, 352508413-352508413, 120, Task-599
2023-06-18 16:44:07,115 INFO 1 trades, 352508434-352508434, 140, Task-599
2023-06-18 16:44:08,293 INFO 1 trades, 352508444-352508444, 160, Task-599
2023-06-18 16:44:09,466 INFO 1 trades, 352508439-352508439, 180, Task-599
2023-06-18 16:44:10,663 INFO 1 trades, 352508436-352508436, 200, Task-599
2023-06-18 16:44:11,844 INFO 1 trades, 352508437-352508437, 220, Task-599
2023-06-18 16:44:13,173 INFO 1 trades, 352508438-352508438, 240, Task-599
2023-06-18 16:44:15,416 INFO 60 trades, 352612366-352612425, 260, Task 1
2023-06-18 16:44:15,426 INFO 900 trades, 352534420-352535319, 280, Task 4
2023-06-18 16:44:15,495 INFO 900 trades, 352560402-352561301, 300, Task 3
2023-06-18 16:44:15,502 INFO 900 trades, 352586384-352587283, 320, Task 2
2023-06-18 16:44:16,558 INFO 900 trades, 352533520-352534419, 340, Task 4
2023-06-18 16:44:16,578 INFO 121 trades, 352612306-352612426, 360, Task 1
2023-06-18 16:44:16,633 INFO 900 trades, 352559502-352560401, 380, Task 3
2023-06-18 16:44:16,636 INFO 900 trades, 352585484-352586383, 400, Task 2
2023-06-18 16:44:17,699 INFO 247 trades, 352612185-352612431, 420, Task 1
2023-06-18 16:44:17,726 INFO 900 trades, 352532620-352533519, 440, Task 4
2023-06-18 16:44:17,827 INFO 900 trades, 352584584-352585483, 460, Task 2
2023-06-18 16:44:17,835 INFO 900 trades, 352558602-352559501, 480, Task 3
2023-06-18 16:44:18,828 INFO 495 trades, 352611938-352612432, 500, Task 1
2023-06-18 16:44:18,950 INFO 900 trades, 352531720-352532619, 520, Task 4
2023-06-18 16:44:18,971 INFO 900 trades, 352557702-352558601, 540, Task 3
2023-06-18 16:44:18,986 INFO 900 trades, 352583684-352584583, 560, Task 2
2023-06-18 16:44:20,014 INFO 900 trades, 352611443-352612342, 580, Task 1
2023-06-18 16:44:20,118 INFO 900 trades, 352556802-352557701, 600, Task 3
2023-06-18 16:44:20,124 INFO 900 trades, 352530820-352531719, 620, Task 4
2023-06-18 16:44:20,143 INFO 900 trades, 352582784-352583683, 640, Task 2
2023-06-18 16:44:21,207 INFO 900 trades, 352610543-352611442, 660, Task 1
2023-06-18 16:44:21,260 INFO 900 trades, 352529920-352530819, 680, Task 4
2023-06-18 16:44:21,271 INFO 900 trades, 352555902-352556801, 700, Task 3
2023-06-18 16:44:21,344 INFO 900 trades, 352581884-352582783, 720, Task 2
2023-06-18 16:44:22,334 INFO 900 trades, 352609643-352610542, 740, Task 1
2023-06-18 16:44:22,373 INFO 900 trades, 352529020-352529919, 760, Task 4
2023-06-18 16:44:22,437 INFO 900 trades, 352555002-352555901, 780, Task 3
2023-06-18 16:44:22,470 INFO 900 trades, 352580984-352581883, 800, Task 2
2023-06-18 16:44:23,514 INFO 900 trades, 352608743-352609642, 820, Task 1
2023-06-18 16:44:23,600 INFO 900 trades, 352528120-352529019, 840, Task 4
2023-06-18 16:44:23,602 INFO 900 trades, 352554102-352555001, 860, Task 3
2023-06-18 16:44:23,663 INFO 900 trades, 352580084-352580983, 880, Task 2
2023-06-18 16:44:24,651 INFO 900 trades, 352607843-352608742, 900, Task 1
2023-06-18 16:44:24,726 INFO 900 trades, 352527220-352528119, 920, Task 4
2023-06-18 16:44:24,754 INFO 900 trades, 352553202-352554101, 940, Task 3
2023-06-18 16:44:24,773 INFO 900 trades, 352579184-352580083, 960, Task 2
2023-06-18 16:44:25,797 INFO 900 trades, 352606943-352607842, 980, Task 1
2023-06-18 16:44:25,870 INFO 900 trades, 352552302-352553201, 1000, Task 3
2023-06-18 16:44:25,911 INFO 900 trades, 352526320-352527219, 1020, Task 4
2023-06-18 16:44:25,958 INFO 900 trades, 352578284-352579183, 1040, Task 2
2023-06-18 16:44:26,983 INFO 1000 trades, 352606043-352607042, 1060, Task 1
2023-06-18 16:44:27,031 INFO 1000 trades, 352551402-352552401, 1080, Task 3
2023-06-18 16:44:27,082 INFO 1000 trades, 352577384-352578383, 1100, Task 2
2023-06-18 16:44:27,098 INFO 1000 trades, 352525420-352526419, 1120, Task 4
2023-06-18 16:44:28,179 INFO 1000 trades, 352605043-352606042, 1140, Task 1
2023-06-18 16:44:28,222 INFO 1000 trades, 352550402-352551401, 1160, Task 3
2023-06-18 16:44:28,227 INFO 1000 trades, 352524420-352525419, 1180, Task 4
2023-06-18 16:44:28,233 INFO 1000 trades, 352576384-352577383, 1200, Task 2
2023-06-18 16:44:29,361 INFO 1000 trades, 352604043-352605042, 1220, Task 1
2023-06-18 16:44:29,396 INFO 1000 trades, 352523420-352524419, 1240, Task 4
2023-06-18 16:44:29,413 INFO 1000 trades, 352575384-352576383, 1260, Task 2
2023-06-18 16:44:29,427 INFO 1000 trades, 352549402-352550401, 1280, Task 3
2023-06-18 16:44:30,485 INFO 1000 trades, 352603043-352604042, 1300, Task 1
2023-06-18 16:44:30,526 INFO 1000 trades, 352574384-352575383, 1320, Task 2
2023-06-18 16:44:30,541 INFO 1000 trades, 352522420-352523419, 1340, Task 4
2023-06-18 16:44:30,627 INFO 1000 trades, 352548402-352549401, 1360, Task 3
2023-06-18 16:44:31,647 INFO 1000 trades, 352573384-352574383, 1380, Task 2
2023-06-18 16:44:31,676 INFO 1000 trades, 352602043-352603042, 1400, Task 1
2023-06-18 16:44:31,720 INFO 1000 trades, 352521420-352522419, 1420, Task 4
2023-06-18 16:44:31,812 INFO 1000 trades, 352547402-352548401, 1440, Task 3
2023-06-18 16:44:32,761 INFO 1000 trades, 352572384-352573383, 1460, Task 2
2023-06-18 16:44:32,832 INFO 1000 trades, 352601043-352602042, 1480, Task 1
2023-06-18 16:44:32,867 INFO 1000 trades, 352520420-352521419, 1500, Task 4
2023-06-18 16:44:32,934 INFO 1000 trades, 352546402-352547401, 1520, Task 3
2023-06-18 16:44:33,909 INFO 1000 trades, 352571384-352572383, 1540, Task 2
2023-06-18 16:44:33,982 INFO 1000 trades, 352600043-352601042, 1560, Task 1
2023-06-18 16:44:34,020 INFO 1000 trades, 352519420-352520419, 1580, Task 4
2023-06-18 16:44:34,094 INFO 1000 trades, 352545402-352546401, 1600, Task 3
2023-06-18 16:44:35,094 INFO 1000 trades, 352570384-352571383, 1620, Task 2
2023-06-18 16:44:35,129 INFO 1000 trades, 352599043-352600042, 1640, Task 1
2023-06-18 16:44:35,221 INFO 1000 trades, 352544402-352545401, 1660, Task 3
2023-06-18 16:44:36,205 INFO 1000 trades, 352518420-352519419, 1680, Task 4
2023-06-18 16:44:36,474 INFO 1000 trades, 352569384-352570383, 1700, Task 2
2023-06-18 16:44:36,527 INFO 
cool down triggered with 1720, Task 1, sleeping for 3 seconds...
2023-06-18 16:44:36,620 INFO 
cool down triggered with 1740, Task 3, sleeping for 3 seconds...
2023-06-18 16:44:37,395 INFO 
cool down triggered with 1760, Task 4, sleeping for 3 seconds...
2023-06-18 16:44:37,669 INFO 
cool down triggered with 1780, Task 2, sleeping for 3 seconds...
2023-06-18 16:44:39,528 INFO 1000 trades, 352598043-352599042, 1720, Task 1
2023-06-18 16:44:39,622 INFO 1000 trades, 352543402-352544401, 1740, Task 3
2023-06-18 16:44:40,396 INFO 1000 trades, 352517420-352518419, 1760, Task 4
2023-06-18 16:44:40,671 INFO 1000 trades, 352568384-352569383, 1780, Task 2
2023-06-18 16:44:40,934 INFO 
cool down triggered with 1800, Task 1, sleeping for 3 seconds...
2023-06-18 16:44:41,103 INFO 
cool down triggered with 1820, Task 3, sleeping for 3 seconds...
2023-06-18 16:44:41,808 INFO 
cool down triggered with 1860, Task 2, sleeping for 3 seconds...
2023-06-18 16:44:41,826 INFO 
cool down triggered with 1840, Task 4, sleeping for 3 seconds...
2023-06-18 16:44:43,936 INFO 1000 trades, 352597043-352598042, 1800, Task 1
2023-06-18 16:44:44,104 INFO 1000 trades, 352542402-352543401, 1820, Task 3
2023-06-18 16:44:44,809 INFO 1000 trades, 352567384-352568383, 1860, Task 2
2023-06-18 16:44:44,827 INFO 1000 trades, 352516420-352517419, 1840, Task 4
2023-06-18 16:44:45,170 INFO 
cool down triggered with 1880, Task 1, sleeping for 3 seconds...
2023-06-18 16:44:45,302 INFO 
cool down triggered with 1900, Task 3, sleeping for 3 seconds...
2023-06-18 16:44:46,059 INFO 
cool down triggered with 1920, Task 2, sleeping for 3 seconds...
2023-06-18 16:44:46,085 INFO 
cool down triggered with 1940, Task 4, sleeping for 3 seconds...
2023-06-18 16:44:48,172 INFO 1000 trades, 352596043-352597042, 1880, Task 1
2023-06-18 16:44:48,304 INFO 1000 trades, 352541402-352542401, 1900, Task 3
2023-06-18 16:44:49,060 INFO 1000 trades, 352566384-352567383, 1920, Task 2
2023-06-18 16:44:49,086 INFO 1000 trades, 352515420-352516419, 1940, Task 4
2023-06-18 16:44:49,555 INFO 
cool down triggered with 1960, Task 1, sleeping for 3 seconds...
2023-06-18 16:44:49,803 INFO 
cool down triggered with 1980, Task 3, sleeping for 3 seconds...
2023-06-18 16:44:50,541 INFO 
cool down triggered with 2000, Task 2, sleeping for 3 seconds...
2023-06-18 16:44:50,562 INFO 
cool down triggered with 2020, Task 4, sleeping for 3 seconds...
2023-06-18 16:44:52,557 INFO 1000 trades, 352595043-352596042, 1960, Task 1
2023-06-18 16:44:52,804 INFO 1000 trades, 352540402-352541401, 1980, Task 3
2023-06-18 16:44:53,542 INFO 1000 trades, 352565384-352566383, 2000, Task 2
2023-06-18 16:44:53,563 INFO 1000 trades, 352514420-352515419, 2020, Task 4
2023-06-18 16:44:54,028 INFO 
cool down triggered with 2040, Task 1, sleeping for 3 seconds...
2023-06-18 16:44:54,244 INFO 
cool down triggered with 2060, Task 3, sleeping for 3 seconds...
2023-06-18 16:44:54,940 INFO 
cool down triggered with 2080, Task 2, sleeping for 3 seconds...
2023-06-18 16:44:55,067 INFO 
cool down triggered with 2100, Task 4, sleeping for 3 seconds...
2023-06-18 16:44:57,029 INFO 1000 trades, 352594043-352595042, 2040, Task 1
2023-06-18 16:44:57,246 INFO 1000 trades, 352539402-352540401, 2060, Task 3
2023-06-18 16:44:57,941 INFO 1000 trades, 352564384-352565383, 2080, Task 2
2023-06-18 16:44:58,069 INFO 1000 trades, 352513420-352514419, 2100, Task 4
2023-06-18 16:44:58,178 WARNING 
cool down triggered with 2120, Task 1, sleeping for 8 seconds...
2023-06-18 16:44:58,737 WARNING 
cool down triggered with 2140, Task 3, sleeping for 8 seconds...
2023-06-18 16:44:59,138 WARNING 
cool down triggered with 2160, Task 2, sleeping for 8 seconds...
2023-06-18 16:44:59,448 WARNING 
cool down triggered with 2180, Task 4, sleeping for 8 seconds...
2023-06-18 16:45:06,180 INFO 1000 trades, 352593043-352594042, 2120, Task 1
2023-06-18 16:45:06,739 INFO 1000 trades, 352538402-352539401, 2140, Task 3
2023-06-18 16:45:07,139 INFO 1000 trades, 352563384-352564383, 2160, Task 2
2023-06-18 16:45:07,449 INFO 1000 trades, 352512420-352513419, 2180, Task 4
2023-06-18 16:45:07,656 INFO 1000 trades, 352592043-352593042, 20, Task 1
2023-06-18 16:45:08,156 INFO 1000 trades, 352537402-352538401, 40, Task 3
2023-06-18 16:45:08,277 INFO 1000 trades, 352562384-352563383, 60, Task 2
2023-06-18 16:45:08,864 INFO 1000 trades, 352511420-352512419, 80, Task 4
2023-06-18 16:45:09,141 INFO 1000 trades, 352591043-352592042, 100, Task 1
2023-06-18 16:45:09,431 INFO 982 trades, 352561384-352562365, 140, Task 2
2023-06-18 16:45:09,587 INFO 1000 trades, 352536402-352537401, 120, Task 3
2023-06-18 16:45:10,337 INFO 1000 trades, 352510420-352511419, 160, Task 4
2023-06-18 16:45:10,569 INFO 1000 trades, 352590043-352591042, 180, Task 1
2023-06-18 16:45:10,713 INFO 982 trades, 352535402-352536383, 200, Task 3
2023-06-18 16:45:11,791 INFO 982 trades, 352509420-352510401, 220, Task 4
2023-06-18 16:45:12,040 INFO 1000 trades, 352589043-352590042, 240, Task 1
2023-06-18 16:45:13,186 INFO 1000 trades, 352588043-352589042, 260, Task 1
2023-06-18 16:45:14,370 INFO 659 trades, 352587043-352587701, 280, Task 1
2023-06-18 16:53:48,356 INFO 1 trades, 352613530-352613530, 219, Task-599
2023-06-18 16:53:49,880 INFO 274 trades, 352613256-352613529, 239, Task 2
2023-06-18 16:53:49,883 INFO 274 trades, 352612982-352613255, 259, Task 3
2023-06-18 16:53:49,891 INFO 274 trades, 352612708-352612981, 279, Task 4
2023-06-18 16:53:49,941 INFO 2 trades, 352613530-352613531, 299, Task 1
2023-06-18 16:53:51,140 INFO 5 trades, 352613528-352613532, 319, Task 1
2023-06-18 16:53:52,331 INFO 15 trades, 352613523-352613537, 339, Task 1
2023-06-18 16:53:53,519 INFO 34 trades, 352613508-352613541, 359, Task 1
2023-06-18 16:53:54,705 INFO 72 trades, 352613474-352613545, 379, Task 1
2023-06-18 16:53:55,885 INFO 145 trades, 352613402-352613546, 399, Task 1
2023-06-18 16:53:57,067 INFO 1 trades, 352613257-352613257, 419, Task 1
2023-06-18 16:56:15,572 INFO 1 trades, 352613820-352613820, 219, Task-599
2023-06-18 16:57:45,795 INFO 1 trades, 352613910-352613910, 219, Task-599
2023-06-18 16:58:27,456 INFO 1 trades, 352613961-352613961, 219, Task-599
2023-06-18 17:01:21,359 INFO 1 trades, 352614373-352614373, 219, Task-599
2023-06-18 17:01:22,905 INFO 206 trades, 352614167-352614372, 239, Task 2
2023-06-18 17:01:22,912 INFO 206 trades, 352613755-352613960, 259, Task 4
2023-06-18 17:01:22,956 INFO 206 trades, 352613961-352614166, 279, Task 3
2023-06-18 17:01:22,971 INFO 9 trades, 352614373-352614381, 299, Task 1
2023-06-18 17:01:24,138 INFO 20 trades, 352614364-352614383, 319, Task 1
2023-06-18 17:01:25,339 INFO 44 trades, 352614344-352614387, 339, Task 1
2023-06-18 17:01:26,479 INFO 91 trades, 352614300-352614390, 359, Task 1
2023-06-18 17:01:27,668 INFO 42 trades, 352614209-352614250, 379, Task 1
2023-06-18 17:10:15,570 INFO 1 trades, 352615807-352615807, 219, Task-599
2023-06-18 17:10:17,096 INFO 354 trades, 352615453-352615806, 239, Task 2
2023-06-18 17:10:17,098 INFO 354 trades, 352614745-352615098, 259, Task 4
2023-06-18 17:10:17,167 INFO 354 trades, 352615099-352615452, 279, Task 3
2023-06-18 17:10:17,188 INFO 3 trades, 352615807-352615809, 299, Task 1
2023-06-18 17:10:18,425 INFO 10 trades, 352615804-352615813, 319, Task 1
2023-06-18 17:10:19,605 INFO 21 trades, 352615794-352615814, 339, Task 1
2023-06-18 17:10:20,814 INFO 42 trades, 352615773-352615814, 359, Task 1
2023-06-18 17:10:21,949 INFO 88 trades, 352615731-352615818, 379, Task 1
2023-06-18 17:13:09,163 INFO 1 trades, 352616192-352616192, 20, Task-599
2023-06-18 17:13:10,691 INFO 450 trades, 352614842-352615291, 40, Task 4
2023-06-18 17:13:10,694 INFO 1 trades, 352616192-352616192, 60, Task 1
2023-06-18 17:13:10,718 INFO 450 trades, 352615292-352615741, 80, Task 3
2023-06-18 17:13:11,682 INFO 450 trades, 352615742-352616191, 100, Task 2
2023-06-18 17:13:11,886 INFO 3 trades, 352616191-352616193, 120, Task 1
2023-06-18 17:13:13,044 INFO 10 trades, 352616188-352616197, 140, Task 1
2023-06-18 17:13:14,243 INFO 22 trades, 352616178-352616199, 160, Task 1
2023-06-18 17:13:15,420 INFO 47 trades, 352616156-352616202, 180, Task 1
2023-06-18 17:13:16,558 INFO 97 trades, 352616109-352616205, 200, Task 1
2023-06-18 17:13:17,730 INFO 196 trades, 352616012-352616207, 220, Task 1
2023-06-18 17:13:18,858 INFO 74 trades, 352615816-352615889, 240, Task 1
2023-06-18 17:16:03,474 INFO 1 trades, 352616489-352616489, 20, Task-599
2023-06-18 17:16:05,479 INFO 70 trades, 352616279-352616348, 40, Task 4
2023-06-18 17:16:05,491 INFO 70 trades, 352616349-352616418, 60, Task 3
2023-06-18 17:16:05,508 INFO 8 trades, 352616489-352616496, 80, Task 1
2023-06-18 17:16:05,526 INFO 70 trades, 352616419-352616488, 100, Task 2
2023-06-18 17:16:06,625 INFO 20 trades, 352616481-352616500, 120, Task 1
2023-06-18 17:16:07,766 INFO 42 trades, 352616461-352616502, 140, Task 1
2023-06-18 19:02:36,647 INFO 1 trades, 352635761-352635761, 219, Task-599
2023-06-18 19:02:38,186 INFO 6 trades, 352635761-352635766, 239, Task 1
2023-06-18 19:02:38,207 INFO 900 trades, 352626133-352627032, 259, Task 3
2023-06-18 19:02:38,254 INFO 900 trades, 352621319-352622218, 279, Task 4
2023-06-18 19:02:38,279 INFO 900 trades, 352630947-352631846, 299, Task 2
2023-06-18 19:02:39,376 INFO 15 trades, 352635755-352635769, 319, Task 1
2023-06-18 19:02:39,427 INFO 900 trades, 352625233-352626132, 339, Task 3
2023-06-18 19:02:39,481 INFO 900 trades, 352620419-352621318, 359, Task 4
2023-06-18 19:02:39,522 INFO 900 trades, 352630047-352630946, 379, Task 2
2023-06-18 19:02:40,510 INFO 34 trades, 352635740-352635773, 399, Task 1
2023-06-18 19:02:40,614 INFO 900 trades, 352624333-352625232, 419, Task 3
2023-06-18 19:02:40,640 INFO 900 trades, 352619519-352620418, 439, Task 4
2023-06-18 19:02:40,738 INFO 900 trades, 352629147-352630046, 459, Task 2
2023-06-18 19:02:41,717 INFO 71 trades, 352635706-352635776, 479, Task 1
2023-06-18 19:02:41,799 INFO 900 trades, 352623433-352624332, 499, Task 3
2023-06-18 19:02:41,834 INFO 900 trades, 352618619-352619518, 519, Task 4
2023-06-18 19:02:41,909 INFO 900 trades, 352628247-352629146, 539, Task 2
2023-06-18 19:02:42,841 INFO 145 trades, 352635635-352635779, 559, Task 1
2023-06-18 19:02:42,919 INFO 900 trades, 352622533-352623432, 579, Task 3
2023-06-18 19:02:43,101 INFO 900 trades, 352627347-352628246, 599, Task 2
2023-06-18 19:02:43,971 INFO 900 trades, 352617719-352618618, 619, Task 4
2023-06-18 19:02:43,980 INFO 297 trades, 352635490-352635786, 639, Task 1
2023-06-18 19:02:44,055 INFO 314 trades, 352621633-352621946, 659, Task 3
2023-06-18 19:02:44,219 INFO 314 trades, 352626447-352626760, 679, Task 2
2023-06-18 19:02:45,117 INFO 599 trades, 352635193-352635791, 699, Task 1
2023-06-18 19:02:46,136 INFO 314 trades, 352616819-352617132, 719, Task 4
2023-06-18 19:02:46,302 INFO 900 trades, 352634594-352635493, 739, Task 1
2023-06-18 19:02:47,558 INFO 900 trades, 352633694-352634593, 759, Task 1
2023-06-18 19:02:48,768 INFO 900 trades, 352632794-352633693, 779, Task 1
2023-06-18 19:02:49,970 INFO 947 trades, 352631894-352632840, 799, Task 1
2023-06-18 19:23:01,108 INFO 1 trades, 352640170-352640170, 20, Task-599
2023-06-18 19:23:02,676 INFO 900 trades, 352637982-352638881, 40, Task 3
2023-06-18 19:23:02,679 INFO 12 trades, 352640170-352640181, 80, Task 1
2023-06-18 19:23:02,689 INFO 900 trades, 352639076-352639975, 60, Task 2
2023-06-18 19:23:02,834 INFO 900 trades, 352636888-352637787, 100, Task 4
2023-06-18 19:23:03,798 INFO 194 trades, 352637082-352637275, 120, Task 3
2023-06-18 19:23:03,892 INFO 32 trades, 352640158-352640189, 140, Task 1
2023-06-18 19:23:03,910 INFO 194 trades, 352638176-352638369, 160, Task 2
2023-06-18 19:23:04,057 INFO 194 trades, 352635988-352636181, 180, Task 4
2023-06-18 19:23:05,060 INFO 70 trades, 352640126-352640195, 200, Task 1
2023-06-18 19:23:06,208 INFO 144 trades, 352640056-352640199, 220, Task 1
2023-06-18 19:23:07,396 INFO 295 trades, 352639912-352640206, 240, Task 1
2023-06-18 19:23:08,541 INFO 541 trades, 352639617-352640157, 260, Task 1
2023-06-19 00:06:38,941 INFO 1 trades, 352693019-352693019, 219, Task-599
2023-06-19 00:06:40,084 INFO 1 trades, 176346509-176346509, 239, Task-599
2023-06-19 00:06:41,221 INFO 1 trades, 264519764-264519764, 259, Task-599
2023-06-19 00:06:42,378 INFO 1 trades, 308606392-308606392, 279, Task-599
2023-06-19 00:06:43,490 INFO 1 trades, 330649706-330649706, 299, Task-599
2023-06-19 00:06:44,672 INFO 1 trades, 341671363-341671363, 319, Task-599
2023-06-19 00:06:45,840 INFO 1 trades, 347182191-347182191, 339, Task-599
2023-06-19 00:06:47,039 INFO 1 trades, 349937605-349937605, 359, Task-599
2023-06-19 00:06:48,194 INFO 1 trades, 351315312-351315312, 379, Task-599
2023-06-19 00:06:49,365 INFO 1 trades, 352004166-352004166, 399, Task-599
2023-06-19 00:06:50,563 INFO 1 trades, 352348593-352348593, 419, Task-599
2023-06-19 00:06:51,678 INFO 1 trades, 352520806-352520806, 439, Task-599
2023-06-19 00:06:52,821 INFO 1 trades, 352434699-352434699, 459, Task-599
2023-06-19 00:06:53,960 INFO 1 trades, 352477752-352477752, 479, Task-599
2023-06-19 00:06:55,084 INFO 1 trades, 352499279-352499279, 499, Task-599
2023-06-19 00:06:56,210 INFO 1 trades, 352510042-352510042, 519, Task-599
2023-06-19 00:06:57,331 INFO 1 trades, 352504660-352504660, 539, Task-599
2023-06-19 00:06:58,514 INFO 1 trades, 352507351-352507351, 559, Task-599
2023-06-19 00:06:59,692 INFO 1 trades, 352508696-352508696, 579, Task-599
2023-06-19 00:07:00,827 INFO 1 trades, 352508023-352508023, 20, Task-599
2023-06-19 00:07:02,022 INFO 1 trades, 352508359-352508359, 40, Task-599
2023-06-19 00:07:03,204 INFO 1 trades, 352508527-352508527, 60, Task-599
2023-06-19 00:07:04,349 INFO 1 trades, 352508443-352508443, 80, Task-599
2023-06-19 00:07:05,495 INFO 1 trades, 352508401-352508401, 100, Task-599
2023-06-19 00:07:06,595 INFO 1 trades, 352508422-352508422, 120, Task-599
2023-06-19 00:07:07,763 INFO 1 trades, 352508432-352508432, 140, Task-599
2023-06-19 00:07:08,868 INFO 1 trades, 352508437-352508437, 160, Task-599
2023-06-19 00:07:10,065 INFO 1 trades, 352508440-352508440, 180, Task-599
2023-06-19 00:07:11,233 INFO 1 trades, 352508438-352508438, 200, Task-599
2023-06-19 00:07:12,761 INFO 900 trades, 352600729-352601628, 220, Task 3
2023-06-19 00:07:12,769 INFO 900 trades, 352646874-352647773, 240, Task 2
2023-06-19 00:07:12,775 INFO 60 trades, 352693019-352693078, 260, Task 1
2023-06-19 00:07:12,795 INFO 900 trades, 352554584-352555483, 280, Task 4
2023-06-19 00:07:13,937 INFO 900 trades, 352553684-352554583, 300, Task 4
2023-06-19 00:07:13,942 INFO 900 trades, 352599829-352600728, 320, Task 3
2023-06-19 00:07:13,974 INFO 120 trades, 352692959-352693078, 360, Task 1
2023-06-19 00:07:13,982 INFO 900 trades, 352645974-352646873, 340, Task 2
2023-06-19 00:07:15,078 INFO 900 trades, 352552784-352553683, 380, Task 4
2023-06-19 00:07:15,084 INFO 240 trades, 352692839-352693078, 400, Task 1
2023-06-19 00:07:15,123 INFO 900 trades, 352598929-352599828, 420, Task 3
2023-06-19 00:07:15,152 INFO 900 trades, 352645074-352645973, 440, Task 2
2023-06-19 00:07:16,236 INFO 484 trades, 352692599-352693082, 460, Task 1
2023-06-19 00:07:16,258 INFO 900 trades, 352551884-352552783, 480, Task 4
2023-06-19 00:07:16,263 INFO 900 trades, 352598029-352598928, 500, Task 3
2023-06-19 00:07:16,277 INFO 900 trades, 352644174-352645073, 520, Task 2
2023-06-19 00:07:17,375 INFO 900 trades, 352692115-352693014, 540, Task 1
2023-06-19 00:07:17,387 INFO 900 trades, 352597129-352598028, 560, Task 3
2023-06-19 00:07:17,403 INFO 900 trades, 352643274-352644173, 580, Task 2
2023-06-19 00:07:17,444 INFO 900 trades, 352550984-352551883, 600, Task 4
2023-06-19 00:07:18,537 INFO 900 trades, 352596229-352597128, 620, Task 3
2023-06-19 00:07:18,580 INFO 900 trades, 352550084-352550983, 640, Task 4
2023-06-19 00:07:19,499 INFO 900 trades, 352691215-352692114, 660, Task 1
2023-06-19 00:07:19,600 INFO 900 trades, 352642374-352643273, 680, Task 2
2023-06-19 00:07:19,706 INFO 900 trades, 352549184-352550083, 700, Task 4
2023-06-19 00:07:19,718 INFO 900 trades, 352595329-352596228, 720, Task 3
2023-06-19 00:07:20,660 INFO 900 trades, 352690315-352691214, 740, Task 1
2023-06-19 00:07:20,808 INFO 900 trades, 352641474-352642373, 760, Task 2
2023-06-19 00:07:20,918 INFO 900 trades, 352594429-352595328, 780, Task 3
2023-06-19 00:07:20,920 INFO 900 trades, 352548284-352549183, 800, Task 4
2023-06-19 00:07:21,798 INFO 900 trades, 352689415-352690314, 820, Task 1
2023-06-19 00:07:21,933 INFO 900 trades, 352640574-352641473, 840, Task 2
2023-06-19 00:07:22,060 INFO 900 trades, 352593529-352594428, 860, Task 3
2023-06-19 00:07:22,107 INFO 900 trades, 352547384-352548283, 880, Task 4
2023-06-19 00:07:23,013 INFO 900 trades, 352688515-352689414, 900, Task 1
2023-06-19 00:07:23,062 INFO 900 trades, 352639674-352640573, 920, Task 2
2023-06-19 00:07:23,188 INFO 900 trades, 352592629-352593528, 940, Task 3
2023-06-19 00:07:23,290 INFO 900 trades, 352546484-352547383, 960, Task 4
2023-06-19 00:07:24,188 INFO 900 trades, 352638774-352639673, 980, Task 2
2023-06-19 00:07:24,328 INFO 1000 trades, 352591729-352592728, 1000, Task 3
2023-06-19 00:07:24,467 INFO 1000 trades, 352545584-352546583, 1020, Task 4
2023-06-19 00:07:25,223 INFO 900 trades, 352687615-352688514, 1040, Task 1
2023-06-19 00:07:25,382 INFO 1000 trades, 352637874-352638873, 1060, Task 2
2023-06-19 00:07:25,456 INFO 1000 trades, 352590729-352591728, 1080, Task 3
2023-06-19 00:07:25,673 INFO 1000 trades, 352544584-352545583, 1100, Task 4
2023-06-19 00:07:26,361 INFO 1000 trades, 352686715-352687714, 1120, Task 1
2023-06-19 00:07:26,567 INFO 1000 trades, 352636874-352637873, 1140, Task 2
2023-06-19 00:07:26,611 INFO 1000 trades, 352589729-352590728, 1160, Task 3
2023-06-19 00:07:26,885 INFO 1000 trades, 352543584-352544583, 1180, Task 4
2023-06-19 00:07:27,771 INFO 1000 trades, 352635874-352636873, 1200, Task 2
2023-06-19 00:07:28,054 INFO 1000 trades, 352542584-352543583, 1220, Task 4
2023-06-19 00:07:28,576 INFO 1000 trades, 352685715-352686714, 1240, Task 1
2023-06-19 00:07:28,822 INFO 1000 trades, 352588729-352589728, 1260, Task 3
2023-06-19 00:07:29,730 INFO 1000 trades, 352684715-352685714, 1280, Task 1
2023-06-19 00:07:30,017 INFO 1000 trades, 352587729-352588728, 1300, Task 3
2023-06-19 00:07:30,191 INFO 1000 trades, 352541584-352542583, 1320, Task 4
2023-06-19 00:07:30,914 INFO 1000 trades, 352683715-352684714, 1360, Task 1
2023-06-19 00:07:30,920 INFO 1000 trades, 352634874-352635873, 1340, Task 2
2023-06-19 00:07:31,174 INFO 1000 trades, 352586729-352587728, 1380, Task 3
2023-06-19 00:07:31,336 INFO 1000 trades, 352540584-352541583, 1400, Task 4
2023-06-19 00:07:32,068 INFO 1000 trades, 352682715-352683714, 1420, Task 1
2023-06-19 00:07:32,107 INFO 1000 trades, 352633874-352634873, 1440, Task 2
2023-06-19 00:07:32,331 INFO 1000 trades, 352585729-352586728, 1460, Task 3
2023-06-19 00:07:32,528 INFO 1000 trades, 352539584-352540583, 1480, Task 4
2023-06-19 00:07:33,274 INFO 1000 trades, 352681715-352682714, 1500, Task 1
2023-06-19 00:07:33,327 INFO 1000 trades, 352632874-352633873, 1520, Task 2
2023-06-19 00:07:33,471 INFO 1000 trades, 352584729-352585728, 1540, Task 3
2023-06-19 00:07:33,670 INFO 1000 trades, 352538584-352539583, 1560, Task 4
2023-06-19 00:07:34,474 INFO 1000 trades, 352680715-352681714, 1580, Task 1
2023-06-19 00:07:34,526 INFO 1000 trades, 352631874-352632873, 1600, Task 2
2023-06-19 00:07:34,682 INFO 1000 trades, 352583729-352584728, 1620, Task 3
2023-06-19 00:07:34,847 INFO 1000 trades, 352537584-352538583, 1640, Task 4
2023-06-19 00:07:35,683 INFO 1000 trades, 352679715-352680714, 1660, Task 1
2023-06-19 00:07:35,745 INFO 1000 trades, 352630874-352631873, 1680, Task 2
2023-06-19 00:07:35,917 INFO 1000 trades, 352582729-352583728, 1700, Task 3
2023-06-19 00:07:36,083 INFO 
cool down triggered with 1720, Task 4, sleeping for 3 seconds...
2023-06-19 00:07:36,890 INFO 
cool down triggered with 1740, Task 1, sleeping for 3 seconds...
2023-06-19 00:07:36,897 INFO 
cool down triggered with 1760, Task 2, sleeping for 3 seconds...
2023-06-19 00:07:37,095 INFO 
cool down triggered with 1780, Task 3, sleeping for 3 seconds...
2023-06-19 00:07:39,084 INFO 1000 trades, 352536584-352537583, 1720, Task 4
2023-06-19 00:07:39,891 INFO 1000 trades, 352678715-352679714, 1740, Task 1
2023-06-19 00:07:39,898 INFO 1000 trades, 352629874-352630873, 1760, Task 2
2023-06-19 00:07:40,097 INFO 1000 trades, 352581729-352582728, 1780, Task 3
2023-06-19 00:07:40,276 INFO 
cool down triggered with 1800, Task 4, sleeping for 3 seconds...
2023-06-19 00:07:41,039 INFO 
cool down triggered with 1820, Task 2, sleeping for 3 seconds...
2023-06-19 00:07:41,113 INFO 
cool down triggered with 1840, Task 1, sleeping for 3 seconds...
2023-06-19 00:07:41,373 INFO 
cool down triggered with 1860, Task 3, sleeping for 3 seconds...
2023-06-19 00:07:43,277 INFO 1000 trades, 352535584-352536583, 1800, Task 4
2023-06-19 00:07:44,040 INFO 1000 trades, 352628874-352629873, 1820, Task 2
2023-06-19 00:07:44,114 INFO 1000 trades, 352677715-352678714, 1840, Task 1
2023-06-19 00:07:44,375 INFO 1000 trades, 352580729-352581728, 1860, Task 3
2023-06-19 00:07:44,513 INFO 
cool down triggered with 1880, Task 4, sleeping for 3 seconds...
2023-06-19 00:07:45,230 INFO 
cool down triggered with 1900, Task 2, sleeping for 3 seconds...
2023-06-19 00:07:45,347 INFO 
cool down triggered with 1920, Task 1, sleeping for 3 seconds...
2023-06-19 00:07:45,597 INFO 
cool down triggered with 1940, Task 3, sleeping for 3 seconds...
2023-06-19 00:07:47,514 INFO 1000 trades, 352534584-352535583, 1880, Task 4
2023-06-19 00:07:48,231 INFO 1000 trades, 352627874-352628873, 1900, Task 2
2023-06-19 00:07:48,348 INFO 1000 trades, 352676715-352677714, 1920, Task 1
2023-06-19 00:07:48,598 INFO 1000 trades, 352579729-352580728, 1940, Task 3
2023-06-19 00:07:48,643 INFO 
cool down triggered with 1960, Task 4, sleeping for 3 seconds...
2023-06-19 00:07:49,370 INFO 
cool down triggered with 1980, Task 2, sleeping for 3 seconds...
2023-06-19 00:07:49,501 INFO 
cool down triggered with 2000, Task 1, sleeping for 3 seconds...
2023-06-19 00:07:49,809 INFO 
cool down triggered with 2020, Task 3, sleeping for 3 seconds...
2023-06-19 00:07:51,644 INFO 1000 trades, 352533584-352534583, 1960, Task 4
2023-06-19 00:07:52,371 INFO 1000 trades, 352626874-352627873, 1980, Task 2
2023-06-19 00:07:52,503 INFO 1000 trades, 352675715-352676714, 2000, Task 1
2023-06-19 00:07:52,809 INFO 1000 trades, 352578729-352579728, 2020, Task 3
2023-06-19 00:07:52,848 INFO 
cool down triggered with 2040, Task 4, sleeping for 3 seconds...
2023-06-19 00:07:53,541 INFO 
cool down triggered with 2060, Task 2, sleeping for 3 seconds...
2023-06-19 00:07:53,712 INFO 
cool down triggered with 2080, Task 1, sleeping for 3 seconds...
2023-06-19 00:07:53,946 INFO 
cool down triggered with 2100, Task 3, sleeping for 3 seconds...
2023-06-19 00:07:55,849 INFO 1000 trades, 352532584-352533583, 2040, Task 4
2023-06-19 00:07:56,543 INFO 1000 trades, 352625874-352626873, 2060, Task 2
2023-06-19 00:07:56,714 INFO 1000 trades, 352674715-352675714, 2080, Task 1
2023-06-19 00:07:56,947 INFO 1000 trades, 352577729-352578728, 2100, Task 3
2023-06-19 00:07:57,052 WARNING 
cool down triggered with 2120, Task 4, sleeping for 8 seconds...
2023-06-19 00:07:57,664 WARNING 
cool down triggered with 2140, Task 2, sleeping for 8 seconds...
2023-06-19 00:07:57,829 WARNING 
cool down triggered with 2160, Task 1, sleeping for 8 seconds...
2023-06-19 00:07:58,117 WARNING 
cool down triggered with 2180, Task 3, sleeping for 8 seconds...
2023-06-19 00:08:05,053 INFO 1000 trades, 352531584-352532583, 2120, Task 4
2023-06-19 00:08:05,665 INFO 1000 trades, 352624874-352625873, 2140, Task 2
2023-06-19 00:08:05,830 INFO 1000 trades, 352673715-352674714, 2160, Task 1
2023-06-19 00:08:06,118 INFO 1000 trades, 352576729-352577728, 2180, Task 3
2023-06-19 00:08:06,258 INFO 1000 trades, 352530584-352531583, 20, Task 4
2023-06-19 00:08:06,862 INFO 1000 trades, 352623874-352624873, 40, Task 2
2023-06-19 00:08:06,975 INFO 1000 trades, 352672715-352673714, 60, Task 1
2023-06-19 00:08:07,290 INFO 1000 trades, 352575729-352576728, 80, Task 3
2023-06-19 00:08:07,381 INFO 1000 trades, 352529584-352530583, 100, Task 4
2023-06-19 00:08:08,028 INFO 1000 trades, 352622874-352623873, 120, Task 2
2023-06-19 00:08:08,114 INFO 1000 trades, 352671715-352672714, 140, Task 1
2023-06-19 00:08:08,414 INFO 1000 trades, 352574729-352575728, 160, Task 3
2023-06-19 00:08:08,610 INFO 1000 trades, 352528584-352529583, 180, Task 4
2023-06-19 00:08:09,155 INFO 1000 trades, 352621874-352622873, 200, Task 2
2023-06-19 00:08:09,252 INFO 1000 trades, 352670715-352671714, 220, Task 1
2023-06-19 00:08:09,611 INFO 1000 trades, 352573729-352574728, 240, Task 3
2023-06-19 00:08:09,829 INFO 1000 trades, 352527584-352528583, 260, Task 4
2023-06-19 00:08:10,345 INFO 1000 trades, 352620874-352621873, 280, Task 2
2023-06-19 00:08:10,399 INFO 1000 trades, 352669715-352670714, 300, Task 1
2023-06-19 00:08:10,817 INFO 1000 trades, 352572729-352573728, 320, Task 3
2023-06-19 00:08:11,029 INFO 1000 trades, 352526584-352527583, 340, Task 4
2023-06-19 00:08:11,497 INFO 1000 trades, 352619874-352620873, 360, Task 2
2023-06-19 00:08:11,596 INFO 1000 trades, 352668715-352669714, 380, Task 1
2023-06-19 00:08:12,017 INFO 1000 trades, 352571729-352572728, 400, Task 3
2023-06-19 00:08:12,179 INFO 1000 trades, 352525584-352526583, 420, Task 4
2023-06-19 00:08:12,706 INFO 1000 trades, 352618874-352619873, 440, Task 2
2023-06-19 00:08:12,753 INFO 1000 trades, 352667715-352668714, 460, Task 1
2023-06-19 00:08:13,224 INFO 1000 trades, 352570729-352571728, 480, Task 3
2023-06-19 00:08:13,316 INFO 1000 trades, 352524584-352525583, 500, Task 4
2023-06-19 00:08:13,880 INFO 1000 trades, 352666715-352667714, 520, Task 1
2023-06-19 00:08:13,959 INFO 1000 trades, 352617874-352618873, 540, Task 2
2023-06-19 00:08:14,518 INFO 1000 trades, 352569729-352570728, 560, Task 3
2023-06-19 00:08:14,559 INFO 1000 trades, 352523584-352524583, 580, Task 4
2023-06-19 00:08:15,077 INFO 1000 trades, 352665715-352666714, 600, Task 1
2023-06-19 00:08:15,281 INFO 1000 trades, 352616874-352617873, 620, Task 2
2023-06-19 00:08:15,727 INFO 1000 trades, 352568729-352569728, 640, Task 3
2023-06-19 00:08:15,769 INFO 1000 trades, 352522584-352523583, 660, Task 4
2023-06-19 00:08:16,267 INFO 1000 trades, 352664715-352665714, 680, Task 1
2023-06-19 00:08:16,468 INFO 1000 trades, 352615874-352616873, 700, Task 2
2023-06-19 00:08:16,857 INFO 1000 trades, 352567729-352568728, 720, Task 3
2023-06-19 00:08:16,999 INFO 1000 trades, 352521584-352522583, 740, Task 4
2023-06-19 00:08:17,411 INFO 1000 trades, 352663715-352664714, 760, Task 1
2023-06-19 00:08:17,645 INFO 1000 trades, 352614874-352615873, 780, Task 2
2023-06-19 00:08:17,988 INFO 1000 trades, 352566729-352567728, 800, Task 3
2023-06-19 00:08:18,141 INFO 1000 trades, 352520584-352521583, 820, Task 4
2023-06-19 00:08:18,535 INFO 1000 trades, 352662715-352663714, 840, Task 1
2023-06-19 00:08:18,797 INFO 1000 trades, 352613874-352614873, 860, Task 2
2023-06-19 00:08:19,186 INFO 1000 trades, 352565729-352566728, 880, Task 3
2023-06-19 00:08:19,356 INFO 1000 trades, 352519584-352520583, 900, Task 4
2023-06-19 00:08:19,734 INFO 1000 trades, 352661715-352662714, 920, Task 1
2023-06-19 00:08:19,937 INFO 1000 trades, 352612874-352613873, 940, Task 2
2023-06-19 00:08:20,391 INFO 1000 trades, 352564729-352565728, 960, Task 3
2023-06-19 00:08:20,495 INFO 1000 trades, 352518584-352519583, 980, Task 4
2023-06-19 00:08:20,887 INFO 1000 trades, 352660715-352661714, 1000, Task 1
2023-06-19 00:08:21,121 INFO 1000 trades, 352611874-352612873, 1020, Task 2
2023-06-19 00:08:21,602 INFO 1000 trades, 352563729-352564728, 1040, Task 3
2023-06-19 00:08:21,712 INFO 1000 trades, 352517584-352518583, 1060, Task 4
2023-06-19 00:08:22,077 INFO 1000 trades, 352659715-352660714, 1080, Task 1
2023-06-19 00:08:22,286 INFO 1000 trades, 352610874-352611873, 1100, Task 2
2023-06-19 00:08:22,809 INFO 1000 trades, 352562729-352563728, 1120, Task 3
2023-06-19 00:08:22,846 INFO 1000 trades, 352516584-352517583, 1140, Task 4
2023-06-19 00:08:23,409 INFO 1000 trades, 352609874-352610873, 1180, Task 2
2023-06-19 00:08:23,498 INFO 1000 trades, 352658715-352659714, 1160, Task 1
2023-06-19 00:08:23,955 INFO 1000 trades, 352561729-352562728, 1200, Task 3
2023-06-19 00:08:23,986 INFO 1000 trades, 352515584-352516583, 1220, Task 4
2023-06-19 00:08:24,612 INFO 1000 trades, 352608874-352609873, 1240, Task 2
2023-06-19 00:08:24,724 INFO 1000 trades, 352657715-352658714, 1260, Task 1
2023-06-19 00:08:25,102 INFO 1000 trades, 352514584-352515583, 1280, Task 4
2023-06-19 00:08:25,124 INFO 1000 trades, 352560729-352561728, 1300, Task 3
2023-06-19 00:08:25,721 INFO 1000 trades, 352607874-352608873, 1320, Task 2
2023-06-19 00:08:26,129 INFO 1000 trades, 352656715-352657714, 1340, Task 1
2023-06-19 00:08:26,257 INFO 1000 trades, 352559729-352560728, 1360, Task 3
2023-06-19 00:08:26,917 INFO 1000 trades, 352606874-352607873, 1380, Task 2
2023-06-19 00:08:27,254 INFO 1000 trades, 352513584-352514583, 1400, Task 4
2023-06-19 00:08:27,263 INFO 1000 trades, 352655715-352656714, 1420, Task 1
2023-06-19 00:08:27,432 INFO 1000 trades, 352558729-352559728, 1440, Task 3
2023-06-19 00:08:28,115 INFO 1000 trades, 352605874-352606873, 1460, Task 2
2023-06-19 00:08:28,378 INFO 1000 trades, 352512584-352513583, 1480, Task 4
2023-06-19 00:08:28,459 INFO 1000 trades, 352654715-352655714, 1500, Task 1
2023-06-19 00:08:28,569 INFO 1000 trades, 352557729-352558728, 1520, Task 3
2023-06-19 00:08:29,245 INFO 1000 trades, 352604874-352605873, 1540, Task 2
2023-06-19 00:08:29,584 INFO 1000 trades, 352653715-352654714, 1560, Task 1
2023-06-19 00:08:29,631 INFO 1000 trades, 352511584-352512583, 1580, Task 4
2023-06-19 00:08:29,736 INFO 1000 trades, 352556729-352557728, 1600, Task 3
2023-06-19 00:08:30,394 INFO 1000 trades, 352603874-352604873, 1620, Task 2
2023-06-19 00:08:30,750 INFO 1000 trades, 352510584-352511583, 1640, Task 4
2023-06-19 00:08:30,767 INFO 1000 trades, 352652715-352653714, 1660, Task 1
2023-06-19 00:08:30,916 INFO 1000 trades, 352555729-352556728, 1680, Task 3
2023-06-19 00:08:31,831 INFO 1000 trades, 352602874-352603873, 1700, Task 2
2023-06-19 00:08:31,943 INFO 
cool down triggered with 1720, Task 1, sleeping for 3 seconds...
2023-06-19 00:08:31,945 INFO 
cool down triggered with 1740, Task 4, sleeping for 3 seconds...
2023-06-19 00:08:32,078 INFO 
cool down triggered with 1760, Task 3, sleeping for 3 seconds...
2023-06-19 00:08:33,020 INFO 
cool down triggered with 1780, Task 2, sleeping for 3 seconds...
2023-06-19 00:08:34,943 INFO 1000 trades, 352651715-352652714, 1720, Task 1
2023-06-19 00:08:34,946 INFO 1000 trades, 352509584-352510583, 1740, Task 4
2023-06-19 00:08:35,080 INFO 145 trades, 352554729-352554873, 1760, Task 3
2023-06-19 00:08:36,021 INFO 1000 trades, 352601874-352602873, 1780, Task 2
2023-06-19 00:08:36,129 INFO 
cool down triggered with 1800, Task 1, sleeping for 3 seconds...
2023-06-19 00:08:36,141 INFO 
cool down triggered with 1820, Task 4, sleeping for 3 seconds...
2023-06-19 00:08:37,215 INFO 
cool down triggered with 1840, Task 2, sleeping for 3 seconds...
2023-06-19 00:08:39,129 INFO 1000 trades, 352650715-352651714, 1800, Task 1
2023-06-19 00:08:39,142 INFO 145 trades, 352508584-352508728, 1820, Task 4
2023-06-19 00:08:40,216 INFO 145 trades, 352600874-352601018, 1840, Task 2
2023-06-19 00:08:40,334 INFO 
cool down triggered with 1860, Task 1, sleeping for 3 seconds...
2023-06-19 00:08:43,335 INFO 1000 trades, 352649715-352650714, 1860, Task 1
2023-06-19 00:08:44,474 INFO 
cool down triggered with 1880, Task 1, sleeping for 3 seconds...
2023-06-19 00:08:47,475 INFO 1000 trades, 352648715-352649714, 1880, Task 1
2023-06-19 00:08:48,632 INFO 
cool down triggered with 1900, Task 1, sleeping for 3 seconds...
2023-06-19 00:08:51,634 INFO 841 trades, 352647715-352648555, 1900, Task 1
